<?xml version="1.0" encoding="utf-8"?><testsuites><testsuite name="pytest" errors="0" failures="0" skipped="0" tests="107" time="1.525" timestamp="2026-02-19T15:42:52.240123" hostname="georgiy-All-Series"><testcase classname="test_actuator_registry" name="test_resolve_strict_ph_ec_roles" time="0.001" /><testcase classname="test_actuator_registry" name="test_resolve_does_not_accept_legacy_ec_aliases" time="0.001" /><testcase classname="test_actuator_registry" name="test_resolve_does_not_fallback_to_nodes_without_bindings" time="0.001" /><testcase classname="test_actuator_registry" name="test_resolve_skips_binding_from_other_zone_when_zone_id_present" time="0.001" /><testcase classname="test_actuator_registry" name="test_resolve_accepts_binding_without_zone_id_for_backward_compatibility" time="0.001" /><testcase classname="test_actuator_registry" name="test_resolve_continues_alias_scan_when_first_alias_zone_mismatch" time="0.001" /><testcase classname="test_infrastructure_repository" name="test_get_zone_bindings_by_role" time="0.003" /><testcase classname="test_infrastructure_repository" name="test_get_zone_bindings_by_role_empty" time="0.002" /><testcase classname="test_infrastructure_repository" name="test_get_zones_bindings_batch" time="0.001" /><testcase classname="test_infrastructure_repository" name="test_get_zone_asset_instances" time="0.002" /><testcase classname="test_infrastructure_repository" name="test_get_zone_bindings_by_role_with_circuit_breaker" time="0.001" /><testcase classname="test_infrastructure_repository" name="test_get_zone_bindings_by_role_filters_nodes_by_zone" time="0.002" /><testcase classname="test_infrastructure_repository" name="test_get_zones_bindings_batch_filters_nodes_by_zone" time="0.002" /><testcase classname="test_command_bus" name="test_command_bus_zone_guards_enabled_by_default" time="0.002" /><testcase classname="test_command_bus" name="test_publish_command_success" time="0.010" /><testcase classname="test_command_bus" name="test_publish_command_uses_zone_greenhouse_uid_when_available" time="0.003" /><testcase classname="test_command_bus" name="test_publish_command_http_error" time="0.015" /><testcase classname="test_command_bus" name="test_publish_command_timeout" time="0.012" /><testcase classname="test_command_bus" name="test_publish_command_request_error" time="0.009" /><testcase classname="test_command_bus" name="test_publish_command_duplicate_no_effect_skips_second_publish" time="0.008" /><testcase classname="test_command_bus" name="test_publish_command_json_decode_error" time="0.041" /><testcase classname="test_command_bus" name="test_publish_controller_command" time="0.010" /><testcase classname="test_command_bus" name="test_publish_controller_command_duplicate_reuses_existing_cmd_id" time="0.015" /><testcase classname="test_command_bus" name="test_publish_controller_command_invalid" time="0.003" /><testcase classname="test_command_bus" name="test_publish_controller_command_preserves_explicit_cmd_id_without_tracker" time="0.008" /><testcase classname="test_command_bus" name="test_publish_command_with_params" time="0.005" /><testcase classname="test_command_bus" name="test_publish_command_without_params" time="0.005" /><testcase classname="test_command_bus" name="test_publish_command_with_trace_id" time="0.006" /><testcase classname="test_command_bus" name="test_publish_command_without_token" time="0.005" /><testcase classname="test_command_bus" name="test_publish_controller_command_without_params_preserves_cmd_id" time="0.011" /><testcase classname="test_command_bus" name="test_publish_command_rejects_node_zone_mismatch_when_guard_enabled" time="0.003" /><testcase classname="test_command_bus" name="test_publish_command_allows_matching_node_zone_when_guard_enabled" time="0.003" /><testcase classname="test_command_bus" name="test_publish_controller_command_closed_loop_done_success" time="0.010" /><testcase classname="test_command_bus" name="test_publish_controller_command_closed_loop_no_effect_is_failure" time="0.008" /><testcase classname="test_command_bus" name="test_publish_controller_command_closed_loop_timeout_marks_terminal_timeout" time="0.012" /><testcase classname="test_command_bus" name="test_publish_controller_command_closed_loop_fails_when_tracker_missing" time="0.010" /><testcase classname="test_command_bus" name="test_publish_controller_command_closed_loop_ignores_stale_cmd_id_when_tracking_fails" time="0.008" /><testcase classname="test_command_bus" name="test_publish_command_rejects_actuator_command_on_sensor_channel_when_compatibility_enabled" time="0.005" /><testcase classname="test_command_bus" name="test_publish_command_allows_sensor_mode_on_system_channel_when_compatibility_enabled" time="0.003" /><testcase classname="test_scheduler_task_executor" name="test_workflow_state_persistence_enabled_by_default" time="0.001" /><testcase classname="test_scheduler_task_executor" name="test_scheduler_executor_uses_module_bindings_without_impl_monkey_patch" time="0.002" /><testcase classname="test_scheduler_task_executor" name="test_scheduler_executor_accepts_explicit_runtime_bindings" time="0.001" /><testcase classname="test_scheduler_task_executor" name="test_resolve_workflow_stage_for_state_sync_maps_startup_mode_to_solution_fill_check" time="0.001" /><testcase classname="test_scheduler_task_executor" name="test_resolve_workflow_stage_for_state_sync_maps_prepare_recirculation_to_check" time="0.001" /><testcase classname="test_scheduler_task_executor" name="test_build_workflow_state_payload_sets_workflow_stage_alias" time="0.001" /><testcase classname="test_scheduler_task_executor" name="test_execute_irrigation_success" time="0.005" /><testcase classname="test_scheduler_task_executor" name="test_execute_persists_zone_workflow_state_for_irrigation" time="0.004" /><testcase classname="test_scheduler_task_executor" name="test_execute_irrigation_skip_does_not_persist_irrigating_phase[payload0-already_running]" time="0.003" /><testcase classname="test_scheduler_task_executor" name="test_execute_irrigation_skip_does_not_persist_irrigating_phase[payload1-outside_window]" time="0.005" /><testcase classname="test_scheduler_task_executor" name="test_execute_irrigation_skip_does_not_persist_irrigating_phase[payload2-safety_blocked]" time="0.003" /><testcase classname="test_scheduler_task_executor" name="test_execute_diagnostics_zone_service_does_not_force_ready_phase" time="0.004" /><testcase classname="test_scheduler_task_executor" name="test_execute_irrigation_continues_when_zone_event_persist_fails" time="0.013" /><testcase classname="test_scheduler_task_executor" name="test_execute_irrigation_success_with_uppercase_node_type_in_db" time="0.003" /><testcase classname="test_scheduler_task_executor" name="test_execute_irrigation_fails_with_legacy_pump_node_type_in_db" time="0.006" /><testcase classname="test_scheduler_task_executor" name="test_get_zone_nodes_query_filters_actuator_channels" time="0.002" /><testcase classname="test_scheduler_task_executor" name="test_resolve_online_node_for_channel_query_filters_actuator_channels" time="0.003" /><testcase classname="test_scheduler_task_executor" name="test_execute_lighting_off" time="0.003" /><testcase classname="test_scheduler_task_executor" name="test_execute_diagnostics_via_zone_service" time="0.006" /><testcase classname="test_scheduler_task_executor" name="test_execute_ventilation_no_online_nodes_fails_with_alert" time="0.004" /><testcase classname="test_scheduler_task_executor" name="test_execute_ventilation_skips_when_wind_limit_exceeded" time="0.003" /><testcase classname="test_scheduler_task_executor" name="test_execute_ventilation_skips_when_outside_temperature_below_limit" time="0.002" /><testcase classname="test_scheduler_task_executor" name="test_execute_irrigation_skips_when_soil_moisture_in_norm_and_no_heat" time="0.004" /><testcase classname="test_scheduler_task_executor" name="test_execute_irrigation_skips_when_already_running" time="0.002" /><testcase classname="test_scheduler_task_executor" name="test_execute_irrigation_skips_when_outside_window" time="0.002" /><testcase classname="test_scheduler_task_executor" name="test_execute_irrigation_skips_when_safety_blocked" time="0.003" /><testcase classname="test_scheduler_task_executor" name="test_execute_irrigation_returns_retry_and_enqueues_internal_retry_on_low_water" time="0.007" /><testcase classname="test_scheduler_task_executor" name="test_execute_irrigation_retry_chain_keeps_root_parent_and_uses_unique_correlation_ids" time="0.003" /><testcase classname="test_scheduler_task_executor" name="test_execute_ventilation_marks_external_fallback_when_weather_metrics_unavailable" time="0.003" /><testcase classname="test_scheduler_task_executor" name="test_execute_diagnostics_without_zone_service_fails_with_alert" time="0.002" /><testcase classname="test_scheduler_task_executor" name="test_execute_irrigation_mapping_override" time="0.006" /><testcase classname="test_scheduler_task_executor" name="test_execute_force_skip_returns_completed_without_commands" time="0.005" /><testcase classname="test_scheduler_task_executor" name="test_execute_irrigation_command_failure_sets_error_code" time="0.003" /><testcase classname="test_scheduler_task_executor" name="test_execute_cycle_start_tank_already_full_skips_refill" time="0.007" /><testcase classname="test_scheduler_task_executor" name="test_execute_three_tank_cycle_start_uses_dedicated_state_machine_branch" time="0.005" /><testcase classname="test_scheduler_task_executor" name="test_execute_two_tank_unknown_workflow_fails_closed" time="0.003" /><testcase classname="test_scheduler_task_executor" name="test_execute_three_tank_unknown_workflow_fails_closed" time="0.006" /><testcase classname="test_scheduler_task_executor" name="test_execute_three_tank_missing_workflow_fails_payload_validation" time="0.003" /><testcase classname="test_scheduler_task_executor" name="test_execute_cycle_start_missing_topology_fails_payload_validation" time="0.002" /><testcase classname="test_scheduler_task_executor" name="test_execute_three_tank_invalid_payload_contract_version_fails_payload_validation" time="0.008" /><testcase classname="test_scheduler_task_executor" name="test_execute_cycle_start_invalid_payload_contract_version_fails_without_topology" time="0.004" /><testcase classname="test_scheduler_task_executor" name="test_execute_three_tank_missing_workflow_legacy_v1_fails_payload_validation" time="0.002" /><testcase classname="test_scheduler_task_executor" name="test_execute_cycle_start_dispatches_refill_and_enqueues_check" time="0.005" /><testcase classname="test_scheduler_task_executor" name="test_execute_cycle_start_clamps_next_check_to_refill_timeout" time="0.005" /><testcase classname="test_scheduler_task_executor" name="test_execute_refill_check_timeout_emits_alert_and_fails" time="0.004" /><testcase classname="test_scheduler_task_executor" name="test_execute_unknown_task_type_raises" time="0.001" /><testcase classname="test_scheduler_task_executor" name="test_execute_irrigation_closed_loop_no_effect_fails" time="0.006" /><testcase classname="test_scheduler_task_executor" name="test_execute_irrigation_two_tank_failure_starts_recovery_workflow" time="0.007" /><testcase classname="test_scheduler_task_executor" name="test_execute_cycle_start_stale_tank_telemetry_fails_safe" time="0.004" /><testcase classname="test_scheduler_task_executor" name="test_execute_cycle_start_stale_tank_telemetry_fails_safe_with_timezone_aware_sample" time="0.006" /><testcase classname="test_scheduler_task_executor" name="test_execute_cycle_start_without_tank_telemetry_fails_with_unavailable_reason" time="0.003" /><testcase classname="test_scheduler_task_executor" name="test_execute_two_tank_startup_starts_clean_fill_and_enqueues_check" time="0.009" /><testcase classname="test_scheduler_task_executor" name="test_execute_two_tank_startup_accepts_no_effect_for_start_command" time="0.006" /><testcase classname="test_scheduler_task_executor" name="test_execute_two_tank_startup_matches_sensor_label_by_canonical_form" time="0.003" /><testcase classname="test_scheduler_task_executor" name="test_execute_two_tank_startup_unavailable_level_includes_expected_and_available_labels" time="0.007" /><testcase classname="test_scheduler_task_executor" name="test_read_level_switch_uses_telemetry_samples_fallback_source" time="0.004" /><testcase classname="test_scheduler_task_executor" name="test_execute_two_tank_clean_fill_check_event_transitions_to_solution_fill" time="0.003" /><testcase classname="test_scheduler_task_executor" name="test_execute_two_tank_solution_fill_start_sends_sensor_mode_activation" time="0.006" /><testcase classname="test_scheduler_task_executor" name="test_execute_two_tank_solution_fill_timeout_fails_and_stops_commands" time="0.005" /><testcase classname="test_scheduler_task_executor" name="test_execute_two_tank_solution_fill_timeout_sends_sensor_mode_deactivation" time="0.004" /><testcase classname="test_scheduler_task_executor" name="test_execute_two_tank_prepare_recirculation_starts_and_enqueues_check" time="0.006" /><testcase classname="test_scheduler_task_executor" name="test_execute_two_tank_prepare_recirculation_check_reaches_targets" time="0.008" /><testcase classname="test_scheduler_task_executor" name="test_execute_two_tank_prepare_recirculation_uses_npk_ratio_target_ec" time="0.004" /><testcase classname="test_scheduler_task_executor" name="test_execute_two_tank_prepare_recirculation_prefers_explicit_prepare_ec_override" time="0.006" /><testcase classname="test_scheduler_task_executor" name="test_execute_two_tank_irrigation_recovery_check_attempts_exceeded" time="0.004" /><testcase classname="test_scheduler_task_executor" name="test_execute_two_tank_startup_compensates_stop_when_enqueue_fails" time="0.006" /><testcase classname="test_scheduler_task_executor" name="test_execute_two_tank_clean_fill_timeout_blocks_retry_when_stop_not_confirmed" time="0.005" /><testcase classname="test_scheduler_task_executor" name="test_execute_two_tank_irrigation_recovery_timeout_blocks_restart_when_stop_not_confirmed" time="0.004" /></testsuite></testsuites>