<?xml version="1.0" encoding="UTF-8"?>
<coverage generated="1767425389096" clover="3.2.0">
  <project timestamp="1767425389096" name="All files">
    <metrics statements="8911" coveredstatements="5346" conditionals="8458" coveredconditionals="4061" methods="2211" coveredmethods="1334" elements="19580" coveredelements="10741" complexity="0" loc="8911" ncloc="8911" packages="17" files="128" classes="128"/>
    <package name="Components">
      <metrics statements="2743" coveredstatements="1627" conditionals="2983" coveredconditionals="1397" methods="718" coveredmethods="383"/>
      <file name="AIPredictionCard.vue" path="/app/resources/js/Components/AIPredictionCard.vue">
        <metrics statements="101" coveredstatements="53" conditionals="105" coveredconditionals="43" methods="23" coveredmethods="9"/>
        <line num="2" count="100" type="stmt"/>
        <line num="3" count="3" type="stmt"/>
        <line num="4" count="3" type="stmt"/>
        <line num="21" count="0" type="stmt"/>
        <line num="23" count="300" type="stmt"/>
        <line num="33" count="3" type="stmt"/>
        <line num="51" count="3" type="stmt"/>
        <line num="60" count="100" type="cond" truecount="2" falsecount="0"/>
        <line num="67" count="3" type="stmt"/>
        <line num="74" count="3" type="stmt"/>
        <line num="79" count="3" type="stmt"/>
        <line num="94" count="3" type="stmt"/>
        <line num="117" count="3" type="stmt"/>
        <line num="141" count="100" type="cond" truecount="2" falsecount="0"/>
        <line num="169" count="100" type="stmt"/>
        <line num="188" count="100" type="stmt"/>
        <line num="189" count="100" type="stmt"/>
        <line num="191" count="100" type="stmt"/>
        <line num="192" count="100" type="stmt"/>
        <line num="193" count="100" type="stmt"/>
        <line num="194" count="100" type="stmt"/>
        <line num="196" count="100" type="stmt"/>
        <line num="197" count="100" type="stmt"/>
        <line num="203" count="100" type="cond" truecount="1" falsecount="1"/>
        <line num="206" count="100" type="stmt"/>
        <line num="207" count="0" type="stmt"/>
        <line num="213" count="0" type="cond" truecount="0" falsecount="2"/>
        <line num="216" count="100" type="stmt"/>
        <line num="217" count="0" type="stmt"/>
        <line num="223" count="0" type="cond" truecount="0" falsecount="2"/>
        <line num="226" count="100" type="stmt"/>
        <line num="227" count="0" type="cond" truecount="0" falsecount="2"/>
        <line num="228" count="0" type="stmt"/>
        <line num="229" count="0" type="cond" truecount="0" falsecount="2"/>
        <line num="230" count="0" type="cond" truecount="0" falsecount="2"/>
        <line num="231" count="0" type="stmt"/>
        <line num="234" count="100" type="stmt"/>
        <line num="235" count="0" type="cond" truecount="0" falsecount="2"/>
        <line num="236" count="0" type="stmt"/>
        <line num="237" count="0" type="cond" truecount="0" falsecount="2"/>
        <line num="238" count="0" type="cond" truecount="0" falsecount="2"/>
        <line num="239" count="0" type="stmt"/>
        <line num="242" count="100" type="stmt"/>
        <line num="243" count="0" type="cond" truecount="0" falsecount="4"/>
        <line num="244" count="0" type="stmt"/>
        <line num="245" count="0" type="cond" truecount="0" falsecount="2"/>
        <line num="248" count="100" type="stmt"/>
        <line num="249" count="0" type="cond" truecount="0" falsecount="4"/>
        <line num="250" count="0" type="stmt"/>
        <line num="254" count="0" type="cond" truecount="0" falsecount="2"/>
        <line num="255" count="0" type="stmt"/>
        <line num="257" count="0" type="cond" truecount="0" falsecount="2"/>
        <line num="258" count="0" type="stmt"/>
        <line num="260" count="0" type="cond" truecount="0" falsecount="2"/>
        <line num="261" count="0" type="stmt"/>
        <line num="263" count="0" type="cond" truecount="0" falsecount="2"/>
        <line num="264" count="0" type="stmt"/>
        <line num="266" count="0" type="stmt"/>
        <line num="270" count="0" type="stmt"/>
        <line num="271" count="0" type="stmt"/>
        <line num="273" count="0" type="stmt"/>
        <line num="278" count="100" type="cond" truecount="1" falsecount="1"/>
        <line num="280" count="100" type="stmt"/>
        <line num="281" count="100" type="stmt"/>
        <line num="283" count="100" type="stmt"/>
        <line num="284" count="100" type="stmt"/>
        <line num="290" count="100" type="cond" truecount="3" falsecount="1"/>
        <line num="291" count="0" type="stmt"/>
        <line num="292" count="0" type="stmt"/>
        <line num="293" count="0" type="stmt"/>
        <line num="300" count="100" type="cond" truecount="2" falsecount="0"/>
        <line num="301" count="100" type="stmt"/>
        <line num="304" count="100" type="cond" truecount="2" falsecount="1"/>
        <line num="305" count="100" type="stmt"/>
        <line num="308" count="100" type="cond" truecount="1" falsecount="1"/>
        <line num="313" count="0" type="stmt"/>
        <line num="314" count="0" type="stmt"/>
        <line num="315" count="0" type="stmt"/>
        <line num="322" count="100" type="stmt"/>
        <line num="323" count="100" type="stmt"/>
        <line num="331" count="100" type="cond" truecount="3" falsecount="1"/>
        <line num="332" count="0" type="stmt"/>
        <line num="336" count="100" type="stmt"/>
        <line num="341" count="100" type="cond" truecount="3" falsecount="1"/>
        <line num="343" count="100" type="stmt"/>
        <line num="344" count="0" type="stmt"/>
        <line num="349" count="0" type="cond" truecount="0" falsecount="2"/>
        <line num="350" count="0" type="stmt"/>
        <line num="351" count="0" type="stmt"/>
        <line num="355" count="100" type="stmt"/>
        <line num="356" count="0" type="stmt"/>
        <line num="359" count="100" type="stmt"/>
        <line num="360" count="0" type="cond" truecount="0" falsecount="2"/>
        <line num="361" count="0" type="stmt"/>
        <line num="363" count="0" type="stmt"/>
        <line num="367" count="100" type="stmt"/>
        <line num="368" count="100" type="stmt"/>
        <line num="369" count="100" type="cond" truecount="1" falsecount="1"/>
        <line num="370" count="100" type="stmt"/>
        <line num="374" count="100" type="stmt"/>
        <line num="375" count="0" type="stmt"/>
      </file>
      <file name="AIPredictionsSection.vue" path="/app/resources/js/Components/AIPredictionsSection.vue">
        <metrics statements="12" coveredstatements="9" conditionals="46" coveredconditionals="18" methods="6" coveredmethods="3"/>
        <line num="2" count="25" type="stmt"/>
        <line num="3" count="3" type="stmt"/>
        <line num="16" count="0" type="cond" truecount="0" falsecount="2"/>
        <line num="19" count="0" type="cond" truecount="0" falsecount="2"/>
        <line num="24" count="0" type="cond" truecount="2" falsecount="0"/>
        <line num="27" count="25" type="cond" truecount="2" falsecount="0"/>
        <line num="49" count="100" type="stmt"/>
        <line num="93" count="25" type="stmt"/>
        <line num="100" count="25" type="stmt"/>
        <line num="102" count="25" type="stmt"/>
        <line num="103" count="25" type="cond" truecount="1" falsecount="1"/>
        <line num="105" count="25" type="stmt"/>
      </file>
      <file name="AttachNodesModal.vue" path="/app/resources/js/Components/AttachNodesModal.vue">
        <metrics statements="53" coveredstatements="43" conditionals="37" coveredconditionals="24" methods="14" coveredmethods="12"/>
        <line num="2" count="14" type="stmt"/>
        <line num="5" count="0" type="cond" truecount="2" falsecount="0"/>
        <line num="12" count="55" type="stmt"/>
        <line num="17" count="3" type="stmt"/>
        <line num="32" count="81" type="stmt"/>
        <line num="40" count="10" type="stmt"/>
        <line num="46" count="3" type="stmt"/>
        <line num="47" count="3" type="cond" truecount="1" falsecount="2"/>
        <line num="48" count="3" type="stmt"/>
        <line num="60" count="1" type="cond" truecount="2" falsecount="0"/>
        <line num="63" count="55" type="cond" truecount="2" falsecount="0"/>
        <line num="69" count="29" type="cond" truecount="2" falsecount="0"/>
        <line num="85" count="14" type="stmt"/>
        <line num="86" count="14" type="stmt"/>
        <line num="93" count="14" type="stmt"/>
        <line num="94" count="14" type="stmt"/>
        <line num="99" count="14" type="stmt"/>
        <line num="100" count="14" type="stmt"/>
        <line num="101" count="14" type="stmt"/>
        <line num="102" count="14" type="stmt"/>
        <line num="104" count="14" type="stmt"/>
        <line num="105" count="0" type="cond" truecount="0" falsecount="2"/>
        <line num="106" count="0" type="stmt"/>
        <line num="110" count="14" type="stmt"/>
        <line num="111" count="14" type="cond" truecount="2" falsecount="0"/>
        <line num="112" count="13" type="stmt"/>
        <line num="117" count="13" type="stmt"/>
        <line num="118" count="13" type="stmt"/>
        <line num="119" count="13" type="stmt"/>
        <line num="124" count="12" type="cond" truecount="1" falsecount="1"/>
        <line num="125" count="13" type="cond" truecount="1" falsecount="1"/>
        <line num="128" count="1" type="stmt"/>
        <line num="130" count="13" type="stmt"/>
        <line num="135" count="3" type="cond" truecount="1" falsecount="1"/>
        <line num="137" count="3" type="stmt"/>
        <line num="138" count="3" type="stmt"/>
        <line num="140" count="3" type="stmt"/>
        <line num="141" count="5" type="stmt"/>
        <line num="146" count="3" type="stmt"/>
        <line num="149" count="2" type="stmt"/>
        <line num="150" count="2" type="stmt"/>
        <line num="151" count="2" type="stmt"/>
        <line num="154" count="2" type="stmt"/>
        <line num="155" count="0" type="cond" truecount="0" falsecount="2"/>
        <line num="156" count="0" type="cond" truecount="0" falsecount="2"/>
        <line num="157" count="0" type="stmt"/>
        <line num="158" count="0" type="stmt"/>
        <line num="162" count="2" type="stmt"/>
        <line num="165" count="0" type="stmt"/>
        <line num="166" count="0" type="stmt"/>
        <line num="167" count="0" type="stmt"/>
        <line num="170" count="3" type="stmt"/>
        <line num="172" count="3" type="stmt"/>
      </file>
      <file name="AttachRecipeModal.vue" path="/app/resources/js/Components/AttachRecipeModal.vue">
        <metrics statements="52" coveredstatements="41" conditionals="51" coveredconditionals="38" methods="18" coveredmethods="14"/>
        <line num="6" count="12" type="stmt"/>
        <line num="10" count="0" type="cond" truecount="2" falsecount="0"/>
        <line num="17" count="41" type="stmt"/>
        <line num="29" count="4" type="stmt"/>
        <line num="37" count="50" type="stmt"/>
        <line num="54" count="0" type="stmt"/>
        <line num="69" count="2" type="stmt"/>
        <line num="84" count="1" type="cond" truecount="2" falsecount="0"/>
        <line num="87" count="41" type="cond" truecount="2" falsecount="0"/>
        <line num="93" count="19" type="cond" truecount="2" falsecount="0"/>
        <line num="107" count="12" type="stmt"/>
        <line num="108" count="12" type="stmt"/>
        <line num="127" count="12" type="stmt"/>
        <line num="128" count="12" type="stmt"/>
        <line num="133" count="12" type="stmt"/>
        <line num="134" count="12" type="stmt"/>
        <line num="135" count="12" type="stmt"/>
        <line num="136" count="12" type="stmt"/>
        <line num="137" count="12" type="stmt"/>
        <line num="139" count="12" type="stmt"/>
        <line num="140" count="32" type="stmt"/>
        <line num="143" count="12" type="stmt"/>
        <line num="144" count="0" type="cond" truecount="0" falsecount="2"/>
        <line num="145" count="0" type="stmt"/>
        <line num="149" count="12" type="stmt"/>
        <line num="150" count="12" type="cond" truecount="2" falsecount="0"/>
        <line num="151" count="11" type="stmt"/>
        <line num="156" count="11" type="stmt"/>
        <line num="157" count="11" type="stmt"/>
        <line num="158" count="11" type="stmt"/>
        <line num="160" count="10" type="cond" truecount="1" falsecount="1"/>
        <line num="162" count="11" type="cond" truecount="1" falsecount="1"/>
        <line num="163" count="10" type="stmt"/>
        <line num="165" count="0" type="stmt"/>
        <line num="169" count="1" type="stmt"/>
        <line num="171" count="11" type="stmt"/>
        <line num="176" count="2" type="cond" truecount="1" falsecount="1"/>
        <line num="178" count="2" type="stmt"/>
        <line num="179" count="2" type="stmt"/>
        <line num="180" count="2" type="stmt"/>
        <line num="181" count="2" type="cond" truecount="1" falsecount="1"/>
        <line num="182" count="0" type="stmt"/>
        <line num="185" count="2" type="stmt"/>
        <line num="191" count="2" type="stmt"/>
        <line num="196" count="2" type="cond" truecount="1" falsecount="4"/>
        <line num="197" count="0" type="stmt"/>
        <line num="200" count="0" type="stmt"/>
        <line num="203" count="0" type="stmt"/>
        <line num="205" count="0" type="stmt"/>
        <line num="207" count="0" type="stmt"/>
        <line num="210" count="2" type="stmt"/>
        <line num="214" count="2" type="stmt"/>
      </file>
      <file name="AutomationEngine.vue" path="/app/resources/js/Components/AutomationEngine.vue">
        <metrics statements="9" coveredstatements="7" conditionals="6" coveredconditionals="4" methods="4" coveredmethods="2"/>
        <line num="2" count="8" type="stmt"/>
        <line num="3" count="2" type="stmt"/>
        <line num="4" count="2" type="stmt"/>
        <line num="5" count="16" type="stmt"/>
        <line num="14" count="0" type="stmt"/>
        <line num="30" count="8" type="stmt"/>
        <line num="48" count="8" type="stmt"/>
        <line num="50" count="8" type="stmt"/>
        <line num="57" count="0" type="stmt"/>
      </file>
      <file name="Badge.vue" path="/app/resources/js/Components/Badge.vue">
        <metrics statements="8" coveredstatements="8" conditionals="4" coveredconditionals="2" methods="1" coveredmethods="1"/>
        <line num="2" count="17" type="stmt"/>
        <line num="19" count="14" type="stmt"/>
        <line num="24" count="14" type="stmt"/>
        <line num="26" count="14" type="stmt"/>
        <line num="27" count="14" type="stmt"/>
        <line num="28" count="14" type="stmt"/>
        <line num="36" count="14" type="stmt"/>
        <line num="40" count="14" type="cond" truecount="2" falsecount="2"/>
      </file>
      <file name="Breadcrumbs.vue" path="/app/resources/js/Components/Breadcrumbs.vue">
        <metrics statements="32" coveredstatements="15" conditionals="30" coveredconditionals="2" methods="5" coveredmethods="2"/>
        <line num="3" count="6" type="cond" truecount="0" falsecount="2"/>
        <line num="7" count="1" type="stmt"/>
        <line num="8" count="0" type="stmt"/>
        <line num="18" count="0" type="stmt"/>
        <line num="60" count="6" type="stmt"/>
        <line num="65" count="6" type="stmt"/>
        <line num="68" count="6" type="stmt"/>
        <line num="69" count="6" type="cond" truecount="1" falsecount="1"/>
        <line num="71" count="6" type="stmt"/>
        <line num="72" count="6" type="stmt"/>
        <line num="74" count="6" type="stmt"/>
        <line num="79" count="6" type="stmt"/>
        <line num="95" count="6" type="stmt"/>
        <line num="96" count="6" type="stmt"/>
        <line num="97" count="0" type="stmt"/>
        <line num="100" count="0" type="cond" truecount="0" falsecount="2"/>
        <line num="102" count="0" type="stmt"/>
        <line num="103" count="0" type="stmt"/>
        <line num="106" count="0" type="cond" truecount="0" falsecount="2"/>
        <line num="107" count="0" type="stmt"/>
        <line num="108" count="0" type="cond" truecount="0" falsecount="4"/>
        <line num="109" count="0" type="cond" truecount="0" falsecount="2"/>
        <line num="110" count="0" type="cond" truecount="0" falsecount="2"/>
        <line num="111" count="0" type="stmt"/>
        <line num="112" count="0" type="cond" truecount="0" falsecount="2"/>
        <line num="113" count="0" type="stmt"/>
        <line num="116" count="0" type="stmt"/>
        <line num="118" count="0" type="cond" truecount="0" falsecount="2"/>
        <line num="119" count="0" type="stmt"/>
        <line num="123" count="6" type="stmt"/>
        <line num="126" count="6" type="stmt"/>
        <line num="127" count="6" type="cond" truecount="1" falsecount="1"/>
      </file>
      <file name="Button.vue" path="/app/resources/js/Components/Button.vue">
        <metrics statements="8" coveredstatements="8" conditionals="4" coveredconditionals="2" methods="1" coveredmethods="1"/>
        <line num="2" count="104" type="stmt"/>
        <line num="21" count="102" type="stmt"/>
        <line num="26" count="102" type="stmt"/>
        <line num="28" count="102" type="stmt"/>
        <line num="29" count="104" type="stmt"/>
        <line num="30" count="104" type="stmt"/>
        <line num="40" count="104" type="stmt"/>
        <line num="44" count="104" type="cond" truecount="2" falsecount="2"/>
      </file>
      <file name="Card.vue" path="/app/resources/js/Components/Card.vue">
        <metrics statements="7" coveredstatements="7" conditionals="2" coveredconditionals="1" methods="1" coveredmethods="1"/>
        <line num="2" count="18" type="stmt"/>
        <line num="17" count="18" type="stmt"/>
        <line num="21" count="18" type="stmt"/>
        <line num="23" count="18" type="stmt"/>
        <line num="24" count="18" type="stmt"/>
        <line num="25" count="18" type="cond" truecount="1" falsecount="1"/>
        <line num="26" count="18" type="stmt"/>
      </file>
      <file name="ChartBase.vue" path="/app/resources/js/Components/ChartBase.vue">
        <metrics statements="46" coveredstatements="29" conditionals="50" coveredconditionals="15" methods="10" coveredmethods="4"/>
        <line num="2" count="23" type="stmt"/>
        <line num="21" count="23" type="stmt"/>
        <line num="27" count="23" type="stmt"/>
        <line num="29" count="23" type="stmt"/>
        <line num="30" count="23" type="cond" truecount="1" falsecount="1"/>
        <line num="31" count="0" type="stmt"/>
        <line num="33" count="23" type="stmt"/>
        <line num="36" count="23" type="stmt"/>
        <line num="37" count="23" type="cond" truecount="1" falsecount="1"/>
        <line num="38" count="0" type="stmt"/>
        <line num="40" count="23" type="stmt"/>
        <line num="43" count="23" type="stmt"/>
        <line num="46" count="23" type="stmt"/>
        <line num="47" count="23" type="cond" truecount="1" falsecount="1"/>
        <line num="49" count="23" type="cond" truecount="1" falsecount="1"/>
        <line num="55" count="23" type="cond" truecount="2" falsecount="0"/>
        <line num="56" count="2" type="stmt"/>
        <line num="57" count="2" type="stmt"/>
        <line num="58" count="2" type="stmt"/>
        <line num="68" count="2" type="stmt"/>
        <line num="69" count="2" type="stmt"/>
        <line num="73" count="23" type="cond" truecount="1" falsecount="1"/>
        <line num="74" count="23" type="stmt"/>
        <line num="86" count="23" type="stmt"/>
        <line num="88" count="23" type="stmt"/>
        <line num="89" count="0" type="cond" truecount="0" falsecount="4"/>
        <line num="90" count="0" type="stmt"/>
        <line num="94" count="23" type="stmt"/>
        <line num="97" count="23" type="cond" truecount="2" falsecount="2"/>
        <line num="98" count="0" type="stmt"/>
        <line num="99" count="0" type="stmt"/>
        <line num="101" count="0" type="stmt"/>
        <line num="102" count="0" type="stmt"/>
        <line num="103" count="0" type="stmt"/>
        <line num="104" count="0" type="stmt"/>
        <line num="107" count="23" type="stmt"/>
        <line num="111" count="23" type="stmt"/>
        <line num="112" count="23" type="stmt"/>
        <line num="114" count="0" type="cond" truecount="0" falsecount="2"/>
        <line num="116" count="0" type="cond" truecount="0" falsecount="2"/>
        <line num="117" count="0" type="stmt"/>
        <line num="130" count="0" type="stmt"/>
        <line num="136" count="23" type="stmt"/>
        <line num="137" count="0" type="cond" truecount="0" falsecount="2"/>
        <line num="138" count="0" type="stmt"/>
        <line num="139" count="0" type="stmt"/>
      </file>
      <file name="CommandPalette.vue" path="/app/resources/js/Components/CommandPalette.vue">
        <metrics statements="248" coveredstatements="137" conditionals="200" coveredconditionals="93" methods="50" coveredmethods="32"/>
        <line num="11" count="3" type="stmt"/>
        <line num="29" count="1" type="stmt"/>
        <line num="32" count="1" type="cond" truecount="4" falsecount="0"/>
        <line num="33" count="1" type="cond" truecount="2" falsecount="0"/>
        <line num="34" count="1" type="stmt"/>
        <line num="37" count="3" type="stmt"/>
        <line num="47" count="3" type="stmt"/>
        <line num="54" count="106" type="stmt"/>
        <line num="55" count="38" type="stmt"/>
        <line num="62" count="0" type="stmt"/>
        <line num="63" count="0" type="stmt"/>
        <line num="69" count="3" type="stmt"/>
        <line num="85" count="3" type="stmt"/>
        <line num="115" count="69" type="stmt"/>
        <line num="123" count="0" type="cond" truecount="2" falsecount="0"/>
        <line num="150" count="34" type="stmt"/>
        <line num="153" count="34" type="stmt"/>
        <line num="154" count="3" type="stmt"/>
        <line num="160" count="2" type="cond" truecount="2" falsecount="0"/>
        <line num="161" count="2" type="cond" truecount="1" falsecount="1"/>
        <line num="164" count="2" type="cond" truecount="1" falsecount="1"/>
        <line num="165" count="0" type="stmt"/>
        <line num="168" count="2" type="stmt"/>
        <line num="171" count="2" type="stmt"/>
        <line num="172" count="2" type="cond" truecount="1" falsecount="1"/>
        <line num="173" count="0" type="stmt"/>
        <line num="177" count="2" type="stmt"/>
        <line num="178" count="1" type="stmt"/>
        <line num="179" count="1" type="cond" truecount="2" falsecount="0"/>
        <line num="190" count="34" type="stmt"/>
        <line num="191" count="34" type="stmt"/>
        <line num="192" count="34" type="stmt"/>
        <line num="193" count="34" type="stmt"/>
        <line num="194" count="34" type="stmt"/>
        <line num="196" count="34" type="stmt"/>
        <line num="197" count="34" type="stmt"/>
        <line num="198" count="34" type="stmt"/>
        <line num="201" count="34" type="stmt"/>
        <line num="202" count="3" type="stmt"/>
        <line num="206" count="34" type="stmt"/>
        <line num="207" count="34" type="stmt"/>
        <line num="208" count="34" type="cond" truecount="2" falsecount="0"/>
        <line num="209" count="9" type="stmt"/>
        <line num="212" count="0" type="stmt"/>
        <line num="218" count="3" type="cond" truecount="4" falsecount="0"/>
        <line num="219" count="2" type="stmt"/>
        <line num="225" count="2" type="stmt"/>
        <line num="227" count="2" type="stmt"/>
        <line num="229" count="2" type="stmt"/>
        <line num="231" count="2" type="stmt"/>
        <line num="232" count="2" type="stmt"/>
        <line num="234" count="0" type="stmt"/>
        <line num="240" count="34" type="stmt"/>
        <line num="247" count="34" type="stmt"/>
        <line num="260" count="34" type="stmt"/>
        <line num="266" count="34" type="stmt"/>
        <line num="267" count="34" type="stmt"/>
        <line num="268" count="0" type="stmt"/>
        <line num="269" count="0" type="cond" truecount="0" falsecount="3"/>
        <line num="271" count="34" type="stmt"/>
        <line num="272" count="0" type="stmt"/>
        <line num="273" count="0" type="cond" truecount="0" falsecount="2"/>
        <line num="275" count="34" type="stmt"/>
        <line num="276" count="0" type="stmt"/>
        <line num="277" count="0" type="cond" truecount="0" falsecount="2"/>
        <line num="288" count="123" type="cond" truecount="2" falsecount="0"/>
        <line num="289" count="96" type="stmt"/>
        <line num="293" count="27" type="stmt"/>
        <line num="294" count="27" type="stmt"/>
        <line num="295" count="27" type="stmt"/>
        <line num="296" count="27" type="stmt"/>
        <line num="300" count="27" type="stmt"/>
        <line num="302" count="29" type="cond" truecount="2" falsecount="0"/>
        <line num="303" count="24" type="stmt"/>
        <line num="310" count="29" type="stmt"/>
        <line num="315" count="29" type="stmt"/>
        <line num="318" count="29" type="cond" truecount="1" falsecount="1"/>
        <line num="319" count="0" type="stmt"/>
        <line num="324" count="27" type="cond" truecount="2" falsecount="0"/>
        <line num="325" count="18" type="stmt"/>
        <line num="332" count="27" type="cond" truecount="1" falsecount="1"/>
        <line num="333" count="0" type="stmt"/>
        <line num="336" count="27" type="stmt"/>
        <line num="341" count="3" type="cond" truecount="4" falsecount="0"/>
        <line num="342" count="1" type="stmt"/>
        <line num="343" count="1" type="stmt"/>
        <line num="346" count="2" type="stmt"/>
        <line num="347" count="2" type="stmt"/>
        <line num="348" count="2" type="stmt"/>
        <line num="354" count="2" type="stmt"/>
        <line num="360" count="0" type="stmt"/>
        <line num="361" count="0" type="stmt"/>
        <line num="363" count="2" type="stmt"/>
        <line num="368" count="34" type="stmt"/>
        <line num="369" count="34" type="stmt"/>
        <line num="370" count="14" type="stmt"/>
        <line num="371" count="14" type="cond" truecount="2" falsecount="0"/>
        <line num="372" count="14" type="stmt"/>
        <line num="373" count="3" type="stmt"/>
        <line num="377" count="34" type="stmt"/>
        <line num="378" count="28" type="stmt"/>
        <line num="393" count="34" type="stmt"/>
        <line num="397" count="212" type="stmt"/>
        <line num="398" count="212" type="stmt"/>
        <line num="399" count="96" type="stmt"/>
        <line num="401" count="212" type="stmt"/>
        <line num="405" count="34" type="stmt"/>
        <line num="406" count="1" type="stmt"/>
        <line num="407" count="1" type="stmt"/>
        <line num="408" count="1" type="cond" truecount="3" falsecount="1"/>
        <line num="409" count="1" type="stmt"/>
        <line num="411" count="0" type="stmt"/>
        <line num="413" count="0" type="stmt"/>
        <line num="417" count="1" type="cond" truecount="1" falsecount="1"/>
        <line num="418" count="1" type="stmt"/>
        <line num="423" count="34" type="stmt"/>
        <line num="424" count="1" type="stmt"/>
        <line num="427" count="34" type="stmt"/>
        <line num="428" count="3" type="cond" truecount="1" falsecount="1"/>
        <line num="431" count="3" type="stmt"/>
        <line num="434" count="3" type="cond" truecount="4" falsecount="0"/>
        <line num="435" count="1" type="stmt"/>
        <line num="446" count="1" type="cond" truecount="2" falsecount="2"/>
        <line num="447" count="1" type="cond" truecount="1" falsecount="1"/>
        <line num="448" count="1" type="stmt"/>
        <line num="454" count="1" type="stmt"/>
        <line num="458" count="2" type="cond" truecount="1" falsecount="1"/>
        <line num="459" count="0" type="stmt"/>
        <line num="461" count="2" type="stmt"/>
        <line num="463" count="2" type="stmt"/>
        <line num="466" count="34" type="stmt"/>
        <line num="467" count="0" type="cond" truecount="0" falsecount="4"/>
        <line num="468" count="0" type="stmt"/>
        <line num="469" count="0" type="cond" truecount="0" falsecount="4"/>
        <line num="470" count="0" type="stmt"/>
        <line num="472" count="0" type="stmt"/>
        <line num="475" count="34" type="stmt"/>
        <line num="476" count="0" type="cond" truecount="0" falsecount="4"/>
        <line num="477" count="0" type="cond" truecount="0" falsecount="2"/>
        <line num="478" count="0" type="cond" truecount="0" falsecount="2"/>
        <line num="479" count="0" type="cond" truecount="0" falsecount="2"/>
        <line num="480" count="0" type="cond" truecount="0" falsecount="2"/>
        <line num="481" count="0" type="cond" truecount="0" falsecount="4"/>
        <line num="482" count="0" type="stmt"/>
        <line num="484" count="0" type="cond" truecount="0" falsecount="2"/>
        <line num="487" count="34" type="stmt"/>
        <line num="488" count="0" type="cond" truecount="0" falsecount="2"/>
        <line num="489" count="0" type="stmt"/>
        <line num="495" count="0" type="stmt"/>
        <line num="496" count="0" type="cond" truecount="0" falsecount="2"/>
        <line num="499" count="34" type="stmt"/>
        <line num="500" count="0" type="stmt"/>
        <line num="502" count="0" type="cond" truecount="0" falsecount="2"/>
        <line num="503" count="0" type="cond" truecount="0" falsecount="2"/>
        <line num="504" count="0" type="cond" truecount="0" falsecount="2"/>
        <line num="505" count="0" type="stmt"/>
        <line num="507" count="0" type="stmt"/>
        <line num="508" count="0" type="stmt"/>
        <line num="509" count="0" type="cond" truecount="0" falsecount="2"/>
        <line num="510" count="0" type="stmt"/>
        <line num="511" count="0" type="stmt"/>
        <line num="513" count="0" type="stmt"/>
        <line num="514" count="0" type="stmt"/>
        <line num="518" count="0" type="cond" truecount="0" falsecount="2"/>
        <line num="520" count="0" type="cond" truecount="0" falsecount="2"/>
        <line num="521" count="0" type="stmt"/>
        <line num="522" count="0" type="cond" truecount="0" falsecount="2"/>
        <line num="525" count="0" type="cond" truecount="0" falsecount="2"/>
        <line num="526" count="0" type="cond" truecount="0" falsecount="2"/>
        <line num="527" count="0" type="cond" truecount="0" falsecount="2"/>
        <line num="530" count="0" type="cond" truecount="0" falsecount="2"/>
        <line num="531" count="0" type="cond" truecount="0" falsecount="2"/>
        <line num="532" count="0" type="cond" truecount="0" falsecount="2"/>
        <line num="535" count="0" type="stmt"/>
        <line num="538" count="34" type="stmt"/>
        <line num="539" count="0" type="stmt"/>
        <line num="544" count="0" type="stmt"/>
        <line num="552" count="34" type="stmt"/>
        <line num="553" count="0" type="stmt"/>
        <line num="554" count="0" type="stmt"/>
        <line num="555" count="0" type="stmt"/>
        <line num="558" count="34" type="stmt"/>
        <line num="559" count="0" type="cond" truecount="0" falsecount="2"/>
        <line num="561" count="0" type="stmt"/>
        <line num="562" count="0" type="stmt"/>
        <line num="564" count="0" type="stmt"/>
        <line num="566" count="0" type="stmt"/>
        <line num="571" count="0" type="stmt"/>
        <line num="572" count="0" type="stmt"/>
        <line num="573" count="0" type="stmt"/>
        <line num="575" count="0" type="cond" truecount="0" falsecount="2"/>
        <line num="576" count="0" type="stmt"/>
        <line num="577" count="0" type="stmt"/>
        <line num="578" count="0" type="stmt"/>
        <line num="581" count="0" type="cond" truecount="0" falsecount="2"/>
        <line num="582" count="0" type="stmt"/>
        <line num="583" count="0" type="stmt"/>
        <line num="584" count="0" type="cond" truecount="0" falsecount="2"/>
        <line num="585" count="0" type="stmt"/>
        <line num="586" count="0" type="stmt"/>
        <line num="587" count="0" type="cond" truecount="0" falsecount="2"/>
        <line num="588" count="0" type="stmt"/>
        <line num="589" count="0" type="stmt"/>
        <line num="591" count="0" type="stmt"/>
        <line num="593" count="0" type="stmt"/>
        <line num="594" count="0" type="stmt"/>
        <line num="604" count="0" type="stmt"/>
        <line num="605" count="0" type="stmt"/>
        <line num="606" count="0" type="stmt"/>
        <line num="613" count="0" type="cond" truecount="0" falsecount="2"/>
        <line num="615" count="0" type="stmt"/>
        <line num="616" count="0" type="cond" truecount="0" falsecount="2"/>
        <line num="617" count="0" type="stmt"/>
        <line num="618" count="0" type="stmt"/>
        <line num="619" count="0" type="stmt"/>
        <line num="622" count="0" type="stmt"/>
        <line num="623" count="0" type="stmt"/>
        <line num="624" count="0" type="stmt"/>
        <line num="626" count="0" type="stmt"/>
        <line num="627" count="0" type="stmt"/>
        <line num="635" count="0" type="stmt"/>
        <line num="636" count="0" type="stmt"/>
        <line num="637" count="0" type="stmt"/>
        <line num="638" count="0" type="stmt"/>
        <line num="642" count="0" type="cond" truecount="0" falsecount="2"/>
        <line num="643" count="0" type="stmt"/>
        <line num="645" count="0" type="stmt"/>
        <line num="646" count="0" type="stmt"/>
        <line num="649" count="34" type="stmt"/>
        <line num="650" count="5" type="stmt"/>
        <line num="651" count="5" type="stmt"/>
        <line num="652" count="5" type="stmt"/>
        <line num="653" count="5" type="stmt"/>
        <line num="656" count="34" type="stmt"/>
        <line num="657" count="28" type="cond" truecount="2" falsecount="0"/>
        <line num="658" count="23" type="stmt"/>
        <line num="659" count="23" type="stmt"/>
        <line num="664" count="34" type="stmt"/>
        <line num="665" count="5" type="cond" truecount="5" falsecount="0"/>
        <line num="666" count="2" type="stmt"/>
        <line num="667" count="2" type="stmt"/>
        <line num="669" count="5" type="cond" truecount="4" falsecount="0"/>
        <line num="670" count="3" type="stmt"/>
        <line num="671" count="3" type="stmt"/>
        <line num="675" count="34" type="stmt"/>
        <line num="676" count="34" type="stmt"/>
        <line num="677" count="34" type="stmt"/>
        <line num="679" count="34" type="stmt"/>
      </file>
      <file name="ConfirmModal.vue" path="/app/resources/js/Components/ConfirmModal.vue">
        <metrics statements="9" coveredstatements="6" conditionals="10" coveredconditionals="10" methods="7" coveredmethods="4"/>
        <line num="2" count="123" type="stmt"/>
        <line num="5" count="0" type="cond" truecount="2" falsecount="0"/>
        <line num="8" count="7" type="stmt"/>
        <line num="11" count="2" type="stmt"/>
        <line num="16" count="0" type="cond" truecount="2" falsecount="0"/>
        <line num="18" count="2" type="stmt"/>
        <line num="19" count="2" type="stmt"/>
        <line num="24" count="0" type="cond" truecount="2" falsecount="0"/>
        <line num="26" count="2" type="cond" truecount="2" falsecount="0"/>
      </file>
      <file name="DataTableV2.vue" path="/app/resources/js/Components/DataTableV2.vue">
        <metrics statements="93" coveredstatements="58" conditionals="107" coveredconditionals="39" methods="32" coveredmethods="20"/>
        <line num="2" count="23" type="stmt"/>
        <line num="8" count="5" type="stmt"/>
        <line num="10" count="147" type="stmt"/>
        <line num="20" count="0" type="stmt"/>
        <line num="23" count="5" type="stmt"/>
        <line num="33" count="70" type="stmt"/>
        <line num="69" count="2" type="stmt"/>
        <line num="72" count="39" type="stmt"/>
        <line num="79" count="0" type="stmt"/>
        <line num="81" count="251" type="stmt"/>
        <line num="94" count="11" type="stmt"/>
        <line num="117" count="0" type="stmt"/>
        <line num="123" count="0" type="stmt"/>
        <line num="125" count="0" type="stmt"/>
        <line num="138" count="0" type="stmt"/>
        <line num="198" count="11" type="stmt"/>
        <line num="217" count="11" type="stmt"/>
        <line num="221" count="11" type="stmt"/>
        <line num="222" count="11" type="stmt"/>
        <line num="224" count="11" type="stmt"/>
        <line num="225" count="11" type="stmt"/>
        <line num="226" count="11" type="cond" truecount="2" falsecount="0"/>
        <line num="228" count="11" type="cond" truecount="0" falsecount="2"/>
        <line num="230" count="11" type="stmt"/>
        <line num="231" count="23" type="cond" truecount="2" falsecount="2"/>
        <line num="232" count="23" type="stmt"/>
        <line num="235" count="0" type="stmt"/>
        <line num="236" count="0" type="stmt"/>
        <line num="237" count="23" type="stmt"/>
        <line num="239" count="23" type="stmt"/>
        <line num="240" count="0" type="cond" truecount="0" falsecount="2"/>
        <line num="241" count="0" type="cond" truecount="0" falsecount="2"/>
        <line num="243" count="0" type="cond" truecount="0" falsecount="4"/>
        <line num="244" count="0" type="cond" truecount="0" falsecount="4"/>
        <line num="245" count="0" type="cond" truecount="0" falsecount="4"/>
        <line num="247" count="0" type="cond" truecount="0" falsecount="4"/>
        <line num="248" count="0" type="cond" truecount="0" falsecount="2"/>
        <line num="251" count="0" type="stmt"/>
        <line num="252" count="0" type="stmt"/>
        <line num="253" count="0" type="cond" truecount="0" falsecount="2"/>
        <line num="254" count="0" type="cond" truecount="0" falsecount="6"/>
        <line num="258" count="11" type="stmt"/>
        <line num="259" count="15" type="cond" truecount="3" falsecount="0"/>
        <line num="262" count="11" type="stmt"/>
        <line num="263" count="11" type="cond" truecount="1" falsecount="1"/>
        <line num="266" count="11" type="stmt"/>
        <line num="267" count="11" type="cond" truecount="1" falsecount="1"/>
        <line num="270" count="11" type="stmt"/>
        <line num="271" count="398" type="cond" truecount="2" falsecount="0"/>
        <line num="272" count="336" type="cond" truecount="1" falsecount="1"/>
        <line num="273" count="336" type="stmt"/>
        <line num="276" count="11" type="stmt"/>
        <line num="277" count="39" type="cond" truecount="1" falsecount="1"/>
        <line num="278" count="39" type="cond" truecount="2" falsecount="0"/>
        <line num="281" count="11" type="stmt"/>
        <line num="282" count="39" type="cond" truecount="1" falsecount="1"/>
        <line num="285" count="11" type="stmt"/>
        <line num="286" count="11" type="cond" truecount="3" falsecount="1"/>
        <line num="287" count="11" type="stmt"/>
        <line num="290" count="11" type="stmt"/>
        <line num="291" count="262" type="cond" truecount="1" falsecount="1"/>
        <line num="292" count="262" type="stmt"/>
        <line num="293" count="262" type="cond" truecount="1" falsecount="1"/>
        <line num="294" count="262" type="cond" truecount="1" falsecount="1"/>
        <line num="295" count="0" type="cond" truecount="0" falsecount="2"/>
        <line num="297" count="262" type="stmt"/>
        <line num="300" count="11" type="stmt"/>
        <line num="301" count="50" type="cond" truecount="1" falsecount="1"/>
        <line num="302" count="0" type="stmt"/>
        <line num="304" count="50" type="stmt"/>
        <line num="305" count="50" type="cond" truecount="1" falsecount="1"/>
        <line num="308" count="11" type="stmt"/>
        <line num="309" count="39" type="cond" truecount="1" falsecount="1"/>
        <line num="310" count="0" type="stmt"/>
        <line num="312" count="39" type="cond" truecount="2" falsecount="0"/>
        <line num="313" count="11" type="stmt"/>
        <line num="316" count="11" type="stmt"/>
        <line num="317" count="0" type="cond" truecount="0" falsecount="2"/>
        <line num="319" count="0" type="cond" truecount="0" falsecount="2"/>
        <line num="320" count="0" type="stmt"/>
        <line num="321" count="0" type="stmt"/>
        <line num="322" count="0" type="stmt"/>
        <line num="325" count="0" type="cond" truecount="0" falsecount="2"/>
        <line num="326" count="0" type="stmt"/>
        <line num="327" count="0" type="stmt"/>
        <line num="330" count="0" type="stmt"/>
        <line num="331" count="0" type="stmt"/>
        <line num="334" count="11" type="stmt"/>
        <line num="335" count="70" type="cond" truecount="2" falsecount="2"/>
        <line num="336" count="0" type="cond" truecount="0" falsecount="2"/>
        <line num="339" count="11" type="stmt"/>
        <line num="340" count="0" type="cond" truecount="0" falsecount="2"/>
        <line num="341" count="0" type="stmt"/>
      </file>
      <file name="EmptyState.vue" path="/app/resources/js/Components/EmptyState.vue">
        <metrics statements="17" coveredstatements="12" conditionals="11" coveredconditionals="4" methods="3" coveredmethods="2"/>
        <line num="2" count="2" type="stmt"/>
        <line num="10" count="5" type="stmt"/>
        <line num="43" count="2" type="stmt"/>
        <line num="50" count="2" type="stmt"/>
        <line num="52" count="2" type="stmt"/>
        <line num="58" count="2" type="stmt"/>
        <line num="59" count="2" type="cond" truecount="1" falsecount="1"/>
        <line num="60" count="0" type="stmt"/>
        <line num="62" count="2" type="stmt"/>
        <line num="65" count="2" type="stmt"/>
        <line num="66" count="0" type="cond" truecount="0" falsecount="3"/>
        <line num="68" count="0" type="stmt"/>
        <line num="70" count="0" type="stmt"/>
        <line num="72" count="0" type="stmt"/>
        <line num="76" count="2" type="stmt"/>
        <line num="77" count="2" type="stmt"/>
        <line num="78" count="2" type="stmt"/>
      </file>
      <file name="EnhancedToast.vue" path="/app/resources/js/Components/EnhancedToast.vue">
        <metrics statements="16" coveredstatements="16" conditionals="37" coveredconditionals="22" methods="8" coveredmethods="8"/>
        <line num="2" count="15" type="stmt"/>
        <line num="7" count="11" type="stmt"/>
        <line num="8" count="15" type="stmt"/>
        <line num="20" count="2" type="stmt"/>
        <line num="22" count="2" type="stmt"/>
        <line num="86" count="2" type="stmt"/>
        <line num="105" count="1" type="stmt"/>
        <line num="112" count="1" type="stmt"/>
        <line num="122" count="1" type="cond" truecount="2" falsecount="0"/>
        <line num="182" count="15" type="stmt"/>
        <line num="187" count="15" type="stmt"/>
        <line num="195" count="2" type="stmt"/>
        <line num="201" count="2" type="stmt"/>
        <line num="205" count="1" type="stmt"/>
        <line num="209" count="1" type="stmt"/>
        <line num="210" count="1" type="stmt"/>
      </file>
      <file name="ErrorBoundary.vue" path="/app/resources/js/Components/ErrorBoundary.vue">
        <metrics statements="36" coveredstatements="27" conditionals="18" coveredconditionals="14" methods="8" coveredmethods="6"/>
        <line num="3" count="28" type="cond" truecount="2" falsecount="0"/>
        <line num="7" count="5" type="stmt"/>
        <line num="14" count="5" type="stmt"/>
        <line num="22" count="5" type="stmt"/>
        <line num="25" count="5" type="stmt"/>
        <line num="31" count="12" type="cond" truecount="2" falsecount="0"/>
        <line num="37" count="12" type="cond" truecount="2" falsecount="0"/>
        <line num="39" count="12" type="cond" truecount="2" falsecount="0"/>
        <line num="52" count="14" type="stmt"/>
        <line num="53" count="14" type="stmt"/>
        <line num="54" count="14" type="stmt"/>
        <line num="56" count="14" type="stmt"/>
        <line num="58" count="20" type="cond" truecount="2" falsecount="0"/>
        <line num="59" count="2" type="stmt"/>
        <line num="60" count="2" type="stmt"/>
        <line num="63" count="18" type="stmt"/>
        <line num="64" count="18" type="stmt"/>
        <line num="65" count="18" type="stmt"/>
        <line num="68" count="0" type="stmt"/>
        <line num="70" count="18" type="stmt"/>
        <line num="75" count="2" type="cond" truecount="1" falsecount="1"/>
        <line num="76" count="0" type="stmt"/>
        <line num="77" count="0" type="stmt"/>
        <line num="80" count="2" type="stmt"/>
        <line num="82" count="2" type="stmt"/>
        <line num="84" count="2" type="stmt"/>
        <line num="85" count="2" type="stmt"/>
        <line num="88" count="2" type="stmt"/>
        <line num="90" count="2" type="stmt"/>
        <line num="92" count="0" type="stmt"/>
        <line num="94" count="0" type="cond" truecount="0" falsecount="2"/>
        <line num="97" count="2" type="stmt"/>
        <line num="98" count="0" type="stmt"/>
        <line num="104" count="0" type="stmt"/>
        <line num="105" count="0" type="stmt"/>
        <line num="106" count="0" type="stmt"/>
      </file>
      <file name="FavoritesWidget.vue" path="/app/resources/js/Components/FavoritesWidget.vue">
        <metrics statements="29" coveredstatements="10" conditionals="27" coveredconditionals="2" methods="17" coveredmethods="1"/>
        <line num="3" count="6" type="cond" truecount="0" falsecount="2"/>
        <line num="6" count="1" type="stmt"/>
        <line num="21" count="0" type="cond" truecount="0" falsecount="2"/>
        <line num="25" count="0" type="cond" truecount="0" falsecount="2"/>
        <line num="32" count="1" type="stmt"/>
        <line num="35" count="1" type="stmt"/>
        <line num="36" count="0" type="stmt"/>
        <line num="42" count="0" type="stmt"/>
        <line num="46" count="0" type="stmt"/>
        <line num="56" count="1" type="stmt"/>
        <line num="59" count="1" type="stmt"/>
        <line num="60" count="0" type="stmt"/>
        <line num="66" count="0" type="stmt"/>
        <line num="70" count="0" type="stmt"/>
        <line num="95" count="0" type="cond" truecount="0" falsecount="2"/>
        <line num="109" count="6" type="stmt"/>
        <line num="118" count="6" type="stmt"/>
        <line num="120" count="6" type="cond" truecount="2" falsecount="0"/>
        <line num="121" count="6" type="stmt"/>
        <line num="124" count="0" type="stmt"/>
        <line num="125" count="0" type="stmt"/>
        <line num="126" count="0" type="cond" truecount="0" falsecount="2"/>
        <line num="130" count="0" type="stmt"/>
        <line num="131" count="0" type="stmt"/>
        <line num="132" count="0" type="cond" truecount="0" falsecount="3"/>
        <line num="136" count="0" type="stmt"/>
        <line num="140" count="0" type="stmt"/>
        <line num="144" count="0" type="stmt"/>
        <line num="145" count="0" type="stmt"/>
      </file>
      <file name="FilterBar.vue" path="/app/resources/js/Components/FilterBar.vue">
        <metrics statements="7" coveredstatements="7" conditionals="2" coveredconditionals="2" methods="1" coveredmethods="1"/>
        <line num="2" count="17" type="stmt"/>
        <line num="6" count="3" type="stmt"/>
        <line num="7" count="3" type="stmt"/>
        <line num="25" count="6" type="stmt"/>
        <line num="27" count="6" type="stmt"/>
        <line num="28" count="6" type="stmt"/>
        <line num="29" count="6" type="stmt"/>
      </file>
      <file name="GrowCycleProgressRing.vue" path="/app/resources/js/Components/GrowCycleProgressRing.vue">
        <metrics statements="21" coveredstatements="15" conditionals="10" coveredconditionals="3" methods="6" coveredmethods="6"/>
        <line num="2" count="34" type="stmt"/>
        <line num="36" count="3" type="stmt"/>
        <line num="64" count="34" type="stmt"/>
        <line num="72" count="34" type="stmt"/>
        <line num="73" count="34" type="stmt"/>
        <line num="74" count="34" type="stmt"/>
        <line num="76" count="34" type="stmt"/>
        <line num="77" count="34" type="stmt"/>
        <line num="78" count="34" type="stmt"/>
        <line num="81" count="34" type="stmt"/>
        <line num="82" count="34" type="cond" truecount="1" falsecount="3"/>
        <line num="84" count="0" type="stmt"/>
        <line num="86" count="0" type="stmt"/>
        <line num="88" count="0" type="stmt"/>
        <line num="90" count="34" type="stmt"/>
        <line num="94" count="34" type="stmt"/>
        <line num="95" count="34" type="cond" truecount="1" falsecount="3"/>
        <line num="97" count="0" type="stmt"/>
        <line num="99" count="0" type="stmt"/>
        <line num="101" count="0" type="stmt"/>
        <line num="103" count="34" type="stmt"/>
      </file>
      <file name="GrowCycleStageHeader.vue" path="/app/resources/js/Components/GrowCycleStageHeader.vue">
        <metrics statements="17" coveredstatements="11" conditionals="16" coveredconditionals="7" methods="4" coveredmethods="4"/>
        <line num="2" count="34" type="stmt"/>
        <line num="10" count="34" type="stmt"/>
        <line num="25" count="34" type="stmt"/>
        <line num="29" count="34" type="stmt"/>
        <line num="31" count="34" type="stmt"/>
        <line num="32" count="34" type="cond" truecount="1" falsecount="1"/>
        <line num="34" count="34" type="cond" truecount="1" falsecount="5"/>
        <line num="36" count="34" type="stmt"/>
        <line num="38" count="0" type="stmt"/>
        <line num="40" count="0" type="stmt"/>
        <line num="42" count="0" type="stmt"/>
        <line num="44" count="0" type="stmt"/>
        <line num="46" count="0" type="stmt"/>
        <line num="50" count="34" type="stmt"/>
        <line num="51" count="34" type="cond" truecount="3" falsecount="1"/>
        <line num="52" count="34" type="stmt"/>
        <line num="58" count="0" type="stmt"/>
      </file>
      <file name="GrowCycleTimeline.vue" path="/app/resources/js/Components/GrowCycleTimeline.vue">
        <metrics statements="45" coveredstatements="37" conditionals="30" coveredconditionals="19" methods="9" coveredmethods="8"/>
        <line num="2" count="34" type="stmt"/>
        <line num="3" count="3" type="stmt"/>
        <line num="13" count="3" type="stmt"/>
        <line num="22" count="3" type="stmt"/>
        <line num="23" count="68" type="stmt"/>
        <line num="39" count="3" type="stmt"/>
        <line num="71" count="34" type="stmt"/>
        <line num="76" count="34" type="stmt"/>
        <line num="78" count="34" type="stmt"/>
        <line num="80" count="68" type="stmt"/>
        <line num="83" count="34" type="stmt"/>
        <line num="84" count="34" type="cond" truecount="1" falsecount="1"/>
        <line num="85" count="34" type="cond" truecount="1" falsecount="1"/>
        <line num="87" count="34" type="stmt"/>
        <line num="89" count="34" type="stmt"/>
        <line num="93" count="68" type="stmt"/>
        <line num="94" count="68" type="stmt"/>
        <line num="95" count="68" type="stmt"/>
        <line num="97" count="68" type="cond" truecount="2" falsecount="0"/>
        <line num="98" count="34" type="stmt"/>
        <line num="100" count="34" type="cond" truecount="1" falsecount="1"/>
        <line num="101" count="0" type="stmt"/>
        <line num="103" count="34" type="stmt"/>
        <line num="107" count="68" type="stmt"/>
        <line num="108" count="68" type="cond" truecount="1" falsecount="1"/>
        <line num="110" count="68" type="stmt"/>
        <line num="111" count="68" type="stmt"/>
        <line num="112" count="68" type="stmt"/>
        <line num="114" count="68" type="cond" truecount="4" falsecount="0"/>
        <line num="115" count="34" type="stmt"/>
        <line num="120" count="34" type="stmt"/>
        <line num="124" count="68" type="stmt"/>
        <line num="125" count="68" type="stmt"/>
        <line num="126" count="68" type="stmt"/>
        <line num="128" count="68" type="cond" truecount="2" falsecount="0"/>
        <line num="129" count="34" type="stmt"/>
        <line num="131" count="34" type="cond" truecount="1" falsecount="1"/>
        <line num="132" count="0" type="stmt"/>
        <line num="134" count="34" type="stmt"/>
        <line num="138" count="0" type="cond" truecount="0" falsecount="2"/>
        <line num="140" count="0" type="stmt"/>
        <line num="141" count="0" type="stmt"/>
        <line num="142" count="0" type="cond" truecount="0" falsecount="2"/>
        <line num="144" count="0" type="stmt"/>
        <line num="149" count="0" type="stmt"/>
      </file>
      <file name="HeaderStatusBar.vue" path="/app/resources/js/Components/HeaderStatusBar.vue">
        <metrics statements="159" coveredstatements="121" conditionals="225" coveredconditionals="165" methods="18" coveredmethods="15"/>
        <line num="2" count="50" type="stmt"/>
        <line num="3" count="4" type="stmt"/>
        <line num="5" count="4" type="stmt"/>
        <line num="6" count="4" type="stmt"/>
        <line num="17" count="4" type="stmt"/>
        <line num="27" count="4" type="stmt"/>
        <line num="32" count="4" type="stmt"/>
        <line num="45" count="4" type="stmt"/>
        <line num="46" count="4" type="stmt"/>
        <line num="57" count="4" type="stmt"/>
        <line num="67" count="4" type="stmt"/>
        <line num="72" count="4" type="stmt"/>
        <line num="89" count="4" type="stmt"/>
        <line num="101" count="4" type="stmt"/>
        <line num="111" count="4" type="stmt"/>
        <line num="116" count="4" type="stmt"/>
        <line num="149" count="4" type="stmt"/>
        <line num="194" count="4" type="stmt"/>
        <line num="195" count="4" type="stmt"/>
        <line num="206" count="4" type="stmt"/>
        <line num="216" count="4" type="stmt"/>
        <line num="221" count="4" type="stmt"/>
        <line num="252" count="4" type="stmt"/>
        <line num="259" count="4" type="cond" truecount="2" falsecount="0"/>
        <line num="262" count="4" type="stmt"/>
        <line num="267" count="4" type="stmt"/>
        <line num="285" count="4" type="cond" truecount="2" falsecount="0"/>
        <line num="288" count="4" type="stmt"/>
        <line num="293" count="4" type="stmt"/>
        <line num="329" count="4" type="stmt"/>
        <line num="334" count="4" type="stmt"/>
        <line num="356" count="0" type="cond" truecount="4" falsecount="0"/>
        <line num="368" count="0" type="cond" truecount="2" falsecount="0"/>
        <line num="385" count="40" type="stmt"/>
        <line num="396" count="40" type="stmt"/>
        <line num="398" count="40" type="stmt"/>
        <line num="399" count="40" type="stmt"/>
        <line num="402" count="40" type="stmt"/>
        <line num="419" count="40" type="stmt"/>
        <line num="421" count="40" type="stmt"/>
        <line num="426" count="8" type="stmt"/>
        <line num="427" count="8" type="cond" truecount="1" falsecount="1"/>
        <line num="429" count="0" type="stmt"/>
        <line num="430" count="0" type="cond" truecount="0" falsecount="2"/>
        <line num="431" count="0" type="stmt"/>
        <line num="432" count="0" type="stmt"/>
        <line num="434" count="0" type="stmt"/>
        <line num="438" count="8" type="cond" truecount="1" falsecount="1"/>
        <line num="439" count="0" type="stmt"/>
        <line num="443" count="8" type="stmt"/>
        <line num="444" count="8" type="cond" truecount="1" falsecount="1"/>
        <line num="445" count="0" type="stmt"/>
        <line num="446" count="0" type="stmt"/>
        <line num="450" count="8" type="stmt"/>
        <line num="451" count="8" type="cond" truecount="3" falsecount="1"/>
        <line num="452" count="0" type="stmt"/>
        <line num="455" count="8" type="stmt"/>
        <line num="457" count="8" type="stmt"/>
        <line num="461" count="8" type="cond" truecount="1" falsecount="1"/>
        <line num="462" count="8" type="cond" truecount="2" falsecount="1"/>
        <line num="463" count="8" type="cond" truecount="1" falsecount="1"/>
        <line num="464" count="8" type="stmt"/>
        <line num="465" count="0" type="cond" truecount="0" falsecount="2"/>
        <line num="466" count="0" type="stmt"/>
        <line num="468" count="0" type="cond" truecount="0" falsecount="6"/>
        <line num="473" count="0" type="stmt"/>
        <line num="476" count="0" type="cond" truecount="0" falsecount="2"/>
        <line num="477" count="0" type="stmt"/>
        <line num="478" count="0" type="cond" truecount="0" falsecount="2"/>
        <line num="479" count="0" type="stmt"/>
        <line num="480" count="0" type="stmt"/>
        <line num="486" count="0" type="cond" truecount="0" falsecount="2"/>
        <line num="487" count="0" type="stmt"/>
        <line num="488" count="0" type="cond" truecount="0" falsecount="2"/>
        <line num="489" count="0" type="stmt"/>
        <line num="490" count="0" type="stmt"/>
        <line num="494" count="0" type="cond" truecount="0" falsecount="6"/>
        <line num="499" count="0" type="stmt"/>
        <line num="501" count="0" type="stmt"/>
        <line num="506" count="40" type="stmt"/>
        <line num="507" count="40" type="stmt"/>
        <line num="508" count="40" type="cond" truecount="2" falsecount="0"/>
        <line num="509" count="24" type="cond" truecount="2" falsecount="0"/>
        <line num="510" count="24" type="cond" truecount="2" falsecount="0"/>
        <line num="511" count="24" type="cond" truecount="2" falsecount="0"/>
        <line num="512" count="24" type="cond" truecount="2" falsecount="0"/>
        <line num="513" count="24" type="cond" truecount="2" falsecount="0"/>
        <line num="515" count="24" type="cond" truecount="2" falsecount="0"/>
        <line num="516" count="18" type="stmt"/>
        <line num="518" count="18" type="cond" truecount="1" falsecount="1"/>
        <line num="519" count="0" type="stmt"/>
        <line num="520" count="0" type="stmt"/>
        <line num="522" count="18" type="stmt"/>
        <line num="528" count="40" type="stmt"/>
        <line num="529" count="40" type="stmt"/>
        <line num="531" count="40" type="stmt"/>
        <line num="533" count="40" type="stmt"/>
        <line num="534" count="40" type="cond" truecount="2" falsecount="0"/>
        <line num="536" count="34" type="stmt"/>
        <line num="537" count="34" type="stmt"/>
        <line num="538" count="34" type="stmt"/>
        <line num="543" count="6" type="stmt"/>
        <line num="548" count="6" type="stmt"/>
        <line num="550" count="0" type="stmt"/>
        <line num="551" count="0" type="cond" truecount="0" falsecount="4"/>
        <line num="552" count="0" type="cond" truecount="0" falsecount="2"/>
        <line num="553" count="0" type="stmt"/>
        <line num="554" count="0" type="stmt"/>
        <line num="556" count="0" type="stmt"/>
        <line num="557" count="0" type="stmt"/>
        <line num="560" count="0" type="stmt"/>
        <line num="564" count="6" type="stmt"/>
        <line num="566" count="2" type="stmt"/>
        <line num="567" count="2" type="cond" truecount="3" falsecount="1"/>
        <line num="568" count="2" type="stmt"/>
        <line num="573" count="40" type="stmt"/>
        <line num="574" count="17" type="cond" truecount="2" falsecount="0"/>
        <line num="575" count="1" type="stmt"/>
        <line num="577" count="17" type="cond" truecount="2" falsecount="0"/>
        <line num="578" count="1" type="stmt"/>
        <line num="583" count="157" type="cond" truecount="3" falsecount="0"/>
        <line num="585" count="114" type="stmt"/>
        <line num="587" count="4" type="stmt"/>
        <line num="589" count="39" type="stmt"/>
        <line num="594" count="200" type="cond" truecount="3" falsecount="0"/>
        <line num="596" count="114" type="stmt"/>
        <line num="598" count="8" type="stmt"/>
        <line num="600" count="78" type="stmt"/>
        <line num="605" count="100" type="cond" truecount="3" falsecount="0"/>
        <line num="607" count="57" type="stmt"/>
        <line num="609" count="4" type="stmt"/>
        <line num="611" count="39" type="stmt"/>
        <line num="616" count="79" type="cond" truecount="3" falsecount="0"/>
        <line num="618" count="58" type="stmt"/>
        <line num="620" count="2" type="stmt"/>
        <line num="622" count="19" type="stmt"/>
        <line num="627" count="100" type="cond" truecount="3" falsecount="0"/>
        <line num="629" count="58" type="stmt"/>
        <line num="631" count="4" type="stmt"/>
        <line num="633" count="38" type="stmt"/>
        <line num="638" count="50" type="cond" truecount="3" falsecount="0"/>
        <line num="640" count="29" type="stmt"/>
        <line num="642" count="2" type="stmt"/>
        <line num="644" count="19" type="stmt"/>
        <line num="649" count="77" type="cond" truecount="4" falsecount="0"/>
        <line num="651" count="54" type="stmt"/>
        <line num="653" count="2" type="stmt"/>
        <line num="655" count="2" type="stmt"/>
        <line num="657" count="19" type="stmt"/>
        <line num="662" count="100" type="cond" truecount="4" falsecount="0"/>
        <line num="664" count="54" type="stmt"/>
        <line num="667" count="4" type="stmt"/>
        <line num="670" count="4" type="stmt"/>
        <line num="673" count="38" type="stmt"/>
        <line num="679" count="50" type="cond" truecount="4" falsecount="0"/>
        <line num="681" count="27" type="stmt"/>
        <line num="683" count="2" type="stmt"/>
        <line num="685" count="2" type="stmt"/>
        <line num="687" count="19" type="stmt"/>
      </file>
      <file name="HistoryWidget.vue" path="/app/resources/js/Components/HistoryWidget.vue">
        <metrics statements="20" coveredstatements="11" conditionals="16" coveredconditionals="0" methods="10" coveredmethods="1"/>
        <line num="3" count="6" type="cond" truecount="0" falsecount="2"/>
        <line num="6" count="1" type="stmt"/>
        <line num="26" count="0" type="cond" truecount="0" falsecount="2"/>
        <line num="30" count="0" type="cond" truecount="0" falsecount="2"/>
        <line num="32" count="1" type="stmt"/>
        <line num="33" count="0" type="stmt"/>
        <line num="42" count="1" type="stmt"/>
        <line num="44" count="0" type="stmt"/>
        <line num="45" count="1" type="stmt"/>
        <line num="49" count="1" type="stmt"/>
        <line num="50" count="1" type="stmt"/>
        <line num="56" count="0" type="cond" truecount="0" falsecount="2"/>
        <line num="93" count="0" type="cond" truecount="0" falsecount="2"/>
        <line num="112" count="6" type="stmt"/>
        <line num="114" count="6" type="stmt"/>
        <line num="115" count="6" type="stmt"/>
        <line num="116" count="6" type="stmt"/>
        <line num="119" count="0" type="stmt"/>
        <line num="123" count="0" type="stmt"/>
        <line num="124" count="0" type="stmt"/>
      </file>
      <file name="LoadingState.vue" path="/app/resources/js/Components/LoadingState.vue">
        <metrics statements="9" coveredstatements="9" conditionals="16" coveredconditionals="14" methods="3" coveredmethods="3"/>
        <line num="3" count="83" type="cond" truecount="2" falsecount="0"/>
        <line num="10" count="4" type="stmt"/>
        <line num="41" count="3" type="stmt"/>
        <line num="69" count="83" type="stmt"/>
        <line num="81" count="83" type="stmt"/>
        <line num="87" count="83" type="stmt"/>
        <line num="88" count="1" type="cond" truecount="1" falsecount="1"/>
        <line num="91" count="83" type="stmt"/>
        <line num="92" count="1" type="cond" truecount="2" falsecount="0"/>
      </file>
      <file name="MiniTelemetryChart.vue" path="/app/resources/js/Components/MiniTelemetryChart.vue">
        <metrics statements="78" coveredstatements="50" conditionals="74" coveredconditionals="48" methods="18" coveredmethods="12"/>
        <line num="2" count="11" type="stmt"/>
        <line num="6" count="1" type="stmt"/>
        <line num="7" count="1" type="stmt"/>
        <line num="10" count="1" type="stmt"/>
        <line num="24" count="11" type="stmt"/>
        <line num="95" count="11" type="stmt"/>
        <line num="100" count="11" type="stmt"/>
        <line num="108" count="11" type="stmt"/>
        <line num="110" count="11" type="stmt"/>
        <line num="111" count="18" type="cond" truecount="1" falsecount="1"/>
        <line num="112" count="0" type="stmt"/>
        <line num="114" count="18" type="stmt"/>
        <line num="115" count="18" type="cond" truecount="2" falsecount="0"/>
        <line num="118" count="11" type="stmt"/>
        <line num="119" count="5" type="stmt"/>
        <line num="120" count="5" type="stmt"/>
        <line num="127" count="11" type="stmt"/>
        <line num="128" count="5" type="cond" truecount="1" falsecount="1"/>
        <line num="129" count="0" type="stmt"/>
        <line num="131" count="5" type="cond" truecount="2" falsecount="0"/>
        <line num="132" count="3" type="stmt"/>
        <line num="133" count="3" type="stmt"/>
        <line num="135" count="2" type="cond" truecount="1" falsecount="1"/>
        <line num="136" count="0" type="stmt"/>
        <line num="138" count="2" type="stmt"/>
        <line num="141" count="11" type="stmt"/>
        <line num="142" count="10" type="cond" truecount="1" falsecount="1"/>
        <line num="143" count="10" type="stmt"/>
        <line num="144" count="10" type="cond" truecount="1" falsecount="1"/>
        <line num="145" count="10" type="stmt"/>
        <line num="146" count="10" type="stmt"/>
        <line num="147" count="10" type="stmt"/>
        <line num="148" count="10" type="stmt"/>
        <line num="149" count="10" type="stmt"/>
        <line num="151" count="0" type="stmt"/>
        <line num="152" count="0" type="cond" truecount="0" falsecount="2"/>
        <line num="153" count="0" type="stmt"/>
        <line num="154" count="0" type="stmt"/>
        <line num="156" count="0" type="stmt"/>
        <line num="157" count="0" type="cond" truecount="0" falsecount="2"/>
        <line num="158" count="0" type="stmt"/>
        <line num="159" count="0" type="stmt"/>
        <line num="161" count="0" type="stmt"/>
        <line num="164" count="11" type="stmt"/>
        <line num="165" count="5" type="stmt"/>
        <line num="166" count="5" type="stmt"/>
        <line num="170" count="8" type="cond" truecount="3" falsecount="1"/>
        <line num="171" count="8" type="cond" truecount="1" falsecount="1"/>
        <line num="173" count="8" type="stmt"/>
        <line num="174" count="8" type="cond" truecount="2" falsecount="0"/>
        <line num="176" count="0" type="stmt"/>
        <line num="180" count="11" type="stmt"/>
        <line num="181" count="11" type="cond" truecount="4" falsecount="0"/>
        <line num="184" count="5" type="stmt"/>
        <line num="185" count="9" type="cond" truecount="2" falsecount="0"/>
        <line num="186" count="9" type="cond" truecount="2" falsecount="0"/>
        <line num="188" count="5" type="cond" truecount="1" falsecount="1"/>
        <line num="190" count="0" type="stmt"/>
        <line num="191" count="0" type="stmt"/>
        <line num="192" count="0" type="stmt"/>
        <line num="195" count="0" type="stmt"/>
        <line num="198" count="11" type="stmt"/>
        <line num="199" count="0" type="stmt"/>
        <line num="200" count="0" type="cond" truecount="0" falsecount="4"/>
        <line num="201" count="0" type="stmt"/>
        <line num="205" count="11" type="stmt"/>
        <line num="206" count="5" type="cond" truecount="3" falsecount="1"/>
        <line num="207" count="0" type="stmt"/>
        <line num="214" count="5" type="stmt"/>
        <line num="221" count="0" type="stmt"/>
        <line num="222" count="0" type="stmt"/>
        <line num="224" count="0" type="stmt"/>
        <line num="229" count="0" type="stmt"/>
        <line num="235" count="0" type="stmt"/>
        <line num="236" count="0" type="cond" truecount="0" falsecount="2"/>
        <line num="240" count="0" type="cond" truecount="0" falsecount="2"/>
        <line num="293" count="9" type="cond" truecount="2" falsecount="0"/>
        <line num="294" count="9" type="stmt"/>
      </file>
      <file name="MobileNavigation.vue" path="/app/resources/js/Components/MobileNavigation.vue">
        <metrics statements="23" coveredstatements="23" conditionals="32" coveredconditionals="26" methods="17" coveredmethods="17"/>
        <line num="7" count="2" type="stmt"/>
        <line num="26" count="10" type="cond" truecount="2" falsecount="0"/>
        <line num="47" count="10" type="cond" truecount="2" falsecount="0"/>
        <line num="68" count="10" type="cond" truecount="2" falsecount="0"/>
        <line num="90" count="10" type="cond" truecount="2" falsecount="0"/>
        <line num="112" count="10" type="cond" truecount="2" falsecount="0"/>
        <line num="134" count="10" type="cond" truecount="2" falsecount="0"/>
        <line num="155" count="10" type="cond" truecount="2" falsecount="0"/>
        <line num="176" count="10" type="cond" truecount="2" falsecount="0"/>
        <line num="198" count="10" type="cond" truecount="2" falsecount="0"/>
        <line num="226" count="10" type="cond" truecount="2" falsecount="0"/>
        <line num="238" count="19" type="stmt"/>
        <line num="240" count="19" type="stmt"/>
        <line num="242" count="19" type="stmt"/>
        <line num="243" count="19" type="stmt"/>
        <line num="244" count="19" type="stmt"/>
        <line num="245" count="19" type="stmt"/>
        <line num="248" count="19" type="stmt"/>
        <line num="251" count="19" type="stmt"/>
        <line num="252" count="19" type="stmt"/>
        <line num="253" count="19" type="stmt"/>
        <line num="256" count="19" type="stmt"/>
        <line num="257" count="6" type="stmt"/>
      </file>
      <file name="Modal.vue" path="/app/resources/js/Components/Modal.vue">
        <metrics statements="7" coveredstatements="5" conditionals="10" coveredconditionals="9" methods="3" coveredmethods="1"/>
        <line num="3" count="182" type="cond" truecount="1" falsecount="1"/>
        <line num="8" count="0" type="cond" truecount="2" falsecount="0"/>
        <line num="15" count="11" type="stmt"/>
        <line num="18" count="11" type="stmt"/>
        <line num="21" count="11" type="stmt"/>
        <line num="24" count="0" type="cond" truecount="2" falsecount="0"/>
        <line num="27" count="9" type="cond" truecount="2" falsecount="0"/>
      </file>
      <file name="MultiSeriesTelemetryChart.vue" path="/app/resources/js/Components/MultiSeriesTelemetryChart.vue">
        <metrics statements="128" coveredstatements="57" conditionals="164" coveredconditionals="85" methods="41" coveredmethods="23"/>
        <line num="2" count="28" type="stmt"/>
        <line num="3" count="3" type="stmt"/>
        <line num="4" count="3" type="stmt"/>
        <line num="7" count="3" type="stmt"/>
        <line num="12" count="3" type="stmt"/>
        <line num="21" count="28" type="cond" truecount="2" falsecount="0"/>
        <line num="22" count="3" type="stmt"/>
        <line num="26" count="1" type="cond" truecount="2" falsecount="0"/>
        <line num="29" count="28" type="cond" truecount="2" falsecount="0"/>
        <line num="33" count="0" type="cond" truecount="2" falsecount="0"/>
        <line num="36" count="28" type="cond" truecount="2" falsecount="0"/>
        <line num="40" count="0" type="cond" truecount="2" falsecount="0"/>
        <line num="43" count="28" type="cond" truecount="2" falsecount="0"/>
        <line num="47" count="0" type="cond" truecount="2" falsecount="0"/>
        <line num="50" count="28" type="cond" truecount="2" falsecount="0"/>
        <line num="54" count="0" type="cond" truecount="2" falsecount="0"/>
        <line num="57" count="28" type="cond" truecount="2" falsecount="0"/>
        <line num="61" count="28" type="stmt"/>
        <line num="64" count="3" type="stmt"/>
        <line num="65" count="51" type="stmt"/>
        <line num="74" count="3" type="stmt"/>
        <line num="118" count="28" type="stmt"/>
        <line num="124" count="28" type="stmt"/>
        <line num="128" count="28" type="stmt"/>
        <line num="130" count="28" type="stmt"/>
        <line num="131" count="1" type="stmt"/>
        <line num="134" count="28" type="stmt"/>
        <line num="138" count="0" type="cond" truecount="0" falsecount="4"/>
        <line num="139" count="0" type="stmt"/>
        <line num="140" count="0" type="stmt"/>
        <line num="144" count="0" type="stmt"/>
        <line num="145" count="0" type="stmt"/>
        <line num="146" count="0" type="stmt"/>
        <line num="148" count="0" type="stmt"/>
        <line num="151" count="0" type="stmt"/>
        <line num="152" count="0" type="stmt"/>
        <line num="153" count="0" type="stmt"/>
        <line num="154" count="0" type="stmt"/>
        <line num="155" count="0" type="stmt"/>
        <line num="156" count="0" type="stmt"/>
        <line num="157" count="0" type="cond" truecount="0" falsecount="2"/>
        <line num="159" count="0" type="stmt"/>
        <line num="162" count="0" type="stmt"/>
        <line num="164" count="0" type="stmt"/>
        <line num="168" count="0" type="stmt"/>
        <line num="169" count="0" type="stmt"/>
        <line num="170" count="0" type="stmt"/>
        <line num="171" count="0" type="stmt"/>
        <line num="172" count="0" type="cond" truecount="0" falsecount="2"/>
        <line num="173" count="0" type="stmt"/>
        <line num="174" count="0" type="stmt"/>
        <line num="175" count="0" type="stmt"/>
        <line num="176" count="0" type="stmt"/>
        <line num="177" count="0" type="stmt"/>
        <line num="181" count="28" type="stmt"/>
        <line num="182" count="0" type="cond" truecount="0" falsecount="2"/>
        <line num="183" count="0" type="stmt"/>
        <line num="184" count="0" type="cond" truecount="0" falsecount="4"/>
        <line num="186" count="0" type="cond" truecount="0" falsecount="2"/>
        <line num="187" count="0" type="stmt"/>
        <line num="189" count="0" type="stmt"/>
        <line num="190" count="0" type="cond" truecount="0" falsecount="2"/>
        <line num="195" count="28" type="stmt"/>
        <line num="196" count="462" type="cond" truecount="1" falsecount="1"/>
        <line num="197" count="0" type="stmt"/>
        <line num="199" count="462" type="stmt"/>
        <line num="203" count="28" type="stmt"/>
        <line num="204" count="50" type="cond" truecount="5" falsecount="1"/>
        <line num="205" count="0" type="stmt"/>
        <line num="207" count="50" type="stmt"/>
        <line num="208" count="50" type="cond" truecount="2" falsecount="0"/>
        <line num="212" count="28" type="stmt"/>
        <line num="213" count="0" type="stmt"/>
        <line num="216" count="0" type="cond" truecount="0" falsecount="5"/>
        <line num="217" count="0" type="stmt"/>
        <line num="221" count="0" type="cond" truecount="0" falsecount="2"/>
        <line num="222" count="0" type="stmt"/>
        <line num="225" count="0" type="stmt"/>
        <line num="226" count="0" type="stmt"/>
        <line num="227" count="0" type="cond" truecount="0" falsecount="6"/>
        <line num="231" count="28" type="stmt"/>
        <line num="232" count="0" type="cond" truecount="0" falsecount="2"/>
        <line num="235" count="0" type="cond" truecount="0" falsecount="2"/>
        <line num="236" count="0" type="stmt"/>
        <line num="237" count="0" type="cond" truecount="0" falsecount="2"/>
        <line num="239" count="0" type="stmt"/>
        <line num="242" count="0" type="cond" truecount="0" falsecount="5"/>
        <line num="243" count="0" type="stmt"/>
        <line num="246" count="0" type="stmt"/>
        <line num="247" count="0" type="cond" truecount="0" falsecount="2"/>
        <line num="248" count="0" type="stmt"/>
        <line num="251" count="0" type="stmt"/>
        <line num="256" count="0" type="stmt"/>
        <line num="261" count="0" type="stmt"/>
        <line num="264" count="28" type="stmt"/>
        <line num="265" count="292" type="cond" truecount="1" falsecount="1"/>
        <line num="266" count="0" type="stmt"/>
        <line num="268" count="292" type="stmt"/>
        <line num="269" count="292" type="cond" truecount="2" falsecount="0"/>
        <line num="272" count="28" type="stmt"/>
        <line num="273" count="28" type="stmt"/>
        <line num="274" count="28" type="stmt"/>
        <line num="286" count="28" type="stmt"/>
        <line num="287" count="51" type="cond" truecount="2" falsecount="0"/>
        <line num="288" count="28" type="stmt"/>
        <line num="291" count="28" type="cond" truecount="2" falsecount="0"/>
        <line num="292" count="48" type="cond" truecount="2" falsecount="0"/>
        <line num="294" count="28" type="stmt"/>
        <line num="296" count="28" type="stmt"/>
        <line num="303" count="0" type="cond" truecount="0" falsecount="5"/>
        <line num="305" count="0" type="stmt"/>
        <line num="306" count="0" type="stmt"/>
        <line num="309" count="0" type="cond" truecount="0" falsecount="4"/>
        <line num="313" count="0" type="stmt"/>
        <line num="315" count="0" type="stmt"/>
        <line num="316" count="0" type="stmt"/>
        <line num="317" count="0" type="stmt"/>
        <line num="323" count="0" type="stmt"/>
        <line num="350" count="476" type="stmt"/>
        <line num="351" count="476" type="stmt"/>
        <line num="372" count="48" type="cond" truecount="1" falsecount="1"/>
        <line num="376" count="48" type="cond" truecount="1" falsecount="1"/>
        <line num="428" count="51" type="stmt"/>
        <line num="440" count="110" type="stmt"/>
        <line num="449" count="51" type="cond" truecount="5" falsecount="0"/>
        <line num="450" count="34" type="stmt"/>
        <line num="451" count="34" type="stmt"/>
        <line num="471" count="51" type="stmt"/>
      </file>
      <file name="NavLink.vue" path="/app/resources/js/Components/NavLink.vue">
        <metrics statements="7" coveredstatements="7" conditionals="11" coveredconditionals="8" methods="2" coveredmethods="2"/>
        <line num="2" count="54" type="stmt"/>
        <line num="16" count="54" type="stmt"/>
        <line num="24" count="54" type="stmt"/>
        <line num="30" count="54" type="stmt"/>
        <line num="31" count="54" type="stmt"/>
        <line num="32" count="54" type="cond" truecount="2" falsecount="0"/>
        <line num="33" count="54" type="cond" truecount="3" falsecount="0"/>
      </file>
      <file name="NodeConfigModal.vue" path="/app/resources/js/Components/NodeConfigModal.vue">
        <metrics statements="52" coveredstatements="45" conditionals="55" coveredconditionals="42" methods="15" coveredmethods="14"/>
[...]
        <line num="307" count="4" type="stmt"/>
        <line num="317" count="6" type="cond" truecount="4" falsecount="0"/>
        <line num="319" count="5" type="stmt"/>
        <line num="320" count="5" type="cond" truecount="2" falsecount="0"/>
        <line num="321" count="1" type="stmt"/>
        <line num="324" count="4" type="stmt"/>
        <line num="344" count="75" type="stmt"/>
        <line num="351" count="2" type="stmt"/>
        <line num="352" count="2" type="cond" truecount="1" falsecount="1"/>
        <line num="353" count="0" type="stmt"/>
        <line num="356" count="2" type="stmt"/>
        <line num="357" count="2" type="cond" truecount="1" falsecount="1"/>
        <line num="358" count="0" type="stmt"/>
        <line num="361" count="2" type="stmt"/>
        <line num="362" count="4" type="cond" truecount="1" falsecount="1"/>
        <line num="363" count="4" type="cond" truecount="1" falsecount="1"/>
        <line num="364" count="0" type="stmt"/>
        <line num="367" count="4" type="cond" truecount="2" falsecount="0"/>
        <line num="368" count="1" type="stmt"/>
        <line num="369" count="1" type="stmt"/>
        <line num="372" count="3" type="stmt"/>
        <line num="373" count="3" type="stmt"/>
        <line num="374" count="3" type="stmt"/>
        <line num="377" count="4" type="stmt"/>
        <line num="378" count="2" type="stmt"/>
        <line num="396" count="44" type="cond" truecount="5" falsecount="0"/>
        <line num="397" count="5" type="cond" truecount="1" falsecount="1"/>
        <line num="398" count="5" type="stmt"/>
        <line num="399" count="5" type="cond" truecount="2" falsecount="0"/>
        <line num="400" count="5" type="cond" truecount="2" falsecount="0"/>
        <line num="401" count="5" type="stmt"/>
        <line num="404" count="39" type="stmt"/>
        <line num="405" count="39" type="cond" truecount="1" falsecount="1"/>
        <line num="406" count="44" type="stmt"/>
        <line num="407" count="44" type="stmt"/>
        <line num="409" count="44" type="cond" truecount="4" falsecount="0"/>
        <line num="410" count="2" type="stmt"/>
        <line num="413" count="37" type="cond" truecount="3" falsecount="1"/>
        <line num="414" count="0" type="stmt"/>
        <line num="417" count="37" type="cond" truecount="2" falsecount="0"/>
        <line num="418" count="35" type="stmt"/>
        <line num="419" count="71" type="cond" truecount="2" falsecount="0"/>
        <line num="420" count="70" type="cond" truecount="2" falsecount="0"/>
        <line num="421" count="35" type="stmt"/>
        <line num="424" count="71" type="stmt"/>
        <line num="425" count="35" type="stmt"/>
        <line num="428" count="2" type="stmt"/>
      </file>
      <file name="i18n.js" path="/app/resources/js/utils/i18n.js">
        <metrics statements="12" coveredstatements="10" conditionals="12" coveredconditionals="6" methods="6" coveredmethods="5"/>
        <line num="11" count="96" type="stmt"/>
        <line num="24" count="96" type="cond" truecount="2" falsecount="0"/>
        <line num="33" count="41" type="stmt"/>
        <line num="43" count="41" type="cond" truecount="1" falsecount="1"/>
        <line num="52" count="0" type="stmt"/>
        <line num="59" count="0" type="cond" truecount="0" falsecount="2"/>
        <line num="68" count="40" type="stmt"/>
        <line num="75" count="40" type="cond" truecount="1" falsecount="1"/>
        <line num="84" count="40" type="stmt"/>
        <line num="89" count="40" type="cond" truecount="1" falsecount="1"/>
        <line num="98" count="7" type="stmt"/>
        <line num="103" count="7" type="cond" truecount="1" falsecount="1"/>
      </file>
      <file name="logger.ts" path="/app/resources/js/utils/logger.ts">
        <metrics statements="92" coveredstatements="53" conditionals="92" coveredconditionals="49" methods="23" coveredmethods="16"/>
        <line num="10" count="22" type="stmt"/>
        <line num="11" count="22" type="stmt"/>
        <line num="14" count="22" type="cond" truecount="2" falsecount="0"/>
        <line num="15" count="22" type="cond" truecount="2" falsecount="0"/>
        <line num="16" count="22" type="cond" truecount="1" falsecount="1"/>
        <line num="19" count="22" type="stmt"/>
        <line num="50" count="6" type="cond" truecount="2" falsecount="0"/>
        <line num="53" count="6" type="cond" truecount="2" falsecount="2"/>
        <line num="54" count="0" type="stmt"/>
        <line num="58" count="6" type="cond" truecount="1" falsecount="1"/>
        <line num="59" count="0" type="stmt"/>
        <line num="63" count="6" type="cond" truecount="2" falsecount="0"/>
        <line num="64" count="4" type="cond" truecount="2" falsecount="0"/>
        <line num="65" count="2" type="cond" truecount="3" falsecount="1"/>
        <line num="66" count="0" type="stmt"/>
        <line num="73" count="6" type="cond" truecount="4" falsecount="0"/>
        <line num="75" count="2" type="cond" truecount="1" falsecount="1"/>
        <line num="76" count="0" type="cond" truecount="0" falsecount="2"/>
        <line num="78" count="0" type="stmt"/>
        <line num="85" count="14" type="cond" truecount="4" falsecount="0"/>
        <line num="86" count="10" type="stmt"/>
        <line num="88" count="4" type="cond" truecount="1" falsecount="1"/>
        <line num="89" count="4" type="stmt"/>
        <line num="91" count="0" type="stmt"/>
        <line num="95" count="6" type="stmt"/>
        <line num="96" count="6" type="stmt"/>
        <line num="99" count="6" type="cond" truecount="3" falsecount="1"/>
        <line num="100" count="0" type="stmt"/>
        <line num="102" count="0" type="stmt"/>
        <line num="103" count="0" type="stmt"/>
        <line num="105" count="0" type="cond" truecount="0" falsecount="2"/>
        <line num="107" count="0" type="stmt"/>
        <line num="110" count="0" type="stmt"/>
        <line num="114" count="0" type="stmt"/>
        <line num="115" count="0" type="stmt"/>
        <line num="119" count="6" type="stmt"/>
        <line num="126" count="0" type="cond" truecount="0" falsecount="4"/>
        <line num="127" count="0" type="stmt"/>
        <line num="130" count="0" type="cond" truecount="0" falsecount="2"/>
        <line num="131" count="0" type="stmt"/>
        <line num="134" count="0" type="stmt"/>
        <line num="136" count="0" type="cond" truecount="0" falsecount="2"/>
        <line num="137" count="0" type="stmt"/>
        <line num="140" count="0" type="stmt"/>
        <line num="141" count="0" type="stmt"/>
        <line num="142" count="0" type="cond" truecount="0" falsecount="2"/>
        <line num="143" count="0" type="stmt"/>
        <line num="144" count="0" type="stmt"/>
        <line num="146" count="0" type="stmt"/>
        <line num="151" count="0" type="stmt"/>
        <line num="155" count="0" type="stmt"/>
        <line num="157" count="0" type="stmt"/>
        <line num="158" count="0" type="cond" truecount="0" falsecount="2"/>
        <line num="160" count="0" type="cond" truecount="0" falsecount="2"/>
        <line num="161" count="0" type="stmt"/>
        <line num="173" count="6" type="cond" truecount="1" falsecount="1"/>
        <line num="175" count="6" type="cond" truecount="3" falsecount="0"/>
        <line num="177" count="2" type="stmt"/>
        <line num="178" count="2" type="stmt"/>
        <line num="180" count="2" type="stmt"/>
        <line num="181" count="2" type="stmt"/>
        <line num="183" count="2" type="stmt"/>
        <line num="193" count="6" type="cond" truecount="3" falsecount="1"/>
        <line num="195" count="6" type="stmt"/>
        <line num="196" count="6" type="stmt"/>
        <line num="197" count="6" type="stmt"/>
        <line num="199" count="6" type="cond" truecount="2" falsecount="0"/>
        <line num="200" count="2" type="cond" truecount="1" falsecount="1"/>
        <line num="219" count="1" type="stmt"/>
        <line num="226" count="1" type="stmt"/>
        <line num="233" count="2" type="stmt"/>
        <line num="240" count="2" type="cond" truecount="2" falsecount="0"/>
        <line num="241" count="2" type="cond" truecount="1" falsecount="1"/>
        <line num="251" count="2" type="stmt"/>
        <line num="256" count="2" type="stmt"/>
        <line num="263" count="1" type="cond" truecount="1" falsecount="1"/>
        <line num="264" count="1" type="stmt"/>
        <line num="272" count="1" type="cond" truecount="1" falsecount="1"/>
        <line num="273" count="1" type="stmt"/>
        <line num="281" count="0" type="cond" truecount="0" falsecount="2"/>
        <line num="282" count="0" type="stmt"/>
        <line num="290" count="1" type="cond" truecount="1" falsecount="1"/>
        <line num="291" count="1" type="stmt"/>
        <line num="299" count="1" type="cond" truecount="1" falsecount="1"/>
        <line num="300" count="1" type="stmt"/>
        <line num="308" count="1" type="cond" truecount="1" falsecount="1"/>
        <line num="309" count="1" type="stmt"/>
        <line num="316" count="22" type="stmt"/>
        <line num="331" count="0" type="stmt"/>
        <line num="337" count="0" type="stmt"/>
        <line num="343" count="0" type="cond" truecount="0" falsecount="2"/>
        <line num="344" count="0" type="stmt"/>
      </file>
      <file name="route.ts" path="/app/resources/js/utils/route.ts">
        <metrics statements="3" coveredstatements="0" conditionals="4" coveredconditionals="0" methods="1" coveredmethods="0"/>
        <line num="12" count="0" type="cond" truecount="0" falsecount="4"/>
        <line num="13" count="0" type="stmt"/>
        <line num="17" count="0" type="stmt"/>
      </file>
      <file name="routerGuards.ts" path="/app/resources/js/utils/routerGuards.ts">
        <metrics statements="70" coveredstatements="62" conditionals="56" coveredconditionals="42" methods="6" coveredmethods="5"/>
        <line num="14" count="1" type="stmt"/>
        <line num="23" count="1" type="stmt"/>
        <line num="30" count="1" type="stmt"/>
        <line num="31" count="1" type="stmt"/>
        <line num="32" count="1" type="stmt"/>
        <line num="34" count="1" type="stmt"/>
        <line num="35" count="1" type="stmt"/>
        <line num="41" count="11" type="stmt"/>
        <line num="44" count="11" type="cond" truecount="1" falsecount="1"/>
        <line num="46" count="11" type="cond" truecount="2" falsecount="0"/>
        <line num="47" count="5" type="stmt"/>
        <line num="48" count="5" type="stmt"/>
        <line num="49" count="5" type="stmt"/>
        <line num="50" count="5" type="stmt"/>
        <line num="53" count="6" type="cond" truecount="2" falsecount="0"/>
        <line num="54" count="1" type="stmt"/>
        <line num="55" count="1" type="stmt"/>
        <line num="56" count="1" type="stmt"/>
        <line num="57" count="1" type="stmt"/>
        <line num="60" count="5" type="stmt"/>
        <line num="61" count="5" type="cond" truecount="2" falsecount="0"/>
        <line num="62" count="1" type="stmt"/>
        <line num="67" count="1" type="stmt"/>
        <line num="69" count="4" type="stmt"/>
        <line num="70" count="4" type="stmt"/>
        <line num="78" count="5" type="cond" truecount="2" falsecount="0"/>
        <line num="79" count="5" type="cond" truecount="2" falsecount="0"/>
        <line num="81" count="5" type="cond" truecount="3" falsecount="1"/>
        <line num="83" count="0" type="stmt"/>
        <line num="88" count="0" type="cond" truecount="0" falsecount="2"/>
        <line num="89" count="0" type="stmt"/>
        <line num="91" count="0" type="cond" truecount="0" falsecount="2"/>
        <line num="92" count="0" type="stmt"/>
        <line num="97" count="5" type="cond" truecount="4" falsecount="0"/>
        <line num="98" count="1" type="stmt"/>
        <line num="100" count="5" type="cond" truecount="4" falsecount="0"/>
        <line num="101" count="1" type="stmt"/>
        <line num="105" count="5" type="stmt"/>
        <line num="107" count="8" type="stmt"/>
        <line num="108" count="8" type="cond" truecount="2" falsecount="0"/>
        <line num="109" count="1" type="stmt"/>
        <line num="113" count="1" type="stmt"/>
        <line num="115" count="7" type="stmt"/>
        <line num="120" count="7" type="cond" truecount="1" falsecount="1"/>
        <line num="124" count="5" type="stmt"/>
        <line num="125" count="5" type="stmt"/>
        <line num="127" count="5" type="stmt"/>
        <line num="130" count="3" type="cond" truecount="1" falsecount="3"/>
        <line num="131" count="3" type="stmt"/>
        <line num="134" count="3" type="stmt"/>
        <line num="142" count="3" type="cond" truecount="2" falsecount="2"/>
        <line num="143" count="0" type="stmt"/>
        <line num="148" count="0" type="stmt"/>
        <line num="150" count="3" type="cond" truecount="1" falsecount="1"/>
        <line num="154" count="5" type="stmt"/>
        <line num="155" count="5" type="stmt"/>
        <line num="158" count="5" type="stmt"/>
        <line num="165" count="11" type="cond" truecount="5" falsecount="0"/>
        <line num="166" count="5" type="stmt"/>
        <line num="167" count="5" type="stmt"/>
        <line num="169" count="11" type="cond" truecount="5" falsecount="0"/>
        <line num="170" count="5" type="stmt"/>
        <line num="171" count="5" type="stmt"/>
        <line num="175" count="11" type="stmt"/>
        <line num="177" count="11" type="stmt"/>
        <line num="178" count="11" type="stmt"/>
        <line num="179" count="11" type="stmt"/>
        <line num="183" count="1" type="cond" truecount="3" falsecount="1"/>
        <line num="184" count="1" type="stmt"/>
        <line num="185" count="0" type="stmt"/>
      </file>
      <file name="transliterate.ts" path="/app/resources/js/utils/transliterate.ts">
        <metrics statements="17" coveredstatements="13" conditionals="11" coveredconditionals="8" methods="3" coveredmethods="3"/>
        <line num="8" count="2" type="stmt"/>
        <line num="27" count="7" type="stmt"/>
        <line num="29" count="105" type="cond" truecount="2" falsecount="0"/>
        <line num="40" count="7" type="cond" truecount="3" falsecount="1"/>
        <line num="41" count="0" type="stmt"/>
        <line num="45" count="7" type="stmt"/>
        <line num="48" count="7" type="stmt"/>
        <line num="51" count="7" type="stmt"/>
        <line num="54" count="7" type="stmt"/>
        <line num="57" count="7" type="stmt"/>
        <line num="60" count="7" type="cond" truecount="1" falsecount="1"/>
        <line num="61" count="0" type="stmt"/>
        <line num="65" count="7" type="stmt"/>
        <line num="66" count="7" type="cond" truecount="1" falsecount="1"/>
        <line num="67" count="0" type="stmt"/>
        <line num="69" count="0" type="stmt"/>
        <line num="72" count="7" type="stmt"/>
      </file>
    </package>
    <package name="ws">
      <metrics statements="79" coveredstatements="69" conditionals="56" coveredconditionals="36" methods="14" coveredmethods="13"/>
      <file name="invariants.ts" path="/app/resources/js/ws/invariants.ts">
        <metrics statements="79" coveredstatements="69" conditionals="56" coveredconditionals="36" methods="14" coveredmethods="13"/>
        <line num="13" count="32" type="cond" truecount="1" falsecount="1"/>
        <line num="14" count="32" type="cond" truecount="2" falsecount="0"/>
        <line num="25" count="32" type="stmt"/>
        <line num="26" count="32" type="stmt"/>
        <line num="37" count="107" type="cond" truecount="1" falsecount="1"/>
        <line num="38" count="0" type="stmt"/>
        <line num="41" count="107" type="cond" truecount="1" falsecount="1"/>
        <line num="42" count="107" type="cond" truecount="2" falsecount="0"/>
        <line num="45" count="147" type="stmt"/>
        <line num="46" count="107" type="cond" truecount="2" falsecount="0"/>
        <line num="47" count="4" type="stmt"/>
        <line num="48" count="4" type="cond" truecount="1" falsecount="1"/>
        <line num="49" count="4" type="stmt"/>
        <line num="50" count="4" type="stmt"/>
        <line num="57" count="4" type="stmt"/>
        <line num="66" count="4" type="stmt"/>
        <line num="70" count="103" type="stmt"/>
        <line num="78" count="103" type="stmt"/>
        <line num="80" count="103" type="stmt"/>
        <line num="97" count="45" type="cond" truecount="1" falsecount="1"/>
        <line num="98" count="0" type="stmt"/>
        <line num="101" count="45" type="cond" truecount="1" falsecount="1"/>
        <line num="102" count="45" type="cond" truecount="2" falsecount="0"/>
        <line num="103" count="59" type="stmt"/>
        <line num="105" count="45" type="cond" truecount="2" falsecount="0"/>
        <line num="107" count="1" type="stmt"/>
        <line num="108" count="1" type="cond" truecount="1" falsecount="1"/>
        <line num="109" count="1" type="stmt"/>
        <line num="110" count="1" type="stmt"/>
        <line num="115" count="1" type="stmt"/>
        <line num="123" count="44" type="stmt"/>
        <line num="124" count="44" type="cond" truecount="2" falsecount="0"/>
        <line num="125" count="35" type="stmt"/>
        <line num="129" count="45" type="stmt"/>
        <line num="155" count="14" type="stmt"/>
        <line num="157" count="14" type="stmt"/>
        <line num="159" count="14" type="stmt"/>
        <line num="160" count="13" type="stmt"/>
        <line num="161" count="13" type="stmt"/>
        <line num="162" count="13" type="stmt"/>
        <line num="164" count="13" type="stmt"/>
        <line num="172" count="14" type="stmt"/>
        <line num="175" count="3" type="stmt"/>
        <line num="186" count="4" type="cond" truecount="1" falsecount="1"/>
        <line num="187" count="0" type="stmt"/>
        <line num="190" count="4" type="stmt"/>
        <line num="193" count="4" type="stmt"/>
        <line num="194" count="5" type="stmt"/>
        <line num="195" count="5" type="stmt"/>
        <line num="197" count="5" type="stmt"/>
        <line num="198" count="19" type="cond" truecount="1" falsecount="1"/>
        <line num="199" count="0" type="stmt"/>
        <line num="201" count="19" type="stmt"/>
        <line num="205" count="5" type="cond" truecount="1" falsecount="1"/>
        <line num="206" count="0" type="stmt"/>
        <line num="213" count="4" type="stmt"/>
        <line num="214" count="5" type="cond" truecount="2" falsecount="0"/>
        <line num="215" count="1" type="stmt"/>
        <line num="221" count="4" type="stmt"/>
        <line num="223" count="4" type="cond" truecount="2" falsecount="0"/>
        <line num="224" count="1" type="stmt"/>
        <line num="230" count="4" type="stmt"/>
        <line num="237" count="16" type="stmt"/>
        <line num="238" count="16" type="stmt"/>
        <line num="239" count="16" type="stmt"/>
        <line num="243" count="32" type="cond" truecount="3" falsecount="1"/>
        <line num="244" count="32" type="stmt"/>
        <line num="246" count="32" type="stmt"/>
        <line num="247" count="32" type="cond" truecount="1" falsecount="1"/>
        <line num="248" count="0" type="stmt"/>
        <line num="252" count="32" type="stmt"/>
        <line num="253" count="0" type="stmt"/>
        <line num="254" count="0" type="cond" truecount="0" falsecount="2"/>
        <line num="255" count="0" type="stmt"/>
        <line num="261" count="32" type="cond" truecount="1" falsecount="1"/>
        <line num="262" count="0" type="stmt"/>
        <line num="264" count="32" type="stmt"/>
        <line num="268" count="32" type="cond" truecount="1" falsecount="1"/>
        <line num="269" count="32" type="stmt"/>
      </file>
    </package>
  </project>
</coverage>
