<?xml version='1.0' encoding='utf-8'?>
<testsuites name="E21_alert_dedup_count" tests="13" failures="0" skipped="0" time="24.846153020858765"><testsuite name="E21_alert_dedup_count" tests="13" failures="0" skipped="0" time="24.846153020858765"><testcase name="set_test_uids" time="1.430511474609375e-05" /><testcase name="start_node_simulator" time="5.631125211715698" /><testcase name="fetch_node_id" time="0.01013040542602539" /><testcase name="set_zone_and_node" time="4.291534423828125e-06" /><testcase name="cleanup_old_alerts" time="0.0012738704681396484" /><testcase name="subscribe_zone_channel" time="0.19288325309753418" /><testcase name="publish_error_1" time="1.000786542892456" /><testcase name="publish_error_2" time="1.0010666847229004" /><testcase name="publish_error_3" time="1.001617193222046" /><testcase name="publish_error_4" time="1.0018069744110107" /><testcase name="publish_error_5" time="0.00012159347534179688" /><testcase name="wait_for_alert_processing" time="15.004122257232666" /><testcase name="at_least_one_active_alert" time="0.0012004375457763672" /></testsuite></testsuites>