<?xml version='1.0' encoding='utf-8'?>
<testsuites name="E74_node_zone_mismatch_guard" tests="17" failures="0" skipped="0" time="0.24292588233947754"><testsuite name="E74_node_zone_mismatch_guard" tests="17" failures="0" skipped="0" time="0.24292588233947754"><testcase name="set_test_context" time="1.811981201171875e-05" /><testcase name="get_zone_row" time="0.006134986877441406" /><testcase name="set_zone_id" time="3.5762786865234375e-06" /><testcase name="get_node_row" time="0.0013737678527832031" /><testcase name="set_node_id" time="3.5762786865234375e-06" /><testcase name="baseline_mismatch_alert_counter" time="0.003647327423095703" /><testcase name="baseline_mismatch_zone_event_id" time="0.024663925170898438" /><testcase name="create_mismatch_zone" time="0.007021188735961914" /><testcase name="set_mismatch_zone_id" time="3.814697265625e-06" /><testcase name="move_node_to_mismatch_zone" time="0.0025911331176757812" /><testcase name="publish_mismatch_command" time="0.17231011390686035" /><testcase name="wait_for_mismatch_zone_event" time="0.003259897232055664" /><testcase name="wait_for_mismatch_infra_alert" time="0.0012438297271728516" /><testcase name="command_publish_blocked" time="1.6927719116210938e-05" /><testcase name="mismatch_zone_event_created" time="0.0022172927856445312" /><testcase name="mismatch_infra_alert_upserted" time="0.0037009716033935547" /><testcase name="no_command_persisted_for_mismatch_request" time="0.014715433120727539" /></testsuite></testsuites>