<?xml version='1.0' encoding='utf-8'?>
<testsuites name="E101_ae3_two_tank_realhw_setup_ready" tests="93" failures="2" skipped="1" time="150.97880911827087"><testsuite name="E101_ae3_two_tank_realhw_setup_ready" tests="93" failures="2" skipped="1" time="150.97880911827087"><testcase name="set_test_context" time="4.673004150390625e-05" /><testcase name="capture_scenario_window" time="0.004656553268432617" /><testcase name="load_zone_context" time="0.0062255859375" /><testcase name="set_zone_context" time="1.3828277587890625e-05" /><testcase name="load_irrig_node" time="0.002730846405029297" /><testcase name="load_ph_node" time="0.003328561782836914" /><testcase name="load_ec_node" time="0.0010182857513427734" /><testcase name="set_node_ids" time="3.123283386230469e-05" /><testcase name="publish_irrig_node_config" time="0.3195180892944336" /><testcase name="publish_ph_node_config" time="0.2855813503265381" /><testcase name="publish_ec_node_config" time="0.3457655906677246" /><testcase name="wait_irrigation_level_sensors_registered" time="0.008445024490356445" /><testcase name="load_ec_pump_channel" time="0.001020669937133789" /><testcase name="load_ph_up_channel" time="0.0006341934204101562" /><testcase name="load_ph_down_channel" time="0.0006172657012939453" /><testcase name="set_correction_channel_ids" time="5.0067901611328125e-06" /><testcase name="wait_zone_ae_runtime_idle_before_cleanup" time="0.004627704620361328" /><testcase name="cleanup_zone_ae_commands" time="0.005137920379638672" /><testcase name="cleanup_zone_ae_tasks" time="0.004498720169067383" /><testcase name="cleanup_zone_ae_leases" time="0.0022203922271728516" /><testcase name="cleanup_zone_workflow_state" time="0.0018787384033203125" /><testcase name="cleanup_zone_pid_state" time="0.003545999526977539" /><testcase name="complete_existing_cycles" time="0.002943277359008789" /><testcase name="switch_zone_to_ae3" time="0.0021910667419433594" /><testcase name="load_test_node_correction_preset" time="0.001734018325805664" /><testcase name="apply_test_node_correction_preset" time="0.37239885330200195" /><testcase name="cleanup_existing_correction_bindings" time="0.004706859588623047" /><testcase name="cleanup_existing_correction_infra" time="0.001252889633178711" /><testcase name="cleanup_existing_e2e_calibrations" time="0.0018405914306640625" /><testcase name="insert_correction_infrastructure" time="0.0012192726135253906" /><testcase name="insert_correction_bindings" time="0.002531290054321289" /><testcase name="insert_correction_calibrations" time="0.0019228458404541016" /><testcase name="apply_solution_fill_process_calibration" time="0.28731632232666016" /><testcase name="apply_tank_recirc_process_calibration" time="0.2596733570098877" /><testcase name="apply_irrigation_process_calibration" time="0.2817685604095459" /><testcase name="apply_ae3_logic_profile" time="0.2786393165588379" /><testcase name="create_recipe" time="0.0019736289978027344" /><testcase name="load_recipe" time="0.0006165504455566406" /><testcase name="set_recipe_id" time="4.291534423828125e-06" /><testcase name="create_recipe_revision" time="0.0016894340515136719" /><testcase name="load_recipe_revision" time="0.0005180835723876953" /><testcase name="set_recipe_revision_id" time="3.5762786865234375e-06" /><testcase name="create_grow_cycle" time="0.0028312206268310547" /><testcase name="load_grow_cycle" time="0.0008678436279296875" /><testcase name="set_grow_cycle_id" time="5.7220458984375e-06" /><testcase name="create_phase" time="0.002321481704711914" /><testcase name="load_phase" time="0.0005474090576171875" /><testcase name="set_phase_id" time="3.5762786865234375e-06" /><testcase name="activate_grow_cycle" time="0.001153707504272461" /><testcase name="apply_cycle_start_snapshot" time="0.26772236824035645" /><testcase name="apply_cycle_phase_overrides" time="0.22146034240722656" /><testcase name="wait_grow_cycle_bundle_ready" time="0.0017664432525634766" /><testcase name="reset_test_node_state" time="0.2666752338409424" /><testcase name="wait_reset_state_done" time="0.8473074436187744" /><testcase name="seed_reset_chemistry_off_target" time="0.5108058452606201" /><testcase name="wait_seed_reset_chemistry_done" time="0.5164754390716553" /><testcase name="wait_zero_level_telemetry" time="0.002771615982055664" /><testcase name="insert_scheduler_like_intent" time="0.0022547245025634766" /><testcase name="start_cycle_http" time="0.06986570358276367" /><testcase name="set_task_id" time="4.0531158447265625e-06" /><testcase name="wait_ae_command_accepted" time="0.6132616996765137" /><testcase name="wait_startup_commands_published" time="2.8401896953582764" /><testcase name="wait_runtime_irr_state_snapshot" time="0.025524616241455078" /><testcase name="wait_task_pending_clean_fill_check" time="0.4077126979827881" /><testcase name="wait_workflow_tank_filling" time="0.0032243728637695312" /><testcase name="force_clean_tank_full" time="0.4443244934082031" /><testcase name="wait_force_clean_tank_full_done" time="0.4165365695953369" /><testcase name="wait_clean_tank_full_telemetry" time="0.002030611038208008" /><testcase name="load_task_after_clean_override" time="0.001317739486694336" /><testcase name="wait_solution_fill_stage" time="23.439711570739746" /><testcase name="wait_solution_fill_commands" time="0.0025768280029296875" /><testcase name="wait_ph_ec_telemetry_available" time="0.0043871402740478516" /><testcase name="force_solution_tank_full" time="0.5159261226654053" /><testcase name="wait_force_solution_tank_full_done" time="0.31728625297546387" /><testcase name="wait_fill_ec_correction_command" time="9.418451309204102" /><testcase name="load_fill_ph_correction_commands_if_any" time="0.0005834102630615234" /><testcase name="complete_solution_fill_after_ec_correction" time="0.34771013259887695" /><testcase name="wait_complete_solution_fill_after_ec_correction_done" time="2.6639206409454346" /><testcase name="wait_prepare_recirculation_stage" time="9.005096435546875" /><testcase name="wait_prepare_recirculation_commands" time="0.0016453266143798828" /><testcase name="wait_recirculation_ec_correction_command" time="10.55044436454773" /><testcase name="load_recirculation_ph_correction_commands_if_any" time="0.001428842544555664" /><testcase name="wait_targets_reached_on_node" time="84.73334956169128"><skipped>terminating connection due to administrator command</skipped></testcase><testcase name="load_task_snapshot_after_target_wait" time="2.5510787963867188e-05"><failure message="the connection is closed">the connection is closed</failure></testcase><testcase name="reset_zero_level_telemetry_ready" time="0.00011277198791503906" /><testcase name="start_cycle_http_200" time="5.412101745605469e-05" /><testcase name="start_cycle_response_active" time="3.838539123535156e-05" /><testcase name="runtime_task_not_failed" time="5.316734313964844e-05" /><testcase name="runtime_task_pending_clean_fill_check" time="0.00010585784912109375" /><testcase name="workflow_phase_tank_filling" time="5.173683166503906e-05" /><testcase name="solution_fill_stage_reached" time="0.0002269744873046875" /><testcase name="prepare_recirculation_stage_reached" time="0.00011801719665527344" /><testcase name="task_snapshot_captured_before_cleanup" time="4.9591064453125e-05"><failure message="Assertion condition is false: len(context.get('task_snapshot_after_target_wait_row', [])) == 1">Assertion condition is false: len(context.get('task_snapshot_after_target_wait_row', [])) == 1</failure></testcase></testsuite></testsuites>