<?xml version='1.0' encoding='utf-8'?>
<testsuites name="E93_start_cycle_intent_executor_path" tests="19" failures="0" skipped="0" time="0.4234020709991455"><testsuite name="E93_start_cycle_intent_executor_path" tests="19" failures="0" skipped="0" time="0.4234020709991455"><testcase name="set_test_context" time="3.3855438232421875e-05" /><testcase name="get_zone_row" time="0.002918243408203125" /><testcase name="set_zone_id" time="3.552436828613281e-05" /><testcase name="capture_baseline" time="0.0026323795318603516" /><testcase name="insert_scheduler_like_intent" time="0.004049062728881836" /><testcase name="start_cycle_http" time="0.024082183837890625" /><testcase name="wait_intent_terminal" time="0.10375785827636719" /><testcase name="wait_scheduler_task_running" time="0.0014142990112304688" /><testcase name="wait_scheduler_task_terminal" time="0.0007898807525634766" /><testcase name="set_scheduler_task_id" time="1.1444091796875e-05" /><testcase name="get_scheduler_task_detail" time="0.2819092273712158" /><testcase name="start_cycle_http_200" time="7.319450378417969e-05" /><testcase name="start_cycle_response_status_ok" time="2.6702880859375e-05" /><testcase name="start_cycle_returns_intent_task_id" time="3.933906555175781e-05" /><testcase name="intent_terminal_status_valid" time="5.054473876953125e-05" /><testcase name="scheduler_task_id_has_st_prefix" time="4.4345855712890625e-05" /><testcase name="scheduler_task_terminal_status_valid" time="3.647804260253906e-05" /><testcase name="scheduler_task_detail_terminal" time="0.00011777877807617188" /><testcase name="intent_not_left_in_non_terminal" time="0.0013797283172607422" /></testsuite></testsuites>