<?xml version='1.0' encoding='utf-8'?>
<testsuites name="E19_ae_legacy_sql_guard" tests="10" failures="2" skipped="0" time="0.36730337142944336"><testsuite name="E19_ae_legacy_sql_guard" tests="10" failures="2" skipped="0" time="0.36730337142944336"><testcase name="get_zones" time="0.10066795349121094" /><testcase name="fetch_zone_id" time="0.0037767887115478516" /><testcase name="set_zone_id" time="9.059906005859375e-06" /><testcase name="create_recipe" time="0.002931833267211914" /><testcase name="create_recipe_revision" time="0.00598907470703125" /><testcase name="create_revision_phase" time="0.0042493343353271484" /><testcase name="create_grow_cycle" time="0.17750120162963867" /><testcase name="set_cycle_id" time="1.239776611328125e-05" /><testcase name="get_effective_targets" time="0.07140970230102539"><failure message="Server error '500 Internal Server Error' for url 'http://localhost:8081/api/zones/1/effective-targets'&#10;For more information check: https://developer.mozilla.org/en-US/docs/Web/HTTP/Status/500">Server error '500 Internal Server Error' for url 'http://localhost:8081/api/zones/1/effective-targets'
For more information check: https://developer.mozilla.org/en-US/docs/Web/HTTP/Status/500</failure></testcase><testcase name="cycle_created_successfully" time="0.0007560253143310547"><failure message="Expected status_code = 201, got None">Expected status_code = 201, got None</failure></testcase></testsuite></testsuites>