<?xml version='1.0' encoding='utf-8'?>
<testsuites name="E103_ae3_recirculation_retry_limit_alert_resolve_ready_realhw" tests="62" failures="2" skipped="0" time="36.81107783317566"><testsuite name="E103_ae3_recirculation_retry_limit_alert_resolve_ready_realhw" tests="62" failures="2" skipped="0" time="36.81107783317566"><testcase name="set_test_context" time="6.413459777832031e-05" /><testcase name="capture_scenario_window" time="0.0006411075592041016" /><testcase name="load_zone_context" time="0.003420114517211914" /><testcase name="set_zone_context" time="3.0517578125e-05" /><testcase name="load_irrig_node" time="0.007654905319213867" /><testcase name="load_ph_node" time="0.004353046417236328" /><testcase name="load_ec_node" time="0.0045318603515625" /><testcase name="set_node_ids" time="1.8596649169921875e-05" /><testcase name="load_ec_pump_channel" time="0.0008513927459716797" /><testcase name="load_ph_up_channel" time="0.001155853271484375" /><testcase name="load_ph_down_channel" time="0.0010385513305664062" /><testcase name="set_correction_channel_ids" time="9.059906005859375e-06" /><testcase name="cleanup_zone_ae_commands" time="0.004762411117553711" /><testcase name="cleanup_zone_ae_tasks" time="0.005325794219970703" /><testcase name="cleanup_zone_ae_leases" time="0.0012598037719726562" /><testcase name="cleanup_zone_workflow_state" time="0.005663871765136719" /><testcase name="cleanup_zone_runtime_intents" time="0.002459287643432617" /><testcase name="cleanup_retry_limit_alerts" time="0.006023406982421875" /><testcase name="complete_existing_cycles" time="0.005260467529296875" /><testcase name="switch_zone_to_ae3" time="0.0038919448852539062" /><testcase name="load_test_node_correction_preset" time="0.0038602352142333984" /><testcase name="apply_test_node_correction_preset" time="0.3225722312927246" /><testcase name="upsert_irrig_channels" time="0.006493568420410156" /><testcase name="delete_old_level_sensors" time="0.010504961013793945" /><testcase name="insert_level_sensors" time="0.0069844722747802734" /><testcase name="cleanup_ph_ec_sensors" time="0.0043604373931884766" /><testcase name="insert_ph_ec_sensors" time="0.013018608093261719" /><testcase name="upsert_sensor_mode_channels" time="0.003061056137084961" /><testcase name="cleanup_existing_correction_bindings" time="0.00442957878112793" /><testcase name="cleanup_existing_correction_infra" time="0.00756525993347168" /><testcase name="cleanup_existing_e2e_calibrations" time="0.007565021514892578" /><testcase name="insert_correction_infrastructure" time="0.00395512580871582" /><testcase name="insert_correction_bindings" time="0.004431724548339844" /><testcase name="insert_correction_calibrations" time="0.004475831985473633" /><testcase name="deactivate_active_profiles" time="0.0037543773651123047" /><testcase name="insert_ae3_profile" time="0.0029113292694091797" /><testcase name="create_recipe" time="0.002322673797607422" /><testcase name="load_recipe" time="0.0022058486938476562" /><testcase name="set_recipe_id" time="1.3828277587890625e-05" /><testcase name="create_recipe_revision" time="0.010439157485961914" /><testcase name="load_recipe_revision" time="0.003217458724975586" /><testcase name="set_recipe_revision_id" time="6.508827209472656e-05" /><testcase name="create_grow_cycle" time="0.005316734313964844" /><testcase name="load_grow_cycle" time="0.004956245422363281" /><testcase name="set_grow_cycle_id" time="8.58306884765625e-06" /><testcase name="create_phase" time="0.005773305892944336" /><testcase name="load_phase" time="0.00135040283203125" /><testcase name="set_phase_id" time="7.867813110351562e-06" /><testcase name="activate_grow_cycle" time="0.00459742546081543" /><testcase name="set_impossible_recirculation_targets_first" time="0.008861780166625977" /><testcase name="wait_impossible_recirculation_targets_applied_first" time="2.001168966293335" /><testcase name="reset_test_node_state" time="0.8229632377624512" /><testcase name="wait_reset_state_done" time="0.5060069561004639" /><testcase name="reset_test_node_state_confirm" time="0.3923521041870117" /><testcase name="wait_reset_state_done_confirm" time="1.0654056072235107" /><testcase name="wait_zero_level_telemetry" time="0.8291101455688477" /><testcase name="insert_scheduler_like_intent" time="0.004061460494995117" /><testcase name="start_cycle_http" time="0.21239352226257324" /><testcase name="set_task_id" time="1.239776611328125e-05" /><testcase name="wait_ae_command_accepted" time="0.3585987091064453" /><testcase name="wait_startup_commands_published" time="30.101372718811035"><failure message="Timeout waiting for DB condition: SELECT CAST(:task_id AS bigint) AS task_id&#10;FROM ae_commands&#10;WHERE task_id = CAST(:task_id AS bigint)&#10;GROUP BY task_id&#10;HAVING COUNT(*) FILTER (&#10;  WHERE publish_status = 'accepted'&#10;    AND channel = 'storage_state'&#10;    AND payload-&gt;&gt;'cmd' = 'state'&#10;) &gt;= 1&#10;   AND COUNT(*) FILTER (&#10;  WHERE publish_status = 'accepted'&#10;    AND channel = 'valve_clean_fill'&#10;    AND payload-&gt;&gt;'cmd' = 'set_relay'&#10;    AND COALESCE(payload-&gt;'params'-&gt;&gt;'state', 'false') = 'true'&#10;) &gt;= 1&#10;">Timeout waiting for DB condition: SELECT CAST(:task_id AS bigint) AS task_id
FROM ae_commands
WHERE task_id = CAST(:task_id AS bigint)
GROUP BY task_id
HAVING COUNT(*) FILTER (
  WHERE publish_status = 'accepted'
    AND channel = 'storage_state'
    AND payload-&gt;&gt;'cmd' = 'state'
) &gt;= 1
   AND COUNT(*) FILTER (
  WHERE publish_status = 'accepted'
    AND channel = 'valve_clean_fill'
    AND payload-&gt;&gt;'cmd' = 'set_relay'
    AND COALESCE(payload-&gt;'params'-&gt;&gt;'state', 'false') = 'true'
) &gt;= 1
</failure></testcase><testcase name="first_task_failed_by_retry_limit" time="0.00013566017150878906"><failure message="Assertion condition is false: str(context.get('failed_task_first_row', [{}])[0].get('error_code', '')) == 'prepare_recirculation_attempt_limit_reached'">Assertion condition is false: str(context.get('failed_task_first_row', [{}])[0].get('error_code', '')) == 'prepare_recirculation_attempt_limit_reached'</failure></testcase></testsuite></testsuites>