<?xml version='1.0' encoding='utf-8'?>
<testsuites name="E101_ae3_two_tank_realhw_setup_ready" tests="91" failures="2" skipped="0" time="481.9788455963135"><testsuite name="E101_ae3_two_tank_realhw_setup_ready" tests="91" failures="2" skipped="0" time="481.9788455963135"><testcase name="set_test_context" time="4.172325134277344e-05" /><testcase name="capture_scenario_window" time="0.003314495086669922" /><testcase name="load_zone_context" time="0.005910396575927734" /><testcase name="set_zone_context" time="7.867813110351562e-06" /><testcase name="load_irrig_node" time="0.0024404525756835938" /><testcase name="load_ph_node" time="0.0032684803009033203" /><testcase name="load_ec_node" time="0.0006644725799560547" /><testcase name="set_node_ids" time="1.0251998901367188e-05" /><testcase name="load_ec_pump_channel" time="0.0003447532653808594" /><testcase name="load_ph_up_channel" time="0.0003235340118408203" /><testcase name="load_ph_down_channel" time="0.0008974075317382812" /><testcase name="set_correction_channel_ids" time="3.814697265625e-06" /><testcase name="cleanup_zone_ae_commands" time="0.002152681350708008" /><testcase name="cleanup_zone_ae_tasks" time="0.00031685829162597656" /><testcase name="cleanup_zone_ae_leases" time="0.000545501708984375" /><testcase name="cleanup_zone_workflow_state" time="0.0012009143829345703" /><testcase name="cleanup_zone_pid_state" time="0.0012788772583007812" /><testcase name="complete_existing_cycles" time="0.0016164779663085938" /><testcase name="switch_zone_to_ae3" time="0.001352071762084961" /><testcase name="load_test_node_correction_preset" time="0.0007872581481933594" /><testcase name="apply_test_node_correction_preset" time="0.20378661155700684" /><testcase name="upsert_irrig_channels" time="0.001783132553100586" /><testcase name="delete_old_level_sensors" time="0.00536656379699707" /><testcase name="insert_level_sensors" time="0.004291534423828125" /><testcase name="cleanup_ph_ec_sensors" time="0.00048160552978515625" /><testcase name="insert_ph_ec_sensors" time="0.0013365745544433594" /><testcase name="upsert_sensor_mode_channels" time="0.0007836818695068359" /><testcase name="cleanup_existing_correction_bindings" time="0.0014777183532714844" /><testcase name="cleanup_existing_correction_infra" time="0.0009274482727050781" /><testcase name="cleanup_existing_e2e_calibrations" time="0.0013155937194824219" /><testcase name="insert_correction_infrastructure" time="0.0008571147918701172" /><testcase name="insert_correction_bindings" time="0.0027437210083007812" /><testcase name="insert_correction_calibrations" time="0.001338958740234375" /><testcase name="apply_solution_fill_process_calibration" time="0.2138810157775879" /><testcase name="apply_tank_recirc_process_calibration" time="0.2196660041809082" /><testcase name="apply_irrigation_process_calibration" time="0.20386433601379395" /><testcase name="apply_ae3_logic_profile" time="0.19379854202270508" /><testcase name="create_recipe" time="0.0016658306121826172" /><testcase name="load_recipe" time="0.0006010532379150391" /><testcase name="set_recipe_id" time="4.291534423828125e-06" /><testcase name="create_recipe_revision" time="0.0018720626831054688" /><testcase name="load_recipe_revision" time="0.0005540847778320312" /><testcase name="set_recipe_revision_id" time="4.0531158447265625e-06" /><testcase name="create_grow_cycle" time="0.001729726791381836" /><testcase name="load_grow_cycle" time="0.0004665851593017578" /><testcase name="set_grow_cycle_id" time="3.0994415283203125e-06" /><testcase name="create_phase" time="0.0018262863159179688" /><testcase name="load_phase" time="0.00043892860412597656" /><testcase name="set_phase_id" time="3.5762786865234375e-06" /><testcase name="activate_grow_cycle" time="0.0009226799011230469" /><testcase name="apply_cycle_start_snapshot" time="0.19918155670166016" /><testcase name="apply_cycle_phase_overrides" time="0.19487404823303223" /><testcase name="wait_grow_cycle_bundle_ready" time="0.0019221305847167969" /><testcase name="reset_test_node_state" time="0.2579460144042969" /><testcase name="wait_reset_state_done" time="0.32282328605651855" /><testcase name="seed_reset_chemistry_off_target" time="0.23484516143798828" /><testcase name="wait_seed_reset_chemistry_done" time="0.30890917778015137" /><testcase name="wait_zero_level_telemetry" time="0.0018978118896484375" /><testcase name="insert_scheduler_like_intent" time="0.002698659896850586" /><testcase name="start_cycle_http" time="0.03763175010681152" /><testcase name="set_task_id" time="2.86102294921875e-06" /><testcase name="wait_ae_command_accepted" time="0.3050258159637451" /><testcase name="wait_startup_commands_published" time="2.5216104984283447" /><testcase name="wait_runtime_irr_state_snapshot" time="0.013617515563964844" /><testcase name="wait_task_pending_clean_fill_check" time="0.506535530090332" /><testcase name="wait_workflow_tank_filling" time="0.0017037391662597656" /><testcase name="force_clean_tank_full" time="0.270627498626709" /><testcase name="wait_force_clean_tank_full_done" time="0.3083078861236572" /><testcase name="wait_clean_tank_full_telemetry" time="0.00160980224609375" /><testcase name="load_task_after_clean_override" time="0.00042176246643066406" /><testcase name="wait_solution_fill_stage" time="30.204365730285645" /><testcase name="wait_solution_fill_commands" time="0.0007803440093994141" /><testcase name="wait_ph_ec_telemetry_available" time="0.0012824535369873047" /><testcase name="force_solution_tank_full" time="0.2431478500366211" /><testcase name="wait_force_solution_tank_full_done" time="0.4069795608520508" /><testcase name="wait_fill_ec_correction_command" time="0.0007891654968261719" /><testcase name="load_fill_ph_correction_commands_if_any" time="0.0011730194091796875" /><testcase name="wait_prepare_recirculation_stage" time="16.10963273048401" /><testcase name="wait_prepare_recirculation_commands" time="0.0012350082397460938" /><testcase name="wait_recirculation_ec_correction_command" time="0.0006880760192871094" /><testcase name="wait_recirculation_ph_correction_command" time="8.367765665054321" /><testcase name="wait_targets_reached_on_node" time="420.0540494918823"><failure message="Timeout waiting for DB condition: SELECT&#10;  ph.last_value AS ph_value,&#10;  ec.last_value AS ec_value,&#10;  ph.last_ts AS ph_ts,&#10;  ec.last_ts AS ec_ts&#10;FROM telemetry_last ph&#10;JOIN sensors phs ON phs.id = ph.sensor_id&#10;JOIN telemetry_last ec ON true&#10;JOIN sensors ecs ON ecs.id = ec.sensor_id&#10;WHERE phs.node_id = CAST(:ph_node_id AS bigint)&#10;  AND phs.type = 'PH'&#10;  AND phs.label = 'ph_sensor'&#10;  AND ecs.node_id = CAST(:ec_node_id AS bigint)&#10;  AND ecs.type = 'EC'&#10;  AND ecs.label = 'ec_sensor'&#10;  AND ph.last_ts &gt;= NOW() - INTERVAL '30 seconds'&#10;  AND ec.last_ts &gt;= NOW() - INTERVAL '30 seconds'&#10;  AND ph.last_value BETWEEN 4.80 AND 5.20&#10;  AND ec.last_value BETWEEN 2.20 AND 2.60&#10;LIMIT 1&#10;">Timeout waiting for DB condition: SELECT
  ph.last_value AS ph_value,
  ec.last_value AS ec_value,
  ph.last_ts AS ph_ts,
  ec.last_ts AS ec_ts
FROM telemetry_last ph
JOIN sensors phs ON phs.id = ph.sensor_id
JOIN telemetry_last ec ON true
JOIN sensors ecs ON ecs.id = ec.sensor_id
WHERE phs.node_id = CAST(:ph_node_id AS bigint)
  AND phs.type = 'PH'
  AND phs.label = 'ph_sensor'
  AND ecs.node_id = CAST(:ec_node_id AS bigint)
  AND ecs.type = 'EC'
  AND ecs.label = 'ec_sensor'
  AND ph.last_ts &gt;= NOW() - INTERVAL '30 seconds'
  AND ec.last_ts &gt;= NOW() - INTERVAL '30 seconds'
  AND ph.last_value BETWEEN 4.80 AND 5.20
  AND ec.last_value BETWEEN 2.20 AND 2.60
LIMIT 1
</failure></testcase><testcase name="reset_zero_level_telemetry_ready" time="0.00011348724365234375" /><testcase name="start_cycle_http_200" time="5.316734313964844e-05" /><testcase name="start_cycle_response_active" time="3.218650817871094e-05" /><testcase name="runtime_task_not_failed" time="4.220008850097656e-05" /><testcase name="runtime_task_pending_clean_fill_check" time="9.822845458984375e-05" /><testcase name="workflow_phase_tank_filling" time="3.5762786865234375e-05" /><testcase name="solution_fill_stage_reached" time="3.218650817871094e-05" /><testcase name="prepare_recirculation_stage_reached" time="5.269050598144531e-05" /><testcase name="task_completed" time="3.337860107421875e-05"><failure message="Assertion condition is false: str(context.get('completed_task_row', [{}])[0].get('status', '')).lower() == 'completed'">Assertion condition is false: str(context.get('completed_task_row', [{}])[0].get('status', '')).lower() == 'completed'</failure></testcase></testsuite></testsuites>