<?xml version='1.0' encoding='utf-8'?>
<testsuites name="E32_out_of_order_guard" tests="14" failures="0" skipped="0" time="6.578412771224976"><testsuite name="E32_out_of_order_guard" tests="14" failures="0" skipped="0" time="6.578412771224976"><testcase name="get_zones" time="0.09139537811279297" /><testcase name="set_zone_id" time="8.821487426757812e-06" /><testcase name="get_snapshot" time="0.1042177677154541" /><testcase name="set_last_event_id" time="5.7220458984375e-06" /><testcase name="get_nodes" time="0.08725571632385254" /><testcase name="set_node_id" time="4.76837158203125e-06" /><testcase name="send_command_to_create_event" time="0.18737053871154785" /><testcase name="wait_after_command" time="2.0016674995422363" /><testcase name="wait_for_new_event" time="3.002617359161377" /><testcase name="set_new_last_event_id" time="1.1920928955078125e-05" /><testcase name="get_events_after_old_id" time="0.09908652305603027" /><testcase name="wait_processing" time="1.0011096000671387" /><testcase name="events_received" time="5.269050598144531e-05" /><testcase name="zone_exists" time="0.0036084651947021484" /></testsuite></testsuites>