<?xml version='1.0' encoding='utf-8'?>
<testsuites name="E63_backoff_on_errors" tests="34" failures="0" skipped="0" time="72.47269201278687"><testsuite name="E63_backoff_on_errors" tests="34" failures="0" skipped="0" time="72.47269201278687"><testcase name="stop_node_simulator_initial" time="15.268313884735107" /><testcase name="start_node_simulator" time="5.792979717254639" /><testcase name="set_test_uids" time="2.1219253540039062e-05" /><testcase name="set_zone_id_from_uid" time="0.009422540664672852" /><testcase name="set_node_id_from_uid" time="0.002000570297241211" /><testcase name="set_ids" time="2.6226043701171875e-06" /><testcase name="cleanup_old_cycles" time="0.009961128234863281" /><testcase name="create_plant" time="0.05754804611206055" /><testcase name="create_recipe" time="0.060246944427490234" /><testcase name="create_revision" time="0.05625653266906738" /><testcase name="add_phase" time="0.06486797332763672" /><testcase name="publish_revision" time="0.057854652404785156" /><testcase name="create_cycle" time="0.1135556697845459" /><testcase name="set_cycle_id" time="3.337860107421875e-06" /><testcase name="wait_for_effective_targets" time="2.001418352127075" /><testcase name="enable_capabilities" time="0.002522706985473633" /><testcase name="fetch_heater_channel" time="0.0009696483612060547" /><testcase name="fetch_heater_infra" time="0.0013911724090576172" /><testcase name="upsert_heater_binding" time="0.002288341522216797" /><testcase name="reset_backoff" time="0.025806665420532227" /><testcase name="baseline_window_open" time="0.0004885196685791016" /><testcase name="publish_temp_low_baseline" time="2.0020880699157715" /><testcase name="wait_for_baseline_command" time="2.8576254844665527" /><testcase name="set_degraded_state" time="0.028629779815673828" /><testcase name="degraded_timestamp" time="0.00039768218994140625" /><testcase name="publish_temp_low_degraded" time="2.00205659866333" /><testcase name="wait_for_degraded_cycle" time="20.009992122650146" /><testcase name="reset_backoff_after_degraded" time="0.02537250518798828" /><testcase name="reset_timestamp" time="0.0003924369812011719" /><testcase name="publish_temp_low_after_reset" time="2.002148389816284" /><testcase name="wait_for_post_reset_command" time="20.01283884048462" /><testcase name="baseline_heater_command_created" time="0.0011441707611083984" /><testcase name="no_commands_in_degraded_mode" time="0.0006811618804931641" /><testcase name="commands_after_reset" time="0.0014045238494873047" /></testsuite></testsuites>