<?xml version='1.0' encoding='utf-8'?>
<testsuites name="E71_db_flaky" tests="11" failures="0" skipped="0" time="15.603606462478638"><testsuite name="E71_db_flaky" tests="11" failures="0" skipped="0" time="15.603606462478638"><testcase name="set_test_uids" time="1.5735626220703125e-05" /><testcase name="fetch_node_id" time="0.0013012886047363281" /><testcase name="get_zones" time="0.17372870445251465" /><testcase name="set_zone_id" time="3.5762786865234375e-06" /><testcase name="pause_postgres" time="0.2045423984527588" /><testcase name="wait_during_pause" time="5.005127906799316" /><testcase name="publish_error_during_db_pause" time="0.00022363662719726562" /><testcase name="unpause_postgres" time="0.2052626609802246" /><testcase name="wait_after_recovery" time="10.009365797042847" /><testcase name="system_still_responding" time="0.0014300346374511719" /><testcase name="data_queued_and_processed" time="0.0026047229766845703" /></testsuite></testsuites>