<?xml version='1.0' encoding='utf-8'?>
<testsuites name="E71_db_flaky" tests="11" failures="0" skipped="0" time="22.24690318107605"><testsuite name="E71_db_flaky" tests="11" failures="0" skipped="0" time="22.24690318107605"><testcase name="set_test_uids" time="0.10844826698303223" /><testcase name="fetch_node_id" time="0.10938620567321777" /><testcase name="get_zones" time="0.23139739036560059" /><testcase name="set_zone_id" time="0.11336612701416016" /><testcase name="pause_postgres" time="2.1044623851776123" /><testcase name="wait_during_pause" time="7.050938844680786" /><testcase name="publish_error_during_db_pause" time="2.0594606399536133" /><testcase name="unpause_postgres" time="0.3674793243408203" /><testcase name="wait_after_recovery" time="10.095344543457031" /><testcase name="system_still_responding" time="0.0035545825958251953" /><testcase name="data_queued_and_processed" time="0.003064870834350586" /></testsuite></testsuites>