<?xml version='1.0' encoding='utf-8'?>
<testsuites name="E62_controller_fault_isolation" tests="16" failures="0" skipped="1" time="57.90938210487366"><testsuite name="E62_controller_fault_isolation" tests="16" failures="0" skipped="1" time="57.90938210487366"><testcase name="set_test_uids" time="1.9073486328125e-05" /><testcase name="get_automation_zone" time="0.0698094367980957" /><testcase name="set_zone_id_from_uid" time="0.008236885070800781" /><testcase name="set_zone_id" time="3.5762786865234375e-06" /><testcase name="enable_capabilities" time="0.0017805099487304688" /><testcase name="start_node_simulator" time="5.637215852737427" /><testcase name="enable_test_mode" time="4.76837158203125e-06" /><testcase name="inject_climate_error" time="0.026148319244384766" /><testcase name="publish_telemetry_ph" time="2.00217342376709" /><testcase name="publish_telemetry_temp" time="15.003257989883423" /><testcase name="wait_controller_failed_event" time="20.052544593811035" /><testcase name="clear_test_hook" time="0.026211023330688477" /><testcase name="controller_failed_event" time="10.072629928588867"><skipped>Timeout waiting for DB condition: SELECT id, type, details
FROM zone_events
WHERE zone_id = :zone_id
AND (type LIKE '%%CONTROLLER%%FAIL%%' OR type = 'CONTROLLER_FAILED')
AND created_at &gt; NOW() - INTERVAL '2 minutes'
ORDER BY created_at DESC
LIMIT 1
</skipped></testcase><testcase name="other_controllers_working" time="0.003503084182739258" /><testcase name="Assertion 3" time="5.004939794540405" /><testcase name="controller_cooldown" time="0.0009038448333740234" /></testsuite></testsuites>