<?xml version='1.0' encoding='utf-8'?>
<testsuites name="E21_alert_dedup_count" tests="4" failures="1" skipped="1" time="0.08086395263671875"><testsuite name="E21_alert_dedup_count" tests="4" failures="1" skipped="1" time="0.08086395263671875"><testcase name="get_zones" time="0.07257342338562012" /><testcase name="set_zone_id" time="7.152557373046875e-06" /><testcase name="cleanup_old_alerts" time="0.005113363265991211"><failure message="invalid input syntax for type bigint: &quot;&quot;&#10;CONTEXT:  unnamed portal parameter $1 = ''">invalid input syntax for type bigint: ""
CONTEXT:  unnamed portal parameter $1 = ''</failure></testcase><testcase name="at_least_one_active_alert" time="0.003170013427734375"><skipped>invalid input syntax for type bigint: ""
CONTEXT:  unnamed portal parameter $1 = ''</skipped></testcase></testsuite></testsuites>