<?xml version='1.0' encoding='utf-8'?>
<testsuites name="E00_api_smoke" tests="10" failures="0" skipped="0" time="0.994727611541748"><testsuite name="E00_api_smoke" tests="10" failures="0" skipped="0" time="0.994727611541748"><testcase name="check_health" time="0.13153362274169922" /><testcase name="check_login_endpoint" time="0.2803010940551758" /><testcase name="check_zones_protected" time="0.08543276786804199" /><testcase name="check_nodes_protected" time="0.141387939453125" /><testcase name="check_cycles_protected" time="0.09921789169311523" /><testcase name="check_greenhouses_protected" time="0.0922694206237793" /><testcase name="check_commands_protected" time="0.16429376602172852" /><testcase name="health_endpoint_works" time="1.9550323486328125e-05" /><testcase name="no_500_errors_on_endpoints" time="0.0002372264862060547" /><testcase name="login_returns_validation_error" time="3.4332275390625e-05" /></testsuite></testsuites>