<?xml version='1.0' encoding='utf-8'?>
<testsuites name="E86_ec_ph_correction" tests="49" failures="2" skipped="0" time="90.53179168701172"><testsuite name="E86_ec_ph_correction" tests="49" failures="2" skipped="0" time="90.53179168701172"><testcase name="get_zone_context" time="0.00298309326171875" /><testcase name="set_zone_id" time="8.106231689453125e-06" /><testcase name="cleanup_grow_cycles" time="0.004148244857788086" /><testcase name="upsert_irrig_node" time="0.0024268627166748047" /><testcase name="get_irrig_node" time="0.0009982585906982422" /><testcase name="set_irrig_node_id" time="2.6941299438476562e-05" /><testcase name="upsert_dosing_node" time="0.002309083938598633" /><testcase name="get_dosing_node" time="0.0008387565612792969" /><testcase name="set_dosing_node_id" time="4.0531158447265625e-06" /><testcase name="upsert_irrig_channels" time="0.0024492740631103516" /><testcase name="publish_reset_pump_main_off" time="0.14673542976379395" /><testcase name="wait_reset_pump_main_done" time="0.22562384605407715" /><testcase name="publish_reset_valve_clean_fill_off" time="0.13680195808410645" /><testcase name="wait_reset_valve_clean_fill_done" time="0.2399303913116455" /><testcase name="publish_reset_valve_clean_supply_off" time="0.21092700958251953" /><testcase name="wait_reset_valve_clean_supply_done" time="0.2334117889404297" /><testcase name="publish_reset_valve_solution_fill_off" time="0.15728974342346191" /><testcase name="wait_reset_valve_solution_fill_done" time="0.2133946418762207" /><testcase name="publish_reset_valve_solution_supply_off" time="0.17620229721069336" /><testcase name="wait_reset_valve_solution_supply_done" time="0.23223185539245605" /><testcase name="upsert_dosing_channels" time="0.0033452510833740234" /><testcase name="delete_old_level_sensors" time="0.005661964416503906" /><testcase name="insert_level_sensors" time="0.005985260009765625" /><testcase name="disable_existing_ec_ph_sensors" time="0.004505157470703125" /><testcase name="delete_test_ec_ph_sensors" time="0.0022957324981689453" /><testcase name="insert_ec_sensor" time="0.003995418548583984" /><testcase name="insert_ph_sensor" time="0.0027658939361572266" /><testcase name="set_all_levels_full" time="0.007441520690917969" /><testcase name="set_ec_low" time="0.0032896995544433594" /><testcase name="set_ph_high" time="0.0018804073333740234" /><testcase name="delete_old_infra_instance" time="0.002778291702270508" /><testcase name="insert_infra_instance" time="0.002320528030395508" /><testcase name="set_infra_instance_id" time="6.4373016357421875e-06" /><testcase name="bind_ec_npk_pump" time="0.002738475799560547" /><testcase name="bind_ph_acid_pump" time="0.001659393310546875" /><testcase name="create_plant" time="0.06882381439208984" /><testcase name="create_recipe" time="0.07036161422729492" /><testcase name="create_revision" time="0.0630502700805664" /><testcase name="add_phase" time="0.0699462890625" /><testcase name="publish_revision" time="0.06821656227111816" /><testcase name="capture_run_started_at" time="0.0004944801330566406" /><testcase name="set_run_started_at" time="1.0251998901367188e-05" /><testcase name="create_grow_cycle" time="0.13580846786499023" /><testcase name="set_cycle_id" time="3.314018249511719e-05" /><testcase name="start_grow_cycle" time="0.12794232368469238" /><testcase name="wait_for_solution_fill_start" time="0.42934274673461914" /><testcase name="wait_for_prepare_recirculation" time="17.367114782333374" /><testcase name="wait_for_ec_correction" time="60.070159673690796"><failure message="Timeout waiting for DB condition: SELECT id, cmd, channel, params&#10;FROM commands&#10;WHERE zone_id = :zid&#10;  AND created_at &gt; :started_at&#10;  AND cmd = 'run_pump'&#10;  AND params-&gt;&gt;'type' = 'add_nutrients'&#10;LIMIT 1&#10;">Timeout waiting for DB condition: SELECT id, cmd, channel, params
FROM commands
WHERE zone_id = :zid
  AND created_at &gt; :started_at
  AND cmd = 'run_pump'
  AND params-&gt;&gt;'type' = 'add_nutrients'
LIMIT 1
</failure></testcase><testcase name="ec_npk_correction_sent" time="10.021076202392578"><failure message="Timeout waiting for DB condition: SELECT id, cmd, channel, params&#10;FROM commands&#10;WHERE zone_id = :zid&#10;  AND created_at &gt; :started_at&#10;  AND cmd = 'run_pump'&#10;  AND params-&gt;&gt;'type' = 'add_nutrients'&#10;LIMIT 1&#10;">Timeout waiting for DB condition: SELECT id, cmd, channel, params
FROM commands
WHERE zone_id = :zid
  AND created_at &gt; :started_at
  AND cmd = 'run_pump'
  AND params-&gt;&gt;'type' = 'add_nutrients'
LIMIT 1
</failure></testcase></testsuite></testsuites>