<?xml version='1.0' encoding='utf-8'?>
<testsuites name="E97_solution_change_operator_gate" tests="36" failures="0" skipped="0" time="3.3220036029815674"><testsuite name="E97_solution_change_operator_gate" tests="36" failures="0" skipped="0" time="3.3220036029815674"><testcase name="set_test_context" time="2.2411346435546875e-05" /><testcase name="get_zone_row" time="0.010205745697021484" /><testcase name="set_zone_id" time="6.9141387939453125e-06" /><testcase name="ensure_ae3_virtual_irrig_node" time="0.004492998123168945" /><testcase name="resolve_irrig_node" time="0.0020492076873779297" /><testcase name="set_irrig_node_id" time="4.76837158203125e-06" /><testcase name="upsert_irrig_channels" time="0.002719879150390625" /><testcase name="ensure_zone_automation_runtime_ae3" time="0.003819704055786133" /><testcase name="cleanup_zone_ae_commands" time="0.0046999454498291016" /><testcase name="cleanup_zone_stage_transitions" time="0.001444101333618164" /><testcase name="cleanup_zone_ae_tasks" time="0.0005795955657958984" /><testcase name="cleanup_zone_leases" time="0.0007638931274414062" /><testcase name="cleanup_zone_intents" time="0.0012516975402832031" /><testcase name="cleanup_zone_cycles" time="0.0017209053039550781" /><testcase name="cleanup_zone_workflow_state" time="0.001874685287475586" /><testcase name="create_plant" time="0.34044742584228516" /><testcase name="create_recipe" time="0.2674381732940674" /><testcase name="create_revision" time="0.18034958839416504" /><testcase name="add_phase_0" time="0.23710060119628906" /><testcase name="publish_revision" time="0.22670602798461914" /><testcase name="create_running_cycle" time="0.38883066177368164" /><testcase name="set_cycle_id" time="6.9141387939453125e-06" /><testcase name="apply_two_tank_logic_profile_with_solution_change" time="0.359302282333374" /><testcase name="validate_zone_bundle" time="0.30095815658569336" /><testcase name="validate_cycle_bundle" time="0.21531105041503906" /><testcase name="insert_ready_workflow_state" time="0.0019245147705078125" /><testcase name="start_solution_change_api" time="0.4095458984375" /><testcase name="set_task_id_from_response" time="5.9604644775390625e-06" /><testcase name="wait_gate_stage" time="0.0071866512298583984" /><testcase name="send_drain_confirm_manual_step" time="0.177443265914917" /><testcase name="wait_stage_after_gate" time="0.10703921318054199" /><testcase name="start_solution_change_http_ok" time="0.00010418891906738281" /><testcase name="task_at_await_operator_drain_confirm" time="6.699562072753906e-05" /><testcase name="manual_step_accepted" time="3.4332275390625e-05" /><testcase name="stage_advanced_to_solution_drain_start" time="5.4836273193359375e-05" /><testcase name="gate_passed_event_recorded" time="0.06649041175842285" /></testsuite></testsuites>