<?xml version='1.0' encoding='utf-8'?>
<testsuites name="E103_ae3_recirculation_retry_limit_alert_resolve_ready_realhw" tests="83" failures="2" skipped="0" time="776.8914239406586"><testsuite name="E103_ae3_recirculation_retry_limit_alert_resolve_ready_realhw" tests="83" failures="2" skipped="0" time="776.8914239406586"><testcase name="set_test_context" time="5.3882598876953125e-05" /><testcase name="capture_scenario_window" time="0.005193471908569336" /><testcase name="load_zone_context" time="0.006808280944824219" /><testcase name="set_zone_context" time="9.298324584960938e-06" /><testcase name="load_irrig_node" time="0.0025293827056884766" /><testcase name="load_ph_node" time="0.0038976669311523438" /><testcase name="load_ec_node" time="0.0013060569763183594" /><testcase name="set_node_ids" time="1.239776611328125e-05" /><testcase name="publish_irrig_node_config" time="0.2453625202178955" /><testcase name="publish_ph_node_config" time="0.29923057556152344" /><testcase name="publish_ec_node_config" time="0.6073775291442871" /><testcase name="wait_irrigation_level_sensors_registered" time="0.0027120113372802734" /><testcase name="load_ec_pump_channel" time="0.0006327629089355469" /><testcase name="load_ph_up_channel" time="0.0005660057067871094" /><testcase name="load_ph_down_channel" time="0.0005774497985839844" /><testcase name="set_correction_channel_ids" time="4.76837158203125e-06" /><testcase name="wait_zone_ae_runtime_idle_before_cleanup" time="0.003992557525634766" /><testcase name="cleanup_zone_ae_commands" time="0.0023336410522460938" /><testcase name="cleanup_zone_ae_tasks" time="0.0019686222076416016" /><testcase name="cleanup_zone_ae_leases" time="0.0005731582641601562" /><testcase name="cleanup_zone_workflow_state" time="0.005092620849609375" /><testcase name="cleanup_zone_pid_state" time="0.002361297607421875" /><testcase name="cleanup_zone_runtime_intents" time="0.0013289451599121094" /><testcase name="cleanup_retry_limit_alerts" time="0.0031571388244628906" /><testcase name="complete_existing_cycles" time="0.004976987838745117" /><testcase name="switch_zone_to_ae3" time="0.0027658939361572266" /><testcase name="load_test_node_correction_preset" time="0.0010297298431396484" /><testcase name="apply_test_node_correction_preset" time="0.29983973503112793" /><testcase name="cleanup_existing_correction_bindings" time="0.0023734569549560547" /><testcase name="cleanup_existing_correction_infra" time="0.002662181854248047" /><testcase name="cleanup_existing_e2e_calibrations" time="0.0022535324096679688" /><testcase name="insert_correction_infrastructure" time="0.0013494491577148438" /><testcase name="insert_correction_bindings" time="0.002991914749145508" /><testcase name="insert_correction_calibrations" time="0.0021495819091796875" /><testcase name="apply_solution_fill_process_calibration" time="0.2647359371185303" /><testcase name="apply_tank_recirc_process_calibration" time="0.28308534622192383" /><testcase name="apply_irrigation_process_calibration" time="0.2717583179473877" /><testcase name="apply_ae3_logic_profile" time="0.2562828063964844" /><testcase name="create_recipe" time="0.002050161361694336" /><testcase name="load_recipe" time="0.0007348060607910156" /><testcase name="set_recipe_id" time="4.291534423828125e-06" /><testcase name="create_recipe_revision" time="0.0017025470733642578" /><testcase name="load_recipe_revision" time="0.003045797348022461" /><testcase name="set_recipe_revision_id" time="4.0531158447265625e-06" /><testcase name="create_grow_cycle" time="0.003065347671508789" /><testcase name="load_grow_cycle" time="0.0007450580596923828" /><testcase name="set_grow_cycle_id" time="3.5762786865234375e-06" /><testcase name="create_phase" time="0.0024819374084472656" /><testcase name="load_phase" time="0.0006699562072753906" /><testcase name="set_phase_id" time="3.337860107421875e-06" /><testcase name="activate_grow_cycle" time="0.0013592243194580078" /><testcase name="apply_cycle_start_snapshot" time="0.24584698677062988" /><testcase name="apply_cycle_phase_overrides_first" time="0.25441622734069824" /><testcase name="wait_grow_cycle_bundle_ready_first" time="0.007239341735839844" /><testcase name="wait_impossible_recirculation_targets_applied_first" time="2.002751588821411" /><testcase name="reset_test_node_state" time="0.3598647117614746" /><testcase name="wait_reset_state_done" time="0.23830866813659668" /><testcase name="reset_test_node_state_confirm" time="0.4772462844848633" /><testcase name="wait_reset_state_done_confirm" time="0.1074533462524414" /><testcase name="wait_zero_level_telemetry" time="0.0029354095458984375" /><testcase name="insert_scheduler_like_intent" time="0.0020415782928466797" /><testcase name="start_cycle_http" time="0.06195378303527832" /><testcase name="set_task_id" time="3.814697265625e-06" /><testcase name="wait_ae_command_accepted" time="0.5761044025421143" /><testcase name="wait_startup_commands_published" time="3.170936107635498" /><testcase name="wait_runtime_irr_state_snapshot" time="0.011485815048217773" /><testcase name="wait_task_pending_clean_fill_check" time="0.5077626705169678" /><testcase name="wait_workflow_tank_filling" time="0.006993293762207031" /><testcase name="force_clean_tank_full" time="0.4155614376068115" /><testcase name="wait_force_clean_tank_full_done" time="0.41830992698669434" /><testcase name="wait_clean_tank_full_telemetry" time="0.0020248889923095703" /><testcase name="load_task_after_clean_override" time="0.0007939338684082031" /><testcase name="wait_solution_fill_stage" time="24.38662075996399" /><testcase name="wait_solution_fill_commands" time="0.002931833267211914" /><testcase name="wait_ph_ec_telemetry_available" time="0.0018169879913330078" /><testcase name="force_solution_tank_full" time="0.679821252822876" /><testcase name="wait_force_solution_tank_full_done" time="0.20819306373596191" /><testcase name="wait_fill_ec_correction_command" time="19.585321187973022" /><testcase name="load_fill_ph_correction_commands_if_any" time="0.0014119148254394531" /><testcase name="wait_prepare_recirculation_stage" time="0.5124025344848633" /><testcase name="wait_prepare_recirculation_commands" time="0.0011649131774902344" /><testcase name="wait_task_failed_retry_limit_first" time="720.0303223133087"><failure message="Timeout waiting for DB condition: &#10;SELECT id, status, error_code, error_message, stage_retry_count&#10;FROM ae_tasks&#10;WHERE id = CAST(:task_id AS bigint)&#10;  AND status = 'failed'&#10;  AND error_code = 'prepare_recirculation_attempt_limit_reached'&#10;LIMIT 1&#10;">Timeout waiting for DB condition: 
SELECT id, status, error_code, error_message, stage_retry_count
FROM ae_tasks
WHERE id = CAST(:task_id AS bigint)
  AND status = 'failed'
  AND error_code = 'prepare_recirculation_attempt_limit_reached'
LIMIT 1
</failure></testcase><testcase name="first_task_failed_by_retry_limit" time="0.00017595291137695312"><failure message="Assertion condition is false: str(context.get('failed_task_first_row', [{}])[0].get('error_code', '')) == 'prepare_recirculation_attempt_limit_reached'">Assertion condition is false: str(context.get('failed_task_first_row', [{}])[0].get('error_code', '')) == 'prepare_recirculation_attempt_limit_reached'</failure></testcase></testsuite></testsuites>