<?xml version='1.0' encoding='utf-8'?>
<testsuites name="E02_auth_ws_api" tests="12" failures="0" skipped="0" time="1.2364153861999512"><testsuite name="E02_auth_ws_api" tests="12" failures="0" skipped="0" time="1.2364153861999512"><testcase name="get_zones_api" time="0.06290102005004883" /><testcase name="fetch_zone_id" time="0.003013134002685547" /><testcase name="set_zone_id" time="4.0531158447265625e-06" /><testcase name="connect_websocket" time="4.291534423828125e-06" /><testcase name="subscribe_to_zone_channel" time="0.18093585968017578" /><testcase name="invalidate_auth_token" time="9.775161743164062e-06" /><testcase name="call_api_after_invalidate" time="0.9872424602508545" /><testcase name="create_ws_client_without_token" time="1.2636184692382812e-05" /><testcase name="try_subscribe_without_auth" time="0.0017406940460205078" /><testcase name="api_accessible_with_valid_token" time="7.319450378417969e-05" /><testcase name="reauth_successful" time="4.935264587402344e-05" /><testcase name="ws_subscription_without_token_failed" time="0.00042891502380371094" /></testsuite></testsuites>