<?xml version='1.0' encoding='utf-8'?>
<testsuites name="E06_laravel_down_queue_recovery" tests="9" failures="0" skipped="0" time="34.607654333114624"><testsuite name="E06_laravel_down_queue_recovery" tests="9" failures="0" skipped="0" time="34.607654333114624"><testcase name="start_node_simulator" time="5.723523139953613" /><testcase name="verify_laravel_running" time="1.1309473514556885" /><testcase name="stop_laravel" time="4.4353485107421875" /><testcase name="node_publishes_errors_during_down" time="5.006758689880371" /><testcase name="restore_laravel" time="3.288618564605713" /><testcase name="wait_queue_processing" time="15.011414766311646" /><testcase name="all_errors_processed" time="0.00921487808227539" /><testcase name="errors_processed_via_queue" time="0.0005252361297607422" /><testcase name="queue_processed" time="0.0013031959533691406" /></testsuite></testsuites>