<?xml version='1.0' encoding='utf-8'?>
<testsuites name="E93_start_cycle_intent_executor_path" tests="19" failures="0" skipped="0" time="1.0447263717651367"><testsuite name="E93_start_cycle_intent_executor_path" tests="19" failures="0" skipped="0" time="1.0447263717651367"><testcase name="set_test_context" time="2.47955322265625e-05" /><testcase name="get_zone_row" time="0.012229204177856445" /><testcase name="set_zone_id" time="6.9141387939453125e-06" /><testcase name="capture_baseline" time="0.004576206207275391" /><testcase name="insert_scheduler_like_intent" time="0.00882863998413086" /><testcase name="start_cycle_http" time="0.06206846237182617" /><testcase name="wait_intent_terminal" time="0.828890323638916" /><testcase name="wait_scheduler_task_running" time="0.0033016204833984375" /><testcase name="wait_scheduler_task_terminal" time="0.0017788410186767578" /><testcase name="set_scheduler_task_id" time="1.2159347534179688e-05" /><testcase name="get_scheduler_task_detail" time="0.12128567695617676" /><testcase name="start_cycle_http_200" time="8.463859558105469e-05" /><testcase name="start_cycle_response_status_ok" time="3.504753112792969e-05" /><testcase name="start_cycle_returns_intent_task_id" time="6.270408630371094e-05" /><testcase name="intent_terminal_status_valid" time="6.198883056640625e-05" /><testcase name="scheduler_task_id_has_st_prefix" time="3.337860107421875e-05" /><testcase name="scheduler_task_terminal_status_valid" time="4.863739013671875e-05" /><testcase name="scheduler_task_detail_terminal" time="0.00014162063598632812" /><testcase name="intent_not_left_in_non_terminal" time="0.0012555122375488281" /></testsuite></testsuites>