<?xml version='1.0' encoding='utf-8'?>
<testsuites name="E83_clean_water_fill" tests="43" failures="0" skipped="3" time="112.49736738204956"><testsuite name="E83_clean_water_fill" tests="43" failures="0" skipped="3" time="112.49736738204956"><testcase name="set_test_zone_uid" time="1.5497207641601562e-05" /><testcase name="set_test_node_uid" time="1.0728836059570312e-05" /><testcase name="guard_test_node_uid_not_ph" time="0.0023813247680664062" /><testcase name="get_zone_context" time="0.0008730888366699219" /><testcase name="set_zone_id" time="4.76837158203125e-06" /><testcase name="set_zone_startup_capabilities" time="0.0011229515075683594" /><testcase name="cleanup_grow_cycles" time="0.0012280941009521484" /><testcase name="upsert_irrig_node" time="0.0011713504791259766" /><testcase name="get_irrig_node" time="0.0004153251647949219" /><testcase name="set_irrig_node_id" time="4.0531158447265625e-06" /><testcase name="upsert_actuator_channels" time="0.0017197132110595703" /><testcase name="publish_reset_pump_main_off" time="0.144362211227417" /><testcase name="wait_reset_pump_main_done" time="0.016565322875976562" /><testcase name="publish_reset_valve_clean_fill_off" time="0.14983916282653809" /><testcase name="wait_reset_valve_clean_fill_done" time="0.001886606216430664" /><testcase name="publish_reset_valve_clean_supply_off" time="0.14240288734436035" /><testcase name="wait_reset_valve_clean_supply_done" time="0.0019190311431884766" /><testcase name="publish_reset_valve_solution_fill_off" time="0.14473676681518555" /><testcase name="wait_reset_valve_solution_fill_done" time="0.0019347667694091797" /><testcase name="publish_reset_valve_solution_supply_off" time="0.15538525581359863" /><testcase name="wait_reset_valve_solution_supply_done" time="0.0030732154846191406" /><testcase name="delete_old_level_sensors" time="0.00584864616394043" /><testcase name="insert_level_sensors" time="0.0029451847076416016" /><testcase name="init_telemetry_all_empty" time="0.003439664840698242" /><testcase name="create_plant" time="0.06789565086364746" /><testcase name="create_recipe" time="0.05960488319396973" /><testcase name="create_revision" time="0.05938911437988281" /><testcase name="add_phase" time="0.0643301010131836" /><testcase name="publish_revision" time="0.06665706634521484" /><testcase name="seed_irr_state_snapshot_for_startup" time="0.0036051273345947266" /><testcase name="create_grow_cycle" time="0.10990500450134277" /><testcase name="set_cycle_id" time="4.5299530029296875e-06" /><testcase name="restart_automation_engine_stop" time="10.303626775741577" /><testcase name="wait_after_automation_engine_stop" time="2.0021228790283203" /><testcase name="restart_automation_engine_start" time="3.765138864517212" /><testcase name="wait_after_automation_engine_start" time="5.002394437789917" /><testcase name="capture_run_started_at" time="0.0015108585357666016" /><testcase name="set_run_started_at" time="5.602836608886719e-05" /><testcase name="start_grow_cycle" time="0.10921430587768555" /><testcase name="wait_for_clean_fill_command" time="30.01212215423584"><skipped>Timeout waiting for DB condition: SELECT id, cmd, channel, status, created_at
FROM commands
WHERE zone_id = :zid
  AND cmd = 'set_relay'
  AND channel = 'valve_clean_fill'
  AND created_at &gt; COALESCE(NULLIF(:run_started_at, '')::timestamptz, NOW() - INTERVAL '20 minutes')
LIMIT 1
</skipped></testcase><testcase name="clean_fill_command_exists" time="30.07896375656128"><skipped>Timeout waiting for DB condition: SELECT id, cmd, channel, status
FROM commands
WHERE zone_id = :zid
  AND cmd = 'set_relay'
  AND channel = 'valve_clean_fill'
  AND created_at &gt; COALESCE(NULLIF(:run_started_at, '')::timestamptz, NOW() - INTERVAL '20 minutes')
LIMIT 1
</skipped></testcase><testcase name="clean_fill_started_event" time="30.005688667297363"><skipped>Timeout waiting for DB condition: SELECT id, type, created_at
FROM zone_events
WHERE zone_id = :zid
  AND type = 'CLEAN_FILL_STARTED'
  AND created_at &gt; :run_started_at
LIMIT 1
</skipped></testcase><testcase name="tank_level_checked_event" time="0.0018515586853027344" /></testsuite></testsuites>