<?xml version='1.0' encoding='utf-8'?>
<testsuites name="E90_live_simulation_orchestration" tests="21" failures="2" skipped="0" time="189.53514623641968"><testsuite name="E90_live_simulation_orchestration" tests="21" failures="2" skipped="0" time="189.53514623641968"><testcase name="start_node_simulator" time="6.863540887832642" /><testcase name="set_test_uids" time="0.20360803604125977" /><testcase name="fetch_zone_id" time="0.23367977142333984" /><testcase name="fetch_node_id" time="0.22687721252441406" /><testcase name="set_zone_and_node" time="1.430511474609375e-05" /><testcase name="detach_orphan_zone_nodes" time="0.002874612808227539" /><testcase name="ensure_sim_node_on_zone" time="0.007636547088623047" /><testcase name="load_test_node_correction_preset" time="0.0012273788452148438" /><testcase name="apply_test_node_correction_preset" time="0.29021120071411133" /><testcase name="wait_for_node_online" time="0.0023145675659179688" /><testcase name="ensure_pwm_channel" time="0.005425214767456055" /><testcase name="capture_anchor_time" time="0.0028192996978759766" /><testcase name="set_anchor_time" time="1.1205673217773438e-05" /><testcase name="start_live_simulation" time="1.5226893424987793" /><testcase name="set_job_id" time="8.344650268554688e-06" /><testcase name="wait_for_simulation_row" time="0.0029451847076416016" /><testcase name="set_simulation_context" time="1.5020370483398438e-05" /><testcase name="wait_for_simulation_running" time="0.0009515285491943359" /><testcase name="check_node_sim_session_running" time="0.04639792442321777" /><testcase name="wait_for_simulation_completion" time="90.08171916007996"><failure message="Timeout waiting for DB condition: SELECT status&#10;FROM zone_simulations&#10;WHERE id = :simulation_id&#10;  AND status = 'completed'&#10;LIMIT 1&#10;">Timeout waiting for DB condition: SELECT status
FROM zone_simulations
WHERE id = :simulation_id
  AND status = 'completed'
LIMIT 1
</failure></testcase><testcase name="simulation_completed_with_meta" time="90.04017949104309"><failure message="Timeout waiting for DB condition: SELECT&#10;  status,&#10;  scenario-&gt;'simulation'-&gt;&gt;'real_duration_minutes' as real_duration_minutes,&#10;  scenario-&gt;'simulation'-&gt;&gt;'orchestrator' as orchestrator,&#10;  scenario-&gt;'simulation'-&gt;&gt;'real_ended_at' as real_ended_at&#10;FROM zone_simulations&#10;WHERE id = :simulation_id&#10;  AND status = 'completed'&#10;  AND scenario-&gt;'simulation'-&gt;&gt;'real_ended_at' IS NOT NULL&#10;LIMIT 1&#10;">Timeout waiting for DB condition: SELECT
  status,
  scenario-&gt;'simulation'-&gt;&gt;'real_duration_minutes' as real_duration_minutes,
  scenario-&gt;'simulation'-&gt;&gt;'orchestrator' as orchestrator,
  scenario-&gt;'simulation'-&gt;&gt;'real_ended_at' as real_ended_at
FROM zone_simulations
WHERE id = :simulation_id
  AND status = 'completed'
  AND scenario-&gt;'simulation'-&gt;&gt;'real_ended_at' IS NOT NULL
LIMIT 1
</failure></testcase></testsuite></testsuites>