<?xml version='1.0' encoding='utf-8'?>
<testsuites name="E103_ae3_recirculation_retry_limit_alert_resolve_ready_realhw" tests="151" failures="0" skipped="0" time="302.0283160209656"><testsuite name="E103_ae3_recirculation_retry_limit_alert_resolve_ready_realhw" tests="151" failures="0" skipped="0" time="302.0283160209656"><testcase name="set_test_context" time="5.125999450683594e-05" /><testcase name="capture_scenario_window" time="0.0005686283111572266" /><testcase name="load_zone_context" time="0.0028340816497802734" /><testcase name="set_zone_context" time="1.2874603271484375e-05" /><testcase name="load_irrig_node" time="0.001936197280883789" /><testcase name="load_ph_node" time="0.003838777542114258" /><testcase name="load_ec_node" time="0.0012705326080322266" /><testcase name="set_node_ids" time="1.430511474609375e-05" /><testcase name="load_ec_pump_channel" time="0.0007281303405761719" /><testcase name="load_ph_up_channel" time="0.0006692409515380859" /><testcase name="load_ph_down_channel" time="0.0007765293121337891" /><testcase name="set_correction_channel_ids" time="7.62939453125e-06" /><testcase name="wait_zone_ae_runtime_idle_before_cleanup" time="0.003829479217529297" /><testcase name="cleanup_zone_ae_commands" time="0.0020558834075927734" /><testcase name="cleanup_zone_ae_tasks" time="0.0018057823181152344" /><testcase name="cleanup_zone_ae_leases" time="0.0008213520050048828" /><testcase name="cleanup_zone_workflow_state" time="0.0017559528350830078" /><testcase name="cleanup_zone_pid_state" time="0.0014705657958984375" /><testcase name="cleanup_zone_runtime_intents" time="0.001089334487915039" /><testcase name="cleanup_retry_limit_alerts" time="0.0016829967498779297" /><testcase name="complete_existing_cycles" time="0.0013947486877441406" /><testcase name="switch_zone_to_ae3" time="0.0010843276977539062" /><testcase name="load_test_node_correction_preset" time="0.002271413803100586" /><testcase name="apply_test_node_correction_preset" time="0.26305413246154785" /><testcase name="upsert_irrig_channels" time="0.0019731521606445312" /><testcase name="delete_old_level_sensors" time="0.004900455474853516" /><testcase name="insert_level_sensors" time="0.0031638145446777344" /><testcase name="cleanup_ph_ec_sensors" time="0.0006873607635498047" /><testcase name="insert_ph_ec_sensors" time="0.0018398761749267578" /><testcase name="upsert_sensor_mode_channels" time="0.001085042953491211" /><testcase name="cleanup_existing_correction_bindings" time="0.0018429756164550781" /><testcase name="cleanup_existing_correction_infra" time="0.0013704299926757812" /><testcase name="cleanup_existing_e2e_calibrations" time="0.0012314319610595703" /><testcase name="insert_correction_infrastructure" time="0.0014011859893798828" /><testcase name="insert_correction_bindings" time="0.00335693359375" /><testcase name="insert_correction_calibrations" time="0.0019259452819824219" /><testcase name="apply_solution_fill_process_calibration" time="0.2675650119781494" /><testcase name="apply_tank_recirc_process_calibration" time="0.3089320659637451" /><testcase name="apply_irrigation_process_calibration" time="0.2880873680114746" /><testcase name="apply_ae3_logic_profile" time="0.2570216655731201" /><testcase name="create_recipe" time="0.0017902851104736328" /><testcase name="load_recipe" time="0.0025680065155029297" /><testcase name="set_recipe_id" time="5.245208740234375e-06" /><testcase name="create_recipe_revision" time="0.001981973648071289" /><testcase name="load_recipe_revision" time="0.0007460117340087891" /><testcase name="set_recipe_revision_id" time="1.0728836059570312e-05" /><testcase name="create_grow_cycle" time="0.002406597137451172" /><testcase name="load_grow_cycle" time="0.002656221389770508" /><testcase name="set_grow_cycle_id" time="4.5299530029296875e-06" /><testcase name="create_phase" time="0.0021696090698242188" /><testcase name="load_phase" time="0.0006296634674072266" /><testcase name="set_phase_id" time="4.0531158447265625e-06" /><testcase name="activate_grow_cycle" time="0.0012009143829345703" /><testcase name="apply_cycle_start_snapshot" time="0.27184438705444336" /><testcase name="apply_cycle_phase_overrides_first" time="0.2195606231689453" /><testcase name="wait_grow_cycle_bundle_ready_first" time="0.00455164909362793" /><testcase name="wait_impossible_recirculation_targets_applied_first" time="2.0014350414276123" /><testcase name="reset_test_node_state" time="0.29354119300842285" /><testcase name="wait_reset_state_done" time="1.080169677734375" /><testcase name="reset_test_node_state_confirm" time="0.31134510040283203" /><testcase name="wait_reset_state_done_confirm" time="0.9141330718994141" /><testcase name="wait_zero_level_telemetry" time="0.0026578903198242188" /><testcase name="insert_scheduler_like_intent" time="0.0016036033630371094" /><testcase name="start_cycle_http" time="0.04505562782287598" /><testcase name="set_task_id" time="4.0531158447265625e-06" /><testcase name="wait_ae_command_accepted" time="0.4091663360595703" /><testcase name="wait_startup_commands_published" time="0.9429771900177002" /><testcase name="wait_runtime_irr_state_snapshot" time="0.01643085479736328" /><testcase name="wait_task_pending_clean_fill_check" time="1.3167777061462402" /><testcase name="wait_workflow_tank_filling" time="0.0014865398406982422" /><testcase name="force_clean_tank_full" time="0.4278287887573242" /><testcase name="wait_force_clean_tank_full_done" time="0.8113842010498047" /><testcase name="wait_clean_tank_full_telemetry" time="0.3068208694458008" /><testcase name="load_task_after_clean_override" time="0.0007326602935791016" /><testcase name="wait_solution_fill_stage" time="26.964625597000122" /><testcase name="wait_solution_fill_commands" time="0.004962921142578125" /><testcase name="wait_ph_ec_telemetry_available" time="0.004178285598754883" /><testcase name="force_solution_tank_full" time="0.5968949794769287" /><testcase name="wait_force_solution_tank_full_done" time="0.7123227119445801" /><testcase name="wait_fill_ec_correction_command" time="21.52824854850769" /><testcase name="load_fill_ph_correction_commands_if_any" time="0.0014081001281738281" /><testcase name="wait_prepare_recirculation_stage" time="1.342529058456421" /><testcase name="wait_prepare_recirculation_commands" time="0.0009007453918457031" /><testcase name="wait_task_failed_retry_limit_first" time="136.6948881149292" /><testcase name="load_retry_limit_alert_first" time="0.0021066665649414062" /><testcase name="load_recirc_command_counts_first" time="0.005356311798095703" /><testcase name="load_runtime_reset_commands_first" time="0.004033803939819336" /><testcase name="restore_normal_targets_after_first_failure" time="0.2378520965576172" /><testcase name="wait_grow_cycle_bundle_restored_after_first_failure" time="0.0014982223510742188" /><testcase name="ack_retry_limit_alert_first" time="0.22350788116455078" /><testcase name="wait_retry_limit_alert_first_resolved" time="0.0015857219696044922" /><testcase name="soften_correction_config_for_second_run" time="0.2810642719268799" /><testcase name="wait_soften_correction_config_second_run" time="2.001753568649292" /><testcase name="reset_test_node_state_second_run" time="0.2995288372039795" /><testcase name="wait_reset_state_second_run_done" time="1.5484201908111572" /><testcase name="wait_zero_level_telemetry_second_run" time="0.0014448165893554688" /><testcase name="force_pump_main_off_second_run" time="0.34865498542785645" /><testcase name="wait_force_pump_main_off_second_run_done" time="0.9129948616027832" /><testcase name="probe_state_after_reset_second_run" time="0.2965986728668213" /><testcase name="wait_probe_state_after_reset_second_run_done" time="0.30464887619018555" /><testcase name="wait_runtime_irr_state_snapshot_after_reset_second_run" time="0.0030205249786376953" /><testcase name="complete_existing_cycles_second_run" time="0.0011878013610839844" /><testcase name="wait_zone_ae_runtime_idle_before_second_cleanup" time="0.0024585723876953125" /><testcase name="cleanup_zone_ae_commands_second_run" time="0.0017330646514892578" /><testcase name="cleanup_zone_ae_tasks_second_run" time="0.002307891845703125" /><testcase name="cleanup_zone_ae_leases_second_run" time="0.0006685256958007812" /><testcase name="cleanup_zone_workflow_state_second_run" time="0.0012416839599609375" /><testcase name="cleanup_zone_pid_state_second_run" time="0.0014729499816894531" /><testcase name="create_grow_cycle_second" time="0.002942800521850586" /><testcase name="load_grow_cycle_second" time="0.0006089210510253906" /><testcase name="set_grow_cycle_id_second" time="4.76837158203125e-06" /><testcase name="create_phase_second" time="0.0014679431915283203" /><testcase name="load_phase_second" time="0.0006964206695556641" /><testcase name="set_phase_id_second" time="4.76837158203125e-06" /><testcase name="activate_grow_cycle_second" time="0.0013325214385986328" /><testcase name="apply_cycle_start_snapshot_second" time="0.26406121253967285" /><testcase name="apply_cycle_phase_overrides_second" time="0.2204437255859375" /><testcase name="wait_grow_cycle_bundle_ready_second" time="0.0008153915405273438" /><testcase name="insert_scheduler_like_intent_second" time="0.0012309551239013672" /><testcase name="start_cycle_http_second" time="0.04412031173706055" /><testcase name="set_task_id_second" time="5.4836273193359375e-06" /><testcase name="wait_solution_fill_stage_second" time="51.00384020805359" /><testcase name="force_solution_tank_full_second" time="0.3704850673675537" /><testcase name="wait_force_solution_tank_full_second_done" time="0.916367769241333" /><testcase name="wait_fill_ec_correction_command_second" time="2.2304162979125977" /><testcase name="load_fill_ph_correction_commands_if_any_second" time="0.0007030963897705078" /><testcase name="wait_prepare_recirculation_stage_second" time="21.489720344543457" /><testcase name="wait_recirculation_ec_correction_command_second" time="3.263606309890747" /><testcase name="load_recirculation_ph_correction_command_count_second" time="0.0009214878082275391" /><testcase name="force_recirculation_near_target_band_second" time="0.297091007232666" /><testcase name="wait_force_recirculation_near_target_second_done" time="1.423121690750122" /><testcase name="wait_task_completed_second" time="15.31088399887085" /><testcase name="wait_workflow_ready_second" time="0.001085042953491211" /><testcase name="load_targets_reached_from_samples_second" time="0.0049457550048828125" /><testcase name="load_recirc_command_counts_second" time="0.0015377998352050781" /><testcase name="load_runtime_reset_commands_second" time="0.00153350830078125" /><testcase name="first_task_failed_by_retry_limit" time="0.00011563301086425781" /><testcase name="first_alert_active" time="6.794929504394531e-05" /><testcase name="first_alert_retry_count_is_3" time="0.00010752677917480469" /><testcase name="first_recirc_commands_attempted_three_times" time="4.887580871582031e-05" /><testcase name="first_runtime_never_resets_node_during_task" time="4.267692565917969e-05" /><testcase name="first_alert_ack_http_200" time="3.933906555175781e-05" /><testcase name="first_alert_resolved" time="4.57763671875e-05" /><testcase name="second_start_cycle_http_200" time="3.6716461181640625e-05" /><testcase name="second_prepare_recirculation_stage_reached" time="0.0003204345703125" /><testcase name="second_targets_reached" time="5.793571472167969e-05" /><testcase name="second_recirc_commands_attempted_three_times" time="6.985664367675781e-05" /><testcase name="second_recirc_ph_count_loaded" time="4.506111145019531e-05" /><testcase name="second_runtime_never_resets_node_during_task" time="4.0531158447265625e-05" /><testcase name="second_task_completed" time="4.482269287109375e-05" /><testcase name="second_workflow_ready" time="4.863739013671875e-05" /></testsuite></testsuites>