<?xml version='1.0' encoding='utf-8'?>
<testsuites name="E07_ws_reconnect_snapshot_replay" tests="11" failures="0" skipped="0" time="14.3285391330719"><testsuite name="E07_ws_reconnect_snapshot_replay" tests="11" failures="0" skipped="0" time="14.3285391330719"><testcase name="start_node_simulator" time="2.001544713973999" /><testcase name="connect_ws" time="1.0009620189666748" /><testcase name="subscribe_ws_zone" time="1.1782407760620117" /><testcase name="fetch_snapshot_before" time="1.0734186172485352" /><testcase name="capture_last_event_id" time="6.67572021484375e-06" /><testcase name="disconnect_ws" time="1.002924919128418" /><testcase name="publish_error_during_gap" time="5.005316972732544" /><testcase name="reconnect_ws" time="1.003124475479126" /><testcase name="fetch_events_after_id" time="2.0629849433898926" /><testcase name="snapshot_has_last_event_id" time="1.1205673217773438e-05" /><testcase name="replay_returns_data" time="3.814697265625e-06" /></testsuite></testsuites>