<?xml version='1.0' encoding='utf-8'?>
<testsuites name="E112_ae3_per_phase_ec_target_realhw" tests="131" failures="0" skipped="0" time="209.62431716918945"><testsuite name="E112_ae3_per_phase_ec_target_realhw" tests="131" failures="0" skipped="0" time="209.62431716918945"><testcase name="set_test_context" time="4.9114227294921875e-05" /><testcase name="capture_scenario_window" time="0.0036563873291015625" /><testcase name="load_zone_context" time="0.006010532379150391" /><testcase name="set_zone_context" time="9.775161743164062e-06" /><testcase name="load_irrig_node" time="0.002656221389770508" /><testcase name="load_ph_node" time="0.0036356449127197266" /><testcase name="load_ec_node" time="0.0009911060333251953" /><testcase name="set_node_ids" time="1.2159347534179688e-05" /><testcase name="publish_irrig_node_config" time="0.24465703964233398" /><testcase name="publish_ph_node_config" time="0.2772696018218994" /><testcase name="publish_ec_node_config" time="0.2283000946044922" /><testcase name="wait_irrigation_level_sensors_registered" time="0.007573366165161133" /><testcase name="load_ec_pump_a_channel" time="0.0007436275482177734" /><testcase name="load_ec_pump_b_channel" time="0.0005908012390136719" /><testcase name="load_ec_pump_c_channel" time="0.0005574226379394531" /><testcase name="load_ec_pump_d_channel" time="0.0006017684936523438" /><testcase name="load_ph_up_channel" time="0.0005908012390136719" /><testcase name="load_ph_down_channel" time="0.0004513263702392578" /><testcase name="set_correction_channel_ids" time="6.198883056640625e-06" /><testcase name="wait_zone_ae_runtime_idle_before_cleanup" time="0.002977132797241211" /><testcase name="force_cleanup_stale_ae_commands" time="0.001596689224243164" /><testcase name="force_cleanup_stale_ae_tasks" time="0.00038743019104003906" /><testcase name="force_cleanup_stale_ae_leases" time="0.00037860870361328125" /><testcase name="force_cleanup_stale_intents" time="0.00040149688720703125" /><testcase name="cleanup_zone_ae_commands" time="0.0005617141723632812" /><testcase name="cleanup_zone_ae_tasks" time="0.00035309791564941406" /><testcase name="cleanup_zone_ae_leases" time="0.0003390312194824219" /><testcase name="cleanup_zone_workflow_state" time="0.00140380859375" /><testcase name="cleanup_zone_pid_state" time="0.0008351802825927734" /><testcase name="complete_existing_cycles" time="0.0014750957489013672" /><testcase name="switch_zone_to_ae3" time="0.001638174057006836" /><testcase name="load_test_node_correction_preset" time="0.00084686279296875" /><testcase name="apply_test_node_correction_preset" time="0.25256800651550293" /><testcase name="cleanup_existing_correction_bindings" time="0.002540111541748047" /><testcase name="cleanup_existing_correction_infra" time="0.0011970996856689453" /><testcase name="cleanup_existing_e2e_calibrations" time="0.0015001296997070312" /><testcase name="insert_correction_infrastructure" time="0.008611679077148438" /><testcase name="insert_correction_bindings" time="0.006901741027832031" /><testcase name="insert_correction_calibrations" time="0.0070917606353759766" /><testcase name="apply_solution_fill_process_calibration" time="0.25074338912963867" /><testcase name="apply_tank_recirc_process_calibration" time="0.28640270233154297" /><testcase name="apply_irrigation_process_calibration" time="0.2911970615386963" /><testcase name="apply_ae3_logic_profile" time="0.40249204635620117" /><testcase name="create_recipe" time="0.002899646759033203" /><testcase name="load_recipe" time="0.0011703968048095703" /><testcase name="set_recipe_id" time="7.62939453125e-06" /><testcase name="create_recipe_revision" time="0.0022711753845214844" /><testcase name="load_recipe_revision" time="0.0008063316345214844" /><testcase name="set_recipe_revision_id" time="5.9604644775390625e-06" /><testcase name="create_grow_cycle" time="0.002628326416015625" /><testcase name="load_grow_cycle" time="0.0008420944213867188" /><testcase name="set_grow_cycle_id" time="5.245208740234375e-06" /><testcase name="create_phase" time="0.0023958683013916016" /><testcase name="load_phase" time="0.0006318092346191406" /><testcase name="set_phase_id" time="4.291534423828125e-06" /><testcase name="activate_grow_cycle" time="0.0013384819030761719" /><testcase name="apply_cycle_start_snapshot" time="0.23326325416564941" /><testcase name="apply_cycle_phase_overrides" time="0.24942541122436523" /><testcase name="wait_grow_cycle_bundle_ready" time="0.0024437904357910156" /><testcase name="reset_test_node_state" time="0.3254818916320801" /><testcase name="wait_reset_state_done" time="0.3515446186065674" /><testcase name="reset_test_node_state_confirm" time="0.33292484283447266" /><testcase name="wait_reset_state_done_confirm" time="0.434481143951416" /><testcase name="wait_zero_level_telemetry" time="0.0023255348205566406" /><testcase name="insert_scheduler_like_intent" time="0.001506805419921875" /><testcase name="start_cycle_http" time="0.060808658599853516" /><testcase name="set_task_id" time="3.814697265625e-06" /><testcase name="wait_ae_command_accepted" time="0.409743070602417" /><testcase name="wait_startup_commands_published" time="2.963575601577759" /><testcase name="wait_runtime_irr_state_snapshot" time="0.027598142623901367" /><testcase name="wait_task_pending_clean_fill_check" time="0.5101790428161621" /><testcase name="wait_workflow_tank_filling" time="0.007691144943237305" /><testcase name="force_clean_tank_full" time="0.353729248046875" /><testcase name="wait_force_clean_tank_full_done" time="0.4282956123352051" /><testcase name="wait_clean_tank_full_telemetry" time="0.002156496047973633" /><testcase name="load_task_after_clean_override" time="0.0008902549743652344" /><testcase name="wait_solution_fill_stage" time="23.160395860671997" /><testcase name="wait_solution_fill_commands" time="0.0012269020080566406" /><testcase name="wait_ph_ec_telemetry_available" time="0.0016896724700927734" /><testcase name="wait_sensor_mode_telemetry_cadence" time="0.0022153854370117188" /><testcase name="force_solution_tank_filling" time="0.49089837074279785" /><testcase name="wait_force_solution_tank_filling_done" time="0.309720516204834" /><testcase name="seed_solution_fill_sensor_baseline" time="0.3873434066772461" /><testcase name="wait_seed_solution_fill_sensor_baseline_done" time="0.3175389766693115" /><testcase name="wait_fill_ec_correction_command" time="10.517057418823242" /><testcase name="load_fill_ph_correction_commands_if_any" time="0.001283884048461914" /><testcase name="complete_solution_fill_after_ec_correction" time="0.2717435359954834" /><testcase name="wait_complete_solution_fill_after_ec_correction_done" time="2.3877646923065186" /><testcase name="wait_prepare_recirculation_commands" time="7.1531243324279785" /><testcase name="wait_prepare_recirculation_commands_terminal" time="0.5083260536193848" /><testcase name="wait_prepare_recirculation_stage" time="0.0019643306732177734" /><testcase name="seed_recirculation_sensor_values" time="0.3477625846862793" /><testcase name="wait_seed_recirculation_sensor_values_done" time="0.3155393600463867" /><testcase name="load_seed_recirculation_command_row" time="0.005072593688964844" /><testcase name="wait_seeded_recirculation_telemetry" time="0.0024220943450927734" /><testcase name="wait_recirculation_ec_correction_command" time="18.278706550598145" /><testcase name="wait_recirculation_ec_peak_decay_pair" time="8.114587783813477" /><testcase name="wait_recirculation_ph_correction_command" time="124.72719049453735" /><testcase name="wait_task_not_failed_after_sequential_loop" time="0.0016911029815673828" /><testcase name="force_near_target_band_after_sequential_loop" time="0.3448934555053711" /><testcase name="wait_force_near_target_after_loop_done" time="1.150480031967163" /><testcase name="wait_targets_reached_on_node_after_sequential_loop" time="1.769361972808838" /><testcase name="wait_task_completed_after_sequential_loop" time="0.0008494853973388672" /><testcase name="load_task_snapshot_after_targets" time="0.0005352497100830078" /><testcase name="load_expected_ae_command_counts" time="0.0008440017700195312" /><testcase name="load_runtime_reset_commands" time="0.0005319118499755859" /><testcase name="count_task_commands" time="0.00042819976806640625" /><testcase name="get_internal_task_status" time="0.03316688537597656" /><testcase name="reset_zero_level_telemetry_ready" time="0.00010561943054199219" /><testcase name="start_cycle_http_200" time="4.9114227294921875e-05" /><testcase name="start_cycle_response_active" time="3.314018249511719e-05" /><testcase name="runtime_task_not_failed" time="5.054473876953125e-05" /><testcase name="runtime_task_pending_clean_fill_check" time="0.00031113624572753906" /><testcase name="workflow_phase_tank_filling" time="5.555152893066406e-05" /><testcase name="solution_fill_stage_reached" time="5.507469177246094e-05" /><testcase name="prepare_recirculation_stage_reached" time="7.677078247070312e-05" /><testcase name="telemetry_cadence_after_sensor_mode" time="9.489059448242188e-05" /><testcase name="recirculation_ec_peak_observed" time="4.482269287109375e-05" /><testcase name="recirculation_ec_decay_observed" time="3.24249267578125e-05" /><testcase name="task_not_failed_after_sequential_loop" time="7.62939453125e-05" /><testcase name="targets_reached_after_sequential_loop" time="3.4332275390625e-05" /><testcase name="task_not_failed_after_targets" time="0.0002079010009765625" /><testcase name="at_least_ten_ae_commands_logged" time="5.14984130859375e-05" /><testcase name="irr_state_probe_logged" time="4.1961669921875e-05" /><testcase name="clean_fill_start_logged" time="4.673004150390625e-05" /><testcase name="solution_fill_start_logged" time="3.933906555175781e-05" /><testcase name="prepare_recirculation_start_logged" time="0.000392913818359375" /><testcase name="calcium_correction_logged_twice" time="5.412101745605469e-05" /><testcase name="sequential_ph_correction_logged" time="3.4332275390625e-05" /><testcase name="runtime_never_resets_node_during_task" time="4.2438507080078125e-05" /><testcase name="internal_task_not_failed" time="0.00015044212341308594" /></testsuite></testsuites>