<?xml version='1.0' encoding='utf-8'?>
<testsuites name="E102_ae3_recirculation_retry_limit_alert_reset_realhw" tests="83" failures="2" skipped="0" time="773.6115283966064"><testsuite name="E102_ae3_recirculation_retry_limit_alert_reset_realhw" tests="83" failures="2" skipped="0" time="773.6115283966064"><testcase name="set_test_context" time="5.1021575927734375e-05" /><testcase name="capture_scenario_window" time="0.0036382675170898438" /><testcase name="load_zone_context" time="0.006350040435791016" /><testcase name="set_zone_context" time="8.821487426757812e-06" /><testcase name="load_irrig_node" time="0.0032858848571777344" /><testcase name="load_ph_node" time="0.004318714141845703" /><testcase name="load_ec_node" time="0.0009224414825439453" /><testcase name="set_node_ids" time="1.049041748046875e-05" /><testcase name="publish_irrig_node_config" time="0.23589539527893066" /><testcase name="publish_ph_node_config" time="0.2123708724975586" /><testcase name="publish_ec_node_config" time="0.20732927322387695" /><testcase name="wait_irrigation_level_sensors_registered" time="0.002638101577758789" /><testcase name="load_ec_pump_channel" time="0.0004277229309082031" /><testcase name="load_ph_up_channel" time="0.0003609657287597656" /><testcase name="load_ph_down_channel" time="0.0003731250762939453" /><testcase name="set_correction_channel_ids" time="3.814697265625e-06" /><testcase name="wait_zone_ae_runtime_idle_before_cleanup" time="0.00478053092956543" /><testcase name="cleanup_zone_ae_commands" time="0.0018918514251708984" /><testcase name="cleanup_zone_ae_tasks" time="0.00036025047302246094" /><testcase name="cleanup_zone_ae_leases" time="0.0002918243408203125" /><testcase name="cleanup_zone_workflow_state" time="0.001256704330444336" /><testcase name="cleanup_zone_pid_state" time="0.0008153915405273438" /><testcase name="cleanup_zone_runtime_intents" time="0.0003457069396972656" /><testcase name="cleanup_retry_limit_alerts" time="0.0014700889587402344" /><testcase name="complete_existing_cycles" time="0.0014729499816894531" /><testcase name="switch_zone_to_ae3" time="0.0014276504516601562" /><testcase name="load_test_node_correction_preset" time="0.0008571147918701172" /><testcase name="apply_test_node_correction_preset" time="0.23036885261535645" /><testcase name="cleanup_existing_correction_bindings" time="0.002538919448852539" /><testcase name="cleanup_existing_correction_infra" time="0.0013020038604736328" /><testcase name="cleanup_existing_e2e_calibrations" time="0.0017273426055908203" /><testcase name="insert_correction_infrastructure" time="0.001039266586303711" /><testcase name="insert_correction_bindings" time="0.002570629119873047" /><testcase name="insert_correction_calibrations" time="0.0019073486328125" /><testcase name="apply_solution_fill_process_calibration" time="0.22058582305908203" /><testcase name="apply_tank_recirc_process_calibration" time="0.2411823272705078" /><testcase name="apply_irrigation_process_calibration" time="0.2223505973815918" /><testcase name="apply_ae3_logic_profile" time="0.2016611099243164" /><testcase name="create_recipe" time="0.0034775733947753906" /><testcase name="load_recipe" time="0.0011992454528808594" /><testcase name="set_recipe_id" time="3.814697265625e-06" /><testcase name="create_recipe_revision" time="0.002617359161376953" /><testcase name="load_recipe_revision" time="0.0007331371307373047" /><testcase name="set_recipe_revision_id" time="4.0531158447265625e-06" /><testcase name="create_grow_cycle" time="0.0035190582275390625" /><testcase name="load_grow_cycle" time="0.0007827281951904297" /><testcase name="set_grow_cycle_id" time="2.86102294921875e-06" /><testcase name="create_phase" time="0.0036461353302001953" /><testcase name="load_phase" time="0.0006215572357177734" /><testcase name="set_phase_id" time="3.5762786865234375e-06" /><testcase name="activate_grow_cycle" time="0.0019474029541015625" /><testcase name="apply_cycle_start_snapshot" time="0.19398736953735352" /><testcase name="apply_cycle_phase_overrides_first" time="0.19307518005371094" /><testcase name="wait_grow_cycle_bundle_ready_first" time="0.0021049976348876953" /><testcase name="wait_impossible_recirculation_targets_applied_first" time="2.002139091491699" /><testcase name="reset_test_node_state" time="0.2551295757293701" /><testcase name="wait_reset_state_done" time="0.3247992992401123" /><testcase name="reset_test_node_state_confirm" time="0.27645254135131836" /><testcase name="wait_reset_state_done_confirm" time="0.3084261417388916" /><testcase name="wait_zero_level_telemetry" time="0.002226591110229492" /><testcase name="insert_scheduler_like_intent" time="0.001322031021118164" /><testcase name="start_cycle_http" time="0.03505516052246094" /><testcase name="set_task_id" time="3.5762786865234375e-06" /><testcase name="wait_ae_command_accepted" time="0.30441927909851074" /><testcase name="wait_startup_commands_published" time="2.8264803886413574" /><testcase name="wait_runtime_irr_state_snapshot" time="0.015095710754394531" /><testcase name="wait_task_pending_clean_fill_check" time="0.5079941749572754" /><testcase name="wait_workflow_tank_filling" time="0.001973867416381836" /><testcase name="force_clean_tank_full" time="0.27327561378479004" /><testcase name="wait_force_clean_tank_full_done" time="0.3103022575378418" /><testcase name="wait_clean_tank_full_telemetry" time="0.0031197071075439453" /><testcase name="load_task_after_clean_override" time="0.0008718967437744141" /><testcase name="wait_solution_fill_stage" time="23.67736029624939" /><testcase name="wait_solution_fill_commands" time="0.0010766983032226562" /><testcase name="wait_ph_ec_telemetry_available" time="0.0013587474822998047" /><testcase name="force_solution_tank_full" time="0.24539947509765625" /><testcase name="wait_force_solution_tank_full_done" time="0.8116908073425293" /><testcase name="wait_fill_ec_correction_command" time="17.859456062316895" /><testcase name="load_fill_ph_correction_commands_if_any" time="0.0005676746368408203" /><testcase name="wait_prepare_recirculation_stage" time="1.3155925273895264" /><testcase name="wait_prepare_recirculation_commands" time="0.0011394023895263672" /><testcase name="wait_task_failed_retry_limit_first" time="720.0207314491272"><failure message="Timeout waiting for DB condition: &#10;SELECT id, status, error_code, error_message, stage_retry_count&#10;FROM ae_tasks&#10;WHERE id = CAST(:task_id AS bigint)&#10;  AND status = 'failed'&#10;  AND error_code = 'prepare_recirculation_attempt_limit_reached'&#10;LIMIT 1&#10;">Timeout waiting for DB condition: 
SELECT id, status, error_code, error_message, stage_retry_count
FROM ae_tasks
WHERE id = CAST(:task_id AS bigint)
  AND status = 'failed'
  AND error_code = 'prepare_recirculation_attempt_limit_reached'
LIMIT 1
</failure></testcase><testcase name="first_task_failed_by_retry_limit" time="0.00015306472778320312"><failure message="Assertion condition is false: str(context.get('failed_task_first_row', [{}])[0].get('error_code', '')) == 'prepare_recirculation_attempt_limit_reached'">Assertion condition is false: str(context.get('failed_task_first_row', [{}])[0].get('error_code', '')) == 'prepare_recirculation_attempt_limit_reached'</failure></testcase></testsuite></testsuites>