<?xml version='1.0' encoding='utf-8'?>
<testsuites name="E61_fail_closed_corrections" tests="32" failures="0" skipped="0" time="94.7241063117981"><testsuite name="E61_fail_closed_corrections" tests="32" failures="0" skipped="0" time="94.7241063117981"><testcase name="stop_node_simulator_initial" time="15.23255705833435" /><testcase name="set_test_uids" time="0.0684061050415039" /><testcase name="get_automation_zone" time="0.1304001808166504" /><testcase name="set_zone_id_from_uid" time="0.07638025283813477" /><testcase name="set_zone_id" time="0.06680035591125488" /><testcase name="cleanup_old_cycles" time="0.06893253326416016" /><testcase name="check_active_cycle" time="0.06860828399658203" /><testcase name="create_plant_if_needed" time="0.11973857879638672" /><testcase name="create_recipe_if_needed" time="0.147721529006958" /><testcase name="create_revision_if_needed" time="0.1255953311920166" /><testcase name="add_phase_if_needed" time="0.13291072845458984" /><testcase name="publish_revision_if_needed" time="0.12039828300476074" /><testcase name="create_cycle_if_needed" time="0.15863251686096191" /><testcase name="ensure_active_grow_cycle" time="0.06923055648803711" /><testcase name="enable_capabilities" time="0.06905961036682129" /><testcase name="wait_after_stop" time="5.070574760437012" /><testcase name="compute_stale_ts" time="0.06603455543518066" /><testcase name="force_stale_telemetry_last" time="0.07243084907531738" /><testcase name="publish_stale_ph_telemetry" time="2.068624258041382" /><testcase name="publish_stale_ec_telemetry" time="15.083776473999023" /><testcase name="wait_ae_processing" time="5.079097270965576" /><testcase name="publish_stale_ph_2" time="5.078763484954834" /><testcase name="publish_stale_ph_3" time="15.075588703155518" /><testcase name="stop_node_simulator_after_stale" time="0.0969235897064209" /><testcase name="publish_stale_ph_final" time="5.079607963562012" /><testcase name="wait_after_final_stale" time="15.076308012008667" /><testcase name="force_stale_telemetry_last_final" time="0.06748437881469727" /><testcase name="wait_after_final_force" time="10.078603267669678" /><testcase name="fetch_freshness_alert" time="0.0692133903503418" /><testcase name="no_dosing_commands" time="0.0034439563751220703" /><testcase name="skipped_event_created" time="0.0021691322326660156" /><testcase name="freshness_alert_created" time="9.036064147949219e-05" /></testsuite></testsuites>