<?xml version='1.0' encoding='utf-8'?>
<testsuites name="E106_ae3_two_tank_realhw_piggyback_ec_ph_cycle" tests="121" failures="0" skipped="0" time="156.45908880233765"><testsuite name="E106_ae3_two_tank_realhw_piggyback_ec_ph_cycle" tests="121" failures="0" skipped="0" time="156.45908880233765"><testcase name="set_test_context" time="4.124641418457031e-05" /><testcase name="capture_scenario_window" time="0.003316164016723633" /><testcase name="load_zone_context" time="0.005547046661376953" /><testcase name="set_zone_context" time="9.775161743164062e-06" /><testcase name="load_irrig_node" time="0.004363298416137695" /><testcase name="load_ph_node" time="0.0036106109619140625" /><testcase name="load_ec_node" time="0.0008196830749511719" /><testcase name="set_node_ids" time="1.1920928955078125e-05" /><testcase name="publish_irrig_node_config" time="0.21911215782165527" /><testcase name="publish_ph_node_config" time="0.38830018043518066" /><testcase name="publish_ec_node_config" time="0.222686767578125" /><testcase name="wait_irrigation_level_sensors_registered" time="0.0024487972259521484" /><testcase name="load_ec_pump_channel" time="0.0005297660827636719" /><testcase name="load_ph_up_channel" time="0.0005176067352294922" /><testcase name="load_ph_down_channel" time="0.0004935264587402344" /><testcase name="set_correction_channel_ids" time="5.4836273193359375e-06" /><testcase name="wait_zone_ae_runtime_idle_before_cleanup" time="0.0032176971435546875" /><testcase name="cleanup_zone_ae_commands" time="0.0017893314361572266" /><testcase name="cleanup_zone_ae_tasks" time="0.0008816719055175781" /><testcase name="cleanup_zone_ae_leases" time="0.00043201446533203125" /><testcase name="cleanup_zone_workflow_state" time="0.002719402313232422" /><testcase name="cleanup_zone_pid_state" time="0.0014324188232421875" /><testcase name="complete_existing_cycles" time="0.0015883445739746094" /><testcase name="switch_zone_to_ae3" time="0.0018520355224609375" /><testcase name="load_test_node_correction_preset" time="0.0008563995361328125" /><testcase name="apply_test_node_correction_preset" time="0.2720167636871338" /><testcase name="cleanup_existing_correction_bindings" time="0.001863718032836914" /><testcase name="cleanup_existing_correction_infra" time="0.0020890235900878906" /><testcase name="cleanup_existing_e2e_calibrations" time="0.0017137527465820312" /><testcase name="insert_correction_infrastructure" time="0.0012271404266357422" /><testcase name="insert_correction_bindings" time="0.0026552677154541016" /><testcase name="insert_correction_calibrations" time="0.0028591156005859375" /><testcase name="apply_solution_fill_process_calibration" time="0.2571685314178467" /><testcase name="apply_tank_recirc_process_calibration" time="0.2740519046783447" /><testcase name="apply_irrigation_process_calibration" time="0.283597469329834" /><testcase name="apply_ae3_logic_profile" time="0.28470325469970703" /><testcase name="create_recipe" time="0.0018160343170166016" /><testcase name="load_recipe" time="0.0007188320159912109" /><testcase name="set_recipe_id" time="4.0531158447265625e-06" /><testcase name="create_recipe_revision" time="0.0018336772918701172" /><testcase name="load_recipe_revision" time="0.0005154609680175781" /><testcase name="set_recipe_revision_id" time="3.814697265625e-06" /><testcase name="create_grow_cycle" time="0.0026252269744873047" /><testcase name="load_grow_cycle" time="0.00047135353088378906" /><testcase name="set_grow_cycle_id" time="3.337860107421875e-06" /><testcase name="create_phase" time="0.0019659996032714844" /><testcase name="load_phase" time="0.00047588348388671875" /><testcase name="set_phase_id" time="3.337860107421875e-06" /><testcase name="activate_grow_cycle" time="0.0010647773742675781" /><testcase name="apply_cycle_start_snapshot" time="0.2217695713043213" /><testcase name="apply_cycle_phase_overrides" time="0.2533402442932129" /><testcase name="wait_grow_cycle_bundle_ready" time="0.0031366348266601562" /><testcase name="reset_test_node_state" time="0.2737276554107666" /><testcase name="wait_reset_state_done" time="0.5612704753875732" /><testcase name="reset_test_node_state_confirm" time="0.2911539077758789" /><testcase name="wait_reset_state_done_confirm" time="0.3277699947357178" /><testcase name="wait_zero_level_telemetry" time="0.0018613338470458984" /><testcase name="insert_scheduler_like_intent" time="0.0014595985412597656" /><testcase name="start_cycle_http" time="0.05514192581176758" /><testcase name="set_task_id" time="4.291534423828125e-06" /><testcase name="wait_ae_command_accepted" time="0.3044304847717285" /><testcase name="wait_startup_commands_published" time="2.8402352333068848" /><testcase name="wait_runtime_irr_state_snapshot" time="0.024784088134765625" /><testcase name="wait_task_pending_clean_fill_check" time="0.5089952945709229" /><testcase name="wait_workflow_tank_filling" time="0.002096414566040039" /><testcase name="force_clean_tank_full" time="0.44359660148620605" /><testcase name="wait_force_clean_tank_full_done" time="0.31984996795654297" /><testcase name="wait_clean_tank_full_telemetry" time="0.005967140197753906" /><testcase name="load_task_after_clean_override" time="0.0026400089263916016" /><testcase name="wait_solution_fill_stage" time="23.52554416656494" /><testcase name="wait_solution_fill_commands" time="0.00272369384765625" /><testcase name="wait_ph_ec_telemetry_available" time="0.002239227294921875" /><testcase name="wait_sensor_mode_telemetry_cadence" time="0.002451658248901367" /><testcase name="force_solution_tank_full" time="0.4020378589630127" /><testcase name="wait_force_solution_tank_full_done" time="0.328707218170166" /><testcase name="seed_solution_fill_sensor_baseline" time="0.29956531524658203" /><testcase name="wait_seed_solution_fill_sensor_baseline_done" time="0.3079493045806885" /><testcase name="wait_fill_ec_correction_command" time="48.38488054275513" /><testcase name="load_fill_ph_correction_commands_if_any" time="0.0006108283996582031" /><testcase name="complete_solution_fill_after_ec_correction" time="0.248335599899292" /><testcase name="wait_complete_solution_fill_after_ec_correction_done" time="3.431238889694214" /><testcase name="wait_prepare_recirculation_stage" time="0.0013704299926757812" /><testcase name="wait_prepare_recirculation_commands" time="0.0008730888366699219" /><testcase name="seed_recirculation_sensor_values" time="0.276857852935791" /><testcase name="wait_seed_recirculation_sensor_values_done" time="0.3086254596710205" /><testcase name="load_seed_recirculation_command_row" time="0.006649017333984375" /><testcase name="wait_seeded_recirculation_telemetry" time="0.0021173954010009766" /><testcase name="wait_recirculation_ec_correction_command" time="33.27499580383301" /><testcase name="wait_recirculation_ec_peak_decay_pair" time="8.939303159713745" /><testcase name="wait_recirculation_ph_correction_command" time="10.440462827682495" /><testcase name="wait_task_not_failed_after_sequential_loop" time="0.001112222671508789" /><testcase name="force_near_target_band_after_sequential_loop" time="0.2545011043548584" /><testcase name="wait_force_near_target_after_loop_done" time="1.6561846733093262" /><testcase name="wait_targets_reached_on_node_after_sequential_loop" time="0.0025873184204101562" /><testcase name="wait_task_completed_after_sequential_loop" time="15.611339569091797" /><testcase name="load_expected_ae_command_counts" time="0.0017001628875732422" /><testcase name="load_runtime_reset_commands" time="0.0008459091186523438" /><testcase name="count_task_commands" time="0.0010912418365478516" /><testcase name="get_internal_task_status" time="0.03575420379638672" /><testcase name="reset_zero_level_telemetry_ready" time="9.179115295410156e-05" /><testcase name="start_cycle_http_200" time="5.1021575927734375e-05" /><testcase name="start_cycle_response_active" time="3.3855438232421875e-05" /><testcase name="runtime_task_not_failed" time="5.1021575927734375e-05" /><testcase name="runtime_task_pending_clean_fill_check" time="9.72747802734375e-05" /><testcase name="workflow_phase_tank_filling" time="4.6253204345703125e-05" /><testcase name="solution_fill_stage_reached" time="6.508827209472656e-05" /><testcase name="prepare_recirculation_stage_reached" time="7.104873657226562e-05" /><testcase name="telemetry_cadence_after_sensor_mode" time="8.797645568847656e-05" /><testcase name="recirculation_ec_peak_observed" time="3.4332275390625e-05" /><testcase name="recirculation_ec_decay_observed" time="2.9087066650390625e-05" /><testcase name="task_not_failed_after_sequential_loop" time="7.271766662597656e-05" /><testcase name="targets_reached_after_sequential_loop" time="3.2901763916015625e-05" /><testcase name="at_least_ten_ae_commands_logged" time="3.814697265625e-05" /><testcase name="irr_state_probe_logged" time="3.743171691894531e-05" /><testcase name="clean_fill_start_logged" time="3.647804260253906e-05" /><testcase name="solution_fill_start_logged" time="3.600120544433594e-05" /><testcase name="prepare_recirculation_start_logged" time="3.528594970703125e-05" /><testcase name="ec_correction_logged_twice" time="3.600120544433594e-05" /><testcase name="sequential_ph_correction_logged" time="2.86102294921875e-05" /><testcase name="runtime_never_resets_node_during_task" time="3.504753112792969e-05" /><testcase name="internal_task_not_failed" time="0.00012373924255371094" /></testsuite></testsuites>