<?xml version='1.0' encoding='utf-8'?>
<testsuites name="E101_ae3_two_tank_realhw_setup_ready" tests="109" failures="0" skipped="1" time="397.01927876472473"><testsuite name="E101_ae3_two_tank_realhw_setup_ready" tests="109" failures="0" skipped="1" time="397.01927876472473"><testcase name="set_test_context" time="4.172325134277344e-05" /><testcase name="capture_scenario_window" time="0.0033495426177978516" /><testcase name="load_zone_context" time="0.006482362747192383" /><testcase name="set_zone_context" time="1.239776611328125e-05" /><testcase name="load_irrig_node" time="0.0025718212127685547" /><testcase name="load_ph_node" time="0.00354766845703125" /><testcase name="load_ec_node" time="0.0009846687316894531" /><testcase name="set_node_ids" time="1.2874603271484375e-05" /><testcase name="publish_irrig_node_config" time="0.23826813697814941" /><testcase name="publish_ph_node_config" time="0.2681591510772705" /><testcase name="publish_ec_node_config" time="0.30349016189575195" /><testcase name="wait_irrigation_level_sensors_registered" time="0.006424665451049805" /><testcase name="load_ec_pump_channel" time="0.0018584728240966797" /><testcase name="load_ph_up_channel" time="0.0004096031188964844" /><testcase name="load_ph_down_channel" time="0.0004112720489501953" /><testcase name="set_correction_channel_ids" time="4.0531158447265625e-06" /><testcase name="wait_zone_ae_runtime_idle_before_cleanup" time="0.0029306411743164062" /><testcase name="cleanup_zone_ae_commands" time="0.001554727554321289" /><testcase name="cleanup_zone_ae_tasks" time="0.0005955696105957031" /><testcase name="cleanup_zone_ae_leases" time="0.00040149688720703125" /><testcase name="cleanup_zone_workflow_state" time="0.0016331672668457031" /><testcase name="cleanup_zone_pid_state" time="0.001062631607055664" /><testcase name="complete_existing_cycles" time="0.0016243457794189453" /><testcase name="switch_zone_to_ae3" time="0.0017118453979492188" /><testcase name="load_test_node_correction_preset" time="0.0010442733764648438" /><testcase name="apply_test_node_correction_preset" time="0.2845945358276367" /><testcase name="cleanup_existing_correction_bindings" time="0.0036551952362060547" /><testcase name="cleanup_existing_correction_infra" time="0.0012583732604980469" /><testcase name="cleanup_existing_e2e_calibrations" time="0.0015482902526855469" /><testcase name="insert_correction_infrastructure" time="0.001252889633178711" /><testcase name="insert_correction_bindings" time="0.0026900768280029297" /><testcase name="insert_correction_calibrations" time="0.002309560775756836" /><testcase name="apply_solution_fill_process_calibration" time="0.28428101539611816" /><testcase name="apply_tank_recirc_process_calibration" time="0.32990241050720215" /><testcase name="apply_irrigation_process_calibration" time="0.43105006217956543" /><testcase name="apply_ae3_logic_profile" time="0.47337937355041504" /><testcase name="create_recipe" time="0.07288694381713867" /><testcase name="load_recipe" time="0.06054997444152832" /><testcase name="set_recipe_id" time="1.0967254638671875e-05" /><testcase name="create_recipe_revision" time="0.006479978561401367" /><testcase name="load_recipe_revision" time="0.0029747486114501953" /><testcase name="set_recipe_revision_id" time="8.344650268554688e-06" /><testcase name="create_grow_cycle" time="0.004468202590942383" /><testcase name="load_grow_cycle" time="0.004702329635620117" /><testcase name="set_grow_cycle_id" time="7.867813110351562e-06" /><testcase name="create_phase" time="0.008858919143676758" /><testcase name="load_phase" time="0.01189422607421875" /><testcase name="set_phase_id" time="5.4836273193359375e-06" /><testcase name="activate_grow_cycle" time="0.006138324737548828" /><testcase name="apply_cycle_start_snapshot" time="0.3311736583709717" /><testcase name="apply_cycle_phase_overrides" time="0.27025413513183594" /><testcase name="wait_grow_cycle_bundle_ready" time="0.0050203800201416016" /><testcase name="reset_test_node_state" time="0.7058382034301758" /><testcase name="wait_reset_state_done" time="0.6110434532165527" /><testcase name="seed_reset_chemistry_off_target" time="0.7441127300262451" /><testcase name="wait_seed_reset_chemistry_done" time="0.22770357131958008" /><testcase name="wait_zero_level_telemetry" time="0.008261919021606445" /><testcase name="insert_scheduler_like_intent" time="0.003480195999145508" /><testcase name="start_cycle_http" time="0.06274914741516113" /><testcase name="set_task_id" time="4.0531158447265625e-06" /><testcase name="wait_ae_command_accepted" time="0.5293164253234863" /><testcase name="wait_startup_commands_published" time="2.571920156478882" /><testcase name="wait_runtime_irr_state_snapshot" time="0.013680696487426758" /><testcase name="wait_task_pending_clean_fill_check" time="0.5188305377960205" /><testcase name="wait_workflow_tank_filling" time="0.0040531158447265625" /><testcase name="force_clean_tank_full" time="0.4684915542602539" /><testcase name="wait_force_clean_tank_full_done" time="0.7611238956451416" /><testcase name="wait_clean_tank_full_telemetry" time="0.002635955810546875" /><testcase name="load_task_after_clean_override" time="0.0007870197296142578" /><testcase name="wait_solution_fill_stage" time="24.8298921585083" /><testcase name="wait_solution_fill_commands" time="0.005437135696411133" /><testcase name="wait_ph_ec_telemetry_available" time="0.0030498504638671875" /><testcase name="force_solution_tank_full" time="0.68076491355896" /><testcase name="wait_force_solution_tank_full_done" time="0.5441079139709473" /><testcase name="wait_fill_ec_correction_command" time="8.872889280319214" /><testcase name="load_fill_ph_correction_commands_if_any" time="0.0009045600891113281" /><testcase name="complete_solution_fill_after_ec_correction" time="0.37601351737976074" /><testcase name="wait_complete_solution_fill_after_ec_correction_done" time="0.622603178024292" /><testcase name="wait_prepare_recirculation_stage" time="10.701200246810913" /><testcase name="wait_prepare_recirculation_commands" time="0.004314422607421875" /><testcase name="wait_recirculation_ec_correction_command" time="9.566809177398682" /><testcase name="load_recirculation_ph_correction_commands_if_any" time="0.03530716896057129" /><testcase name="wait_targets_reached_on_node" time="330.03481459617615"><skipped>Timeout waiting for DB condition: WITH target_match AS (
  SELECT
    'targets_reached'::text AS wait_outcome,
    ph.last_value::text AS ph_value,
    ec.last_value::text AS ec_value,
    ph.last_ts::text AS ph_ts,
    ec.last_ts::text AS ec_ts,
    NULL::text AS task_status,
    NULL::text AS error_code,
    NULL::text AS error_message
  FROM telemetry_last ph
  JOIN sensors phs ON phs.id = ph.sensor_id
  JOIN telemetry_last ec ON true
  JOIN sensors ecs ON ecs.id = ec.sensor_id
  WHERE phs.node_id = CAST(:ph_node_id AS bigint)
    AND phs.type = 'PH'
    AND phs.label = 'ph_sensor'
    AND ecs.node_id = CAST(:ec_node_id AS bigint)
    AND ecs.type = 'EC'
    AND ecs.label = 'ec_sensor'
    AND ph.last_ts &gt;= NOW() - INTERVAL '30 seconds'
    AND ec.last_ts &gt;= NOW() - INTERVAL '30 seconds'
    AND ph.last_value BETWEEN 4.80 AND 5.20
    AND ec.last_value BETWEEN 2.20 AND 2.60
  LIMIT 1
),
task_failed AS (
  SELECT
    'task_failed'::text AS wait_outcome,
    NULL::text AS ph_value,
    NULL::text AS ec_value,
    NULL::text AS ph_ts,
    NULL::text AS ec_ts,
    t.status::text AS task_status,
    COALESCE(t.error_code, '')::text AS error_code,
    COALESCE(t.error_message, '')::text AS error_message
  FROM ae_tasks t
  WHERE t.id = CAST(:task_id AS bigint)
    AND t.status = 'failed'
  LIMIT 1
)
SELECT *
FROM target_match
UNION ALL
SELECT *
FROM task_failed
LIMIT 1
</skipped></testcase><testcase name="load_task_snapshot_after_target_wait" time="0.0010600090026855469" /><testcase name="wait_task_completed" time="0.0012331008911132812" /><testcase name="wait_workflow_ready" time="0.0014197826385498047" /><testcase name="load_targets_reached_from_samples" time="0.006351947784423828" /><testcase name="load_expected_ae_command_counts" time="0.002691984176635742" /><testcase name="count_task_commands" time="0.0007185935974121094" /><testcase name="get_internal_task_status" time="0.0428009033203125" /><testcase name="reset_zero_level_telemetry_ready" time="9.775161743164062e-05" /><testcase name="start_cycle_http_200" time="6.794929504394531e-05" /><testcase name="start_cycle_response_active" time="3.4332275390625e-05" /><testcase name="runtime_task_not_failed" time="4.9591064453125e-05" /><testcase name="runtime_task_pending_clean_fill_check" time="0.00010156631469726562" /><testcase name="workflow_phase_tank_filling" time="4.649162292480469e-05" /><testcase name="solution_fill_stage_reached" time="4.4345855712890625e-05" /><testcase name="prepare_recirculation_stage_reached" time="7.271766662597656e-05" /><testcase name="task_snapshot_captured_before_cleanup" time="3.409385681152344e-05" /><testcase name="task_completed" time="4.100799560546875e-05" /><testcase name="workflow_phase_ready" time="3.886222839355469e-05" /><testcase name="targets_reached_near_completion" time="2.9802322387695312e-05" /><testcase name="at_least_ten_ae_commands_logged" time="3.7670135498046875e-05" /><testcase name="irr_state_probe_logged" time="3.6716461181640625e-05" /><testcase name="clean_fill_start_logged" time="3.600120544433594e-05" /><testcase name="solution_fill_start_logged" time="3.719329833984375e-05" /><testcase name="prepare_recirculation_start_logged" time="3.600120544433594e-05" /><testcase name="ec_correction_logged_twice" time="3.4332275390625e-05" /><testcase name="internal_task_completed" time="4.172325134277344e-05" /></testsuite></testsuites>