<?xml version='1.0' encoding='utf-8'?>
<testsuites name="E89_correction_state_machine_and_duration_aware" tests="11" failures="0" skipped="0" time="0.03992033004760742"><testsuite name="E89_correction_state_machine_and_duration_aware" tests="11" failures="0" skipped="0" time="0.03992033004760742"><testcase name="set_test_zone_uid" time="2.5272369384765625e-05" /><testcase name="capture_scenario_started_at" time="0.004637002944946289" /><testcase name="set_scenario_started_at" time="1.3113021850585938e-05" /><testcase name="get_zone_context" time="0.0062253475189208984" /><testcase name="set_zone_id" time="5.4836273193359375e-06" /><testcase name="get_state_machine_act_count" time="0.015706300735473633" /><testcase name="get_state_machine_cooldown_count" time="0.008224964141845703" /><testcase name="assert_no_legacy_fixed_timeout_reason" time="0.004820346832275391" /><testcase name="assert_state_machine_act_present" time="0.00012636184692382812" /><testcase name="assert_state_machine_cooldown_present" time="8.082389831542969e-05" /><testcase name="assert_no_fixed_timeout_reason" time="5.53131103515625e-05" /></testsuite></testsuites>