<?xml version='1.0' encoding='utf-8'?>
<testsuites name="E93_start_cycle_intent_executor_path" tests="39" failures="0" skipped="0" time="1.8278427124023438"><testsuite name="E93_start_cycle_intent_executor_path" tests="39" failures="0" skipped="0" time="1.8278427124023438"><testcase name="set_test_context" time="2.002716064453125e-05" /><testcase name="get_zone_row" time="0.0022928714752197266" /><testcase name="set_zone_id" time="3.5762786865234375e-06" /><testcase name="ensure_ae3_virtual_irrig_node" time="0.0009584426879882812" /><testcase name="resolve_irrig_node" time="0.00047898292541503906" /><testcase name="set_irrig_node_id" time="3.814697265625e-06" /><testcase name="upsert_irrig_channels" time="0.002142190933227539" /><testcase name="delete_old_level_sensors" time="0.011309385299682617" /><testcase name="insert_level_sensors" time="0.0028450489044189453" /><testcase name="cleanup_zone_ae_commands" time="0.003692150115966797" /><testcase name="cleanup_zone_stage_transitions" time="0.0018296241760253906" /><testcase name="cleanup_zone_ae_tasks" time="0.0014886856079101562" /><testcase name="cleanup_zone_leases" time="0.0007023811340332031" /><testcase name="cleanup_zone_intents" time="0.0014960765838623047" /><testcase name="cleanup_zone_cycles" time="0.0021355152130126953" /><testcase name="create_plant" time="0.14947009086608887" /><testcase name="create_recipe" time="0.14838194847106934" /><testcase name="create_revision" time="0.1530897617340088" /><testcase name="add_phase_0" time="0.14718866348266602" /><testcase name="publish_revision" time="0.1379091739654541" /><testcase name="create_planned_cycle" time="0.28513479232788086" /><testcase name="set_cycle_id" time="3.0994415283203125e-06" /><testcase name="apply_ae3_logic_profile" time="0.2350749969482422" /><testcase name="validate_zone_bundle" time="0.19485712051391602" /><testcase name="validate_cycle_bundle" time="0.17887592315673828" /><testcase name="insert_scheduler_like_intent" time="0.0017092227935791016" /><testcase name="start_cycle_http" time="0.02958989143371582" /><testcase name="set_task_id" time="2.86102294921875e-06" /><testcase name="wait_intent_active" time="0.10192322731018066" /><testcase name="wait_ae_task_accepted" time="0.004596233367919922" /><testcase name="get_internal_task_detail" time="0.027387619018554688" /><testcase name="start_cycle_http_200" time="9.72747802734375e-05" /><testcase name="start_cycle_response_status_ok" time="2.956390380859375e-05" /><testcase name="start_cycle_returns_numeric_task_id" time="3.0994415283203125e-05" /><testcase name="intent_active_status_valid" time="5.53131103515625e-05" /><testcase name="ae_task_status_valid" time="4.4345855712890625e-05" /><testcase name="internal_task_detail_non_failed" time="2.1219253540039062e-05" /><testcase name="internal_task_id_matches_start_cycle_task_id" time="4.6253204345703125e-05" /><testcase name="intent_not_failed_or_cancelled" time="0.0009243488311767578" /></testsuite></testsuites>