<?xml version='1.0' encoding='utf-8'?>
<testsuites name="E62_controller_fault_isolation" tests="15" failures="0" skipped="0" time="27.793744564056396"><testsuite name="E62_controller_fault_isolation" tests="15" failures="0" skipped="0" time="27.793744564056396"><testcase name="get_automation_zone" time="0.0697026252746582" /><testcase name="set_zone_id_from_uid" time="0.007821321487426758" /><testcase name="set_zone_id" time="5.7220458984375e-06" /><testcase name="enable_capabilities" time="0.0021462440490722656" /><testcase name="start_node_simulator" time="5.642771482467651" /><testcase name="enable_test_mode" time="7.62939453125e-06" /><testcase name="inject_climate_error" time="0.026463985443115234" /><testcase name="publish_telemetry_ph" time="2.0022406578063965" /><testcase name="publish_telemetry_temp" time="15.00409460067749" /><testcase name="wait_controller_failed_event" time="0.003551959991455078" /><testcase name="clear_test_hook" time="0.025196313858032227" /><testcase name="controller_failed_event" time="0.0013551712036132812" /><testcase name="other_controllers_working" time="0.0025725364685058594" /><testcase name="Assertion 3" time="5.004731178283691" /><testcase name="controller_cooldown" time="0.0010831356048583984" /></testsuite></testsuites>