<?xml version='1.0' encoding='utf-8'?>
<testsuites name="E107_ae3_irrigation_runtime_node_sim" tests="83" failures="2" skipped="0" time="128.58799862861633"><testsuite name="E107_ae3_irrigation_runtime_node_sim" tests="83" failures="2" skipped="0" time="128.58799862861633"><testcase name="set_test_context" time="4.2438507080078125e-05" /><testcase name="load_zone_context" time="0.021973133087158203" /><testcase name="set_zone_context" time="5.0067901611328125e-06" /><testcase name="set_runtime_api_url" time="0.8246045112609863" /><testcase name="load_irrig_node" time="0.011625289916992188" /><testcase name="load_ph_node" time="0.007901430130004883" /><testcase name="load_ec_node" time="0.004425764083862305" /><testcase name="set_node_ids" time="6.4373016357421875e-06" /><testcase name="wait_zone_ae_runtime_idle_before_cleanup" time="0.01898479461669922" /><testcase name="load_soil_node" time="0.00501561164855957" /><testcase name="set_soil_node_id" time="4.76837158203125e-06" /><testcase name="load_ec_pump_channel" time="0.0016889572143554688" /><testcase name="load_ph_up_channel" time="0.0008778572082519531" /><testcase name="load_ph_down_channel" time="0.0012099742889404297" /><testcase name="set_correction_channel_ids" time="7.152557373046875e-06" /><testcase name="cleanup_zone_ae_commands" time="0.003576517105102539" /><testcase name="cleanup_zone_ae_tasks" time="0.0008904933929443359" /><testcase name="cleanup_zone_ae_leases" time="0.0006747245788574219" /><testcase name="cleanup_zone_workflow_state" time="0.01460123062133789" /><testcase name="cleanup_zone_pid_state" time="0.0033719539642333984" /><testcase name="cleanup_zone_intents" time="0.0033447742462158203" /><testcase name="complete_existing_cycles" time="0.028166532516479492" /><testcase name="switch_zone_to_ae3" time="0.016824007034301758" /><testcase name="load_test_node_correction_preset" time="0.0016636848449707031" /><testcase name="apply_test_node_correction_preset" time="0.44269490242004395" /><testcase name="cleanup_old_runtime_telemetry_samples" time="0.03358650207519531" /><testcase name="cleanup_old_runtime_telemetry_last" time="0.015204906463623047" /><testcase name="cleanup_existing_correction_bindings" time="0.020987272262573242" /><testcase name="cleanup_existing_correction_infra" time="0.017334699630737305" /><testcase name="cleanup_existing_e2e_calibrations" time="0.01893019676208496" /><testcase name="insert_correction_infrastructure" time="0.017180204391479492" /><testcase name="insert_correction_bindings" time="0.023571491241455078" /><testcase name="insert_correction_calibrations" time="0.017768383026123047" /><testcase name="apply_task_logic_profile" time="0.5777966976165771" /><testcase name="create_recipe" time="0.029740333557128906" /><testcase name="load_recipe" time="0.0031125545501708984" /><testcase name="set_recipe_id" time="1.5735626220703125e-05" /><testcase name="create_recipe_revision" time="0.0411379337310791" /><testcase name="load_recipe_revision" time="0.0034754276275634766" /><testcase name="set_recipe_revision_id" time="5.7220458984375e-06" /><testcase name="create_grow_cycle" time="0.024832963943481445" /><testcase name="load_grow_cycle" time="0.0061643123626708984" /><testcase name="set_grow_cycle_id" time="8.344650268554688e-06" /><testcase name="create_phase" time="0.030534982681274414" /><testcase name="load_phase" time="0.0179288387298584" /><testcase name="set_phase_id" time="4.5299530029296875e-06" /><testcase name="activate_grow_cycle" time="0.014991521835327148" /><testcase name="apply_cycle_start_snapshot" time="0.7830781936645508" /><testcase name="apply_cycle_phase_overrides" time="0.8096542358398438" /><testcase name="wait_grow_cycle_bundle_ready" time="0.013967752456665039" /><testcase name="insert_ready_workflow_state" time="0.013887643814086914" /><testcase name="wait_ready_workflow_state" time="0.0007381439208984375" /><testcase name="capture_live_config_publish_window" time="0.0003380775451660156" /><testcase name="publish_irrig_node_config" time="0.7421159744262695" /><testcase name="publish_ph_node_config" time="0.5444478988647461" /><testcase name="publish_ec_node_config" time="0.5903587341308594" /><testcase name="wait_live_namespace_config_reports" time="0.10786581039428711" /><testcase name="activate_ph_sensor_mode" time="0.9890053272247314" /><testcase name="wait_activate_ph_sensor_mode_done" time="1.0701653957366943" /><testcase name="activate_ec_sensor_mode" time="1.0503544807434082" /><testcase name="wait_activate_ec_sensor_mode_done" time="0.6407749652862549" /><testcase name="wait_ph_ec_telemetry_available" time="0.865715742111206" /><testcase name="wait_runtime_sensors_registered" time="0.026733875274658203" /><testcase name="isolate_runtime_sensors_to_node_sim" time="0.008741140365600586" /><testcase name="reset_test_node_state" time="0.9872384071350098" /><testcase name="wait_reset_state_done" time="0.6486730575561523" /><testcase name="set_tank_levels_ready" time="1.299628734588623" /><testcase name="wait_set_tank_levels_ready_done" time="0.3186683654785156" /><testcase name="wait_ready_level_telemetry" time="0.3265867233276367" /><testcase name="set_soil_baseline" time="0.8030896186828613" /><testcase name="wait_soil_baseline_done" time="0.7217977046966553" /><testcase name="wait_soil_baseline_telemetry" time="0.5348620414733887" /><testcase name="isolate_runtime_sensors_before_task_start" time="0.00534820556640625" /><testcase name="seed_off_target_before_inline_correction_run" time="0.9752864837646484" /><testcase name="wait_seed_off_target_done" time="0.7207963466644287" /><testcase name="start_irrigation_task" time="1.1293561458587646" /><testcase name="set_task_run_id" time="4.0531158447265625e-06" /><testcase name="wait_task_run_commands_started" time="15.161685228347778" /><testcase name="wait_inline_correction_state_persisted" time="32.93662929534912" /><testcase name="wait_inline_any_dose_command" time="1.373016119003296" /><testcase name="wait_task_run_completed" time="60.03444957733154"><failure message="Timeout waiting for DB condition: SELECT&#10;  id,&#10;  status,&#10;  current_stage,&#10;  workflow_phase,&#10;  irrigation_decision_strategy,&#10;  irrigation_decision_outcome,&#10;  irrigation_decision_reason_code&#10;FROM ae_tasks&#10;WHERE id = CAST(:task_id AS bigint)&#10;  AND status = 'completed'&#10;  AND current_stage = 'completed_run'&#10;LIMIT 1&#10;">Timeout waiting for DB condition: SELECT
  id,
  status,
  current_stage,
  workflow_phase,
  irrigation_decision_strategy,
  irrigation_decision_outcome,
  irrigation_decision_reason_code
FROM ae_tasks
WHERE id = CAST(:task_id AS bigint)
  AND status = 'completed'
  AND current_stage = 'completed_run'
LIMIT 1
</failure></testcase><testcase name="task_strategy_task_created" time="0.01983356475830078" /><testcase name="smart_soil_high_skips_irrigation" time="0.0046100616455078125"><failure message="invalid input syntax for type bigint: &quot;&quot;&#10;CONTEXT:  unnamed portal parameter $1 = ''">invalid input syntax for type bigint: ""
CONTEXT:  unnamed portal parameter $1 = ''</failure></testcase></testsuite></testsuites>