<?xml version='1.0' encoding='utf-8'?>
<testsuites name="E100_ae3_two_tank_realhw_smoke" tests="70" failures="0" skipped="0" time="6.469233989715576"><testsuite name="E100_ae3_two_tank_realhw_smoke" tests="70" failures="0" skipped="0" time="6.469233989715576"><testcase name="set_test_context" time="4.38690185546875e-05" /><testcase name="capture_scenario_window" time="0.0031995773315429688" /><testcase name="load_zone_context" time="0.0057294368743896484" /><testcase name="set_zone_context" time="7.3909759521484375e-06" /><testcase name="resolve_irrig_node" time="0.003409862518310547" /><testcase name="attach_irrig_node_to_zone" time="0.0008168220520019531" /><testcase name="resolve_ph_node" time="0.0008447170257568359" /><testcase name="attach_ph_node_to_zone" time="0.000644683837890625" /><testcase name="resolve_ec_node" time="0.0005726814270019531" /><testcase name="attach_ec_node_to_zone" time="0.0003743171691894531" /><testcase name="set_node_ids" time="1.4066696166992188e-05" /><testcase name="load_ec_pump_channel" time="0.0010492801666259766" /><testcase name="load_ph_up_channel" time="0.0003266334533691406" /><testcase name="load_ph_down_channel" time="0.00033354759216308594" /><testcase name="set_correction_channel_ids" time="4.0531158447265625e-06" /><testcase name="cleanup_zone_ae_commands" time="0.002426624298095703" /><testcase name="cleanup_zone_ae_tasks" time="0.00042510032653808594" /><testcase name="cleanup_zone_ae_leases" time="0.0006184577941894531" /><testcase name="cleanup_zone_workflow_state" time="0.001409769058227539" /><testcase name="complete_existing_cycles" time="0.0018646717071533203" /><testcase name="switch_zone_to_ae3" time="0.0015349388122558594" /><testcase name="upsert_irrig_channels" time="0.0012922286987304688" /><testcase name="delete_old_level_sensors" time="0.0046329498291015625" /><testcase name="insert_level_sensors" time="0.002735137939453125" /><testcase name="upsert_sensor_mode_channels" time="0.00098419189453125" /><testcase name="cleanup_existing_correction_bindings" time="0.0018036365509033203" /><testcase name="cleanup_existing_correction_infra" time="0.0010921955108642578" /><testcase name="cleanup_existing_e2e_calibrations" time="0.0013756752014160156" /><testcase name="insert_correction_infrastructure" time="0.0008780956268310547" /><testcase name="insert_correction_bindings" time="0.002237558364868164" /><testcase name="insert_correction_calibrations" time="0.002002716064453125" /><testcase name="deactivate_active_profiles" time="0.0014729499816894531" /><testcase name="insert_ae3_profile" time="0.0016472339630126953" /><testcase name="create_recipe" time="0.0010263919830322266" /><testcase name="load_recipe" time="0.00047850608825683594" /><testcase name="set_recipe_id" time="3.0994415283203125e-06" /><testcase name="create_recipe_revision" time="0.0018243789672851562" /><testcase name="load_recipe_revision" time="0.00041961669921875" /><testcase name="set_recipe_revision_id" time="2.6226043701171875e-06" /><testcase name="create_grow_cycle" time="0.0025780200958251953" /><testcase name="load_grow_cycle" time="0.0004076957702636719" /><testcase name="set_grow_cycle_id" time="2.6226043701171875e-06" /><testcase name="create_phase" time="0.0017464160919189453" /><testcase name="load_phase" time="0.0003864765167236328" /><testcase name="set_phase_id" time="2.86102294921875e-06" /><testcase name="activate_grow_cycle" time="0.0009531974792480469" /><testcase name="reset_test_node_state" time="0.15876126289367676" /><testcase name="wait_reset_state_done" time="0.2219524383544922" /><testcase name="wait_zero_level_telemetry" time="2.8227553367614746" /><testcase name="insert_scheduler_like_intent" time="0.0018982887268066406" /><testcase name="start_cycle_http" time="0.036695241928100586" /><testcase name="set_task_id" time="4.291534423828125e-06" /><testcase name="wait_ae_command_accepted" time="0.20306015014648438" /><testcase name="wait_expected_ae_commands_published" time="2.4192616939544678" /><testcase name="wait_runtime_irr_state_snapshot" time="0.012987852096557617" /><testcase name="wait_task_requeued_clean_fill_check" time="0.5058250427246094" /><testcase name="wait_workflow_tank_filling" time="0.001374959945678711" /><testcase name="count_task_commands" time="0.0004184246063232422" /><testcase name="load_expected_ae_command_counts" time="0.0004260540008544922" /><testcase name="get_internal_task_status" time="0.02564525604248047" /><testcase name="reset_zero_level_telemetry_ready" time="0.00010418891906738281" /><testcase name="start_cycle_http_200" time="3.8623809814453125e-05" /><testcase name="start_cycle_response_active" time="2.574920654296875e-05" /><testcase name="runtime_task_not_failed" time="6.008148193359375e-05" /><testcase name="runtime_task_pending_clean_fill_check" time="9.083747863769531e-05" /><testcase name="workflow_phase_tank_filling" time="5.53131103515625e-05" /><testcase name="at_least_two_ae_commands_logged" time="4.4345855712890625e-05" /><testcase name="irr_state_probe_logged" time="4.863739013671875e-05" /><testcase name="clean_fill_start_logged" time="3.218650817871094e-05" /><testcase name="internal_task_pending" time="3.075599670410156e-05" /></testsuite></testsuites>