<?xml version='1.0' encoding='utf-8'?>
<testsuites name="E13_duplicate_cmd_response" tests="13" failures="0" skipped="2" time="14.971007823944092"><testsuite name="E13_duplicate_cmd_response" tests="13" failures="0" skipped="2" time="14.971007823944092"><testcase name="set_test_uids" time="1.9073486328125e-05" /><testcase name="start_node_simulator" time="6.764451026916504" /><testcase name="fetch_node_id" time="0.00146484375" /><testcase name="find_test_zone_and_node" time="3.814697265625e-06" /><testcase name="subscribe_ws_commands" time="1.3251099586486816" /><testcase name="send_command" time="2.8608858585357666" /><testcase name="set_command_id_from_response" time="0.0005996227264404297" /><testcase name="fetch_command_id_from_db" time="0.00015115737915039062"><skipped>Condition is false: ${!command_id || command_id == '' || command_id == null}</skipped></testcase><testcase name="set_command_id_from_db" time="0.00018930435180664062"><skipped>Condition is false: ${(!command_id || command_id == '' || command_id == null) &amp;&amp; command_from_db &amp;&amp; len(command_from_db) &gt; 0 &amp;&amp; command_from_db[0].cmd_id}</skipped></testcase><testcase name="node_sends_done_first" time="2.0015182495117188" /><testcase name="node_sends_done_duplicate" time="2.0008022785186768" /><testcase name="command_reaches_final_status_done" time="0.014319419860839844" /><testcase name="assert_status_is_done" time="0.001493215560913086" /></testsuite></testsuites>