<?xml version='1.0' encoding='utf-8'?>
<testsuites name="E113_ae3_prepare_recirc_solution_low_to_setup_realhw" tests="90" failures="0" skipped="0" time="111.48070693016052"><testsuite name="E113_ae3_prepare_recirc_solution_low_to_setup_realhw" tests="90" failures="0" skipped="0" time="111.48070693016052"><testcase name="set_test_context" time="4.124641418457031e-05" /><testcase name="capture_scenario_window" time="0.006135463714599609" /><testcase name="load_zone_context" time="0.008669614791870117" /><testcase name="set_zone_context" time="9.5367431640625e-06" /><testcase name="load_irrig_node" time="0.003726959228515625" /><testcase name="load_ph_node" time="0.003865480422973633" /><testcase name="load_ec_node" time="0.001976490020751953" /><testcase name="set_node_ids" time="3.409385681152344e-05" /><testcase name="publish_irrig_node_config" time="0.8887441158294678" /><testcase name="publish_ph_node_config" time="0.2815372943878174" /><testcase name="publish_ec_node_config" time="0.2828848361968994" /><testcase name="wait_irrigation_level_sensors_registered" time="0.003177165985107422" /><testcase name="load_ec_pump_channel" time="0.0007109642028808594" /><testcase name="load_ph_up_channel" time="0.0006563663482666016" /><testcase name="load_ph_down_channel" time="0.0018491744995117188" /><testcase name="set_correction_channel_ids" time="4.5299530029296875e-06" /><testcase name="wait_zone_ae_runtime_idle_before_cleanup" time="0.006050586700439453" /><testcase name="cleanup_zone_ae_commands" time="0.00287628173828125" /><testcase name="cleanup_zone_ae_tasks" time="0.0006351470947265625" /><testcase name="cleanup_zone_ae_leases" time="0.0004904270172119141" /><testcase name="cleanup_zone_workflow_state" time="0.00460362434387207" /><testcase name="cleanup_zone_pid_state" time="0.002346038818359375" /><testcase name="complete_existing_cycles" time="0.005028486251831055" /><testcase name="switch_zone_to_ae3" time="0.003462553024291992" /><testcase name="load_test_node_correction_preset" time="0.001180410385131836" /><testcase name="apply_test_node_correction_preset" time="0.39077138900756836" /><testcase name="cleanup_existing_correction_bindings" time="0.002283334732055664" /><testcase name="cleanup_existing_correction_infra" time="0.002552509307861328" /><testcase name="cleanup_existing_e2e_calibrations" time="0.005144357681274414" /><testcase name="insert_correction_infrastructure" time="0.023155927658081055" /><testcase name="insert_correction_bindings" time="0.0044591426849365234" /><testcase name="insert_correction_calibrations" time="0.0032732486724853516" /><testcase name="apply_solution_fill_process_calibration" time="0.7700786590576172" /><testcase name="apply_tank_recirc_process_calibration" time="0.3569469451904297" /><testcase name="apply_irrigation_process_calibration" time="0.3437039852142334" /><testcase name="apply_ae3_logic_profile" time="0.4431748390197754" /><testcase name="create_recipe" time="0.0029387474060058594" /><testcase name="load_recipe" time="0.0011758804321289062" /><testcase name="set_recipe_id" time="4.76837158203125e-06" /><testcase name="create_recipe_revision" time="0.003286123275756836" /><testcase name="load_recipe_revision" time="0.0015523433685302734" /><testcase name="set_recipe_revision_id" time="3.814697265625e-06" /><testcase name="create_grow_cycle" time="0.006899118423461914" /><testcase name="load_grow_cycle" time="0.0007557868957519531" /><testcase name="set_grow_cycle_id" time="3.814697265625e-06" /><testcase name="create_phase" time="0.0025937557220458984" /><testcase name="load_phase" time="0.0008399486541748047" /><testcase name="set_phase_id" time="4.291534423828125e-06" /><testcase name="activate_grow_cycle" time="0.005399942398071289" /><testcase name="apply_cycle_start_snapshot" time="0.3101058006286621" /><testcase name="apply_cycle_phase_overrides" time="0.2942535877227783" /><testcase name="wait_grow_cycle_bundle_ready" time="0.005415678024291992" /><testcase name="reset_test_node_state" time="0.36641645431518555" /><testcase name="wait_reset_state_done" time="1.1073517799377441" /><testcase name="reset_test_node_state_confirm" time="0.4324076175689697" /><testcase name="wait_reset_state_done_confirm" time="1.0521998405456543" /><testcase name="wait_zero_level_telemetry" time="0.01048898696899414" /><testcase name="insert_scheduler_like_intent" time="0.009991168975830078" /><testcase name="start_cycle_http" time="0.15424370765686035" /><testcase name="set_task_id" time="3.5762786865234375e-06" /><testcase name="wait_ae_command_accepted" time="0.6338801383972168" /><testcase name="wait_startup_commands_published" time="2.9616317749023438" /><testcase name="wait_runtime_irr_state_snapshot" time="0.022371768951416016" /><testcase name="wait_task_pending_clean_fill_check" time="1.224780797958374" /><testcase name="wait_workflow_tank_filling" time="0.0032432079315185547" /><testcase name="force_clean_tank_full" time="0.3964426517486572" /><testcase name="wait_force_clean_tank_full_done" time="0.5268104076385498" /><testcase name="wait_clean_tank_full_telemetry" time="0.004180431365966797" /><testcase name="load_task_after_clean_override" time="0.0009121894836425781" /><testcase name="wait_solution_fill_stage" time="30.4973042011261" /><testcase name="wait_solution_fill_commands" time="0.005570411682128906" /><testcase name="wait_ph_ec_telemetry_available" time="0.0019252300262451172" /><testcase name="force_solution_tank_full" time="0.38866400718688965" /><testcase name="wait_force_solution_tank_full_done" time="1.1501905918121338" /><testcase name="wait_fill_ec_correction_command" time="16.715436697006226" /><testcase name="load_fill_ph_correction_commands_if_any" time="0.013048410415649414" /><testcase name="complete_solution_fill_after_ec_correction" time="0.4997446537017822" /><testcase name="wait_complete_solution_fill_after_ec_correction_done" time="3.6586880683898926" /><testcase name="wait_prepare_recirculation_stage" time="19.47556710243225" /><testcase name="wait_prepare_recirculation_commands" time="0.0053730010986328125" /><testcase name="trigger_solution_min_depleted_during_prepare" time="0.43124985694885254" /><testcase name="wait_solution_low_trigger_done" time="1.291290283203125" /><testcase name="wait_solution_min_telemetry_low" time="0.01570725440979004" /><testcase name="wait_prepare_solution_low_stop_or_startup" time="17.867247581481934" /><testcase name="wait_setup_restart_after_solution_low" time="6.013518810272217" /><testcase name="assert_no_effect_block_cleared" time="0.0014843940734863281" /><testcase name="assert_solution_low_to_setup_event" time="0.035689353942871094" /><testcase name="task_did_not_terminal_fail_on_solution_low" time="0.0027306079864501953" /><testcase name="setup_restart_reached_after_solution_low" time="0.005917549133300781" /><testcase name="no_effect_block_cleared_or_absent" time="0.0055277347564697266" /></testsuite></testsuites>