<?xml version='1.0' encoding='utf-8'?>
<testsuites name="E01_bootstrap" tests="14" failures="0" skipped="0" time="10.952421188354492"><testsuite name="E01_bootstrap" tests="14" failures="0" skipped="0" time="10.952421188354492"><testcase name="start_node_simulator" time="5.632642984390259" /><testcase name="get_zones" time="0.07388043403625488" /><testcase name="get_nodes" time="0.07533645629882812" /><testcase name="find_test_zone_and_node" time="1.0728836059570312e-05" /><testcase name="find_zone_by_uid" time="0.07610869407653809" /><testcase name="find_node_by_uid" time="0.07591629028320312" /><testcase name="fetch_zone_id" time="0.0073854923248291016" /><testcase name="fetch_node_id" time="0.002100706100463867" /><testcase name="set_zone_and_node_ids" time="3.0994415283203125e-06" /><testcase name="debug_variables" time="2.1457672119140625e-06" /><testcase name="wait_for_telemetry_publish" time="5.005107641220093" /><testcase name="telemetry_in_db" time="0.0031442642211914062" /><testcase name="node_status_online" time="0.00045490264892578125" /><testcase name="node_attached_to_zone" time="0.0003273487091064453" /></testsuite></testsuites>