<?xml version='1.0' encoding='utf-8'?>
<testsuites name="E109_ae3_irrigation_inline_correction_test_node" tests="71" failures="2" skipped="0" time="83.61215734481812"><testsuite name="E109_ae3_irrigation_inline_correction_test_node" tests="71" failures="2" skipped="0" time="83.61215734481812"><testcase name="set_test_context" time="2.6702880859375e-05" /><testcase name="load_zone_context" time="0.008670806884765625" /><testcase name="set_zone_context" time="8.106231689453125e-06" /><testcase name="set_runtime_api_url" time="0.2148585319519043" /><testcase name="load_irrig_node" time="0.003253936767578125" /><testcase name="load_ph_node" time="0.003657817840576172" /><testcase name="load_ec_node" time="0.0009765625" /><testcase name="set_node_ids" time="3.814697265625e-06" /><testcase name="load_ec_pump_channel" time="0.00035643577575683594" /><testcase name="load_ph_up_channel" time="0.0015163421630859375" /><testcase name="load_ph_down_channel" time="0.00041794776916503906" /><testcase name="set_correction_channel_ids" time="4.0531158447265625e-06" /><testcase name="publish_irrig_node_config" time="0.2003772258758545" /><testcase name="publish_ph_node_config" time="0.19749832153320312" /><testcase name="publish_ec_node_config" time="0.23715424537658691" /><testcase name="wait_zone_ae_runtime_idle_before_cleanup" time="0.003535032272338867" /><testcase name="cleanup_zone_ae_commands" time="0.0025942325592041016" /><testcase name="cleanup_zone_ae_tasks" time="0.001994609832763672" /><testcase name="cleanup_zone_ae_leases" time="0.0004143714904785156" /><testcase name="complete_existing_cycles" time="0.0026094913482666016" /><testcase name="switch_zone_to_ae3" time="0.00174713134765625" /><testcase name="load_test_node_correction_preset" time="0.0009980201721191406" /><testcase name="apply_test_node_correction_preset" time="0.19892597198486328" /><testcase name="cleanup_existing_correction_bindings" time="0.002023935317993164" /><testcase name="cleanup_existing_correction_infra" time="0.0018985271453857422" /><testcase name="cleanup_existing_e2e_calibrations" time="0.0014963150024414062" /><testcase name="insert_correction_infrastructure" time="0.0010523796081542969" /><testcase name="insert_correction_bindings" time="0.0020377635955810547" /><testcase name="insert_correction_calibrations" time="0.0015254020690917969" /><testcase name="wait_runtime_level_sensors_registered" time="0.0024726390838623047" /><testcase name="activate_ph_sensor_mode" time="0.23122048377990723" /><testcase name="wait_activate_ph_sensor_mode_done" time="0.2219982147216797" /><testcase name="activate_ec_sensor_mode" time="0.22759008407592773" /><testcase name="wait_activate_ec_sensor_mode_done" time="0.3087759017944336" /><testcase name="wait_runtime_ph_ec_telemetry_available" time="0.0018601417541503906" /><testcase name="cleanup_runtime_telemetry" time="0.0020956993103027344" /><testcase name="cleanup_runtime_telemetry_last" time="0.0012378692626953125" /><testcase name="apply_task_logic_profile" time="0.24039578437805176" /><testcase name="create_recipe" time="0.0016558170318603516" /><testcase name="load_recipe" time="0.0005924701690673828" /><testcase name="set_recipe_id" time="2.86102294921875e-06" /><testcase name="create_recipe_revision" time="0.0014908313751220703" /><testcase name="load_recipe_revision" time="0.0007631778717041016" /><testcase name="set_recipe_revision_id" time="3.5762786865234375e-06" /><testcase name="create_grow_cycle" time="0.002521038055419922" /><testcase name="load_grow_cycle" time="0.0005855560302734375" /><testcase name="set_grow_cycle_id" time="2.86102294921875e-06" /><testcase name="create_phase" time="0.002124786376953125" /><testcase name="load_phase" time="0.000690460205078125" /><testcase name="set_phase_id" time="3.337860107421875e-06" /><testcase name="activate_grow_cycle" time="0.0015773773193359375" /><testcase name="apply_cycle_start_snapshot" time="0.21637678146362305" /><testcase name="apply_cycle_phase_overrides" time="0.2068488597869873" /><testcase name="wait_grow_cycle_bundle_ready" time="0.0012874603271484375" /><testcase name="set_ready_levels_and_targets" time="0.2421882152557373" /><testcase name="wait_ready_levels_done" time="0.3098490238189697" /><testcase name="wait_ready_seed_telemetry" time="0.003115415573120117" /><testcase name="cleanup_zone_workflow_state" time="0.0013887882232666016" /><testcase name="insert_ready_workflow_state" time="0.0009925365447998047" /><testcase name="wait_ready_workflow_state" time="0.0005340576171875" /><testcase name="enable_inline_correction_during_irrigation" time="0.0013098716735839844" /><testcase name="seed_off_target_for_irrigation_check" time="0.23285794258117676" /><testcase name="wait_seed_done" time="0.30434226989746094" /><testcase name="start_irrigation_inline" time="0.2717745304107666" /><testcase name="set_irrig_task_id" time="3.0994415283203125e-06" /><testcase name="wait_irrigation_started_commands" time="3.6316745281219482" /><testcase name="wait_correction_decision_for_dual_gap" time="12.733627557754517" /><testcase name="wait_ec_dose_command_during_irrigation" time="3.0616421699523926" /><testcase name="wait_main_pump_snapshot_before_ec_dose" time="60.04722881317139"><failure message="Timeout waiting for DB condition: SELECT snap.id, snap.created_at&#10;FROM zone_events snap&#10;WHERE snap.zone_id = :zone_id&#10;  AND snap.type = 'IRR_STATE_SNAPSHOT'&#10;  AND COALESCE(snap.details-&gt;'snapshot'-&gt;&gt;'pump_main', 'false') = 'true'&#10;  AND snap.created_at &lt;= CAST(:ec_dose_created_at AS timestamptz)&#10;ORDER BY snap.created_at DESC&#10;LIMIT 1&#10;">Timeout waiting for DB condition: SELECT snap.id, snap.created_at
FROM zone_events snap
WHERE snap.zone_id = :zone_id
  AND snap.type = 'IRR_STATE_SNAPSHOT'
  AND COALESCE(snap.details-&gt;'snapshot'-&gt;&gt;'pump_main', 'false') = 'true'
  AND snap.created_at &lt;= CAST(:ec_dose_created_at AS timestamptz)
ORDER BY snap.created_at DESC
LIMIT 1
</failure></testcase><testcase name="inline_correction_decision_keeps_dual_gap_and_ec_first" time="0.0024750232696533203" /><testcase name="inline_correction_keeps_main_pump_active_at_ec_dose" time="0.0013453960418701172"><failure message="Expected field 'cnt' &gt;= 1, got 0">Expected field 'cnt' &gt;= 1, got 0</failure></testcase></testsuite></testsuites>