<?xml version='1.0' encoding='utf-8'?>
<testsuites name="E87_ec_ph_correction_during_fill" tests="72" failures="2" skipped="2" time="133.73118662834167"><testsuite name="E87_ec_ph_correction_during_fill" tests="72" failures="2" skipped="2" time="133.73118662834167"><testcase name="set_test_zone_uid" time="1.9073486328125e-05" /><testcase name="set_test_node_uid" time="1.52587890625e-05" /><testcase name="set_test_ec_node_uid" time="1.049041748046875e-05" /><testcase name="set_test_ph_node_uid" time="1.239776611328125e-05" /><testcase name="get_zone_context" time="0.005653858184814453" /><testcase name="set_zone_id" time="5.245208740234375e-06" /><testcase name="enable_zone_correction_capabilities" time="0.0014064311981201172" /><testcase name="cleanup_grow_cycles" time="0.0018589496612548828" /><testcase name="reset_correction_cooldown_history" time="0.01561594009399414" /><testcase name="get_irrig_node" time="0.0018572807312011719" /><testcase name="set_irrig_node_id" time="4.291534423828125e-06" /><testcase name="get_ec_node" time="0.0016818046569824219" /><testcase name="set_ec_node_id" time="5.9604644775390625e-06" /><testcase name="get_ph_node" time="0.0014216899871826172" /><testcase name="set_ph_node_id" time="2.5987625122070312e-05" /><testcase name="upsert_irrig_channels" time="0.015210390090942383" /><testcase name="publish_reset_pump_main_off" time="0.33130311965942383" /><testcase name="wait_reset_pump_main_done" time="0.2405862808227539" /><testcase name="publish_reset_valve_clean_fill_off" time="0.3163940906524658" /><testcase name="wait_reset_valve_clean_fill_done" time="0.005099296569824219" /><testcase name="publish_reset_valve_clean_supply_off" time="0.23856830596923828" /><testcase name="wait_reset_valve_clean_supply_done" time="0.11380553245544434" /><testcase name="publish_reset_valve_solution_fill_off" time="0.2965667247772217" /><testcase name="wait_reset_valve_solution_fill_done" time="0.11184525489807129" /><testcase name="publish_reset_valve_solution_supply_off" time="0.22838163375854492" /><testcase name="wait_reset_valve_solution_supply_done" time="0.11737918853759766" /><testcase name="ensure_ec_channel_calibration" time="0.007872343063354492" /><testcase name="upsert_ec_actuator_channel" time="0.0014028549194335938" /><testcase name="upsert_ph_actuator_channel" time="0.001299142837524414" /><testcase name="cleanup_ec_ph_role_bindings" time="0.0013496875762939453" /><testcase name="delete_old_level_sensors" time="0.003947257995605469" /><testcase name="insert_level_sensors" time="0.006465435028076172" /><testcase name="delete_old_ec_ph_sensors" time="0.005675077438354492" /><testcase name="insert_ec_sensor" time="0.0024785995483398438" /><testcase name="insert_ph_sensor" time="0.0020904541015625" /><testcase name="init_telemetry_all_empty" time="0.005674839019775391" /><testcase name="set_clean_tank_full" time="0.004201650619506836" /><testcase name="set_solution_min_level_for_correction" time="0.007152557373046875" /><testcase name="set_ec_low" time="0.0017986297607421875" /><testcase name="set_ph_high" time="0.003262042999267578" /><testcase name="insert_ec_ph_samples" time="0.010263442993164062" /><testcase name="delete_old_infra_instance" time="0.0026645660400390625" /><testcase name="insert_infra_instance" time="0.001867532730102539" /><testcase name="set_infra_instance_id" time="7.3909759521484375e-06" /><testcase name="bind_ec_npk_pump" time="0.020984411239624023" /><testcase name="ensure_ec_npk_bound_channel_calibration" time="0.002249002456665039" /><testcase name="bind_ph_acid_pump" time="0.004851579666137695" /><testcase name="assert_ec_npk_calibration_ready" time="5.0801122188568115"><skipped>Timeout waiting for DB condition: SELECT
  nc.id,
  nc.channel,
  (nc.config-&gt;'pump_calibration'-&gt;&gt;'ml_per_sec')::numeric AS ml_per_sec
FROM node_channels nc
WHERE nc.node_id = :ec_nid
  AND nc.channel = 'pump_a'
  AND (nc.config-&gt;'pump_calibration'-&gt;&gt;'ml_per_sec') ~ '^[0-9]+(\\.[0-9]+)?$'
  AND (nc.config-&gt;'pump_calibration'-&gt;&gt;'ml_per_sec')::numeric &gt; 0
LIMIT 1
</skipped></testcase><testcase name="create_plant" time="0.08327078819274902" /><testcase name="create_recipe" time="0.09099912643432617" /><testcase name="create_revision" time="0.08405137062072754" /><testcase name="add_phase" time="0.07587265968322754" /><testcase name="publish_revision" time="0.08801937103271484" /><testcase name="restart_automation_engine_stop" time="9.078691482543945" /><testcase name="wait_after_automation_engine_stop" time="2.0012707710266113" /><testcase name="restart_automation_engine_start" time="3.835101366043091" /><testcase name="wait_after_automation_engine_start" time="5.004500389099121" /><testcase name="reset_correction_cooldown_history_prestart" time="0.007465362548828125" /><testcase name="reinforce_level_telemetry_before_start" time="0.003663778305053711" /><testcase name="reinforce_ec_ph_telemetry_before_start" time="0.001752614974975586" /><testcase name="reinforce_ec_ph_samples_before_start" time="0.0026929378509521484" /><testcase name="publish_prestart_reset_pump_main_off" time="0.2794468402862549" /><testcase name="wait_prestart_reset_pump_main_done" time="0.34012866020202637" /><testcase name="ensure_ec_npk_calibration_prestart" time="0.008379936218261719" /><testcase name="assert_ec_npk_calibration_prestart" time="5.082102298736572"><skipped>Timeout waiting for DB condition: SELECT
  nc.id,
  (nc.config-&gt;'pump_calibration'-&gt;&gt;'ml_per_sec')::numeric AS ml_per_sec
FROM node_channels nc
WHERE nc.node_id = :ec_nid
  AND nc.channel = 'pump_a'
  AND (nc.config-&gt;'pump_calibration'-&gt;&gt;'ml_per_sec') ~ '^[0-9]+(\\.[0-9]+)?$'
  AND (nc.config-&gt;'pump_calibration'-&gt;&gt;'ml_per_sec')::numeric &gt; 0
LIMIT 1
</skipped></testcase><testcase name="capture_run_started_at" time="0.0017998218536376953" /><testcase name="set_run_started_at" time="0.0001621246337890625" /><testcase name="create_grow_cycle" time="0.16519498825073242" /><testcase name="set_cycle_id" time="4.291534423828125e-06" /><testcase name="start_grow_cycle" time="0.14361310005187988" /><testcase name="wait_for_solution_fill_start" time="90.08418726921082"><failure message="Timeout waiting for DB condition: SELECT id, cmd, channel&#10;FROM commands&#10;WHERE zone_id = :zid&#10;  AND cmd = 'set_relay'&#10;  AND channel = 'valve_clean_supply'&#10;  AND created_at &gt; :started_at&#10;LIMIT 1&#10;">Timeout waiting for DB condition: SELECT id, cmd, channel
FROM commands
WHERE zone_id = :zid
  AND cmd = 'set_relay'
  AND channel = 'valve_clean_supply'
  AND created_at &gt; :started_at
LIMIT 1
</failure></testcase><testcase name="solution_fill_started" time="10.046410083770752"><failure message="Timeout waiting for DB condition: SELECT id, type&#10;FROM zone_events&#10;WHERE zone_id = :zid&#10;  AND type = 'SOLUTION_FILL_STARTED'&#10;  AND created_at &gt; :started_at&#10;LIMIT 1&#10;">Timeout waiting for DB condition: SELECT id, type
FROM zone_events
WHERE zone_id = :zid
  AND type = 'SOLUTION_FILL_STARTED'
  AND created_at &gt; :started_at
LIMIT 1
</failure></testcase></testsuite></testsuites>