<?xml version='1.0' encoding='utf-8'?>
<testsuites name="E101_ae3_two_tank_realhw_ready_during_fill" tests="102" failures="0" skipped="0" time="44.19861841201782"><testsuite name="E101_ae3_two_tank_realhw_ready_during_fill" tests="102" failures="0" skipped="0" time="44.19861841201782"><testcase name="set_test_context" time="3.743171691894531e-05" /><testcase name="capture_scenario_window" time="0.003144502639770508" /><testcase name="load_zone_context" time="0.0056951045989990234" /><testcase name="set_zone_context" time="7.3909759521484375e-06" /><testcase name="load_irrig_node" time="0.0022678375244140625" /><testcase name="load_ph_node" time="0.003185272216796875" /><testcase name="load_ec_node" time="0.0006499290466308594" /><testcase name="set_node_ids" time="9.775161743164062e-06" /><testcase name="load_ec_pump_channel" time="0.00034809112548828125" /><testcase name="load_ph_up_channel" time="0.0003120899200439453" /><testcase name="load_ph_down_channel" time="0.0003135204315185547" /><testcase name="set_correction_channel_ids" time="3.5762786865234375e-06" /><testcase name="cleanup_zone_ae_commands" time="0.0028231143951416016" /><testcase name="cleanup_zone_ae_tasks" time="0.000370025634765625" /><testcase name="cleanup_zone_ae_leases" time="0.0005712509155273438" /><testcase name="cleanup_zone_workflow_state" time="0.0007352828979492188" /><testcase name="cleanup_zone_pid_state" time="0.0008258819580078125" /><testcase name="complete_existing_cycles" time="0.0012891292572021484" /><testcase name="switch_zone_to_ae3" time="0.0014553070068359375" /><testcase name="load_test_node_correction_preset" time="0.0011136531829833984" /><testcase name="apply_test_node_correction_preset" time="0.20069456100463867" /><testcase name="upsert_irrig_channels" time="0.0016026496887207031" /><testcase name="delete_old_level_sensors" time="0.004044771194458008" /><testcase name="insert_level_sensors" time="0.0027856826782226562" /><testcase name="cleanup_ph_ec_sensors" time="0.0011591911315917969" /><testcase name="insert_ph_ec_sensors" time="0.0013072490692138672" /><testcase name="upsert_sensor_mode_channels" time="0.0008120536804199219" /><testcase name="cleanup_existing_correction_bindings" time="0.0017864704132080078" /><testcase name="cleanup_existing_correction_infra" time="0.0016717910766601562" /><testcase name="cleanup_existing_e2e_calibrations" time="0.0018310546875" /><testcase name="insert_correction_infrastructure" time="0.0008182525634765625" /><testcase name="insert_correction_bindings" time="0.001703023910522461" /><testcase name="insert_correction_calibrations" time="0.0016698837280273438" /><testcase name="apply_solution_fill_process_calibration" time="0.20189309120178223" /><testcase name="apply_tank_recirc_process_calibration" time="0.2161555290222168" /><testcase name="apply_irrigation_process_calibration" time="0.22095513343811035" /><testcase name="apply_ae3_logic_profile" time="0.19826674461364746" /><testcase name="create_recipe" time="0.0019865036010742188" /><testcase name="load_recipe" time="0.0008294582366943359" /><testcase name="set_recipe_id" time="3.5762786865234375e-06" /><testcase name="create_recipe_revision" time="0.0023429393768310547" /><testcase name="load_recipe_revision" time="0.0007104873657226562" /><testcase name="set_recipe_revision_id" time="3.814697265625e-06" /><testcase name="create_grow_cycle" time="0.002319812774658203" /><testcase name="load_grow_cycle" time="0.0004794597625732422" /><testcase name="set_grow_cycle_id" time="2.86102294921875e-06" /><testcase name="create_phase" time="0.0017900466918945312" /><testcase name="load_phase" time="0.00039076805114746094" /><testcase name="set_phase_id" time="3.0994415283203125e-06" /><testcase name="activate_grow_cycle" time="0.0009512901306152344" /><testcase name="apply_cycle_start_snapshot" time="0.1798844337463379" /><testcase name="apply_cycle_phase_overrides" time="0.17672133445739746" /><testcase name="wait_grow_cycle_bundle_ready" time="0.002566099166870117" /><testcase name="reset_test_node_state" time="0.24320268630981445" /><testcase name="wait_reset_state_done" time="0.32468128204345703" /><testcase name="wait_zero_level_telemetry" time="1.620438814163208" /><testcase name="insert_scheduler_like_intent" time="0.0018625259399414062" /><testcase name="start_cycle_http" time="0.032610416412353516" /><testcase name="set_task_id" time="4.291534423828125e-06" /><testcase name="wait_ae_command_accepted" time="0.30463171005249023" /><testcase name="wait_startup_commands_published" time="2.523486375808716" /><testcase name="wait_runtime_irr_state_snapshot" time="0.011671781539916992" /><testcase name="wait_task_pending_clean_fill_check" time="0.5057480335235596" /><testcase name="wait_workflow_tank_filling" time="0.001177072525024414" /><testcase name="force_clean_tank_full" time="0.23793935775756836" /><testcase name="wait_force_clean_tank_full_done" time="0.41159510612487793" /><testcase name="wait_clean_tank_full_telemetry" time="0.0019333362579345703" /><testcase name="load_task_after_clean_override" time="0.0005071163177490234" /><testcase name="wait_solution_fill_stage" time="25.671420097351074" /><testcase name="wait_solution_fill_commands" time="0.001439809799194336" /><testcase name="wait_ph_ec_telemetry_available" time="0.001739501953125" /><testcase name="stabilize_ph_ec_targets_before_solution_full" time="0.24239373207092285" /><testcase name="wait_stabilize_ph_ec_done" time="0.9259860515594482" /><testcase name="wait_stabilized_ph_ec_telemetry" time="0.0011892318725585938" /><testcase name="wait_stabilized_ph_ec_window" time="5.3622119426727295" /><testcase name="force_solution_tank_full" time="0.24593663215637207" /><testcase name="wait_force_solution_tank_full_done" time="0.3056185245513916" /><testcase name="wait_solution_tank_full_telemetry" time="0.0012478828430175781" /><testcase name="load_fill_correction_commands_if_any" time="0.0006449222564697266" /><testcase name="wait_task_completed" time="3.73040771484375" /><testcase name="wait_workflow_ready" time="0.005275249481201172" /><testcase name="load_expected_ae_command_counts" time="0.0008623600006103516" /><testcase name="load_post_fill_activity" time="0.0005402565002441406" /><testcase name="count_task_commands" time="0.00028777122497558594" /><testcase name="get_internal_task_status" time="0.023895740509033203" /><testcase name="reset_zero_level_telemetry_ready" time="9.012222290039062e-05" /><testcase name="start_cycle_http_200" time="4.172325134277344e-05" /><testcase name="start_cycle_response_active" time="2.6226043701171875e-05" /><testcase name="runtime_task_not_failed" time="4.100799560546875e-05" /><testcase name="runtime_task_pending_clean_fill_check" time="0.00010704994201660156" /><testcase name="workflow_phase_tank_filling" time="3.647804260253906e-05" /><testcase name="solution_fill_stage_reached" time="3.24249267578125e-05" /><testcase name="task_completed" time="2.9087066650390625e-05" /><testcase name="task_complete_ready_stage" time="5.2928924560546875e-05" /><testcase name="workflow_phase_ready" time="3.0040740966796875e-05" /><testcase name="at_least_ten_ae_commands_logged" time="2.8848648071289062e-05" /><testcase name="irr_state_probe_logged" time="2.7179718017578125e-05" /><testcase name="clean_fill_start_logged" time="2.6702880859375e-05" /><testcase name="solution_fill_start_logged" time="2.5987625122070312e-05" /><testcase name="post_fill_handoff_closed_without_extra_correction" time="7.939338684082031e-05" /><testcase name="fill_correction_optional" time="2.3603439331054688e-05" /><testcase name="internal_task_completed" time="3.0994415283203125e-05" /></testsuite></testsuites>