<?xml version='1.0' encoding='utf-8'?>
<testsuites name="E10_command_happy" tests="18" failures="0" skipped="1" time="30.162427186965942"><testsuite name="E10_command_happy" tests="18" failures="0" skipped="1" time="30.162427186965942"><testcase name="start_node_simulator" time="6.890004396438599" /><testcase name="check_system_health" time="0.3267855644226074" /><testcase name="set_test_uids" time="0.16866588592529297" /><testcase name="fetch_node_id" time="0.18224334716796875" /><testcase name="set_zone_and_node" time="0.17628908157348633" /><testcase name="fetch_actuator_channel" time="0.17564606666564941" /><testcase name="set_actuator_channel" time="0.17627882957458496" /><testcase name="subscribe_command_channel" time="0.43988728523254395" /><testcase name="subscribe_zone_channel" time="0.28309059143066406" /><testcase name="send_command" time="0.6097869873046875" /><testcase name="save_command_id" time="0.1703629493713379" /><testcase name="wait_for_command_status" time="0.18123531341552734" /><testcase name="wait_for_done_status" time="5.168053150177002" /><testcase name="check_final_status_done" time="0.17824411392211914" /><testcase name="assert_command_reaches_non_initial_status" time="0.0023355484008789062" /><testcase name="assert_final_status_is_done" time="0.002326488494873047" /><testcase name="wait_for_done_ws_event" time="15.02906847000122"><skipped>Timeout waiting for WebSocket event: .App\Events\CommandStatusUpdated</skipped></testcase><testcase name="get_command_status_from_api" time="0.002123117446899414" /></testsuite></testsuites>