<?xml version='1.0' encoding='utf-8'?>
<testsuites name="E73_backoff_skip_signals" tests="7" failures="1" skipped="0" time="20.06991171836853"><testsuite name="E73_backoff_skip_signals" tests="7" failures="1" skipped="0" time="20.06991171836853"><testcase name="set_zone_id_from_uid" time="0.002286195755004883" /><testcase name="set_zone_id" time="4.291534423828125e-06" /><testcase name="clear_previous_state" time="0.026882648468017578" /><testcase name="backoff_window_start_ts" time="0.0005404949188232422" /><testcase name="set_backoff_state" time="0.025240421295166016" /><testcase name="wait_for_automation_cycle" time="20.000666618347168" /><testcase name="backoff_event_created" time="0.014291048049926758"><failure message="Expected field 'event_count' &gt; 0, got 0">Expected field 'event_count' &gt; 0, got 0</failure></testcase></testsuite></testsuites>