<?xml version='1.0' encoding='utf-8'?>
<testsuites name="E54_pause_resume_harvest" tests="21" failures="0" skipped="0" time="3.918428421020508"><testsuite name="E54_pause_resume_harvest" tests="21" failures="0" skipped="0" time="3.918428421020508"><testcase name="get_greenhouses" time="0.06100344657897949" /><testcase name="create_zone" time="0.07298874855041504" /><testcase name="set_zone_id" time="3.337860107421875e-06" /><testcase name="create_plant" time="0.059725046157836914" /><testcase name="create_recipe" time="0.06148171424865723" /><testcase name="create_revision" time="0.05924224853515625" /><testcase name="add_phase" time="0.06208658218383789" /><testcase name="publish_revision" time="0.05681967735290527" /><testcase name="create_cycle" time="0.09261322021484375" /><testcase name="set_cycle_id" time="3.337860107421875e-06" /><testcase name="start_cycle" time="0.0741119384765625" /><testcase name="pause_cycle" time="0.07533001899719238" /><testcase name="wait_after_pause" time="1.0007505416870117" /><testcase name="resume_cycle" time="0.09174752235412598" /><testcase name="wait_after_resume" time="1.0009706020355225" /><testcase name="harvest_cycle" time="0.07863211631774902" /><testcase name="wait_after_harvest" time="1.0002729892730713" /><testcase name="get_snapshot_after_changes" time="0.0677802562713623" /><testcase name="zone_exists" time="0.0011322498321533203" /><testcase name="cycle_harvested" time="0.0013394355773925781" /><testcase name="harvest_at_set" time="0.0003933906555175781" /></testsuite></testsuites>