<?xml version='1.0' encoding='utf-8'?>
<testsuites name="E90_live_simulation_stop_commands" tests="14" failures="0" skipped="0" time="10.344557285308838"><testsuite name="E90_live_simulation_stop_commands" tests="14" failures="0" skipped="0" time="10.344557285308838"><testcase name="start_node_simulator" time="6.748351573944092" /><testcase name="set_test_uids" time="2.6941299438476562e-05" /><testcase name="fetch_zone_id" time="0.016567468643188477" /><testcase name="fetch_node_id" time="0.008875608444213867" /><testcase name="set_zone_and_node" time="1.33514404296875e-05" /><testcase name="wait_for_node_online" time="0.008030414581298828" /><testcase name="ensure_pwm_channel" time="0.005533456802368164" /><testcase name="start_live_simulation" time="3.4782326221466064" /><testcase name="set_job_id" time="1.4543533325195312e-05" /><testcase name="wait_for_simulation_row" time="0.006098031997680664" /><testcase name="set_simulation_context" time="9.083747863769531e-05" /><testcase name="simulation_completed_with_meta" time="0.023910999298095703" /><testcase name="stop_command_set_relay_sent" time="0.03198409080505371" /><testcase name="stop_command_set_pwm_sent" time="0.01682734489440918" /></testsuite></testsuites>