<?xml version='1.0' encoding='utf-8'?>
<testsuites name="E93_start_cycle_intent_executor_path" tests="17" failures="0" skipped="0" time="0.1662154197692871"><testsuite name="E93_start_cycle_intent_executor_path" tests="17" failures="0" skipped="0" time="0.1662154197692871"><testcase name="set_test_context" time="2.002716064453125e-05" /><testcase name="get_zone_row" time="0.002354860305786133" /><testcase name="set_zone_id" time="3.337860107421875e-06" /><testcase name="insert_scheduler_like_intent" time="0.0018236637115478516" /><testcase name="start_cycle_http" time="0.030276775360107422" /><testcase name="wait_intent_terminal" time="0.10298514366149902" /><testcase name="set_task_id" time="3.337860107421875e-06" /><testcase name="wait_ae_task_terminal" time="0.001474618911743164" /><testcase name="get_internal_task_detail" time="0.026152372360229492" /><testcase name="start_cycle_http_200" time="9.274482727050781e-05" /><testcase name="start_cycle_response_status_ok" time="2.8133392333984375e-05" /><testcase name="start_cycle_returns_numeric_task_id" time="3.0994415283203125e-05" /><testcase name="intent_terminal_status_valid" time="6.198883056640625e-05" /><testcase name="ae_task_terminal_status_valid" time="4.124641418457031e-05" /><testcase name="internal_task_detail_terminal" time="2.2649765014648438e-05" /><testcase name="internal_task_id_matches_start_cycle_task_id" time="4.649162292480469e-05" /><testcase name="intent_not_left_in_non_terminal" time="0.0007970333099365234" /></testsuite></testsuites>