<?xml version='1.0' encoding='utf-8'?>
<testsuites name="E63_backoff_on_errors" tests="34" failures="0" skipped="0" time="83.76401948928833"><testsuite name="E63_backoff_on_errors" tests="34" failures="0" skipped="0" time="83.76401948928833"><testcase name="stop_node_simulator_initial" time="15.266749382019043" /><testcase name="set_test_uids" time="1.6689300537109375e-05" /><testcase name="set_zone_id_from_uid" time="0.008577108383178711" /><testcase name="set_node_id_from_uid" time="0.002012014389038086" /><testcase name="set_ids" time="3.814697265625e-06" /><testcase name="cleanup_old_cycles" time="0.008783340454101562" /><testcase name="create_plant" time="0.05593538284301758" /><testcase name="create_recipe" time="0.05939030647277832" /><testcase name="create_revision" time="0.05574631690979004" /><testcase name="add_phase" time="0.05559253692626953" /><testcase name="publish_revision" time="0.0551760196685791" /><testcase name="create_cycle" time="0.09005570411682129" /><testcase name="set_cycle_id" time="2.384185791015625e-06" /><testcase name="wait_for_effective_targets" time="2.001861095428467" /><testcase name="enable_capabilities" time="0.0015835762023925781" /><testcase name="fetch_heater_channel" time="0.0007748603820800781" /><testcase name="fetch_heater_infra" time="0.0012135505676269531" /><testcase name="upsert_heater_binding" time="0.0015382766723632812" /><testcase name="reset_backoff" time="0.024716615676879883" /><testcase name="publish_temp_low_baseline" time="2.001873254776001" /><testcase name="wait_for_baseline_command" time="20.009488582611084" /><testcase name="baseline_timestamp" time="0.0006597042083740234" /><testcase name="baseline_window_start" time="0.0003933906555175781" /><testcase name="set_degraded_state" time="0.02420353889465332" /><testcase name="degraded_timestamp" time="0.0003705024719238281" /><testcase name="publish_temp_low_degraded" time="2.001096487045288" /><testcase name="wait_for_degraded_cycle" time="20.001915216445923" /><testcase name="reset_backoff_after_degraded" time="0.024588823318481445" /><testcase name="reset_timestamp" time="0.0004525184631347656" /><testcase name="publish_temp_low_after_reset" time="2.002153158187866" /><testcase name="wait_for_post_reset_command" time="20.00448250770569" /><testcase name="baseline_heater_command_created" time="0.0016651153564453125" /><testcase name="no_commands_in_degraded_mode" time="0.0005075931549072266" /><testcase name="commands_after_reset" time="0.0004401206970214844" /></testsuite></testsuites>