<?xml version='1.0' encoding='utf-8'?>
<testsuites name="E67_nutrition_strict_contract" tests="10" failures="2" skipped="0" time="15.070701599121094"><testsuite name="E67_nutrition_strict_contract" tests="10" failures="2" skipped="0" time="15.070701599121094"><testcase name="set_test_zone_uid" time="1.6689300537109375e-05" /><testcase name="set_test_node_uid" time="1.1920928955078125e-05" /><testcase name="get_test_zone_id" time="0.007893800735473633" /><testcase name="set_zone_id" time="4.76837158203125e-06" /><testcase name="set_ec_only_capabilities_for_cycle_start" time="0.0020275115966796875" /><testcase name="force_primary_node_online" time="0.0036046504974365234" /><testcase name="ensure_zone_readiness_bindings" time="0.004708528518676758" /><testcase name="ensure_main_and_drain_bindings" time="0.00558161735534668" /><testcase name="verify_main_and_drain_bindings_online" time="15.046759605407715"><failure message="Timeout waiting for DB condition: SELECT cb.role&#10;FROM channel_bindings cb&#10;JOIN node_channels nc ON nc.id = cb.node_channel_id&#10;JOIN nodes n ON n.id = nc.node_id&#10;WHERE n.zone_id = :zone_id&#10;  AND n.uid = :node_uid&#10;  AND n.status = 'online'&#10;  AND cb.role IN ('main_pump', 'drain')&#10;ORDER BY cb.role&#10;">Timeout waiting for DB condition: SELECT cb.role
FROM channel_bindings cb
JOIN node_channels nc ON nc.id = cb.node_channel_id
JOIN nodes n ON n.id = nc.node_id
WHERE n.zone_id = :zone_id
  AND n.uid = :node_uid
  AND n.status = 'online'
  AND cb.role IN ('main_pump', 'drain')
ORDER BY cb.role
</failure></testcase><testcase name="nutrition_mode_and_components_present" time="9.250640869140625e-05"><failure message="Expected mode = delta_ec_by_k, got None">Expected mode = delta_ec_by_k, got None</failure></testcase></testsuite></testsuites>