<?xml version='1.0' encoding='utf-8'?>
<testsuites name="E00_api_smoke" tests="10" failures="0" skipped="0" time="0.742396354675293"><testsuite name="E00_api_smoke" tests="10" failures="0" skipped="0" time="0.742396354675293"><testcase name="check_health" time="0.06755518913269043" /><testcase name="check_login_endpoint" time="0.25888919830322266" /><testcase name="check_zones_protected" time="0.062157392501831055" /><testcase name="check_nodes_protected" time="0.0629580020904541" /><testcase name="check_cycles_protected" time="0.05484509468078613" /><testcase name="check_greenhouses_protected" time="0.06726741790771484" /><testcase name="check_commands_protected" time="0.1684565544128418" /><testcase name="health_endpoint_works" time="1.5497207641601562e-05" /><testcase name="no_500_errors_on_endpoints" time="0.00021886825561523438" /><testcase name="login_returns_validation_error" time="3.314018249511719e-05" /></testsuite></testsuites>