<?xml version='1.0' encoding='utf-8'?>
<testsuites name="E88_config_report_soft_deactivate_channels" tests="12" failures="0" skipped="0" time="0.11316061019897461"><testsuite name="E88_config_report_soft_deactivate_channels" tests="12" failures="0" skipped="0" time="0.11316061019897461"><testcase name="set_test_zone_uid" time="2.2172927856445312e-05" /><testcase name="set_test_gh_uid" time="1.3113021850585938e-05" /><testcase name="set_test_node_uid" time="1.0728836059570312e-05" /><testcase name="get_zone_context" time="0.003057241439819336" /><testcase name="set_zone_id" time="7.152557373046875e-06" /><testcase name="upsert_test_node" time="0.001356363296508789" /><testcase name="get_test_node" time="0.0007529258728027344" /><testcase name="set_test_node_id" time="4.5299530029296875e-06" /><testcase name="seed_channels" time="0.0019028186798095703" /><testcase name="node_sends_full_snapshot" time="0.00017786026000976562" /><testcase name="assert_present_channel_active" time="0.0015347003936767578" /><testcase name="assert_missing_channel_soft_deactivated" time="0.10432100296020508" /></testsuite></testsuites>