<?xml version='1.0' encoding='utf-8'?>
<testsuites name="E103_ae3_recirculation_retry_limit_alert_resolve_ready_realhw" tests="154" failures="0" skipped="0" time="231.29447078704834"><testsuite name="E103_ae3_recirculation_retry_limit_alert_resolve_ready_realhw" tests="154" failures="0" skipped="0" time="231.29447078704834"><testcase name="set_test_context" time="6.67572021484375e-05" /><testcase name="capture_scenario_window" time="0.011312484741210938" /><testcase name="load_zone_context" time="0.006276369094848633" /><testcase name="set_zone_context" time="1.049041748046875e-05" /><testcase name="load_irrig_node" time="0.0030977725982666016" /><testcase name="load_ph_node" time="0.005303382873535156" /><testcase name="load_ec_node" time="0.001165151596069336" /><testcase name="set_node_ids" time="1.33514404296875e-05" /><testcase name="publish_irrig_node_config" time="0.2781505584716797" /><testcase name="publish_ph_node_config" time="0.3080601692199707" /><testcase name="publish_ec_node_config" time="0.3149833679199219" /><testcase name="wait_irrigation_level_sensors_registered" time="0.0047016143798828125" /><testcase name="load_ec_pump_channel" time="0.0006766319274902344" /><testcase name="load_ph_up_channel" time="0.0006594657897949219" /><testcase name="load_ph_down_channel" time="0.0012905597686767578" /><testcase name="set_correction_channel_ids" time="5.0067901611328125e-06" /><testcase name="wait_zone_ae_runtime_idle_before_cleanup" time="0.003249645233154297" /><testcase name="cleanup_zone_ae_commands" time="0.0024619102478027344" /><testcase name="cleanup_zone_ae_tasks" time="0.0005016326904296875" /><testcase name="cleanup_zone_ae_leases" time="0.0005068778991699219" /><testcase name="cleanup_zone_workflow_state" time="0.0014357566833496094" /><testcase name="cleanup_zone_pid_state" time="0.0015721321105957031" /><testcase name="cleanup_zone_runtime_intents" time="0.0008749961853027344" /><testcase name="cleanup_retry_limit_alerts" time="0.0014536380767822266" /><testcase name="complete_existing_cycles" time="0.0015337467193603516" /><testcase name="switch_zone_to_ae3" time="0.001600503921508789" /><testcase name="load_test_node_correction_preset" time="0.007793426513671875" /><testcase name="apply_test_node_correction_preset" time="0.306713342666626" /><testcase name="cleanup_existing_correction_bindings" time="0.002912282943725586" /><testcase name="cleanup_existing_correction_infra" time="0.0022537708282470703" /><testcase name="cleanup_existing_e2e_calibrations" time="0.00159454345703125" /><testcase name="insert_correction_infrastructure" time="0.0014095306396484375" /><testcase name="insert_correction_bindings" time="0.0032453536987304688" /><testcase name="insert_correction_calibrations" time="0.0021986961364746094" /><testcase name="apply_solution_fill_process_calibration" time="0.2531421184539795" /><testcase name="apply_tank_recirc_process_calibration" time="0.23665213584899902" /><testcase name="apply_irrigation_process_calibration" time="0.26265954971313477" /><testcase name="apply_ae3_logic_profile" time="0.25253868103027344" /><testcase name="create_recipe" time="0.001672506332397461" /><testcase name="load_recipe" time="0.0006282329559326172" /><testcase name="set_recipe_id" time="3.5762786865234375e-06" /><testcase name="create_recipe_revision" time="0.0016252994537353516" /><testcase name="load_recipe_revision" time="0.0007238388061523438" /><testcase name="set_recipe_revision_id" time="4.0531158447265625e-06" /><testcase name="create_grow_cycle" time="0.0025420188903808594" /><testcase name="load_grow_cycle" time="0.0005300045013427734" /><testcase name="set_grow_cycle_id" time="3.5762786865234375e-06" /><testcase name="create_phase" time="0.0021295547485351562" /><testcase name="load_phase" time="0.0006089210510253906" /><testcase name="set_phase_id" time="3.337860107421875e-06" /><testcase name="activate_grow_cycle" time="0.0012087821960449219" /><testcase name="apply_cycle_start_snapshot" time="0.2511565685272217" /><testcase name="apply_cycle_phase_overrides_first" time="0.21903562545776367" /><testcase name="wait_grow_cycle_bundle_ready_first" time="0.002851724624633789" /><testcase name="wait_impossible_recirculation_targets_applied_first" time="2.002070665359497" /><testcase name="reset_test_node_state" time="0.29184675216674805" /><testcase name="wait_reset_state_done" time="0.42781662940979004" /><testcase name="reset_test_node_state_confirm" time="0.3133981227874756" /><testcase name="wait_reset_state_done_confirm" time="0.3127920627593994" /><testcase name="wait_zero_level_telemetry" time="0.0028502941131591797" /><testcase name="insert_scheduler_like_intent" time="0.002595663070678711" /><testcase name="start_cycle_http" time="0.04838252067565918" /><testcase name="set_task_id" time="3.5762786865234375e-06" /><testcase name="wait_ae_command_accepted" time="0.41110801696777344" /><testcase name="wait_startup_commands_published" time="3.0110158920288086" /><testcase name="wait_runtime_irr_state_snapshot" time="0.015320062637329102" /><testcase name="wait_task_pending_clean_fill_check" time="0.51416015625" /><testcase name="wait_workflow_tank_filling" time="0.0015857219696044922" /><testcase name="force_clean_tank_full" time="0.42709898948669434" /><testcase name="wait_force_clean_tank_full_done" time="0.41001343727111816" /><testcase name="wait_clean_tank_full_telemetry" time="0.0020856857299804688" /><testcase name="load_task_after_clean_override" time="0.0010216236114501953" /><testcase name="wait_solution_fill_stage" time="24.81616735458374" /><testcase name="wait_solution_fill_commands" time="0.004605531692504883" /><testcase name="wait_ph_ec_telemetry_available" time="0.002238750457763672" /><testcase name="force_solution_tank_full" time="0.3713033199310303" /><testcase name="wait_force_solution_tank_full_done" time="0.9036931991577148" /><testcase name="wait_fill_ec_correction_command" time="8.821323871612549" /><testcase name="load_fill_ph_correction_commands_if_any" time="0.0012619495391845703" /><testcase name="complete_solution_fill_after_ec_correction" time="0.33360981941223145" /><testcase name="wait_complete_solution_fill_after_ec_correction_done" time="0.6757588386535645" /><testcase name="wait_prepare_recirculation_stage" time="12.108145713806152" /><testcase name="wait_prepare_recirculation_commands" time="0.0011930465698242188" /><testcase name="wait_task_failed_retry_limit_first" time="61.08924889564514" /><testcase name="load_retry_limit_alert_first" time="0.013105154037475586" /><testcase name="load_recirc_command_counts_first" time="0.005374431610107422" /><testcase name="load_runtime_reset_commands_first" time="0.0036368370056152344" /><testcase name="restore_normal_targets_after_first_failure" time="0.3185882568359375" /><testcase name="wait_grow_cycle_bundle_restored_after_first_failure" time="0.0010306835174560547" /><testcase name="ack_retry_limit_alert_first" time="0.24284911155700684" /><testcase name="wait_retry_limit_alert_first_resolved" time="0.0030434131622314453" /><testcase name="soften_correction_config_for_second_run" time="0.28545641899108887" /><testcase name="wait_soften_correction_config_second_run" time="2.001434087753296" /><testcase name="reset_test_node_state_second_run" time="0.3268139362335205" /><testcase name="wait_reset_state_second_run_done" time="0.4175992012023926" /><testcase name="wait_zero_level_telemetry_second_run" time="0.7188966274261475" /><testcase name="force_pump_main_off_second_run" time="0.5738410949707031" /><testcase name="wait_force_pump_main_off_second_run_done" time="0.21176910400390625" /><testcase name="probe_state_after_reset_second_run" time="0.28901219367980957" /><testcase name="wait_probe_state_after_reset_second_run_done" time="1.8288779258728027" /><testcase name="wait_runtime_irr_state_snapshot_after_reset_second_run" time="0.004234790802001953" /><testcase name="complete_existing_cycles_second_run" time="0.0012326240539550781" /><testcase name="wait_zone_ae_runtime_idle_before_second_cleanup" time="0.002192974090576172" /><testcase name="cleanup_zone_ae_commands_second_run" time="0.0014812946319580078" /><testcase name="cleanup_zone_ae_tasks_second_run" time="0.0018317699432373047" /><testcase name="cleanup_zone_ae_leases_second_run" time="0.0003733634948730469" /><testcase name="cleanup_zone_workflow_state_second_run" time="0.0007684230804443359" /><testcase name="cleanup_zone_pid_state_second_run" time="0.001146554946899414" /><testcase name="create_grow_cycle_second" time="0.0013206005096435547" /><testcase name="load_grow_cycle_second" time="0.0006885528564453125" /><testcase name="set_grow_cycle_id_second" time="3.5762786865234375e-06" /><testcase name="create_phase_second" time="0.0013041496276855469" /><testcase name="load_phase_second" time="0.0005559921264648438" /><testcase name="set_phase_id_second" time="3.5762786865234375e-06" /><testcase name="activate_grow_cycle_second" time="0.0010538101196289062" /><testcase name="apply_cycle_start_snapshot_second" time="0.2161846160888672" /><testcase name="apply_cycle_phase_overrides_second" time="0.2532467842102051" /><testcase name="wait_grow_cycle_bundle_ready_second" time="0.05482339859008789" /><testcase name="insert_scheduler_like_intent_second" time="0.0017404556274414062" /><testcase name="start_cycle_http_second" time="0.07845926284790039" /><testcase name="set_task_id_second" time="4.0531158447265625e-06" /><testcase name="wait_solution_fill_stage_second" time="48.34327507019043" /><testcase name="force_solution_tank_full_second" time="0.6230695247650146" /><testcase name="wait_force_solution_tank_full_second_done" time="0.8259851932525635" /><testcase name="wait_fill_ec_correction_command_second" time="8.347884178161621" /><testcase name="load_fill_ph_correction_commands_if_any_second" time="0.0008599758148193359" /><testcase name="complete_solution_fill_after_ec_correction_second" time="0.3107748031616211" /><testcase name="wait_complete_solution_fill_after_ec_correction_second_done" time="0.44661831855773926" /><testcase name="wait_prepare_recirculation_stage_second" time="10.425402879714966" /><testcase name="wait_recirculation_ec_correction_command_second" time="9.962570190429688" /><testcase name="load_recirculation_ph_correction_command_count_second" time="0.0015320777893066406" /><testcase name="wait_recirculation_window_back_to_check_second" time="7.59145188331604" /><testcase name="force_recirculation_near_target_band_second" time="0.4588770866394043" /><testcase name="wait_force_recirculation_near_target_second_done" time="0.41001439094543457" /><testcase name="wait_task_completed_second" time="15.57779335975647" /><testcase name="wait_workflow_ready_second" time="0.002489328384399414" /><testcase name="load_targets_reached_from_samples_second" time="0.007085323333740234" /><testcase name="load_recirc_command_counts_second" time="0.0008065700531005859" /><testcase name="load_runtime_reset_commands_second" time="0.0005514621734619141" /><testcase name="first_task_failed_by_retry_limit" time="0.00011420249938964844" /><testcase name="first_alert_active" time="6.890296936035156e-05" /><testcase name="first_alert_retry_count_is_3" time="0.0001049041748046875" /><testcase name="first_recirc_commands_attempted_three_times" time="7.152557373046875e-05" /><testcase name="first_runtime_never_resets_node_during_task" time="4.3392181396484375e-05" /><testcase name="first_alert_ack_http_200" time="3.790855407714844e-05" /><testcase name="first_alert_resolved" time="4.458427429199219e-05" /><testcase name="second_start_cycle_http_200" time="3.552436828613281e-05" /><testcase name="second_prepare_recirculation_stage_reached" time="7.414817810058594e-05" /><testcase name="second_targets_reached" time="3.2901763916015625e-05" /><testcase name="second_recirc_commands_attempted_three_times" time="5.6743621826171875e-05" /><testcase name="second_recirc_ph_count_loaded" time="3.886222839355469e-05" /><testcase name="second_runtime_never_resets_node_during_task" time="3.62396240234375e-05" /><testcase name="second_task_completed" time="0.0001227855682373047" /><testcase name="second_workflow_ready" time="4.6253204345703125e-05" /></testsuite></testsuites>