<?xml version='1.0' encoding='utf-8'?>
<testsuites name="E81_ec_correction_partial_calibration" tests="57" failures="0" skipped="0" time="9.697957754135132"><testsuite name="E81_ec_correction_partial_calibration" tests="57" failures="0" skipped="0" time="9.697957754135132"><testcase name="set_test_context" time="5.7697296142578125e-05" /><testcase name="capture_scenario_window" time="0.003571748733520508" /><testcase name="load_zone_context" time="0.00696253776550293" /><testcase name="set_zone_context" time="1.3113021850585938e-05" /><testcase name="load_irrig_node" time="0.0029985904693603516" /><testcase name="load_ph_node" time="0.0006868839263916016" /><testcase name="load_ec_node" time="0.0005221366882324219" /><testcase name="set_node_ids" time="5.4836273193359375e-06" /><testcase name="cleanup_zone_ae_commands" time="0.002591848373413086" /><testcase name="cleanup_zone_ae_tasks" time="0.0005822181701660156" /><testcase name="cleanup_zone_ae_leases" time="0.0006535053253173828" /><testcase name="cleanup_zone_workflow_state" time="0.001276254653930664" /><testcase name="complete_existing_cycles" time="0.0019068717956542969" /><testcase name="switch_zone_to_ae3" time="0.0015134811401367188" /><testcase name="upsert_irrig_channels" time="0.0020933151245117188" /><testcase name="delete_old_level_sensors" time="0.0047016143798828125" /><testcase name="insert_level_sensors" time="0.0030472278594970703" /><testcase name="upsert_sensor_mode_channels" time="0.0009829998016357422" /><testcase name="deactivate_active_profiles" time="0.0015416145324707031" /><testcase name="insert_ae3_profile" time="0.0017800331115722656" /><testcase name="create_recipe" time="0.0011484622955322266" /><testcase name="load_recipe" time="0.0006387233734130859" /><testcase name="set_recipe_id" time="3.5762786865234375e-06" /><testcase name="create_recipe_revision" time="0.001913309097290039" /><testcase name="load_recipe_revision" time="0.0006494522094726562" /><testcase name="set_recipe_revision_id" time="4.76837158203125e-06" /><testcase name="create_grow_cycle" time="0.0023419857025146484" /><testcase name="load_grow_cycle" time="0.0007200241088867188" /><testcase name="set_grow_cycle_id" time="4.5299530029296875e-06" /><testcase name="create_phase" time="0.002206563949584961" /><testcase name="load_phase" time="0.0006344318389892578" /><testcase name="set_phase_id" time="4.0531158447265625e-06" /><testcase name="activate_grow_cycle" time="0.0011153221130371094" /><testcase name="reset_test_node_state" time="0.14887523651123047" /><testcase name="wait_reset_state_done" time="0.9405786991119385" /><testcase name="wait_zero_level_telemetry" time="6.149485111236572" /><testcase name="insert_scheduler_like_intent" time="0.002961397171020508" /><testcase name="start_cycle_http" time="0.039383888244628906" /><testcase name="set_task_id" time="5.0067901611328125e-06" /><testcase name="wait_ae_command_accepted" time="0.20270800590515137" /><testcase name="wait_expected_ae_commands_published" time="1.1125667095184326" /><testcase name="wait_runtime_irr_state_snapshot" time="0.013039588928222656" /><testcase name="wait_task_requeued_clean_fill_check" time="1.0101299285888672" /><testcase name="wait_workflow_tank_filling" time="0.0015206336975097656" /><testcase name="count_task_commands" time="0.0005571842193603516" /><testcase name="load_expected_ae_command_counts" time="0.0006482601165771484" /><testcase name="get_internal_task_status" time="0.02612018585205078" /><testcase name="reset_zero_level_telemetry_ready" time="9.369850158691406e-05" /><testcase name="start_cycle_http_200" time="3.743171691894531e-05" /><testcase name="start_cycle_response_active" time="2.9087066650390625e-05" /><testcase name="runtime_task_not_failed" time="4.100799560546875e-05" /><testcase name="runtime_task_pending_clean_fill_check" time="8.797645568847656e-05" /><testcase name="workflow_phase_tank_filling" time="3.4809112548828125e-05" /><testcase name="at_least_two_ae_commands_logged" time="2.9087066650390625e-05" /><testcase name="irr_state_probe_logged" time="2.8848648071289062e-05" /><testcase name="clean_fill_start_logged" time="2.5987625122070312e-05" /><testcase name="internal_task_pending" time="9.560585021972656e-05" /></testsuite></testsuites>