<?xml version='1.0' encoding='utf-8'?>
<testsuites name="E71_db_flaky" tests="11" failures="0" skipped="0" time="15.563818454742432"><testsuite name="E71_db_flaky" tests="11" failures="0" skipped="0" time="15.563818454742432"><testcase name="set_test_uids" time="2.1696090698242188e-05" /><testcase name="fetch_node_id" time="0.0011479854583740234" /><testcase name="get_zones" time="0.1684274673461914" /><testcase name="set_zone_id" time="4.5299530029296875e-06" /><testcase name="pause_postgres" time="0.19194316864013672" /><testcase name="wait_during_pause" time="5.004220962524414" /><testcase name="publish_error_during_db_pause" time="0.0002048015594482422" /><testcase name="unpause_postgres" time="0.18316340446472168" /><testcase name="wait_after_recovery" time="10.010143280029297" /><testcase name="system_still_responding" time="0.0014481544494628906" /><testcase name="data_queued_and_processed" time="0.0030930042266845703" /></testsuite></testsuites>