<?xml version='1.0' encoding='utf-8'?>
<testsuites name="E105_ae3_two_tank_fail_closed_missing_command_plan_realhw" tests="70" failures="0" skipped="0" time="8.719861507415771"><testsuite name="E105_ae3_two_tank_fail_closed_missing_command_plan_realhw" tests="70" failures="0" skipped="0" time="8.719861507415771"><testcase name="set_test_context" time="3.600120544433594e-05" /><testcase name="capture_scenario_window" time="0.014453649520874023" /><testcase name="load_zone_context" time="0.006136655807495117" /><testcase name="set_zone_context" time="9.298324584960938e-06" /><testcase name="load_irrig_node" time="0.0023419857025146484" /><testcase name="load_ph_node" time="0.0032613277435302734" /><testcase name="load_ec_node" time="0.001009225845336914" /><testcase name="set_node_ids" time="1.239776611328125e-05" /><testcase name="publish_irrig_node_config" time="0.21805763244628906" /><testcase name="publish_ph_node_config" time="0.2589297294616699" /><testcase name="publish_ec_node_config" time="0.4236922264099121" /><testcase name="wait_irrigation_level_sensors_registered" time="0.02843332290649414" /><testcase name="load_ec_pump_channel" time="0.004987955093383789" /><testcase name="load_ph_up_channel" time="0.0010979175567626953" /><testcase name="load_ph_down_channel" time="0.0007395744323730469" /><testcase name="set_correction_channel_ids" time="8.106231689453125e-06" /><testcase name="wait_zone_ae_runtime_idle_before_cleanup" time="0.010009288787841797" /><testcase name="cleanup_zone_ae_commands" time="0.002317667007446289" /><testcase name="cleanup_zone_ae_tasks" time="0.0032334327697753906" /><testcase name="cleanup_zone_ae_leases" time="0.006589174270629883" /><testcase name="cleanup_zone_workflow_state" time="0.006695270538330078" /><testcase name="cleanup_zone_pid_state" time="0.004667043685913086" /><testcase name="complete_existing_cycles" time="0.03165173530578613" /><testcase name="switch_zone_to_ae3" time="0.01270914077758789" /><testcase name="load_test_node_correction_preset" time="0.0033791065216064453" /><testcase name="apply_test_node_correction_preset" time="0.24885964393615723" /><testcase name="cleanup_existing_correction_bindings" time="0.0018932819366455078" /><testcase name="cleanup_existing_correction_infra" time="0.0012383460998535156" /><testcase name="cleanup_existing_e2e_calibrations" time="0.0014617443084716797" /><testcase name="insert_correction_infrastructure" time="0.0013470649719238281" /><testcase name="insert_correction_bindings" time="0.002365589141845703" /><testcase name="insert_correction_calibrations" time="0.0015902519226074219" /><testcase name="apply_ae3_logic_profile" time="0.28673720359802246" /><testcase name="create_recipe" time="0.002012968063354492" /><testcase name="load_recipe" time="0.0037660598754882812" /><testcase name="set_recipe_id" time="4.291534423828125e-06" /><testcase name="create_recipe_revision" time="0.002527475357055664" /><testcase name="load_recipe_revision" time="0.0008180141448974609" /><testcase name="set_recipe_revision_id" time="4.291534423828125e-06" /><testcase name="create_grow_cycle" time="0.003425121307373047" /><testcase name="load_grow_cycle" time="0.000690460205078125" /><testcase name="set_grow_cycle_id" time="3.337860107421875e-06" /><testcase name="create_phase" time="0.002502918243408203" /><testcase name="load_phase" time="0.0007092952728271484" /><testcase name="set_phase_id" time="3.814697265625e-06" /><testcase name="activate_grow_cycle" time="0.0012905597686767578" /><testcase name="apply_cycle_start_snapshot" time="0.27720117568969727" /><testcase name="apply_cycle_phase_overrides" time="0.2385094165802002" /><testcase name="wait_grow_cycle_bundle_ready" time="0.004229307174682617" /><testcase name="reset_test_node_state" time="0.49973058700561523" /><testcase name="wait_reset_state_done" time="0.3951990604400635" /><testcase name="reset_test_node_state_confirm" time="0.2877776622772217" /><testcase name="wait_reset_state_done_confirm" time="0.35573816299438477" /><testcase name="wait_zero_level_telemetry" time="0.0019016265869140625" /><testcase name="insert_scheduler_like_intent" time="0.0013670921325683594" /><testcase name="start_cycle_http" time="0.046485185623168945" /><testcase name="set_task_id" time="4.0531158447265625e-06" /><testcase name="wait_task_failed_on_missing_command_plan" time="4.957428693771362" /><testcase name="count_task_commands" time="0.0013799667358398438" /><testcase name="load_runtime_publish_counts" time="0.0008256435394287109" /><testcase name="get_internal_task_status" time="0.04376530647277832" /><testcase name="reset_zero_level_telemetry_ready" time="0.00011539459228515625" /><testcase name="start_cycle_http_200" time="5.340576171875e-05" /><testcase name="start_cycle_response_active" time="3.457069396972656e-05" /><testcase name="runtime_task_failed" time="5.030632019042969e-05" /><testcase name="runtime_task_failed_with_planner_config_code" time="5.221366882324219e-05" /><testcase name="runtime_task_error_mentions_missing_required_channel" time="0.00017070770263671875" /><testcase name="startup_state_probe_not_written_before_fail_closed" time="4.601478576660156e-05" /><testcase name="no_runtime_activation_publish_path_for_failed_plan" time="4.076957702636719e-05" /><testcase name="internal_task_failed" time="4.458427429199219e-05" /></testsuite></testsuites>