<?xml version='1.0' encoding='utf-8'?>
<testsuites name="E02_command_happy" tests="13" failures="1" skipped="0" time="31.39351487159729"><testsuite name="E02_command_happy" tests="13" failures="1" skipped="0" time="31.39351487159729"><testcase name="Check system health" time="0.055115699768066406" /><testcase name="Get zones" time="0.05784964561462402" /><testcase name="Get nodes" time="0.05702853202819824" /><testcase name="Find test zone and node" time="0.00021314620971679688" /><testcase name="Subscribe to command channel" time="0.17553043365478516" /><testcase name="Subscribe to zone channel" time="0.17436695098876953" /><testcase name="Send command to node" time="0.21052169799804688" /><testcase name="Save command ID" time="0.00010418891906738281" /><testcase name="Wait for command status update (SENT or ACCEPTED)" time="0.6030137538909912" /><testcase name="Check command status in DB (wait for SENT or ACCEPTED)" time="0.009954452514648438" /><testcase name="Assert command status is SENT or ACCEPTED" time="7.224082946777344e-05" /><testcase name="Wait for command acceptance (ACCEPTED) if not already" time="10.023226976394653" /><testcase name="Check command status is ACCEPTED or DONE (if ACCEPTED not received, skip to DONE)" time="20.026517152786255"><failure message="Timeout waiting for DB condition: SELECT status FROM commands WHERE cmd_id = :cmd_id AND status IN ('ACCEPTED', 'DONE', 'ACK')">Timeout waiting for DB condition: SELECT status FROM commands WHERE cmd_id = :cmd_id AND status IN ('ACCEPTED', 'DONE', 'ACK')</failure></testcase></testsuite></testsuites>