<?xml version='1.0' encoding='utf-8'?>
<testsuites name="E06_laravel_down_queue_recovery" tests="9" failures="0" skipped="0" time="37.4840087890625"><testsuite name="E06_laravel_down_queue_recovery" tests="9" failures="0" skipped="0" time="37.4840087890625"><testcase name="start_node_simulator" time="5.6945836544036865" /><testcase name="verify_laravel_running" time="1.1219892501831055" /><testcase name="stop_laravel" time="7.30015754699707" /><testcase name="node_publishes_errors_during_down" time="5.004705429077148" /><testcase name="restore_laravel" time="3.2781565189361572" /><testcase name="wait_queue_processing" time="15.073963165283203" /><testcase name="all_errors_processed" time="0.00887608528137207" /><testcase name="errors_processed_via_queue" time="0.000637054443359375" /><testcase name="queue_processed" time="0.0009400844573974609" /></testsuite></testsuites>