<?xml version='1.0' encoding='utf-8'?>
<testsuites name="E71_db_flaky" tests="11" failures="0" skipped="0" time="15.710148811340332"><testsuite name="E71_db_flaky" tests="11" failures="0" skipped="0" time="15.710148811340332"><testcase name="set_test_uids" time="1.7404556274414062e-05" /><testcase name="fetch_node_id" time="0.018586158752441406" /><testcase name="get_zones" time="0.258526086807251" /><testcase name="set_zone_id" time="5.245208740234375e-06" /><testcase name="pause_postgres" time="0.24129390716552734" /><testcase name="wait_during_pause" time="5.005131006240845" /><testcase name="publish_error_during_db_pause" time="0.0010960102081298828" /><testcase name="unpause_postgres" time="0.17081880569458008" /><testcase name="wait_after_recovery" time="10.010171175003052" /><testcase name="system_still_responding" time="0.0014607906341552734" /><testcase name="data_queued_and_processed" time="0.0030422210693359375" /></testsuite></testsuites>