<?xml version='1.0' encoding='utf-8'?>
<testsuites name="E13_duplicate_cmd_response" tests="11" failures="0" skipped="0" time="13.213847637176514"><testsuite name="E13_duplicate_cmd_response" tests="11" failures="0" skipped="0" time="13.213847637176514"><testcase name="start_node_simulator" time="5.6982738971710205" /><testcase name="get_zones" time="0.07647204399108887" /><testcase name="get_nodes" time="0.06734132766723633" /><testcase name="find_test_zone_and_node" time="6.4373016357421875e-06" /><testcase name="subscribe_ws_commands" time="1.1871721744537354" /><testcase name="send_command" time="2.1697750091552734" /><testcase name="set_command_id" time="5.4836273193359375e-06" /><testcase name="node_sends_done_first" time="2.0022947788238525" /><testcase name="node_sends_done_duplicate" time="2.0023741722106934" /><testcase name="command_reaches_final_status_done" time="0.009583711624145508" /><testcase name="assert_status_is_done" time="0.0005486011505126953" /></testsuite></testsuites>