<?xml version='1.0' encoding='utf-8'?>
<testsuites name="E13_duplicate_cmd_response" tests="12" failures="0" skipped="0" time="13.143632888793945"><testsuite name="E13_duplicate_cmd_response" tests="12" failures="0" skipped="0" time="13.143632888793945"><testcase name="set_test_uids" time="1.9550323486328125e-05" /><testcase name="start_node_simulator" time="5.639760971069336" /><testcase name="get_zones" time="0.06366848945617676" /><testcase name="get_nodes" time="0.07937765121459961" /><testcase name="find_test_zone_and_node" time="3.337860107421875e-06" /><testcase name="subscribe_ws_commands" time="1.1917827129364014" /><testcase name="send_command" time="2.15409779548645" /><testcase name="set_command_id" time="7.867813110351562e-06" /><testcase name="node_sends_done_first" time="2.0026752948760986" /><testcase name="node_sends_done_duplicate" time="2.002213716506958" /><testcase name="command_reaches_final_status_done" time="0.009494304656982422" /><testcase name="assert_status_is_done" time="0.0005311965942382812" /></testsuite></testsuites>