<?xml version='1.0' encoding='utf-8'?>
<testsuites name="E107_ae3_irrigation_runtime_test_node" tests="83" failures="2" skipped="0" time="195.33271861076355"><testsuite name="E107_ae3_irrigation_runtime_test_node" tests="83" failures="2" skipped="0" time="195.33271861076355"><testcase name="set_test_context" time="3.504753112792969e-05" /><testcase name="load_zone_context" time="0.011996984481811523" /><testcase name="set_zone_context" time="4.76837158203125e-06" /><testcase name="set_runtime_api_url" time="0.2732529640197754" /><testcase name="load_irrig_node" time="0.008022308349609375" /><testcase name="load_ph_node" time="0.003110170364379883" /><testcase name="load_ec_node" time="0.0007956027984619141" /><testcase name="set_node_ids" time="4.5299530029296875e-06" /><testcase name="wait_zone_ae_runtime_idle_before_cleanup" time="0.0031778812408447266" /><testcase name="load_soil_node" time="0.0008182525634765625" /><testcase name="set_soil_node_id" time="4.0531158447265625e-06" /><testcase name="load_ec_pump_channel" time="0.0008673667907714844" /><testcase name="load_ph_up_channel" time="0.00125885009765625" /><testcase name="load_ph_down_channel" time="0.0008158683776855469" /><testcase name="set_correction_channel_ids" time="5.7220458984375e-06" /><testcase name="cleanup_zone_ae_commands" time="0.002451658248901367" /><testcase name="cleanup_zone_ae_tasks" time="0.0022187232971191406" /><testcase name="cleanup_zone_ae_leases" time="0.0004799365997314453" /><testcase name="cleanup_zone_workflow_state" time="0.0015194416046142578" /><testcase name="cleanup_zone_pid_state" time="0.001577138900756836" /><testcase name="cleanup_zone_intents" time="0.0009617805480957031" /><testcase name="complete_existing_cycles" time="0.0033228397369384766" /><testcase name="switch_zone_to_ae3" time="0.0017020702362060547" /><testcase name="load_test_node_correction_preset" time="0.0010952949523925781" /><testcase name="apply_test_node_correction_preset" time="0.286968469619751" /><testcase name="cleanup_old_runtime_telemetry_samples" time="0.010572195053100586" /><testcase name="cleanup_old_runtime_telemetry_last" time="0.005694150924682617" /><testcase name="cleanup_existing_correction_bindings" time="0.0026814937591552734" /><testcase name="cleanup_existing_correction_infra" time="0.0022094249725341797" /><testcase name="cleanup_existing_e2e_calibrations" time="0.0036935806274414062" /><testcase name="insert_correction_infrastructure" time="0.0023763179779052734" /><testcase name="insert_correction_bindings" time="0.0056819915771484375" /><testcase name="insert_correction_calibrations" time="0.002115011215209961" /><testcase name="apply_task_logic_profile" time="0.26561951637268066" /><testcase name="create_recipe" time="0.0020792484283447266" /><testcase name="load_recipe" time="0.0015254020690917969" /><testcase name="set_recipe_id" time="7.62939453125e-06" /><testcase name="create_recipe_revision" time="0.003244638442993164" /><testcase name="load_recipe_revision" time="0.0006477832794189453" /><testcase name="set_recipe_revision_id" time="3.5762786865234375e-06" /><testcase name="create_grow_cycle" time="0.003924369812011719" /><testcase name="load_grow_cycle" time="0.0005311965942382812" /><testcase name="set_grow_cycle_id" time="3.337860107421875e-06" /><testcase name="create_phase" time="0.0022454261779785156" /><testcase name="load_phase" time="0.0010712146759033203" /><testcase name="set_phase_id" time="3.5762786865234375e-06" /><testcase name="activate_grow_cycle" time="0.0010395050048828125" /><testcase name="apply_cycle_start_snapshot" time="0.23238921165466309" /><testcase name="apply_cycle_phase_overrides" time="0.2611231803894043" /><testcase name="wait_grow_cycle_bundle_ready" time="0.001897573471069336" /><testcase name="insert_ready_workflow_state" time="0.0014085769653320312" /><testcase name="wait_ready_workflow_state" time="0.0009179115295410156" /><testcase name="capture_live_config_publish_window" time="0.00047659873962402344" /><testcase name="publish_irrig_node_config" time="0.2873845100402832" /><testcase name="publish_ph_node_config" time="0.31438636779785156" /><testcase name="publish_ec_node_config" time="0.34596967697143555" /><testcase name="wait_live_namespace_config_reports" time="0.0026824474334716797" /><testcase name="activate_ph_sensor_mode" time="0.4379572868347168" /><testcase name="wait_activate_ph_sensor_mode_done" time="0.35373377799987793" /><testcase name="activate_ec_sensor_mode" time="0.4659576416015625" /><testcase name="wait_activate_ec_sensor_mode_done" time="0.3177073001861572" /><testcase name="wait_ph_ec_telemetry_available" time="0.10362720489501953" /><testcase name="wait_runtime_sensors_registered" time="0.00197601318359375" /><testcase name="isolate_runtime_sensors_to_test_node" time="0.0029714107513427734" /><testcase name="reset_test_node_state" time="0.3863186836242676" /><testcase name="wait_reset_state_done" time="0.21750426292419434" /><testcase name="set_tank_levels_ready" time="0.33160853385925293" /><testcase name="wait_set_tank_levels_ready_done" time="0.30849647521972656" /><testcase name="wait_ready_level_telemetry" time="0.006376028060913086" /><testcase name="set_soil_baseline" time="0.30112528800964355" /><testcase name="wait_soil_baseline_done" time="0.41435718536376953" /><testcase name="wait_soil_baseline_telemetry" time="0.003232717514038086" /><testcase name="isolate_runtime_sensors_before_task_start" time="0.006597042083740234" /><testcase name="seed_off_target_before_inline_correction_run" time="0.36217784881591797" /><testcase name="wait_seed_off_target_done" time="0.3101074695587158" /><testcase name="start_irrigation_task" time="0.3653721809387207" /><testcase name="set_task_run_id" time="4.0531158447265625e-06" /><testcase name="wait_task_run_commands_started" time="4.182119369506836" /><testcase name="wait_inline_correction_state_persisted" time="3.4624030590057373" /><testcase name="wait_inline_any_dose_command" time="0.5358066558837891" /><testcase name="wait_task_run_completed" time="180.07404279708862"><failure message="Timeout waiting for DB condition: SELECT&#10;  id,&#10;  status,&#10;  current_stage,&#10;  workflow_phase,&#10;  irrigation_decision_strategy,&#10;  irrigation_decision_outcome,&#10;  irrigation_decision_reason_code&#10;FROM ae_tasks&#10;WHERE id = CAST(:task_id AS bigint)&#10;  AND status = 'completed'&#10;  AND current_stage = 'completed_run'&#10;LIMIT 1&#10;">Timeout waiting for DB condition: SELECT
  id,
  status,
  current_stage,
  workflow_phase,
  irrigation_decision_strategy,
  irrigation_decision_outcome,
  irrigation_decision_reason_code
FROM ae_tasks
WHERE id = CAST(:task_id AS bigint)
  AND status = 'completed'
  AND current_stage = 'completed_run'
LIMIT 1
</failure></testcase><testcase name="task_strategy_task_created" time="0.005422115325927734" /><testcase name="smart_soil_high_skips_irrigation" time="0.003641843795776367"><failure message="invalid input syntax for type bigint: &quot;&quot;&#10;CONTEXT:  unnamed portal parameter $1 = ''">invalid input syntax for type bigint: ""
CONTEXT:  unnamed portal parameter $1 = ''</failure></testcase></testsuite></testsuites>