<?xml version='1.0' encoding='utf-8'?>
<testsuites name="E60_climate_control_happy" tests="8" failures="1" skipped="0" time="13.251652479171753"><testsuite name="E60_climate_control_happy" tests="8" failures="1" skipped="0" time="13.251652479171753"><testcase name="get_zones" time="0.06273603439331055" /><testcase name="set_zone_id" time="1.239776611328125e-05" /><testcase name="start_node_simulator" time="3.0024492740631104" /><testcase name="subscribe_zone_channel" time="0.16559720039367676" /><testcase name="publish_low_temp_telemetry" time="10.01032543182373" /><testcase name="wait_for_heater_command" time="9.298324584960938e-06"><failure message="Unknown action type: db.wait">Unknown action type: db.wait</failure></testcase><testcase name="telemetry_saved" time="0.008368730545043945" /><testcase name="command_created_by_ae" time="0.002154111862182617" /></testsuite></testsuites>