<?xml version='1.0' encoding='utf-8'?>
<testsuites name="E112_ae3_per_phase_ec_target_realhw" tests="114" failures="0" skipped="0" time="129.3085069656372"><testsuite name="E112_ae3_per_phase_ec_target_realhw" tests="114" failures="0" skipped="0" time="129.3085069656372"><testcase name="set_test_context" time="3.4332275390625e-05" /><testcase name="capture_scenario_window" time="0.003048419952392578" /><testcase name="load_zone_context" time="0.006058692932128906" /><testcase name="set_zone_context" time="7.867813110351562e-06" /><testcase name="load_irrig_node" time="0.002313852310180664" /><testcase name="load_ph_node" time="0.0033211708068847656" /><testcase name="load_ec_node" time="0.0008313655853271484" /><testcase name="set_node_ids" time="1.0728836059570312e-05" /><testcase name="publish_irrig_node_config" time="0.18593454360961914" /><testcase name="publish_ph_node_config" time="0.18898963928222656" /><testcase name="publish_ec_node_config" time="0.2082808017730713" /><testcase name="wait_irrigation_level_sensors_registered" time="20.73972797393799" /><testcase name="load_ec_pump_channel" time="0.0006763935089111328" /><testcase name="load_ph_up_channel" time="0.0007228851318359375" /><testcase name="load_ph_down_channel" time="0.0003192424774169922" /><testcase name="set_correction_channel_ids" time="5.4836273193359375e-06" /><testcase name="wait_zone_ae_runtime_idle_before_cleanup" time="0.003173351287841797" /><testcase name="cleanup_zone_ae_commands" time="0.0016074180603027344" /><testcase name="cleanup_zone_ae_tasks" time="0.0004329681396484375" /><testcase name="cleanup_zone_ae_leases" time="0.0002751350402832031" /><testcase name="cleanup_zone_workflow_state" time="0.0012068748474121094" /><testcase name="cleanup_zone_pid_state" time="0.0011136531829833984" /><testcase name="complete_existing_cycles" time="0.0012874603271484375" /><testcase name="switch_zone_to_ae3" time="0.0012822151184082031" /><testcase name="load_test_node_correction_preset" time="0.0007545948028564453" /><testcase name="apply_test_node_correction_preset" time="0.2044985294342041" /><testcase name="cleanup_existing_correction_bindings" time="0.00246429443359375" /><testcase name="cleanup_existing_correction_infra" time="0.001264333724975586" /><testcase name="cleanup_existing_e2e_calibrations" time="0.0013544559478759766" /><testcase name="insert_correction_infrastructure" time="0.0009703636169433594" /><testcase name="insert_correction_bindings" time="0.002125263214111328" /><testcase name="insert_correction_calibrations" time="0.0016088485717773438" /><testcase name="apply_solution_fill_process_calibration" time="0.20277690887451172" /><testcase name="apply_tank_recirc_process_calibration" time="0.19688820838928223" /><testcase name="apply_irrigation_process_calibration" time="0.20206356048583984" /><testcase name="apply_ae3_logic_profile" time="0.2176513671875" /><testcase name="create_recipe" time="0.0015592575073242188" /><testcase name="load_recipe" time="0.0005753040313720703" /><testcase name="set_recipe_id" time="3.0994415283203125e-06" /><testcase name="create_recipe_revision" time="0.001461029052734375" /><testcase name="load_recipe_revision" time="0.0005006790161132812" /><testcase name="set_recipe_revision_id" time="3.814697265625e-06" /><testcase name="create_grow_cycle" time="0.0023298263549804688" /><testcase name="load_grow_cycle" time="0.00036787986755371094" /><testcase name="set_grow_cycle_id" time="2.384185791015625e-06" /><testcase name="create_phase" time="0.0016825199127197266" /><testcase name="load_phase" time="0.001298666000366211" /><testcase name="set_phase_id" time="3.0994415283203125e-06" /><testcase name="activate_grow_cycle" time="0.0010514259338378906" /><testcase name="apply_cycle_start_snapshot" time="0.19383764266967773" /><testcase name="apply_cycle_phase_overrides" time="0.2034444808959961" /><testcase name="wait_grow_cycle_bundle_ready" time="0.0014042854309082031" /><testcase name="reset_test_node_state" time="0.2420039176940918" /><testcase name="wait_reset_state_done" time="0.3253202438354492" /><testcase name="reset_test_node_state_confirm" time="0.27184033393859863" /><testcase name="wait_reset_state_done_confirm" time="0.30811476707458496" /><testcase name="wait_zero_level_telemetry" time="0.001619100570678711" /><testcase name="insert_scheduler_like_intent" time="0.0011286735534667969" /><testcase name="start_cycle_http" time="0.03254818916320801" /><testcase name="set_task_id" time="3.337860107421875e-06" /><testcase name="wait_ae_command_accepted" time="0.30622243881225586" /><testcase name="wait_startup_commands_published" time="2.318164825439453" /><testcase name="wait_runtime_irr_state_snapshot" time="0.011823415756225586" /><testcase name="wait_task_pending_clean_fill_check" time="0.5060708522796631" /><testcase name="wait_workflow_tank_filling" time="0.0011975765228271484" /><testcase name="force_clean_tank_full" time="0.2420964241027832" /><testcase name="wait_force_clean_tank_full_done" time="0.3081798553466797" /><testcase name="wait_clean_tank_full_telemetry" time="0.0015707015991210938" /><testcase name="load_task_after_clean_override" time="0.00043201446533203125" /><testcase name="wait_solution_fill_stage" time="23.753523349761963" /><testcase name="wait_solution_fill_commands" time="0.0007801055908203125" /><testcase name="wait_ph_ec_telemetry_available" time="0.0016889572143554688" /><testcase name="wait_sensor_mode_telemetry_cadence" time="0.0015957355499267578" /><testcase name="force_solution_tank_full" time="0.24161767959594727" /><testcase name="wait_force_solution_tank_full_done" time="1.2136456966400146" /><testcase name="wait_fill_ec_correction_command" time="25.566816091537476" /><testcase name="load_fill_ph_correction_commands_if_any" time="0.0005631446838378906" /><testcase name="wait_prepare_recirculation_stage" time="1.3131895065307617" /><testcase name="wait_prepare_recirculation_commands" time="0.0008318424224853516" /><testcase name="seed_recirculation_sensor_values" time="0.2380673885345459" /><testcase name="wait_seed_recirculation_sensor_values_done" time="0.30544567108154297" /><testcase name="load_seed_recirculation_command_row" time="0.0014793872833251953" /><testcase name="wait_seeded_recirculation_telemetry" time="0.0015020370483398438" /><testcase name="wait_recirculation_ec_correction_command" time="28.89094066619873" /><testcase name="wait_recirculation_ec_peak_decay_pair" time="6.2629616260528564" /><testcase name="wait_recirculation_ph_correction_command" time="11.080336570739746" /><testcase name="wait_task_not_failed_after_sequential_loop" time="1.3125722408294678" /><testcase name="wait_targets_reached_on_node_after_sequential_loop" time="1.418703317642212" /><testcase name="load_expected_ae_command_counts" time="0.0011286735534667969" /><testcase name="load_runtime_reset_commands" time="0.0003514289855957031" /><testcase name="count_task_commands" time="0.000286102294921875" /><testcase name="get_internal_task_status" time="0.026631593704223633" /><testcase name="reset_zero_level_telemetry_ready" time="9.059906005859375e-05" /><testcase name="start_cycle_http_200" time="3.5762786865234375e-05" /><testcase name="start_cycle_response_active" time="2.574920654296875e-05" /><testcase name="runtime_task_not_failed" time="3.910064697265625e-05" /><testcase name="runtime_task_pending_clean_fill_check" time="7.414817810058594e-05" /><testcase name="workflow_phase_tank_filling" time="3.647804260253906e-05" /><testcase name="solution_fill_stage_reached" time="3.886222839355469e-05" /><testcase name="prepare_recirculation_stage_reached" time="5.340576171875e-05" /><testcase name="telemetry_cadence_after_sensor_mode" time="7.581710815429688e-05" /><testcase name="recirculation_ec_peak_observed" time="2.5272369384765625e-05" /><testcase name="recirculation_ec_decay_observed" time="2.0742416381835938e-05" /><testcase name="task_not_failed_after_sequential_loop" time="5.269050598144531e-05" /><testcase name="targets_reached_after_sequential_loop" time="2.2172927856445312e-05" /><testcase name="at_least_ten_ae_commands_logged" time="2.765655517578125e-05" /><testcase name="irr_state_probe_logged" time="3.528594970703125e-05" /><testcase name="clean_fill_start_logged" time="2.8371810913085938e-05" /><testcase name="solution_fill_start_logged" time="2.5272369384765625e-05" /><testcase name="prepare_recirculation_start_logged" time="2.574920654296875e-05" /><testcase name="ec_correction_logged_twice" time="2.5987625122070312e-05" /><testcase name="sequential_ph_correction_logged" time="1.9788742065429688e-05" /><testcase name="runtime_never_resets_node_during_task" time="2.6702880859375e-05" /><testcase name="internal_task_not_failed" time="9.72747802734375e-05" /></testsuite></testsuites>