<?xml version='1.0' encoding='utf-8'?>
<testsuites name="E66_fail_closed_corrections" tests="19" failures="0" skipped="0" time="12.789429426193237"><testsuite name="E66_fail_closed_corrections" tests="19" failures="0" skipped="0" time="12.789429426193237"><testcase name="get_zones" time="0.0947880744934082" /><testcase name="set_zone_id" time="6.67572021484375e-06" /><testcase name="ensure_zone_online" time="0.006522417068481445" /><testcase name="cleanup_old_cycles" time="0.0017626285552978516" /><testcase name="create_plant" time="0.08371949195861816" /><testcase name="create_recipe" time="0.07260847091674805" /><testcase name="create_revision" time="0.10576748847961426" /><testcase name="add_phase" time="0.10181689262390137" /><testcase name="publish_revision" time="0.08600687980651855" /><testcase name="create_simple_cycle" time="0.12853765487670898" /><testcase name="set_cycle_id" time="6.198883056640625e-06" /><testcase name="wait_for_effective_targets" time="2.0020387172698975" /><testcase name="set_correction_targets" time="0.003931999206542969" /><testcase name="enable_capabilities" time="0.0021293163299560547" /><testcase name="reset_backoff" time="0.029657602310180664" /><testcase name="inject_correction_error" time="0.023517131805419922" /><testcase name="wait_after_inject" time="10.00576376914978" /><testcase name="wait_controller_failed_event" time="0.021354198455810547" /><testcase name="no_dosing_commands" time="0.019493818283081055" /></testsuite></testsuites>