<?xml version='1.0' encoding='utf-8'?>
<testsuites name="E120_ae3_recirc_dilute_overshoot_realhw" tests="121" failures="0" skipped="0" time="79.28027725219727"><testsuite name="E120_ae3_recirc_dilute_overshoot_realhw" tests="121" failures="0" skipped="0" time="79.28027725219727"><testcase name="set_test_context" time="3.7670135498046875e-05" /><testcase name="capture_scenario_window" time="0.004929304122924805" /><testcase name="load_zone_context" time="0.005093097686767578" /><testcase name="set_zone_context" time="9.5367431640625e-06" /><testcase name="load_irrig_node" time="0.002450704574584961" /><testcase name="load_ph_node" time="0.0031692981719970703" /><testcase name="load_ec_node" time="0.0007965564727783203" /><testcase name="set_node_ids" time="1.1682510375976562e-05" /><testcase name="publish_irrig_node_config" time="0.2437577247619629" /><testcase name="publish_ph_node_config" time="0.24414896965026855" /><testcase name="publish_ec_node_config" time="0.23505353927612305" /><testcase name="wait_irrigation_level_sensors_registered" time="0.002953767776489258" /><testcase name="load_ec_pump_a_channel" time="0.0010521411895751953" /><testcase name="load_ec_pump_b_channel" time="0.0004899501800537109" /><testcase name="load_ec_pump_c_channel" time="0.0004372596740722656" /><testcase name="load_ec_pump_d_channel" time="0.0003871917724609375" /><testcase name="load_ph_up_channel" time="0.0003857612609863281" /><testcase name="load_ph_down_channel" time="0.0004000663757324219" /><testcase name="set_correction_channel_ids" time="5.7220458984375e-06" /><testcase name="wait_zone_ae_runtime_idle_before_cleanup" time="0.002646207809448242" /><testcase name="cleanup_zone_ae_commands" time="0.0018002986907958984" /><testcase name="cleanup_zone_ae_tasks" time="0.0005815029144287109" /><testcase name="cleanup_zone_ae_leases" time="0.0003917217254638672" /><testcase name="cleanup_zone_workflow_state" time="0.0014162063598632812" /><testcase name="cleanup_zone_pid_state" time="0.0014369487762451172" /><testcase name="complete_existing_cycles" time="0.0015211105346679688" /><testcase name="switch_zone_to_ae3" time="0.0016367435455322266" /><testcase name="load_test_node_correction_preset" time="0.0009660720825195312" /><testcase name="apply_test_node_correction_preset" time="0.24924278259277344" /><testcase name="cleanup_existing_correction_bindings" time="0.002659320831298828" /><testcase name="cleanup_existing_correction_infra" time="0.0011413097381591797" /><testcase name="cleanup_existing_e2e_calibrations" time="0.0013747215270996094" /><testcase name="insert_correction_infrastructure" time="0.0017521381378173828" /><testcase name="insert_correction_bindings" time="0.004250049591064453" /><testcase name="insert_correction_calibrations" time="0.0023865699768066406" /><testcase name="apply_solution_fill_process_calibration" time="0.2529103755950928" /><testcase name="apply_tank_recirc_process_calibration" time="0.24271464347839355" /><testcase name="apply_irrigation_process_calibration" time="0.2603120803833008" /><testcase name="apply_ae3_logic_profile" time="0.4409918785095215" /><testcase name="create_recipe" time="0.004608631134033203" /><testcase name="load_recipe" time="0.0016567707061767578" /><testcase name="set_recipe_id" time="4.291534423828125e-06" /><testcase name="create_recipe_revision" time="0.009139299392700195" /><testcase name="load_recipe_revision" time="0.0018465518951416016" /><testcase name="set_recipe_revision_id" time="5.0067901611328125e-06" /><testcase name="create_grow_cycle" time="0.0049359798431396484" /><testcase name="load_grow_cycle" time="0.0007386207580566406" /><testcase name="set_grow_cycle_id" time="3.814697265625e-06" /><testcase name="create_phase" time="0.005852699279785156" /><testcase name="load_phase" time="0.0007784366607666016" /><testcase name="set_phase_id" time="4.291534423828125e-06" /><testcase name="activate_grow_cycle" time="0.0015223026275634766" /><testcase name="apply_cycle_start_snapshot" time="0.4089992046356201" /><testcase name="apply_cycle_phase_overrides" time="0.23164153099060059" /><testcase name="wait_grow_cycle_bundle_ready" time="0.0021479129791259766" /><testcase name="reset_test_node_state" time="0.27332258224487305" /><testcase name="wait_reset_state_done" time="0.719031572341919" /><testcase name="reset_test_node_state_confirm" time="0.2708137035369873" /><testcase name="wait_reset_state_done_confirm" time="0.33306407928466797" /><testcase name="wait_zero_level_telemetry" time="0.002108335494995117" /><testcase name="insert_scheduler_like_intent" time="0.003726482391357422" /><testcase name="start_cycle_http" time="0.16489338874816895" /><testcase name="set_task_id" time="3.814697265625e-06" /><testcase name="wait_ae_command_accepted" time="0.4175388813018799" /><testcase name="wait_startup_commands_published" time="2.835686206817627" /><testcase name="wait_runtime_irr_state_snapshot" time="0.027493715286254883" /><testcase name="wait_task_pending_clean_fill_check" time="0.5104472637176514" /><testcase name="wait_workflow_tank_filling" time="0.0013988018035888672" /><testcase name="force_clean_tank_full" time="0.3128080368041992" /><testcase name="wait_force_clean_tank_full_done" time="0.5166215896606445" /><testcase name="wait_clean_tank_full_telemetry" time="0.002017498016357422" /><testcase name="load_task_after_clean_override" time="0.0006346702575683594" /><testcase name="wait_solution_fill_stage" time="23.897860527038574" /><testcase name="wait_solution_fill_commands" time="0.0009129047393798828" /><testcase name="wait_ph_ec_telemetry_available" time="0.0015587806701660156" /><testcase name="wait_sensor_mode_telemetry_cadence" time="0.00182342529296875" /><testcase name="hold_solution_tank_filling_for_ca_dose" time="0.33379268646240234" /><testcase name="wait_hold_solution_tank_filling_for_ca_dose_done" time="0.42194151878356934" /><testcase name="seed_solution_fill_sensor_baseline" time="0.7070951461791992" /><testcase name="wait_seed_solution_fill_sensor_baseline_done" time="0.20636963844299316" /><testcase name="wait_fill_ec_correction_command" time="10.224405527114868" /><testcase name="load_fill_ph_correction_commands_if_any" time="0.0009868144989013672" /><testcase name="complete_solution_fill_after_ec_correction" time="0.3252220153808594" /><testcase name="wait_complete_solution_fill_after_ec_correction_done" time="2.3765788078308105" /><testcase name="wait_prepare_recirculation_stage" time="7.898667812347412" /><testcase name="wait_prepare_recirculation_commands" time="0.0017218589782714844" /><testcase name="seed_recirculation_sensor_values" time="0.3642246723175049" /><testcase name="wait_seed_recirculation_sensor_values_done" time="0.5403776168823242" /><testcase name="load_seed_recirculation_command_row" time="0.0052852630615234375" /><testcase name="wait_seeded_recirculation_telemetry" time="0.0022144317626953125" /><testcase name="reseed_recirculation_sensor_values_for_stability" time="0.32091712951660156" /><testcase name="wait_reseed_recirculation_sensor_values_done" time="0.3242323398590088" /><testcase name="wait_recirculation_seed_stable_window" time="6.573094844818115" /><testcase name="wait_recirc_dilute_started_event" time="8.243923902511597" /><testcase name="wait_dilute_valve_clean_supply_command" time="2.9355649948120117" /><testcase name="wait_recirc_dilute_completed_event" time="4.230074167251587" /><testcase name="wait_pid_ec_reset_after_dilute" time="0.006999015808105469" /><testcase name="wait_task_not_failed_after_dilute" time="0.003860950469970703" /><testcase name="load_dilute_ae_command_counts" time="0.00099945068359375" /><testcase name="load_calcium_pump_b_calibration" time="0.0006184577941894531" /><testcase name="count_task_commands" time="0.00043201446533203125" /><testcase name="get_internal_task_status" time="0.041814327239990234" /><testcase name="reset_zero_level_telemetry_ready" time="0.00011491775512695312" /><testcase name="start_cycle_http_200" time="4.863739013671875e-05" /><testcase name="start_cycle_response_active" time="3.600120544433594e-05" /><testcase name="runtime_task_not_failed" time="5.14984130859375e-05" /><testcase name="runtime_task_pending_clean_fill_check" time="9.202957153320312e-05" /><testcase name="workflow_phase_tank_filling" time="4.8160552978515625e-05" /><testcase name="solution_fill_stage_reached" time="5.221366882324219e-05" /><testcase name="prepare_recirculation_stage_reached" time="8.726119995117188e-05" /><testcase name="telemetry_cadence_after_sensor_mode" time="0.00010919570922851562" /><testcase name="internal_task_not_failed" time="0.00017404556274414062" /><testcase name="recirc_dilute_started" time="9.417533874511719e-05" /><testcase name="dilute_uses_valve_clean_supply" time="9.608268737792969e-05" /><testcase name="recirc_dilute_completed" time="6.508827209472656e-05" /><testcase name="pid_ec_reset_after_dilute" time="3.62396240234375e-05" /><testcase name="task_not_failed_after_dilute" time="7.605552673339844e-05" /><testcase name="dilute_open_and_close_logged" time="6.508827209472656e-05" /><testcase name="pump_b_calibration_is_calcium" time="6.031990051269531e-05" /><testcase name="at_least_ten_ae_commands_logged" time="4.3392181396484375e-05" /><testcase name="forbids_irrig_recirc_phase_after_dilute" time="0.0021572113037109375" /></testsuite></testsuites>