<?xml version='1.0' encoding='utf-8'?>
<testsuites name="E87_ec_ph_correction_during_fill" tests="72" failures="0" skipped="0" time="35.9403338432312"><testsuite name="E87_ec_ph_correction_during_fill" tests="72" failures="0" skipped="0" time="35.9403338432312"><testcase name="get_zone_context" time="0.001918792724609375" /><testcase name="set_zone_id" time="2.86102294921875e-06" /><testcase name="enable_zone_correction_capabilities" time="0.0009315013885498047" /><testcase name="cleanup_grow_cycles" time="0.001493692398071289" /><testcase name="reset_correction_cooldown_history" time="0.014444351196289062" /><testcase name="upsert_irrig_node" time="0.0018589496612548828" /><testcase name="get_irrig_node" time="0.0008447170257568359" /><testcase name="set_irrig_node_id" time="4.291534423828125e-06" /><testcase name="upsert_ec_node" time="0.0012264251708984375" /><testcase name="get_ec_node" time="0.00040721893310546875" /><testcase name="set_ec_node_id" time="3.814697265625e-06" /><testcase name="upsert_ph_node" time="0.0011866092681884766" /><testcase name="get_ph_node" time="0.0004093647003173828" /><testcase name="set_ph_node_id" time="4.0531158447265625e-06" /><testcase name="upsert_dosing_node" time="0.0012073516845703125" /><testcase name="get_dosing_node" time="0.0003819465637207031" /><testcase name="set_dosing_node_id" time="4.76837158203125e-06" /><testcase name="upsert_irrig_channels" time="0.0023889541625976562" /><testcase name="publish_reset_pump_main_off" time="0.1430063247680664" /><testcase name="wait_reset_pump_main_done" time="0.22692203521728516" /><testcase name="publish_reset_valve_clean_fill_off" time="0.13628721237182617" /><testcase name="wait_reset_valve_clean_fill_done" time="0.20731782913208008" /><testcase name="publish_reset_valve_clean_supply_off" time="0.14264512062072754" /><testcase name="wait_reset_valve_clean_supply_done" time="0.20677590370178223" /><testcase name="publish_reset_valve_solution_fill_off" time="0.15400385856628418" /><testcase name="wait_reset_valve_solution_fill_done" time="0.20577669143676758" /><testcase name="publish_reset_valve_solution_supply_off" time="0.14843416213989258" /><testcase name="wait_reset_valve_solution_supply_done" time="0.10176324844360352" /><testcase name="upsert_dosing_channels" time="0.0013320446014404297" /><testcase name="delete_old_level_sensors" time="0.001416921615600586" /><testcase name="insert_level_sensors" time="0.0023987293243408203" /><testcase name="delete_old_ec_ph_sensors" time="0.00630497932434082" /><testcase name="insert_ec_sensor" time="0.0015485286712646484" /><testcase name="insert_ph_sensor" time="0.0018765926361083984" /><testcase name="init_telemetry_all_empty" time="0.0038988590240478516" /><testcase name="set_clean_tank_full" time="0.002841949462890625" /><testcase name="set_solution_min_level_for_correction" time="0.0013909339904785156" /><testcase name="set_ec_low" time="0.0024368762969970703" /><testcase name="set_ph_high" time="0.001538991928100586" /><testcase name="insert_ec_ph_samples" time="0.001888275146484375" /><testcase name="delete_old_infra_instance" time="0.0012271404266357422" /><testcase name="insert_infra_instance" time="0.0010869503021240234" /><testcase name="set_infra_instance_id" time="2.384185791015625e-06" /><testcase name="bind_ec_npk_pump" time="0.0025398731231689453" /><testcase name="bind_ph_acid_pump" time="0.0017399787902832031" /><testcase name="create_plant" time="0.06284594535827637" /><testcase name="create_recipe" time="0.05610060691833496" /><testcase name="create_revision" time="0.05677008628845215" /><testcase name="add_phase" time="0.05915713310241699" /><testcase name="publish_revision" time="0.05622148513793945" /><testcase name="restart_automation_engine_stop" time="10.350069522857666" /><testcase name="wait_after_automation_engine_stop" time="2.001865863800049" /><testcase name="restart_automation_engine_start" time="3.7959399223327637" /><testcase name="wait_after_automation_engine_start" time="5.003326177597046" /><testcase name="reinforce_level_telemetry_before_start" time="0.0026750564575195312" /><testcase name="reinforce_ec_ph_telemetry_before_start" time="0.0010838508605957031" /><testcase name="reinforce_ec_ph_samples_before_start" time="0.0014090538024902344" /><testcase name="publish_prestart_reset_pump_main_off" time="0.14461898803710938" /><testcase name="wait_prestart_reset_pump_main_done" time="0.20308375358581543" /><testcase name="capture_run_started_at" time="0.00027489662170410156" /><testcase name="set_run_started_at" time="6.67572021484375e-06" /><testcase name="create_grow_cycle" time="0.1036689281463623" /><testcase name="set_cycle_id" time="2.6226043701171875e-06" /><testcase name="start_grow_cycle" time="0.1108388900756836" /><testcase name="wait_for_solution_fill_start" time="0.41281628608703613" /><testcase name="wait_for_ec_correction" time="11.760435104370117" /><testcase name="wait_for_ph_correction" time="0.0016634464263916016" /><testcase name="solution_fill_started" time="0.0012028217315673828" /><testcase name="solution_fill_all_relay_commands" time="0.002180814743041992" /><testcase name="ec_npk_correction_during_fill" time="0.0029740333557128906" /><testcase name="ph_acid_correction_during_fill" time="0.0014219284057617188" /><testcase name="correction_before_recirculation" time="0.010557889938354492" /></testsuite></testsuites>