<?xml version='1.0' encoding='utf-8'?>
<testsuites name="E54_pause_resume_harvest" tests="5" failures="2" skipped="1" time="0.1341080665588379"><testsuite name="E54_pause_resume_harvest" tests="5" failures="2" skipped="1" time="0.1341080665588379"><testcase name="get_zones" time="0.07391214370727539" /><testcase name="set_zone_id" time="8.106231689453125e-06" /><testcase name="cleanup_old_cycles" time="0.002406597137451172"><skipped>invalid input syntax for type bigint: ""
CONTEXT:  unnamed portal parameter $1 = ''</skipped></testcase><testcase name="get_active_cycle" time="0.056829214096069336"><failure message="Server error '500 Internal Server Error' for url 'http://localhost:8081/api/zones/grow-cycle'&#10;For more information check: https://developer.mozilla.org/en-US/docs/Web/HTTP/Status/500">Server error '500 Internal Server Error' for url 'http://localhost:8081/api/zones/grow-cycle'
For more information check: https://developer.mozilla.org/en-US/docs/Web/HTTP/Status/500</failure></testcase><testcase name="zone_exists" time="0.0009520053863525391"><failure message="invalid input syntax for type bigint: &quot;&quot;&#10;CONTEXT:  unnamed portal parameter $1 = ''">invalid input syntax for type bigint: ""
CONTEXT:  unnamed portal parameter $1 = ''</failure></testcase></testsuite></testsuites>