<?xml version='1.0' encoding='utf-8'?>
<testsuites name="E30_snapshot_contains_last_event_id" tests="6" failures="0" skipped="0" time="0.19946527481079102"><testsuite name="E30_snapshot_contains_last_event_id" tests="6" failures="0" skipped="0" time="0.19946527481079102"><testcase name="get_zones" time="0.07095575332641602" /><testcase name="set_zone_id" time="3.814697265625e-06" /><testcase name="get_max_event_id_from_db" time="0.013851404190063477" /><testcase name="get_snapshot" time="0.11242890357971191" /><testcase name="snapshot_api_call_successful" time="0.0005598068237304688" /><testcase name="last_event_id_exists" time="0.0016655921936035156" /></testsuite></testsuites>