<?xml version='1.0' encoding='utf-8'?>
<testsuites name="E109_ae3_irrigation_inline_correction_test_node" tests="71" failures="0" skipped="0" time="14.236160278320312"><testsuite name="E109_ae3_irrigation_inline_correction_test_node" tests="71" failures="0" skipped="0" time="14.236160278320312"><testcase name="set_test_context" time="2.47955322265625e-05" /><testcase name="load_zone_context" time="0.008287906646728516" /><testcase name="set_zone_context" time="7.867813110351562e-06" /><testcase name="set_runtime_api_url" time="0.20040535926818848" /><testcase name="load_irrig_node" time="0.0027472972869873047" /><testcase name="load_ph_node" time="0.003447294235229492" /><testcase name="load_ec_node" time="0.0011966228485107422" /><testcase name="set_node_ids" time="5.7220458984375e-06" /><testcase name="load_ec_pump_channel" time="0.0005857944488525391" /><testcase name="load_ph_up_channel" time="0.00037550926208496094" /><testcase name="load_ph_down_channel" time="0.0004165172576904297" /><testcase name="set_correction_channel_ids" time="3.5762786865234375e-06" /><testcase name="publish_irrig_node_config" time="0.20091724395751953" /><testcase name="publish_ph_node_config" time="0.19150972366333008" /><testcase name="publish_ec_node_config" time="0.20007610321044922" /><testcase name="wait_zone_ae_runtime_idle_before_cleanup" time="0.003353595733642578" /><testcase name="cleanup_zone_ae_commands" time="0.001967906951904297" /><testcase name="cleanup_zone_ae_tasks" time="0.0020704269409179688" /><testcase name="cleanup_zone_ae_leases" time="0.0003533363342285156" /><testcase name="complete_existing_cycles" time="0.002368927001953125" /><testcase name="switch_zone_to_ae3" time="0.0015208721160888672" /><testcase name="load_test_node_correction_preset" time="0.0013442039489746094" /><testcase name="apply_test_node_correction_preset" time="0.1979691982269287" /><testcase name="cleanup_existing_correction_bindings" time="0.001783609390258789" /><testcase name="cleanup_existing_correction_infra" time="0.002053499221801758" /><testcase name="cleanup_existing_e2e_calibrations" time="0.0013592243194580078" /><testcase name="insert_correction_infrastructure" time="0.0008842945098876953" /><testcase name="insert_correction_bindings" time="0.0022253990173339844" /><testcase name="insert_correction_calibrations" time="0.0018603801727294922" /><testcase name="wait_runtime_level_sensors_registered" time="0.0024394989013671875" /><testcase name="activate_ph_sensor_mode" time="0.23614263534545898" /><testcase name="wait_activate_ph_sensor_mode_done" time="0.32286620140075684" /><testcase name="activate_ec_sensor_mode" time="0.2147526741027832" /><testcase name="wait_activate_ec_sensor_mode_done" time="0.4114711284637451" /><testcase name="wait_runtime_ph_ec_telemetry_available" time="0.0018088817596435547" /><testcase name="cleanup_runtime_telemetry" time="0.002223491668701172" /><testcase name="cleanup_runtime_telemetry_last" time="0.0009911060333251953" /><testcase name="apply_task_logic_profile" time="0.18645143508911133" /><testcase name="create_recipe" time="0.002159595489501953" /><testcase name="load_recipe" time="0.0007374286651611328" /><testcase name="set_recipe_id" time="4.0531158447265625e-06" /><testcase name="create_recipe_revision" time="0.001729726791381836" /><testcase name="load_recipe_revision" time="0.0005564689636230469" /><testcase name="set_recipe_revision_id" time="2.6226043701171875e-06" /><testcase name="create_grow_cycle" time="0.002145528793334961" /><testcase name="load_grow_cycle" time="0.0003871917724609375" /><testcase name="set_grow_cycle_id" time="2.384185791015625e-06" /><testcase name="create_phase" time="0.0017268657684326172" /><testcase name="load_phase" time="0.0011212825775146484" /><testcase name="set_phase_id" time="3.0994415283203125e-06" /><testcase name="activate_grow_cycle" time="0.0008826255798339844" /><testcase name="apply_cycle_start_snapshot" time="0.17712998390197754" /><testcase name="apply_cycle_phase_overrides" time="0.17552995681762695" /><testcase name="wait_grow_cycle_bundle_ready" time="0.00189208984375" /><testcase name="set_ready_levels_and_targets" time="0.2146604061126709" /><testcase name="wait_ready_levels_done" time="0.40768980979919434" /><testcase name="wait_ready_seed_telemetry" time="0.0030527114868164062" /><testcase name="cleanup_zone_workflow_state" time="0.001283407211303711" /><testcase name="insert_ready_workflow_state" time="0.0008890628814697266" /><testcase name="wait_ready_workflow_state" time="0.0004634857177734375" /><testcase name="enable_inline_correction_during_irrigation" time="0.0010797977447509766" /><testcase name="seed_off_target_for_irrigation_check" time="0.22291254997253418" /><testcase name="wait_seed_done" time="0.30447864532470703" /><testcase name="start_irrigation_inline" time="0.23218178749084473" /><testcase name="set_irrig_task_id" time="4.5299530029296875e-06" /><testcase name="wait_irrigation_started_commands" time="3.5287857055664062" /><testcase name="wait_correction_decision_for_dual_gap" time="3.479114532470703" /><testcase name="wait_ec_dose_command_during_irrigation" time="3.0566482543945312" /><testcase name="wait_main_pump_snapshot_before_ec_dose" time="0.0021195411682128906" /><testcase name="inline_correction_decision_keeps_dual_gap_and_ec_first" time="0.002491474151611328" /><testcase name="inline_correction_keeps_main_pump_active_at_ec_dose" time="0.002024412155151367" /></testsuite></testsuites>