<?xml version='1.0' encoding='utf-8'?>
<testsuites name="E106_ae3_two_tank_realhw_piggyback_ec_ph_cycle" tests="104" failures="0" skipped="0" time="273.65677762031555"><testsuite name="E106_ae3_two_tank_realhw_piggyback_ec_ph_cycle" tests="104" failures="0" skipped="0" time="273.65677762031555"><testcase name="set_test_context" time="3.3855438232421875e-05" /><testcase name="capture_scenario_window" time="0.002797842025756836" /><testcase name="load_zone_context" time="0.005592823028564453" /><testcase name="set_zone_context" time="7.152557373046875e-06" /><testcase name="load_irrig_node" time="0.0028231143951416016" /><testcase name="load_ph_node" time="0.003429412841796875" /><testcase name="load_ec_node" time="0.0008451938629150391" /><testcase name="set_node_ids" time="1.0251998901367188e-05" /><testcase name="load_ec_pump_channel" time="0.0005414485931396484" /><testcase name="load_ph_up_channel" time="0.0003368854522705078" /><testcase name="load_ph_down_channel" time="0.00033783912658691406" /><testcase name="set_correction_channel_ids" time="3.814697265625e-06" /><testcase name="cleanup_zone_ae_commands" time="0.002857208251953125" /><testcase name="cleanup_zone_ae_tasks" time="0.0004317760467529297" /><testcase name="cleanup_zone_ae_leases" time="0.0006394386291503906" /><testcase name="cleanup_zone_workflow_state" time="0.001604318618774414" /><testcase name="complete_existing_cycles" time="0.0014805793762207031" /><testcase name="switch_zone_to_ae3" time="0.0014052391052246094" /><testcase name="load_test_node_correction_preset" time="0.0008909702301025391" /><testcase name="apply_test_node_correction_preset" time="0.10021638870239258" /><testcase name="upsert_irrig_channels" time="0.0016715526580810547" /><testcase name="delete_old_level_sensors" time="0.004085540771484375" /><testcase name="insert_level_sensors" time="0.0030896663665771484" /><testcase name="cleanup_ph_ec_sensors" time="0.0004978179931640625" /><testcase name="insert_ph_ec_sensors" time="0.0013508796691894531" /><testcase name="upsert_sensor_mode_channels" time="0.0008454322814941406" /><testcase name="cleanup_existing_correction_bindings" time="0.0014057159423828125" /><testcase name="cleanup_existing_correction_infra" time="0.0009655952453613281" /><testcase name="cleanup_existing_e2e_calibrations" time="0.0010635852813720703" /><testcase name="insert_correction_infrastructure" time="0.0008111000061035156" /><testcase name="insert_correction_bindings" time="0.0018703937530517578" /><testcase name="insert_correction_calibrations" time="0.0014233589172363281" /><testcase name="deactivate_active_profiles" time="0.0015804767608642578" /><testcase name="insert_ae3_profile" time="0.001955747604370117" /><testcase name="create_recipe" time="0.0011646747589111328" /><testcase name="load_recipe" time="0.0005245208740234375" /><testcase name="set_recipe_id" time="4.291534423828125e-06" /><testcase name="create_recipe_revision" time="0.0014371871948242188" /><testcase name="load_recipe_revision" time="0.0004944801330566406" /><testcase name="set_recipe_revision_id" time="3.5762786865234375e-06" /><testcase name="create_grow_cycle" time="0.0017020702362060547" /><testcase name="load_grow_cycle" time="0.000461578369140625" /><testcase name="set_grow_cycle_id" time="2.6226043701171875e-06" /><testcase name="create_phase" time="0.0022161006927490234" /><testcase name="load_phase" time="0.0004229545593261719" /><testcase name="set_phase_id" time="2.86102294921875e-06" /><testcase name="activate_grow_cycle" time="0.0009469985961914062" /><testcase name="reset_test_node_state" time="0.13545846939086914" /><testcase name="wait_reset_state_done" time="0.2198479175567627" /><testcase name="reset_test_node_state_confirm" time="0.13758349418640137" /><testcase name="wait_reset_state_done_confirm" time="0.20748209953308105" /><testcase name="wait_zero_level_telemetry" time="7.554023265838623" /><testcase name="insert_scheduler_like_intent" time="0.0017049312591552734" /><testcase name="start_cycle_http" time="0.031088590621948242" /><testcase name="set_task_id" time="3.337860107421875e-06" /><testcase name="wait_ae_command_accepted" time="0.10177206993103027" /><testcase name="wait_startup_commands_published" time="2.520287275314331" /><testcase name="wait_runtime_irr_state_snapshot" time="0.011527538299560547" /><testcase name="wait_task_pending_clean_fill_check" time="0.5063254833221436" /><testcase name="wait_workflow_tank_filling" time="0.0011725425720214844" /><testcase name="force_clean_tank_full" time="0.12892937660217285" /><testcase name="wait_force_clean_tank_full_done" time="0.3086073398590088" /><testcase name="wait_clean_tank_full_telemetry" time="0.0016415119171142578" /><testcase name="load_task_after_clean_override" time="0.00047016143798828125" /><testcase name="wait_solution_fill_stage" time="25.057132244110107" /><testcase name="wait_solution_fill_commands" time="0.0007252693176269531" /><testcase name="wait_ph_ec_telemetry_available" time="0.0012993812561035156" /><testcase name="force_solution_tank_full" time="0.14788269996643066" /><testcase name="wait_force_solution_tank_full_done" time="0.9115622043609619" /><testcase name="wait_fill_ec_correction_command" time="0.0005774497985839844" /><testcase name="seed_recirculation_sensor_values" time="0.13182592391967773" /><testcase name="wait_seed_recirculation_sensor_values_done" time="0.30394625663757324" /><testcase name="load_seed_recirculation_command_row" time="0.0015206336975097656" /><testcase name="wait_seeded_recirculation_telemetry" time="0.10280251502990723" /><testcase name="load_fill_ph_correction_commands_if_any" time="0.00043010711669921875" /><testcase name="wait_prepare_recirculation_stage" time="110.66071009635925" /><testcase name="wait_prepare_recirculation_commands" time="0.0011932849884033203" /><testcase name="wait_recirculation_ec_correction_command" time="0.0006778240203857422" /><testcase name="wait_recirculation_ph_correction_command" time="0.0005731582641601562" /><testcase name="wait_task_not_failed_after_piggyback" time="0.0004668235778808594" /><testcase name="wait_targets_reached_on_node_after_piggyback" time="124.27943587303162" /><testcase name="load_expected_ae_command_counts" time="0.0011935234069824219" /><testcase name="load_runtime_reset_commands" time="0.00034546852111816406" /><testcase name="count_task_commands" time="0.0003342628479003906" /><testcase name="get_internal_task_status" time="0.02513289451599121" /><testcase name="reset_zero_level_telemetry_ready" time="8.249282836914062e-05" /><testcase name="start_cycle_http_200" time="3.5762786865234375e-05" /><testcase name="start_cycle_response_active" time="2.7894973754882812e-05" /><testcase name="runtime_task_not_failed" time="3.838539123535156e-05" /><testcase name="runtime_task_pending_clean_fill_check" time="8.559226989746094e-05" /><testcase name="workflow_phase_tank_filling" time="3.528594970703125e-05" /><testcase name="solution_fill_stage_reached" time="3.886222839355469e-05" /><testcase name="prepare_recirculation_stage_reached" time="5.412101745605469e-05" /><testcase name="task_not_failed_after_piggyback" time="6.747245788574219e-05" /><testcase name="targets_reached_after_piggyback" time="2.6702880859375e-05" /><testcase name="at_least_ten_ae_commands_logged" time="2.9325485229492188e-05" /><testcase name="irr_state_probe_logged" time="2.765655517578125e-05" /><testcase name="clean_fill_start_logged" time="2.6226043701171875e-05" /><testcase name="solution_fill_start_logged" time="2.6226043701171875e-05" /><testcase name="prepare_recirculation_start_logged" time="2.6226043701171875e-05" /><testcase name="ec_correction_logged_twice" time="2.5510787963867188e-05" /><testcase name="piggyback_ph_correction_logged" time="2.002716064453125e-05" /><testcase name="runtime_never_resets_node_during_task" time="2.6464462280273438e-05" /><testcase name="internal_task_not_failed" time="9.775161743164062e-05" /></testsuite></testsuites>