<?xml version='1.0' encoding='utf-8'?>
<testsuites name="E31_reconnect_replay_gap" tests="18" failures="1" skipped="1" time="16.314316272735596"><testsuite name="E31_reconnect_replay_gap" tests="18" failures="1" skipped="1" time="16.314316272735596"><testcase name="start_node_simulator" time="4.792331218719482" /><testcase name="get_zone_id" time="0.08993291854858398" /><testcase name="set_zone_id" time="5.245208740234375e-06" /><testcase name="connect_ws" time="6.67572021484375e-06" /><testcase name="wait_after_connect" time="1.000427484512329" /><testcase name="subscribe_ws_zone" time="0.21151185035705566" /><testcase name="wait_after_subscribe" time="1.0006768703460693" /><testcase name="fetch_snapshot_before" time="0.10801243782043457" /><testcase name="capture_last_event_id" time="5.7220458984375e-06" /><testcase name="disconnect_ws" time="0.003360271453857422" /><testcase name="wait_after_disconnect" time="1.001115322113037" /><testcase name="publish_error_during_gap" time="5.005025386810303" /><testcase name="reconnect_ws" time="0.0030281543731689453" /><testcase name="wait_after_reconnect" time="1.0009710788726807" /><testcase name="fetch_events_after_id" time="0.0956716537475586" /><testcase name="wait_after_replay" time="2.002187967300415" /><testcase name="snapshot_has_last_event_id" time="2.1696090698242188e-05"><skipped>Expected field value to be not null</skipped></testcase><testcase name="replay_returns_events_after_gap" time="2.4318695068359375e-05"><failure message="Expected data.data to be of type list">Expected data.data to be of type list</failure></testcase></testsuite></testsuites>