<?xml version='1.0' encoding='utf-8'?>
<testsuites name="E107_ae3_irrigation_runtime_test_node" tests="99" failures="2" skipped="0" time="480.3722400665283"><testsuite name="E107_ae3_irrigation_runtime_test_node" tests="99" failures="2" skipped="0" time="480.3722400665283"><testcase name="set_test_context" time="3.743171691894531e-05" /><testcase name="load_zone_context" time="0.0009088516235351562" /><testcase name="set_zone_context" time="4.0531158447265625e-06" /><testcase name="set_runtime_api_url" time="11.034250736236572" /><testcase name="load_irrig_node" time="0.0037000179290771484" /><testcase name="load_ph_node" time="0.0023450851440429688" /><testcase name="load_ec_node" time="0.001149892807006836" /><testcase name="set_node_ids" time="4.5299530029296875e-06" /><testcase name="wait_zone_ae_runtime_idle_before_cleanup" time="0.005365133285522461" /><testcase name="load_soil_node" time="0.0008208751678466797" /><testcase name="set_soil_node_id" time="5.4836273193359375e-06" /><testcase name="load_ec_pump_channel" time="0.0005970001220703125" /><testcase name="load_ph_up_channel" time="0.0005469322204589844" /><testcase name="load_ph_down_channel" time="0.0006465911865234375" /><testcase name="set_correction_channel_ids" time="4.291534423828125e-06" /><testcase name="cleanup_zone_ae_commands" time="0.0036711692810058594" /><testcase name="cleanup_zone_ae_tasks" time="0.002605915069580078" /><testcase name="cleanup_zone_ae_leases" time="0.0006160736083984375" /><testcase name="cleanup_zone_workflow_state" time="0.0021162033081054688" /><testcase name="cleanup_zone_pid_state" time="0.0018768310546875" /><testcase name="cleanup_zone_intents" time="0.0012395381927490234" /><testcase name="complete_existing_cycles" time="0.0026807785034179688" /><testcase name="switch_zone_to_ae3" time="0.0010972023010253906" /><testcase name="load_test_node_correction_preset" time="0.002286672592163086" /><testcase name="apply_test_node_correction_preset" time="0.2377150058746338" /><testcase name="cleanup_old_runtime_telemetry_samples" time="0.0062198638916015625" /><testcase name="cleanup_old_runtime_telemetry_last" time="0.002287626266479492" /><testcase name="cleanup_existing_correction_bindings" time="0.0022063255310058594" /><testcase name="cleanup_existing_correction_infra" time="0.0020112991333007812" /><testcase name="cleanup_existing_e2e_calibrations" time="0.0014390945434570312" /><testcase name="insert_correction_infrastructure" time="0.0011034011840820312" /><testcase name="insert_correction_bindings" time="0.0023941993713378906" /><testcase name="insert_correction_calibrations" time="0.0025103092193603516" /><testcase name="apply_task_logic_profile" time="0.24521827697753906" /><testcase name="create_recipe" time="0.0022428035736083984" /><testcase name="load_recipe" time="0.0007648468017578125" /><testcase name="set_recipe_id" time="3.814697265625e-06" /><testcase name="create_recipe_revision" time="0.0018775463104248047" /><testcase name="load_recipe_revision" time="0.0004858970642089844" /><testcase name="set_recipe_revision_id" time="3.5762786865234375e-06" /><testcase name="create_grow_cycle" time="0.002148866653442383" /><testcase name="load_grow_cycle" time="0.0007088184356689453" /><testcase name="set_grow_cycle_id" time="4.0531158447265625e-06" /><testcase name="create_phase" time="0.002389669418334961" /><testcase name="load_phase" time="0.0006227493286132812" /><testcase name="set_phase_id" time="3.0994415283203125e-06" /><testcase name="activate_grow_cycle" time="0.001085519790649414" /><testcase name="apply_cycle_start_snapshot" time="0.33420276641845703" /><testcase name="apply_cycle_phase_overrides" time="0.31360816955566406" /><testcase name="wait_grow_cycle_bundle_ready" time="0.0035266876220703125" /><testcase name="insert_ready_workflow_state" time="0.004154205322265625" /><testcase name="wait_ready_workflow_state" time="0.0011310577392578125" /><testcase name="capture_live_config_publish_window" time="0.002233266830444336" /><testcase name="publish_irrig_node_config" time="0.35189390182495117" /><testcase name="publish_ph_node_config" time="0.23779988288879395" /><testcase name="publish_ec_node_config" time="0.21685123443603516" /><testcase name="wait_live_namespace_config_reports" time="0.0016345977783203125" /><testcase name="activate_ph_sensor_mode" time="0.3391129970550537" /><testcase name="wait_activate_ph_sensor_mode_done" time="0.8873169422149658" /><testcase name="activate_ec_sensor_mode" time="0.3755931854248047" /><testcase name="wait_activate_ec_sensor_mode_done" time="0.8264710903167725" /><testcase name="wait_ph_ec_telemetry_available" time="1.6280126571655273" /><testcase name="wait_runtime_sensors_registered" time="0.00413203239440918" /><testcase name="isolate_runtime_sensors_to_test_node" time="0.0013930797576904297" /><testcase name="reset_test_node_state" time="0.3219168186187744" /><testcase name="wait_reset_state_done" time="0.931983470916748" /><testcase name="set_tank_levels_ready" time="0.2995107173919678" /><testcase name="wait_set_tank_levels_ready_done" time="0.923677921295166" /><testcase name="wait_ready_level_telemetry" time="1.5218689441680908" /><testcase name="set_soil_baseline" time="0.3273355960845947" /><testcase name="wait_soil_baseline_done" time="0.9192779064178467" /><testcase name="wait_soil_baseline_telemetry" time="0.8164749145507812" /><testcase name="isolate_runtime_sensors_before_task_start" time="0.0027587413787841797" /><testcase name="seed_off_target_before_inline_correction_run" time="0.30414628982543945" /><testcase name="wait_seed_off_target_done" time="1.0249676704406738" /><testcase name="start_irrigation_task" time="0.900869607925415" /><testcase name="set_task_run_id" time="4.5299530029296875e-06" /><testcase name="wait_task_run_commands_started" time="7.781801700592041" /><testcase name="wait_inline_correction_state_persisted" time="2.3268749713897705" /><testcase name="wait_inline_any_dose_command" time="3.463527202606201" /><testcase name="wait_task_run_completed" time="319.1630997657776" /><testcase name="wait_task_run_commands_stopped" time="0.0012269020080566406" /><testcase name="wait_ready_after_task_run" time="0.0008590221405029297" /><testcase name="capture_smart_profile_update_window" time="0.0002675056457519531" /><testcase name="raise_soil_target_for_smart_profile" time="0.0011203289031982422" /><testcase name="refresh_cycle_start_snapshot_for_smart_profile" time="0.2089226245880127" /><testcase name="apply_smart_soil_logic_profile" time="0.2820746898651123" /><testcase name="wait_smart_profile_bundle_ready" time="0.001855611801147461" /><testcase name="cleanup_soil_samples_before_high_case" time="0.003135204315185547" /><testcase name="cleanup_soil_last_before_high_case" time="0.0017001628875732422" /><testcase name="set_soil_high" time="0.351107120513916" /><testcase name="wait_soil_high_done" time="0.9388864040374756" /><testcase name="wait_soil_high_telemetry" time="0.003079652786254883" /><testcase name="isolate_runtime_sensors_before_skip_check" time="0.0013790130615234375" /><testcase name="start_irrigation_skip" time="0.40386343002319336" /><testcase name="set_skip_task_id" time="4.0531158447265625e-06" /><testcase name="wait_skip_task_completed" time="120.02756333351135"><failure message="Timeout waiting for DB condition: SELECT&#10;  id,&#10;  status,&#10;  current_stage,&#10;  irrigation_decision_strategy,&#10;  irrigation_decision_outcome,&#10;  irrigation_decision_reason_code&#10;FROM ae_tasks&#10;WHERE id = CAST(:task_id AS bigint)&#10;  AND status = 'completed'&#10;  AND current_stage = 'completed_skip'&#10;LIMIT 1&#10;">Timeout waiting for DB condition: SELECT
  id,
  status,
  current_stage,
  irrigation_decision_strategy,
  irrigation_decision_outcome,
  irrigation_decision_reason_code
FROM ae_tasks
WHERE id = CAST(:task_id AS bigint)
  AND status = 'completed'
  AND current_stage = 'completed_skip'
LIMIT 1
</failure></testcase><testcase name="task_strategy_task_created" time="0.001138448715209961" /><testcase name="smart_soil_high_skips_irrigation" time="0.0008680820465087891"><failure message="Expected field 'irrigation_decision_outcome' = skip, got None">Expected field 'irrigation_decision_outcome' = skip, got None</failure></testcase></testsuite></testsuites>