<?xml version='1.0' encoding='utf-8'?>
<testsuites name="E75_two_tank_fill_contract" tests="39" failures="0" skipped="0" time="138.7388460636139"><testsuite name="E75_two_tank_fill_contract" tests="39" failures="0" skipped="0" time="138.7388460636139"><testcase name="set_test_context" time="3.790855407714844e-05" /><testcase name="get_zone_row" time="0.00215911865234375" /><testcase name="set_zone_id" time="4.291534423828125e-06" /><testcase name="resolve_irrigation_node" time="0.0021893978118896484" /><testcase name="set_irrigation_node_uid" time="1.1444091796875e-05" /><testcase name="resolve_main_pump_channel" time="0.0012786388397216797" /><testcase name="set_main_pump_channel" time="9.775161743164062e-06" /><testcase name="ensure_water_contour_channel_config" time="0.0014612674713134766" /><testcase name="publish_irrigation_node_config" time="2.0964064598083496" /><testcase name="wait_irrigation_node_online_after_config_publish" time="0.0022954940795898438" /><testcase name="reset_test_node_runtime_state" time="0.1644577980041504" /><testcase name="wait_level_switches_zero_after_reset" time="1.4279594421386719" /><testcase name="reset_ae_state_override_to_idle_before_run" time="0.03319811820983887" /><testcase name="capture_clean_start_ts" time="0.00047898292541503906" /><testcase name="open_main_pump_for_clean_fill" time="0.1558995246887207" /><testcase name="open_clean_fill_valve" time="0.15091300010681152" /><testcase name="wait_main_pump_done" time="0.02430582046508789" /><testcase name="wait_clean_fill_done" time="0.002374887466430664" /><testcase name="wait_clean_min_switch" time="14.465916395187378" /><testcase name="wait_clean_max_switch" time="20.006083726882935" /><testcase name="wait_clean_max_latched" time="15.01432466506958" /><testcase name="verify_clean_max_latched" time="0.0048410892486572266" /><testcase name="close_clean_fill_valve_before_solution" time="0.23975157737731934" /><testcase name="capture_solution_start_ts" time="0.0003809928894042969" /><testcase name="force_workflow_phase_tank_filling_for_solution_fill" time="0.03921175003051758" /><testcase name="open_solution_supply_valve" time="0.12196636199951172" /><testcase name="open_solution_fill_valve" time="0.12458944320678711" /><testcase name="wait_solution_supply_done" time="0.0021004676818847656" /><testcase name="wait_solution_fill_done" time="0.0014293193817138672" /><testcase name="wait_solution_min_switch" time="14.38705849647522" /><testcase name="wait_solution_max_switch" time="50.20614194869995" /><testcase name="wait_solution_max_latched" time="20.01151442527771" /><testcase name="verify_solution_max_latched" time="0.004888057708740234" /><testcase name="clean_min_delay_window" time="0.00044918060302734375" /><testcase name="clean_max_delay_window" time="0.00036454200744628906" /><testcase name="solution_min_delay_window" time="0.00032973289489746094" /><testcase name="solution_max_delay_window" time="0.0002906322479248047" /><testcase name="no_no_effect_for_water_contour_commands" time="0.011522531509399414" /><testcase name="no_missing_flags_skip_during_solution_fill_phase" time="0.030249357223510742" /></testsuite></testsuites>