<?xml version='1.0' encoding='utf-8'?>
<testsuites name="E00_api_smoke" tests="11" failures="0" skipped="0" time="0.7504799365997314"><testsuite name="E00_api_smoke" tests="11" failures="0" skipped="0" time="0.7504799365997314"><testcase name="set_laravel_url" time="1.1682510375976562e-05" /><testcase name="check_health" time="0.08412933349609375" /><testcase name="check_login_endpoint" time="0.2593417167663574" /><testcase name="check_zones_protected" time="0.07236933708190918" /><testcase name="check_nodes_protected" time="0.06720852851867676" /><testcase name="check_cycles_protected" time="0.06562399864196777" /><testcase name="check_greenhouses_protected" time="0.062392473220825195" /><testcase name="check_commands_protected" time="0.13907146453857422" /><testcase name="health_endpoint_works" time="6.818771362304688e-05" /><testcase name="no_500_errors_on_endpoints" time="0.00022864341735839844" /><testcase name="login_returns_validation_error" time="3.457069396972656e-05" /></testsuite></testsuites>