<?xml version='1.0' encoding='utf-8'?>
<testsuites name="E93_start_cycle_intent_executor_path" tests="39" failures="0" skipped="0" time="2.124300718307495"><testsuite name="E93_start_cycle_intent_executor_path" tests="39" failures="0" skipped="0" time="2.124300718307495"><testcase name="set_test_context" time="0.00011205673217773438" /><testcase name="get_zone_row" time="0.0055882930755615234" /><testcase name="set_zone_id" time="5.4836273193359375e-06" /><testcase name="ensure_ae3_virtual_irrig_node" time="0.0032782554626464844" /><testcase name="resolve_irrig_node" time="0.0014255046844482422" /><testcase name="set_irrig_node_id" time="1.0251998901367188e-05" /><testcase name="upsert_irrig_channels" time="0.003612041473388672" /><testcase name="delete_old_level_sensors" time="0.011199474334716797" /><testcase name="insert_level_sensors" time="0.005226850509643555" /><testcase name="cleanup_zone_ae_commands" time="0.010554790496826172" /><testcase name="cleanup_zone_stage_transitions" time="0.0033631324768066406" /><testcase name="cleanup_zone_ae_tasks" time="0.003480672836303711" /><testcase name="cleanup_zone_leases" time="0.0014431476593017578" /><testcase name="cleanup_zone_intents" time="0.0016963481903076172" /><testcase name="cleanup_zone_cycles" time="0.0012428760528564453" /><testcase name="create_plant" time="0.11686038970947266" /><testcase name="create_recipe" time="0.16684460639953613" /><testcase name="create_revision" time="0.16438627243041992" /><testcase name="add_phase_0" time="0.12999844551086426" /><testcase name="publish_revision" time="0.12142133712768555" /><testcase name="create_planned_cycle" time="0.41295647621154785" /><testcase name="set_cycle_id" time="4.0531158447265625e-06" /><testcase name="apply_ae3_logic_profile" time="0.3429224491119385" /><testcase name="validate_zone_bundle" time="0.1825718879699707" /><testcase name="validate_cycle_bundle" time="0.24703216552734375" /><testcase name="insert_scheduler_like_intent" time="0.019479036331176758" /><testcase name="start_cycle_http" time="0.0906062126159668" /><testcase name="set_task_id" time="5.0067901611328125e-06" /><testcase name="wait_intent_active" time="0.0012543201446533203" /><testcase name="wait_ae_task_accepted" time="0.007937908172607422" /><testcase name="get_internal_task_detail" time="0.06480693817138672" /><testcase name="start_cycle_http_200" time="0.0003230571746826172" /><testcase name="start_cycle_response_status_ok" time="4.220008850097656e-05" /><testcase name="start_cycle_returns_numeric_task_id" time="0.0001480579376220703" /><testcase name="intent_active_status_valid" time="0.0003337860107421875" /><testcase name="ae_task_status_valid" time="0.00011944770812988281" /><testcase name="internal_task_detail_non_failed" time="3.218650817871094e-05" /><testcase name="internal_task_id_matches_start_cycle_task_id" time="7.414817810058594e-05" /><testcase name="intent_not_failed_or_cancelled" time="0.0019011497497558594" /></testsuite></testsuites>