<?xml version='1.0' encoding='utf-8'?>
<testsuites name="E63_backoff_on_errors" tests="40" failures="0" skipped="0" time="128.610369682312"><testsuite name="E63_backoff_on_errors" tests="40" failures="0" skipped="0" time="128.610369682312"><testcase name="stop_node_simulator_initial" time="15.176851272583008" /><testcase name="start_node_simulator" time="5.184841632843018" /><testcase name="set_test_uids" time="1.6689300537109375e-05" /><testcase name="set_zone_id_from_uid" time="0.00900411605834961" /><testcase name="set_node_id_from_uid" time="0.002407550811767578" /><testcase name="set_ids" time="1.2636184692382812e-05" /><testcase name="ensure_main_pump_role" time="0.0020742416381835938" /><testcase name="ensure_drain_role" time="0.0009694099426269531" /><testcase name="cleanup_old_cycles" time="0.0015916824340820312" /><testcase name="create_plant" time="0.05899524688720703" /><testcase name="create_recipe" time="0.06105613708496094" /><testcase name="create_revision" time="0.06009221076965332" /><testcase name="add_phase" time="0.06146383285522461" /><testcase name="publish_revision" time="0.0628504753112793" /><testcase name="create_cycle" time="0.11117696762084961" /><testcase name="set_cycle_id" time="2.86102294921875e-06" /><testcase name="wait_for_effective_targets" time="2.001149892807007" /><testcase name="enable_capabilities" time="0.0018391609191894531" /><testcase name="ensure_heater_infrastructure" time="0.002367734909057617" /><testcase name="fetch_heater_channel" time="0.0007119178771972656" /><testcase name="fetch_heater_infra" time="0.0007565021514892578" /><testcase name="upsert_heater_binding" time="0.0017938613891601562" /><testcase name="reset_backoff" time="0.011661767959594727" /><testcase name="baseline_window_open" time="0.0003972053527832031" /><testcase name="publish_temp_low_baseline" time="2.0019233226776123" /><testcase name="wait_for_baseline_command" time="9.732189416885376" /><testcase name="degraded_timestamp" time="0.0003266334533691406" /><testcase name="set_degraded_state" time="0.011181831359863281" /><testcase name="publish_temp_low_degraded" time="2.0024259090423584" /><testcase name="wait_for_degraded_cycle" time="45.00186276435852" /><testcase name="reset_backoff_after_degraded" time="0.013813495635986328" /><testcase name="reset_timestamp" time="0.0004754066467285156" /><testcase name="publish_temp_low_after_reset" time="2.00227427482605" /><testcase name="wait_for_post_reset_command" time="45.00884222984314" /><testcase name="degraded_mode_event_created" time="0.012764453887939453" /><testcase name="degraded_mode_infra_alert_upserted" time="0.0016312599182128906" /><testcase name="baseline_heater_command_created" time="0.0010843276977539062" /><testcase name="no_commands_in_degraded_mode" time="0.0012555122375488281" /><testcase name="commands_after_reset" time="0.0018584728240966797" /><testcase name="zone_recovered_event_after_reset" time="0.002375364303588867" /></testsuite></testsuites>