<?xml version='1.0' encoding='utf-8'?>
<testsuites name="E11_command_failed" tests="13" failures="1" skipped="0" time="13.3987295627594"><testsuite name="E11_command_failed" tests="13" failures="1" skipped="0" time="13.3987295627594"><testcase name="start_node_simulator" time="5.644086122512817" /><testcase name="get_zones" time="0.08417487144470215" /><testcase name="get_nodes" time="0.08301353454589844" /><testcase name="set_zone_and_node" time="1.1444091796875e-05" /><testcase name="subscribe_zone_channel" time="0.20895934104919434" /><testcase name="subscribe_commands_channel" time="0.2055513858795166" /><testcase name="send_command_that_fails" time="0.15697383880615234" /><testcase name="set_command_id" time="3.814697265625e-06" /><testcase name="simulate_failed_response" time="0.00013184547424316406" /><testcase name="wait_after_mqtt_publish" time="2.0016605854034424" /><testcase name="wait_for_failed_status" time="3.003115653991699" /><testcase name="wait_for_failed_ws_event" time="2.002081871032715" /><testcase name="command_status_is_failed" time="0.008965253829956055"><failure message="Field status: expected FAILED, got SENT">Field status: expected FAILED, got SENT</failure></testcase></testsuite></testsuites>