<?xml version='1.0' encoding='utf-8'?>
<testsuites name="E103_ae3_recirculation_retry_limit_alert_resolve_ready_realhw" tests="127" failures="2" skipped="0" time="1039.8667764663696"><testsuite name="E103_ae3_recirculation_retry_limit_alert_resolve_ready_realhw" tests="127" failures="2" skipped="0" time="1039.8667764663696"><testcase name="set_test_context" time="0.00011944770812988281" /><testcase name="capture_scenario_window" time="0.0013153553009033203" /><testcase name="load_zone_context" time="0.0012149810791015625" /><testcase name="set_zone_context" time="1.430511474609375e-05" /><testcase name="load_irrig_node" time="0.0009129047393798828" /><testcase name="load_ph_node" time="0.002342700958251953" /><testcase name="load_ec_node" time="0.0010638236999511719" /><testcase name="set_node_ids" time="1.621246337890625e-05" /><testcase name="load_ec_pump_channel" time="0.0008409023284912109" /><testcase name="load_ph_up_channel" time="0.0008697509765625" /><testcase name="load_ph_down_channel" time="0.0014791488647460938" /><testcase name="set_correction_channel_ids" time="3.886222839355469e-05" /><testcase name="cleanup_zone_ae_commands" time="0.0039865970611572266" /><testcase name="cleanup_zone_ae_tasks" time="0.004303693771362305" /><testcase name="cleanup_zone_ae_leases" time="0.0018687248229980469" /><testcase name="cleanup_zone_workflow_state" time="0.005838871002197266" /><testcase name="cleanup_zone_runtime_intents" time="0.0021805763244628906" /><testcase name="cleanup_retry_limit_alerts" time="0.004361391067504883" /><testcase name="complete_existing_cycles" time="0.0034668445587158203" /><testcase name="switch_zone_to_ae3" time="0.0036072731018066406" /><testcase name="load_test_node_correction_preset" time="0.004540920257568359" /><testcase name="apply_test_node_correction_preset" time="0.34058451652526855" /><testcase name="upsert_irrig_channels" time="0.049955129623413086" /><testcase name="delete_old_level_sensors" time="0.008888721466064453" /><testcase name="insert_level_sensors" time="0.005742549896240234" /><testcase name="cleanup_ph_ec_sensors" time="0.006694793701171875" /><testcase name="insert_ph_ec_sensors" time="0.0055310726165771484" /><testcase name="upsert_sensor_mode_channels" time="0.0031585693359375" /><testcase name="cleanup_existing_correction_bindings" time="0.006913185119628906" /><testcase name="cleanup_existing_correction_infra" time="0.0217130184173584" /><testcase name="cleanup_existing_e2e_calibrations" time="0.04651141166687012" /><testcase name="insert_correction_infrastructure" time="0.004967212677001953" /><testcase name="insert_correction_bindings" time="0.010957717895507812" /><testcase name="insert_correction_calibrations" time="0.0036971569061279297" /><testcase name="deactivate_active_profiles" time="0.0022461414337158203" /><testcase name="insert_ae3_profile" time="0.030335426330566406" /><testcase name="create_recipe" time="0.006072282791137695" /><testcase name="load_recipe" time="0.0073394775390625" /><testcase name="set_recipe_id" time="8.106231689453125e-06" /><testcase name="create_recipe_revision" time="0.004250049591064453" /><testcase name="load_recipe_revision" time="0.0012292861938476562" /><testcase name="set_recipe_revision_id" time="7.867813110351562e-06" /><testcase name="create_grow_cycle" time="0.002420186996459961" /><testcase name="load_grow_cycle" time="0.0010399818420410156" /><testcase name="set_grow_cycle_id" time="7.62939453125e-06" /><testcase name="create_phase" time="0.0028514862060546875" /><testcase name="load_phase" time="0.0016155242919921875" /><testcase name="set_phase_id" time="9.059906005859375e-06" /><testcase name="activate_grow_cycle" time="0.002076864242553711" /><testcase name="set_impossible_recirculation_targets_first" time="0.003565073013305664" /><testcase name="wait_impossible_recirculation_targets_applied_first" time="2.0014803409576416" /><testcase name="reset_test_node_state" time="0.6185164451599121" /><testcase name="wait_reset_state_done" time="4.072238206863403" /><testcase name="reset_test_node_state_confirm" time="0.6408638954162598" /><testcase name="wait_reset_state_done_confirm" time="0.9146919250488281" /><testcase name="wait_zero_level_telemetry" time="0.006145477294921875" /><testcase name="insert_scheduler_like_intent" time="0.023114919662475586" /><testcase name="start_cycle_http" time="0.14989781379699707" /><testcase name="set_task_id" time="8.58306884765625e-06" /><testcase name="wait_ae_command_accepted" time="0.7034683227539062" /><testcase name="wait_startup_commands_published" time="1.052987813949585" /><testcase name="wait_runtime_irr_state_snapshot" time="0.025020360946655273" /><testcase name="wait_task_pending_clean_fill_check" time="1.264500617980957" /><testcase name="wait_workflow_tank_filling" time="0.011296510696411133" /><testcase name="force_clean_tank_full" time="0.770266056060791" /><testcase name="wait_force_clean_tank_full_done" time="1.093553066253662" /><testcase name="wait_clean_tank_full_telemetry" time="4.351064205169678" /><testcase name="load_task_after_clean_override" time="0.0028922557830810547" /><testcase name="wait_solution_fill_stage" time="13.154168367385864" /><testcase name="wait_solution_fill_commands" time="0.001787424087524414" /><testcase name="wait_ph_ec_telemetry_available" time="0.005181550979614258" /><testcase name="force_solution_tank_full" time="0.41417527198791504" /><testcase name="wait_force_solution_tank_full_done" time="0.9286470413208008" /><testcase name="wait_fill_ec_correction_command" time="4.367554664611816" /><testcase name="load_fill_ph_correction_commands_if_any" time="0.01750779151916504" /><testcase name="wait_prepare_recirculation_stage" time="179.70739340782166" /><testcase name="wait_prepare_recirculation_commands" time="0.0019333362579345703" /><testcase name="wait_task_failed_retry_limit_first" time="99.51756954193115" /><testcase name="load_retry_limit_alert_first" time="0.003347158432006836" /><testcase name="load_recirc_command_counts_first" time="0.00531005859375" /><testcase name="load_runtime_reset_commands_first" time="0.002140045166015625" /><testcase name="restore_normal_targets_after_first_failure" time="0.0036115646362304688" /><testcase name="ack_retry_limit_alert_first" time="0.24174761772155762" /><testcase name="wait_retry_limit_alert_first_resolved" time="0.0034809112548828125" /><testcase name="soften_correction_config_for_second_run" time="0.3156447410583496" /><testcase name="reset_test_node_state_second_run" time="0.7033019065856934" /><testcase name="wait_reset_state_second_run_done" time="1.235924482345581" /><testcase name="wait_zero_level_telemetry_second_run" time="4.063767671585083" /><testcase name="force_pump_main_off_second_run" time="0.41927242279052734" /><testcase name="wait_force_pump_main_off_second_run_done" time="1.321735143661499" /><testcase name="probe_state_after_reset_second_run" time="0.45893311500549316" /><testcase name="wait_probe_state_after_reset_second_run_done" time="0.3239285945892334" /><testcase name="wait_runtime_irr_state_snapshot_after_reset_second_run" time="0.12196803092956543" /><testcase name="complete_existing_cycles_second_run" time="0.0031120777130126953" /><testcase name="cleanup_zone_ae_commands_second_run" time="0.0057599544525146484" /><testcase name="cleanup_zone_ae_tasks_second_run" time="0.0020513534545898438" /><testcase name="cleanup_zone_ae_leases_second_run" time="0.004532575607299805" /><testcase name="cleanup_zone_workflow_state_second_run" time="0.004017829895019531" /><testcase name="create_grow_cycle_second" time="0.0021703243255615234" /><testcase name="load_grow_cycle_second" time="0.0011138916015625" /><testcase name="set_grow_cycle_id_second" time="9.298324584960938e-06" /><testcase name="create_phase_second" time="0.0016777515411376953" /><testcase name="load_phase_second" time="0.002947092056274414" /><testcase name="set_phase_id_second" time="7.3909759521484375e-06" /><testcase name="activate_grow_cycle_second" time="0.001386404037475586" /><testcase name="insert_scheduler_like_intent_second" time="0.0015354156494140625" /><testcase name="start_cycle_http_second" time="0.1959540843963623" /><testcase name="set_task_id_second" time="7.152557373046875e-06" /><testcase name="wait_solution_fill_stage_second" time="46.72292137145996" /><testcase name="force_solution_tank_full_second" time="0.5045850276947021" /><testcase name="wait_force_solution_tank_full_second_done" time="1.0670390129089355" /><testcase name="wait_fill_ec_correction_command_second" time="8.44982385635376" /><testcase name="load_fill_ph_correction_commands_if_any_second" time="0.0023343563079833984" /><testcase name="wait_prepare_recirculation_stage_second" time="177.21276903152466" /><testcase name="wait_recirculation_ec_correction_command_second" time="0.0016303062438964844" /><testcase name="load_recirculation_ph_correction_command_count_second" time="0.0007386207580566406" /><testcase name="wait_task_completed_second" time="480.01120471954346"><failure message="Timeout waiting for DB condition: SELECT id, status, completed_at, error_code, error_message&#10;FROM ae_tasks&#10;WHERE id = CAST(:task_id_2 AS bigint)&#10;  AND status = 'completed'&#10;LIMIT 1&#10;">Timeout waiting for DB condition: SELECT id, status, completed_at, error_code, error_message
FROM ae_tasks
WHERE id = CAST(:task_id_2 AS bigint)
  AND status = 'completed'
LIMIT 1
</failure></testcase><testcase name="first_task_failed_by_retry_limit" time="0.0001270771026611328" /><testcase name="first_alert_active" time="5.91278076171875e-05" /><testcase name="first_alert_retry_count_is_3" time="0.00011610984802246094" /><testcase name="first_recirc_commands_attempted_three_times" time="5.054473876953125e-05" /><testcase name="first_runtime_never_resets_node_during_task" time="4.172325134277344e-05" /><testcase name="first_alert_ack_http_200" time="3.790855407714844e-05" /><testcase name="first_alert_resolved" time="4.363059997558594e-05" /><testcase name="second_start_cycle_http_200" time="3.528594970703125e-05" /><testcase name="second_prepare_recirculation_stage_reached" time="8.726119995117188e-05" /><testcase name="second_targets_reached" time="3.743171691894531e-05"><failure message="Assertion condition is false: len(context.get('targets_reached_second_row', [])) == 1">Assertion condition is false: len(context.get('targets_reached_second_row', [])) == 1</failure></testcase></testsuite></testsuites>