<?xml version='1.0' encoding='utf-8'?>
<testsuites name="E61_fail_closed_corrections" tests="31" failures="0" skipped="1" time="113.02418828010559"><testsuite name="E61_fail_closed_corrections" tests="31" failures="0" skipped="1" time="113.02418828010559"><testcase name="stop_node_simulator_initial" time="15.270444631576538" /><testcase name="set_test_uids" time="1.5974044799804688e-05" /><testcase name="get_automation_zone" time="0.07163786888122559" /><testcase name="set_zone_id_from_uid" time="0.008244991302490234" /><testcase name="set_zone_id" time="3.5762786865234375e-06" /><testcase name="cleanup_old_cycles" time="0.009224653244018555" /><testcase name="check_active_cycle" time="0.0012941360473632812" /><testcase name="create_plant_if_needed" time="0.05551004409790039" /><testcase name="create_recipe_if_needed" time="0.06385040283203125" /><testcase name="create_revision_if_needed" time="0.07644152641296387" /><testcase name="add_phase_if_needed" time="0.06151103973388672" /><testcase name="publish_revision_if_needed" time="0.05962777137756348" /><testcase name="create_cycle_if_needed" time="0.10882759094238281" /><testcase name="ensure_active_grow_cycle" time="0.0027484893798828125" /><testcase name="enable_capabilities" time="0.0024116039276123047" /><testcase name="wait_after_stop" time="5.001546144485474" /><testcase name="compute_stale_ts" time="0.0010275840759277344" /><testcase name="force_stale_telemetry_last" time="0.003240346908569336" /><testcase name="publish_stale_ph_telemetry" time="2.0013930797576904" /><testcase name="publish_stale_ec_telemetry" time="15.014839172363281" /><testcase name="wait_ae_processing" time="5.003581285476685" /><testcase name="publish_stale_ph_2" time="5.004709720611572" /><testcase name="publish_stale_ph_3" time="15.003528356552124" /><testcase name="stop_node_simulator_after_stale" time="0.13525676727294922" /><testcase name="publish_stale_ph_final" time="5.004372835159302" /><testcase name="wait_after_final_stale" time="15.002941846847534" /><testcase name="force_stale_telemetry_last_final" time="0.0015234947204589844" /><testcase name="wait_after_final_force" time="10.008272886276245" /><testcase name="no_dosing_commands" time="0.002252817153930664" /><testcase name="skipped_event_created" time="0.001924276351928711" /><testcase name="freshness_alert_created" time="20.041983366012573"><skipped>Timeout waiting for DB condition: SELECT id, type, status
FROM alerts
WHERE zone_id = :zone_id
AND type LIKE '%%FRESHNESS%%'
AND created_at &gt; NOW() - INTERVAL '5 minutes'
ORDER BY created_at DESC
LIMIT 1
</skipped></testcase></testsuite></testsuites>