<?xml version='1.0' encoding='utf-8'?>
<testsuites name="E00_api_smoke" tests="10" failures="0" skipped="0" time="0.8756098747253418"><testsuite name="E00_api_smoke" tests="10" failures="0" skipped="0" time="0.8756098747253418"><testcase name="check_health" time="0.08414363861083984" /><testcase name="check_login_endpoint" time="0.2821626663208008" /><testcase name="check_zones_protected" time="0.09633851051330566" /><testcase name="check_nodes_protected" time="0.08236002922058105" /><testcase name="check_cycles_protected" time="0.07964634895324707" /><testcase name="check_greenhouses_protected" time="0.09403610229492188" /><testcase name="check_commands_protected" time="0.15552020072937012" /><testcase name="health_endpoint_works" time="0.00011539459228515625" /><testcase name="no_500_errors_on_endpoints" time="0.001234292984008789" /><testcase name="login_returns_validation_error" time="5.269050598144531e-05" /></testsuite></testsuites>