<?xml version='1.0' encoding='utf-8'?>
<testsuites name="E101_ae3_two_tank_realhw_ready_during_fill" tests="107" failures="0" skipped="0" time="43.159984827041626"><testsuite name="E101_ae3_two_tank_realhw_ready_during_fill" tests="107" failures="0" skipped="0" time="43.159984827041626"><testcase name="set_test_context" time="5.936622619628906e-05" /><testcase name="capture_scenario_window" time="0.0036361217498779297" /><testcase name="load_zone_context" time="0.007084369659423828" /><testcase name="set_zone_context" time="1.4066696166992188e-05" /><testcase name="load_irrig_node" time="0.004065036773681641" /><testcase name="load_ph_node" time="0.006578922271728516" /><testcase name="load_ec_node" time="0.003885984420776367" /><testcase name="set_node_ids" time="1.8358230590820312e-05" /><testcase name="publish_irrig_node_config" time="0.27052998542785645" /><testcase name="publish_ph_node_config" time="0.24006342887878418" /><testcase name="publish_ec_node_config" time="0.32823824882507324" /><testcase name="wait_irrigation_level_sensors_registered" time="0.007958173751831055" /><testcase name="activate_ph_sensor_mode_early" time="0.3188748359680176" /><testcase name="wait_activate_ph_sensor_mode_early_done" time="0.30828261375427246" /><testcase name="activate_ec_sensor_mode_early" time="0.3122718334197998" /><testcase name="wait_activate_ec_sensor_mode_early_done" time="0.33117127418518066" /><testcase name="wait_ph_ec_telemetry_available_early" time="0.005716562271118164" /><testcase name="load_ec_pump_channel" time="0.0016226768493652344" /><testcase name="load_ph_up_channel" time="0.0014595985412597656" /><testcase name="load_ph_down_channel" time="0.0014142990112304688" /><testcase name="set_correction_channel_ids" time="1.5020370483398438e-05" /><testcase name="wait_zone_ae_runtime_idle_before_cleanup" time="0.010235786437988281" /><testcase name="cleanup_zone_ae_commands" time="0.007576704025268555" /><testcase name="cleanup_zone_ae_tasks" time="0.0016584396362304688" /><testcase name="cleanup_zone_ae_leases" time="0.0014522075653076172" /><testcase name="cleanup_zone_workflow_state" time="0.0031156539916992188" /><testcase name="cleanup_zone_pid_state" time="0.003098726272583008" /><testcase name="complete_existing_cycles" time="0.006898641586303711" /><testcase name="switch_zone_to_ae3" time="0.005064725875854492" /><testcase name="load_test_node_correction_preset" time="0.0032968521118164062" /><testcase name="apply_test_node_correction_preset" time="0.23604416847229004" /><testcase name="cleanup_existing_correction_bindings" time="0.004129171371459961" /><testcase name="cleanup_existing_correction_infra" time="0.002196788787841797" /><testcase name="cleanup_existing_e2e_calibrations" time="0.001951456069946289" /><testcase name="insert_correction_infrastructure" time="0.0011103153228759766" /><testcase name="insert_correction_bindings" time="0.0023953914642333984" /><testcase name="insert_correction_calibrations" time="0.0016176700592041016" /><testcase name="apply_solution_fill_process_calibration" time="0.2332777976989746" /><testcase name="apply_tank_recirc_process_calibration" time="0.2233278751373291" /><testcase name="apply_irrigation_process_calibration" time="0.23677992820739746" /><testcase name="apply_ae3_logic_profile" time="0.268430233001709" /><testcase name="create_recipe" time="0.005556344985961914" /><testcase name="load_recipe" time="0.0006577968597412109" /><testcase name="set_recipe_id" time="3.337860107421875e-06" /><testcase name="create_recipe_revision" time="0.004521608352661133" /><testcase name="load_recipe_revision" time="0.0007722377777099609" /><testcase name="set_recipe_revision_id" time="4.5299530029296875e-06" /><testcase name="create_grow_cycle" time="0.0058078765869140625" /><testcase name="load_grow_cycle" time="0.0006411075592041016" /><testcase name="set_grow_cycle_id" time="4.76837158203125e-06" /><testcase name="create_phase" time="0.007785797119140625" /><testcase name="load_phase" time="0.0007879734039306641" /><testcase name="set_phase_id" time="5.4836273193359375e-06" /><testcase name="activate_grow_cycle" time="0.005077362060546875" /><testcase name="apply_cycle_start_snapshot" time="0.2371225357055664" /><testcase name="apply_cycle_phase_overrides" time="0.22322559356689453" /><testcase name="wait_grow_cycle_bundle_ready" time="0.002505064010620117" /><testcase name="reset_test_node_state" time="0.33779048919677734" /><testcase name="wait_reset_state_done" time="0.8172032833099365" /><testcase name="wait_zero_level_telemetry" time="0.001535177230834961" /><testcase name="insert_scheduler_like_intent" time="0.037702322006225586" /><testcase name="start_cycle_http" time="0.42143678665161133" /><testcase name="set_task_id" time="6.9141387939453125e-06" /><testcase name="wait_ae_command_accepted" time="0.8122782707214355" /><testcase name="wait_startup_commands_published" time="2.9666357040405273" /><testcase name="wait_runtime_irr_state_snapshot" time="0.08863043785095215" /><testcase name="wait_task_pending_clean_fill_check" time="0.5329940319061279" /><testcase name="wait_workflow_tank_filling" time="0.001522064208984375" /><testcase name="force_clean_tank_full" time="0.6429133415222168" /><testcase name="wait_force_clean_tank_full_done" time="0.9000144004821777" /><testcase name="wait_clean_tank_full_telemetry" time="0.0041484832763671875" /><testcase name="load_task_after_clean_override" time="0.0008842945098876953" /><testcase name="wait_solution_fill_stage" time="22.760478019714355" /><testcase name="hold_solution_tank_filling_before_stabilize" time="0.6006090641021729" /><testcase name="wait_hold_solution_filling_done" time="0.31021714210510254" /><testcase name="stabilize_ph_ec_targets_before_solution_full" time="0.31908202171325684" /><testcase name="wait_stabilize_ph_ec_done" time="0.32343578338623047" /><testcase name="wait_stabilized_ph_ec_telemetry" time="0.0017995834350585938" /><testcase name="wait_stabilized_ph_ec_window" time="0.9249963760375977" /><testcase name="wait_solution_fill_commands" time="0.001344919204711914" /><testcase name="force_solution_tank_full" time="0.2685220241546631" /><testcase name="wait_force_solution_tank_full_done" time="0.7594897747039795" /><testcase name="wait_solution_tank_full_telemetry" time="0.0012919902801513672" /><testcase name="load_fill_correction_commands_if_any" time="0.0007238388061523438" /><testcase name="wait_task_completed" time="5.367894887924194" /><testcase name="wait_workflow_ready" time="0.0009257793426513672" /><testcase name="load_expected_ae_command_counts" time="0.0017712116241455078" /><testcase name="load_post_fill_activity" time="0.0008664131164550781" /><testcase name="count_task_commands" time="0.009671211242675781" /><testcase name="get_internal_task_status" time="0.03884553909301758" /><testcase name="reset_zero_level_telemetry_ready" time="0.00010657310485839844" /><testcase name="start_cycle_http_200" time="5.4836273193359375e-05" /><testcase name="start_cycle_response_active" time="3.719329833984375e-05" /><testcase name="runtime_task_not_failed" time="5.412101745605469e-05" /><testcase name="runtime_task_pending_clean_fill_check" time="9.72747802734375e-05" /><testcase name="workflow_phase_tank_filling" time="4.8160552978515625e-05" /><testcase name="solution_fill_stage_reached" time="4.38690185546875e-05" /><testcase name="task_completed" time="3.9577484130859375e-05" /><testcase name="task_complete_ready_stage" time="6.628036499023438e-05" /><testcase name="workflow_phase_ready" time="4.172325134277344e-05" /><testcase name="at_least_ten_ae_commands_logged" time="4.076957702636719e-05" /><testcase name="irr_state_probe_logged" time="0.0003237724304199219" /><testcase name="clean_fill_start_logged" time="4.863739013671875e-05" /><testcase name="solution_fill_start_logged" time="3.886222839355469e-05" /><testcase name="post_fill_handoff_closed_without_extra_correction" time="0.00010323524475097656" /><testcase name="fill_correction_optional" time="3.4332275390625e-05" /><testcase name="internal_task_completed" time="4.5299530029296875e-05" /></testsuite></testsuites>