<?xml version='1.0' encoding='utf-8'?>
<testsuites name="E102_ae3_recirculation_retry_limit_alert_reset_realhw" tests="146" failures="0" skipped="0" time="255.26667666435242"><testsuite name="E102_ae3_recirculation_retry_limit_alert_reset_realhw" tests="146" failures="0" skipped="0" time="255.26667666435242"><testcase name="set_test_context" time="6.365776062011719e-05" /><testcase name="capture_scenario_window" time="0.003609180450439453" /><testcase name="load_zone_context" time="0.005888223648071289" /><testcase name="set_zone_context" time="2.1219253540039062e-05" /><testcase name="load_irrig_node" time="0.0028998851776123047" /><testcase name="load_ph_node" time="0.0034406185150146484" /><testcase name="load_ec_node" time="0.0013051033020019531" /><testcase name="set_node_ids" time="2.574920654296875e-05" /><testcase name="publish_irrig_node_config" time="0.255753755569458" /><testcase name="publish_ph_node_config" time="0.31366872787475586" /><testcase name="publish_ec_node_config" time="0.3333275318145752" /><testcase name="wait_irrigation_level_sensors_registered" time="0.003835439682006836" /><testcase name="load_ec_pump_channel" time="0.0010707378387451172" /><testcase name="load_ph_up_channel" time="0.0008594989776611328" /><testcase name="load_ph_down_channel" time="0.0006234645843505859" /><testcase name="set_correction_channel_ids" time="6.67572021484375e-06" /><testcase name="wait_zone_ae_runtime_idle_before_cleanup" time="0.003541707992553711" /><testcase name="cleanup_zone_ae_commands" time="0.003939151763916016" /><testcase name="cleanup_zone_ae_tasks" time="0.0014820098876953125" /><testcase name="cleanup_zone_ae_leases" time="0.0007123947143554688" /><testcase name="cleanup_zone_workflow_state" time="0.0021512508392333984" /><testcase name="cleanup_zone_pid_state" time="0.004524707794189453" /><testcase name="cleanup_zone_runtime_intents" time="0.0007166862487792969" /><testcase name="cleanup_retry_limit_alerts" time="0.0015988349914550781" /><testcase name="complete_existing_cycles" time="0.003760814666748047" /><testcase name="switch_zone_to_ae3" time="0.002970457077026367" /><testcase name="load_test_node_correction_preset" time="0.005468606948852539" /><testcase name="apply_test_node_correction_preset" time="0.39121413230895996" /><testcase name="cleanup_existing_correction_bindings" time="0.002251863479614258" /><testcase name="cleanup_existing_correction_infra" time="0.0016331672668457031" /><testcase name="cleanup_existing_e2e_calibrations" time="0.001779794692993164" /><testcase name="insert_correction_infrastructure" time="0.0018825531005859375" /><testcase name="insert_correction_bindings" time="0.0031158924102783203" /><testcase name="insert_correction_calibrations" time="0.002289295196533203" /><testcase name="apply_solution_fill_process_calibration" time="0.36214399337768555" /><testcase name="apply_tank_recirc_process_calibration" time="0.2710230350494385" /><testcase name="apply_irrigation_process_calibration" time="0.2549428939819336" /><testcase name="apply_ae3_logic_profile" time="0.2908000946044922" /><testcase name="create_recipe" time="0.002765178680419922" /><testcase name="load_recipe" time="0.0008628368377685547" /><testcase name="set_recipe_id" time="4.5299530029296875e-06" /><testcase name="create_recipe_revision" time="0.0018568038940429688" /><testcase name="load_recipe_revision" time="0.0007476806640625" /><testcase name="set_recipe_revision_id" time="4.0531158447265625e-06" /><testcase name="create_grow_cycle" time="0.005047798156738281" /><testcase name="load_grow_cycle" time="0.000675201416015625" /><testcase name="set_grow_cycle_id" time="3.814697265625e-06" /><testcase name="create_phase" time="0.0022835731506347656" /><testcase name="load_phase" time="0.0012745857238769531" /><testcase name="set_phase_id" time="4.291534423828125e-06" /><testcase name="activate_grow_cycle" time="0.0013053417205810547" /><testcase name="apply_cycle_start_snapshot" time="0.3184831142425537" /><testcase name="apply_cycle_phase_overrides_first" time="0.41027402877807617" /><testcase name="wait_grow_cycle_bundle_ready_first" time="0.005295276641845703" /><testcase name="wait_impossible_recirculation_targets_applied_first" time="2.001836061477661" /><testcase name="reset_test_node_state" time="0.5340771675109863" /><testcase name="wait_reset_state_done" time="0.5191097259521484" /><testcase name="reset_test_node_state_confirm" time="0.3997349739074707" /><testcase name="wait_reset_state_done_confirm" time="0.33625292778015137" /><testcase name="reset_test_node_state_final" time="0.44907045364379883" /><testcase name="wait_reset_state_done_final" time="0.3358573913574219" /><testcase name="wait_zero_level_telemetry" time="0.002038240432739258" /><testcase name="insert_scheduler_like_intent" time="0.0016636848449707031" /><testcase name="start_cycle_http" time="0.06117391586303711" /><testcase name="set_task_id" time="5.245208740234375e-06" /><testcase name="wait_ae_command_accepted" time="0.40978431701660156" /><testcase name="wait_startup_commands_published" time="2.4265942573547363" /><testcase name="wait_runtime_irr_state_snapshot" time="0.02615523338317871" /><testcase name="wait_task_pending_clean_fill_check" time="0.6183140277862549" /><testcase name="wait_workflow_tank_filling" time="0.0038559436798095703" /><testcase name="force_clean_tank_full" time="0.3802635669708252" /><testcase name="wait_force_clean_tank_full_done" time="0.5292308330535889" /><testcase name="wait_clean_tank_full_telemetry" time="0.0021004676818847656" /><testcase name="load_task_after_clean_override" time="0.0007748603820800781" /><testcase name="wait_solution_fill_stage" time="35.99960446357727" /><testcase name="wait_solution_fill_commands" time="0.000946044921875" /><testcase name="wait_ph_ec_telemetry_available" time="0.0012633800506591797" /><testcase name="force_solution_tank_full" time="0.446368932723999" /><testcase name="wait_force_solution_tank_full_done" time="0.21026921272277832" /><testcase name="wait_fill_ec_correction_command" time="0.000997781753540039" /><testcase name="load_fill_ph_correction_commands_if_any" time="0.0007038116455078125" /><testcase name="complete_solution_fill_after_ec_correction" time="0.4484877586364746" /><testcase name="wait_complete_solution_fill_after_ec_correction_done" time="0.8168554306030273" /><testcase name="wait_prepare_recirculation_stage" time="19.412781953811646" /><testcase name="wait_prepare_recirculation_commands" time="0.002352476119995117" /><testcase name="wait_task_failed_retry_limit_first" time="59.89280605316162" /><testcase name="load_retry_limit_alert_first" time="0.0012159347534179688" /><testcase name="load_recirc_command_counts_first" time="0.0013768672943115234" /><testcase name="restore_normal_targets_after_first_failure" time="0.3807408809661865" /><testcase name="wait_grow_cycle_bundle_restored_after_first_failure" time="0.0012569427490234375" /><testcase name="ack_retry_limit_alert_first" time="0.35028886795043945" /><testcase name="wait_retry_limit_alert_first_resolved" time="0.0010364055633544922" /><testcase name="complete_existing_cycles_second_run" time="0.0011970996856689453" /><testcase name="wait_zone_ae_runtime_idle_before_second_cleanup" time="0.0013110637664794922" /><testcase name="cleanup_zone_ae_commands_second_run" time="0.0011620521545410156" /><testcase name="cleanup_zone_ae_tasks_second_run" time="0.0017604827880859375" /><testcase name="cleanup_zone_ae_leases_second_run" time="0.0003592967987060547" /><testcase name="cleanup_zone_workflow_state_second_run" time="0.0016202926635742188" /><testcase name="cleanup_zone_pid_state_second_run" time="0.0010614395141601562" /><testcase name="create_grow_cycle_second" time="0.0014791488647460938" /><testcase name="load_grow_cycle_second" time="0.0005300045013427734" /><testcase name="set_grow_cycle_id_second" time="3.337860107421875e-06" /><testcase name="create_phase_second" time="0.0010838508605957031" /><testcase name="load_phase_second" time="0.00042939186096191406" /><testcase name="set_phase_id_second" time="3.814697265625e-06" /><testcase name="activate_grow_cycle_second" time="0.0009958744049072266" /><testcase name="apply_cycle_start_snapshot_second" time="0.21262431144714355" /><testcase name="apply_cycle_phase_overrides_second" time="0.22151589393615723" /><testcase name="wait_grow_cycle_bundle_ready_second" time="0.0012493133544921875" /><testcase name="wait_impossible_recirculation_targets_applied_second" time="2.00117826461792" /><testcase name="reset_test_node_state_second_run" time="0.6536262035369873" /><testcase name="wait_reset_state_second_done" time="0.2433779239654541" /><testcase name="reset_test_node_state_second_run_confirm" time="0.3585684299468994" /><testcase name="wait_reset_state_second_confirm_done" time="0.3089115619659424" /><testcase name="wait_zero_level_telemetry_second_run" time="0.30974841117858887" /><testcase name="probe_state_after_reset_second_run" time="0.38025379180908203" /><testcase name="wait_probe_state_after_reset_second_run_done" time="2.159547805786133" /><testcase name="wait_runtime_irr_state_snapshot_after_reset_second_run" time="0.006031036376953125" /><testcase name="wait_second_cycle_active_before_start" time="0.001233816146850586" /><testcase name="insert_scheduler_like_intent_second" time="0.00148773193359375" /><testcase name="start_cycle_http_second" time="0.043763160705566406" /><testcase name="set_task_id_second" time="5.0067901611328125e-06" /><testcase name="wait_solution_fill_stage_second" time="39.57194781303406" /><testcase name="force_solution_tank_full_second" time="0.4490540027618408" /><testcase name="wait_force_solution_tank_full_second_done" time="0.4180333614349365" /><testcase name="wait_fill_ec_correction_command_second" time="0.005543708801269531" /><testcase name="load_fill_ph_correction_commands_if_any_second" time="0.0008437633514404297" /><testcase name="complete_solution_fill_after_ec_correction_second" time="0.3393692970275879" /><testcase name="wait_complete_solution_fill_after_ec_correction_second_done" time="0.5578639507293701" /><testcase name="wait_prepare_recirculation_stage_second" time="20.299587726593018" /><testcase name="wait_task_failed_retry_limit_second" time="56.40711426734924" /><testcase name="load_retry_limit_alert_second" time="0.0009088516235351562" /><testcase name="load_recirc_command_counts_second" time="0.0010368824005126953" /><testcase name="first_task_failed_by_retry_limit" time="9.655952453613281e-05" /><testcase name="first_alert_active" time="6.008148193359375e-05" /><testcase name="first_alert_retry_count_is_3" time="9.751319885253906e-05" /><testcase name="first_recirc_commands_attempted_three_times" time="6.747245788574219e-05" /><testcase name="first_alert_ack_http_200" time="4.100799560546875e-05" /><testcase name="first_alert_resolved" time="4.553794860839844e-05" /><testcase name="second_start_cycle_http_200" time="3.910064697265625e-05" /><testcase name="second_prepare_recirculation_stage_reached" time="4.482269287109375e-05" /><testcase name="second_task_failed_by_retry_limit" time="4.00543212890625e-05" /><testcase name="second_alert_active" time="3.9577484130859375e-05" /><testcase name="second_alert_retry_count_is_3" time="8.273124694824219e-05" /><testcase name="second_recirc_commands_attempted_three_times" time="6.103515625e-05" /><testcase name="second_alert_is_new_record" time="6.031990051269531e-05" /></testsuite></testsuites>