<?xml version='1.0' encoding='utf-8'?>
<testsuites name="E93_start_cycle_intent_executor_path" tests="17" failures="0" skipped="0" time="0.17178130149841309"><testsuite name="E93_start_cycle_intent_executor_path" tests="17" failures="0" skipped="0" time="0.17178130149841309"><testcase name="set_test_context" time="1.9788742065429688e-05" /><testcase name="get_zone_row" time="0.0022742748260498047" /><testcase name="set_zone_id" time="4.5299530029296875e-06" /><testcase name="insert_scheduler_like_intent" time="0.0024237632751464844" /><testcase name="start_cycle_http" time="0.03376936912536621" /><testcase name="wait_intent_terminal" time="0.10315752029418945" /><testcase name="set_task_id" time="3.0994415283203125e-06" /><testcase name="wait_ae_task_terminal" time="0.0020058155059814453" /><testcase name="get_internal_task_detail" time="0.02707695960998535" /><testcase name="start_cycle_http_200" time="8.559226989746094e-05" /><testcase name="start_cycle_response_status_ok" time="2.8371810913085938e-05" /><testcase name="start_cycle_returns_numeric_task_id" time="3.218650817871094e-05" /><testcase name="intent_terminal_status_valid" time="5.841255187988281e-05" /><testcase name="ae_task_terminal_status_valid" time="4.267692565917969e-05" /><testcase name="internal_task_detail_terminal" time="2.3126602172851562e-05" /><testcase name="internal_task_id_matches_start_cycle_task_id" time="4.649162292480469e-05" /><testcase name="intent_not_left_in_non_terminal" time="0.0007293224334716797" /></testsuite></testsuites>