<?xml version='1.0' encoding='utf-8'?>
<testsuites name="E108_ae3_soil_moisture_telemetry_contract" tests="11" failures="0" skipped="0" time="0.997020959854126"><testsuite name="E108_ae3_soil_moisture_telemetry_contract" tests="11" failures="0" skipped="0" time="0.997020959854126"><testcase name="set_context" time="1.3828277587890625e-05" /><testcase name="load_zone" time="0.009874582290649414" /><testcase name="set_zone_context" time="4.0531158447265625e-06" /><testcase name="load_soil_node" time="0.002327442169189453" /><testcase name="set_soil_node_id" time="3.337860107421875e-06" /><testcase name="cleanup_old_soil_telemetry_samples" time="0.004706144332885742" /><testcase name="cleanup_old_soil_telemetry_last" time="0.003614664077758789" /><testcase name="set_soil_level" time="0.23541712760925293" /><testcase name="wait_soil_command_done" time="0.7375109195709229" /><testcase name="wait_soil_telemetry" time="0.0019462108612060547" /><testcase name="soil_node_telemetry_written" time="0.0016026496887207031" /></testsuite></testsuites>