<?xml version='1.0' encoding='utf-8'?>
<testsuites name="E112_ae3_per_phase_ec_target_realhw" tests="120" failures="0" skipped="0" time="125.9914608001709"><testsuite name="E112_ae3_per_phase_ec_target_realhw" tests="120" failures="0" skipped="0" time="125.9914608001709"><testcase name="set_test_context" time="4.76837158203125e-05" /><testcase name="capture_scenario_window" time="0.005094051361083984" /><testcase name="load_zone_context" time="0.006311178207397461" /><testcase name="set_zone_context" time="9.775161743164062e-06" /><testcase name="load_irrig_node" time="0.002919912338256836" /><testcase name="load_ph_node" time="0.004266500473022461" /><testcase name="load_ec_node" time="0.001806020736694336" /><testcase name="set_node_ids" time="1.2874603271484375e-05" /><testcase name="publish_irrig_node_config" time="0.2842075824737549" /><testcase name="publish_ph_node_config" time="0.3161201477050781" /><testcase name="publish_ec_node_config" time="0.2901444435119629" /><testcase name="wait_irrigation_level_sensors_registered" time="0.003772258758544922" /><testcase name="load_ec_pump_channel" time="0.001007080078125" /><testcase name="load_ph_up_channel" time="0.0006566047668457031" /><testcase name="load_ph_down_channel" time="0.0006260871887207031" /><testcase name="set_correction_channel_ids" time="5.245208740234375e-06" /><testcase name="wait_zone_ae_runtime_idle_before_cleanup" time="0.007452726364135742" /><testcase name="cleanup_zone_ae_commands" time="0.004106760025024414" /><testcase name="cleanup_zone_ae_tasks" time="0.001600027084350586" /><testcase name="cleanup_zone_ae_leases" time="0.0005691051483154297" /><testcase name="cleanup_zone_workflow_state" time="0.0017747879028320312" /><testcase name="cleanup_zone_pid_state" time="0.0018041133880615234" /><testcase name="complete_existing_cycles" time="0.0038123130798339844" /><testcase name="switch_zone_to_ae3" time="0.0021202564239501953" /><testcase name="load_test_node_correction_preset" time="0.0014014244079589844" /><testcase name="apply_test_node_correction_preset" time="0.3503756523132324" /><testcase name="cleanup_existing_correction_bindings" time="0.0033538341522216797" /><testcase name="cleanup_existing_correction_infra" time="0.002297639846801758" /><testcase name="cleanup_existing_e2e_calibrations" time="0.001726388931274414" /><testcase name="insert_correction_infrastructure" time="0.0019109249114990234" /><testcase name="insert_correction_bindings" time="0.0031785964965820312" /><testcase name="insert_correction_calibrations" time="0.0019731521606445312" /><testcase name="apply_solution_fill_process_calibration" time="0.31424880027770996" /><testcase name="apply_tank_recirc_process_calibration" time="0.2688126564025879" /><testcase name="apply_irrigation_process_calibration" time="0.2743353843688965" /><testcase name="apply_ae3_logic_profile" time="0.304736852645874" /><testcase name="create_recipe" time="0.002522706985473633" /><testcase name="load_recipe" time="0.0008227825164794922" /><testcase name="set_recipe_id" time="3.814697265625e-06" /><testcase name="create_recipe_revision" time="0.0019376277923583984" /><testcase name="load_recipe_revision" time="0.0012288093566894531" /><testcase name="set_recipe_revision_id" time="9.059906005859375e-06" /><testcase name="create_grow_cycle" time="0.003406524658203125" /><testcase name="load_grow_cycle" time="0.0006482601165771484" /><testcase name="set_grow_cycle_id" time="3.5762786865234375e-06" /><testcase name="create_phase" time="0.0021677017211914062" /><testcase name="load_phase" time="0.0005214214324951172" /><testcase name="set_phase_id" time="3.337860107421875e-06" /><testcase name="activate_grow_cycle" time="0.0011930465698242188" /><testcase name="apply_cycle_start_snapshot" time="0.354900598526001" /><testcase name="apply_cycle_phase_overrides" time="0.2465054988861084" /><testcase name="wait_grow_cycle_bundle_ready" time="0.00423741340637207" /><testcase name="reset_test_node_state" time="0.452988862991333" /><testcase name="wait_reset_state_done" time="0.5188705921173096" /><testcase name="reset_test_node_state_confirm" time="0.542578935623169" /><testcase name="wait_reset_state_done_confirm" time="0.11264228820800781" /><testcase name="wait_zero_level_telemetry" time="0.003215312957763672" /><testcase name="insert_scheduler_like_intent" time="0.0018610954284667969" /><testcase name="start_cycle_http" time="0.05753326416015625" /><testcase name="set_task_id" time="3.5762786865234375e-06" /><testcase name="wait_ae_command_accepted" time="0.41093873977661133" /><testcase name="wait_startup_commands_published" time="2.539278984069824" /><testcase name="wait_runtime_irr_state_snapshot" time="0.02126169204711914" /><testcase name="wait_task_pending_clean_fill_check" time="0.5070328712463379" /><testcase name="wait_workflow_tank_filling" time="0.0018656253814697266" /><testcase name="force_clean_tank_full" time="0.5126500129699707" /><testcase name="wait_force_clean_tank_full_done" time="0.4890599250793457" /><testcase name="wait_clean_tank_full_telemetry" time="0.0036056041717529297" /><testcase name="load_task_after_clean_override" time="0.0007450580596923828" /><testcase name="wait_solution_fill_stage" time="34.013808727264404" /><testcase name="wait_solution_fill_commands" time="0.001592874526977539" /><testcase name="wait_ph_ec_telemetry_available" time="0.0017924308776855469" /><testcase name="wait_sensor_mode_telemetry_cadence" time="0.003426074981689453" /><testcase name="force_solution_tank_full" time="0.7091696262359619" /><testcase name="wait_force_solution_tank_full_done" time="0.4528679847717285" /><testcase name="wait_fill_ec_correction_command" time="0.0061092376708984375" /><testcase name="load_fill_ph_correction_commands_if_any" time="0.010396957397460938" /><testcase name="wait_prepare_recirculation_commands" time="10.902103424072266" /><testcase name="wait_prepare_recirculation_commands_terminal" time="0.6105465888977051" /><testcase name="wait_prepare_recirculation_stage" time="0.0018420219421386719" /><testcase name="seed_recirculation_sensor_values" time="0.7013189792633057" /><testcase name="wait_seed_recirculation_sensor_values_done" time="0.3475782871246338" /><testcase name="load_seed_recirculation_command_row" time="0.008873939514160156" /><testcase name="wait_seeded_recirculation_telemetry" time="0.0019443035125732422" /><testcase name="wait_recirculation_ec_correction_command" time="19.13193154335022" /><testcase name="wait_recirculation_ec_peak_decay_pair" time="6.400654554367065" /><testcase name="wait_recirculation_ph_correction_command" time="8.838603019714355" /><testcase name="wait_task_not_failed_after_sequential_loop" time="1.2230870723724365" /><testcase name="wait_targets_reached_on_node_after_sequential_loop" time="1.9092988967895508" /><testcase name="force_near_target_band_after_sequential_loop" time="0.5140135288238525" /><testcase name="wait_force_near_target_after_loop_done" time="0.31764793395996094" /><testcase name="wait_task_completed_after_sequential_loop" time="30.572612524032593" /><testcase name="load_task_snapshot_after_targets" time="0.0019009113311767578" /><testcase name="load_expected_ae_command_counts" time="0.0026595592498779297" /><testcase name="load_runtime_reset_commands" time="0.0007226467132568359" /><testcase name="count_task_commands" time="0.0005202293395996094" /><testcase name="get_internal_task_status" time="0.038394927978515625" /><testcase name="reset_zero_level_telemetry_ready" time="9.894371032714844e-05" /><testcase name="start_cycle_http_200" time="4.9591064453125e-05" /><testcase name="start_cycle_response_active" time="3.409385681152344e-05" /><testcase name="runtime_task_not_failed" time="5.0067901611328125e-05" /><testcase name="runtime_task_pending_clean_fill_check" time="9.34600830078125e-05" /><testcase name="workflow_phase_tank_filling" time="4.7206878662109375e-05" /><testcase name="solution_fill_stage_reached" time="5.14984130859375e-05" /><testcase name="prepare_recirculation_stage_reached" time="6.771087646484375e-05" /><testcase name="telemetry_cadence_after_sensor_mode" time="8.630752563476562e-05" /><testcase name="recirculation_ec_peak_observed" time="3.361701965332031e-05" /><testcase name="recirculation_ec_decay_observed" time="2.86102294921875e-05" /><testcase name="task_not_failed_after_sequential_loop" time="6.532669067382812e-05" /><testcase name="targets_reached_after_sequential_loop" time="3.24249267578125e-05" /><testcase name="task_not_failed_after_targets" time="6.29425048828125e-05" /><testcase name="at_least_ten_ae_commands_logged" time="3.981590270996094e-05" /><testcase name="irr_state_probe_logged" time="3.814697265625e-05" /><testcase name="clean_fill_start_logged" time="3.5762786865234375e-05" /><testcase name="solution_fill_start_logged" time="3.62396240234375e-05" /><testcase name="prepare_recirculation_start_logged" time="3.504753112792969e-05" /><testcase name="ec_correction_logged_twice" time="3.8623809814453125e-05" /><testcase name="sequential_ph_correction_logged" time="2.8371810913085938e-05" /><testcase name="runtime_never_resets_node_during_task" time="3.457069396972656e-05" /><testcase name="internal_task_not_failed" time="0.00011014938354492188" /></testsuite></testsuites>