<?xml version='1.0' encoding='utf-8'?>
<testsuites name="E03_node_setup_preconfig" tests="25" failures="0" skipped="0" time="12.35870099067688"><testsuite name="E03_node_setup_preconfig" tests="25" failures="0" skipped="0" time="12.35870099067688"><testcase name="set_test_identifiers" time="2.2172927856445312e-05" /><testcase name="build_node_sim_config" time="7.414817810058594e-05" /><testcase name="connect_websocket" time="5.4836273193359375e-06" /><testcase name="subscribe_devices_channel" time="0.20912528038024902" /><testcase name="start_node_simulator" time="5.746941566467285" /><testcase name="node_sends_node_hello" time="2.004249334335327" /><testcase name="wait_for_device_created_event" time="7.43865966796875e-05" /><testcase name="db_lookup_node" time="0.007949113845825195" /><testcase name="set_node_identity" time="7.510185241699219e-05" /><testcase name="wait_for_registered_state" time="0.0015079975128173828" /><testcase name="fetch_unassigned_nodes" time="0.11352062225341797" /><testcase name="fetch_zone_id" time="0.003008127212524414" /><testcase name="set_zone_id" time="1.5735626220703125e-05" /><testcase name="assign_node_to_zone" time="2.17037296295166" /><testcase name="wait_for_device_assigned_event" time="0.0002713203430175781" /><testcase name="node_sends_config_report" time="2.005610466003418" /><testcase name="wait_for_binding_completed" time="0.0010304450988769531" /><testcase name="fetch_unassigned_nodes_after" time="0.09451103210449219" /><testcase name="device_created_event_payload" time="4.887580871582031e-05" /><testcase name="device_assigned_event_payload" time="2.2649765014648438e-05" /><testcase name="node_registered_in_setup_mode" time="0.00013375282287597656" /><testcase name="unassigned_api_has_results" time="7.62939453125e-06" /><testcase name="unassigned_api_returns_node" time="2.8371810913085938e-05" /><testcase name="node_binding_completed" time="8.797645568847656e-05" /><testcase name="unassigned_api_excludes_node_after_binding" time="6.4373016357421875e-06" /></testsuite></testsuites>