<?xml version='1.0' encoding='utf-8'?>
<testsuites name="E03_node_setup_preconfig" tests="25" failures="0" skipped="0" time="11.883041620254517"><testsuite name="E03_node_setup_preconfig" tests="25" failures="0" skipped="0" time="11.883041620254517"><testcase name="set_test_identifiers" time="2.5510787963867188e-05" /><testcase name="build_node_sim_config" time="8.511543273925781e-05" /><testcase name="connect_websocket" time="2.5272369384765625e-05" /><testcase name="subscribe_devices_channel" time="0.28910112380981445" /><testcase name="start_node_simulator" time="5.175849676132202" /><testcase name="node_sends_node_hello" time="2.0035758018493652" /><testcase name="wait_for_device_created_event" time="8.940696716308594e-05" /><testcase name="db_lookup_node" time="0.0073850154876708984" /><testcase name="set_node_identity" time="9.5367431640625e-06" /><testcase name="wait_for_registered_state" time="0.0015358924865722656" /><testcase name="fetch_unassigned_nodes" time="0.11678004264831543" /><testcase name="fetch_zone_id" time="0.0030565261840820312" /><testcase name="set_zone_id" time="4.76837158203125e-06" /><testcase name="assign_node_to_zone" time="2.1456780433654785" /><testcase name="wait_for_device_assigned_event" time="3.838539123535156e-05" /><testcase name="node_sends_config_report" time="2.0018274784088135" /><testcase name="wait_for_binding_completed" time="0.0008199214935302734" /><testcase name="fetch_unassigned_nodes_after" time="0.09161520004272461" /><testcase name="device_created_event_payload" time="4.76837158203125e-05" /><testcase name="device_assigned_event_payload" time="1.7404556274414062e-05" /><testcase name="node_registered_in_setup_mode" time="0.00010514259338378906" /><testcase name="unassigned_api_has_results" time="1.7881393432617188e-05" /><testcase name="unassigned_api_returns_node" time="2.574920654296875e-05" /><testcase name="node_binding_completed" time="0.04530954360961914" /><testcase name="unassigned_api_excludes_node_after_binding" time="1.5497207641601562e-05" /></testsuite></testsuites>