<?xml version='1.0' encoding='utf-8'?>
<testsuites name="E74_node_zone_mismatch_guard" tests="17" failures="0" skipped="0" time="0.1578352451324463"><testsuite name="E74_node_zone_mismatch_guard" tests="17" failures="0" skipped="0" time="0.1578352451324463"><testcase name="set_test_context" time="1.7642974853515625e-05" /><testcase name="get_zone_row" time="0.0022492408752441406" /><testcase name="set_zone_id" time="2.6226043701171875e-06" /><testcase name="get_node_row" time="0.000514984130859375" /><testcase name="set_node_id" time="2.6226043701171875e-06" /><testcase name="baseline_mismatch_alert_counter" time="0.0019202232360839844" /><testcase name="baseline_mismatch_zone_event_id" time="0.014333486557006836" /><testcase name="create_mismatch_zone" time="0.001577138900756836" /><testcase name="set_mismatch_zone_id" time="2.384185791015625e-06" /><testcase name="move_node_to_mismatch_zone" time="0.0011289119720458984" /><testcase name="publish_mismatch_command" time="0.11616253852844238" /><testcase name="wait_for_mismatch_zone_event" time="0.002439260482788086" /><testcase name="wait_for_mismatch_infra_alert" time="0.0005755424499511719" /><testcase name="command_publish_blocked" time="1.239776611328125e-05" /><testcase name="mismatch_zone_event_created" time="0.0016427040100097656" /><testcase name="mismatch_infra_alert_upserted" time="0.0006361007690429688" /><testcase name="no_command_persisted_for_mismatch_request" time="0.014617443084716797" /></testsuite></testsuites>