<?xml version='1.0' encoding='utf-8'?>
<testsuites name="E62_controller_fault_isolation" tests="16" failures="0" skipped="1" time="57.90178990364075"><testsuite name="E62_controller_fault_isolation" tests="16" failures="0" skipped="1" time="57.90178990364075"><testcase name="set_test_uids" time="1.430511474609375e-05" /><testcase name="get_automation_zone" time="0.07030105590820312" /><testcase name="set_zone_id_from_uid" time="0.008205413818359375" /><testcase name="set_zone_id" time="3.0994415283203125e-06" /><testcase name="enable_capabilities" time="0.0026581287384033203" /><testcase name="start_node_simulator" time="5.647761106491089" /><testcase name="enable_test_mode" time="4.76837158203125e-06" /><testcase name="inject_climate_error" time="0.026056766510009766" /><testcase name="publish_telemetry_ph" time="2.0021750926971436" /><testcase name="publish_telemetry_temp" time="15.002856254577637" /><testcase name="wait_controller_failed_event" time="20.035081386566162" /><testcase name="clear_test_hook" time="0.027826547622680664" /><testcase name="controller_failed_event" time="10.069469690322876"><skipped>Timeout waiting for DB condition: SELECT id, type, details
FROM zone_events
WHERE zone_id = :zone_id
AND (type LIKE '%%CONTROLLER%%FAIL%%' OR type = 'CONTROLLER_FAILED')
AND created_at &gt; NOW() - INTERVAL '2 minutes'
ORDER BY created_at DESC
LIMIT 1
</skipped></testcase><testcase name="other_controllers_working" time="0.003606557846069336" /><testcase name="Assertion 3" time="5.004749298095703" /><testcase name="controller_cooldown" time="0.0010204315185546875" /></testsuite></testsuites>