<?xml version='1.0' encoding='utf-8'?>
<testsuites name="E74_node_zone_mismatch_guard" tests="17" failures="0" skipped="0" time="0.14067339897155762"><testsuite name="E74_node_zone_mismatch_guard" tests="17" failures="0" skipped="0" time="0.14067339897155762"><testcase name="set_test_context" time="1.9788742065429688e-05" /><testcase name="get_zone_row" time="0.0024738311767578125" /><testcase name="set_zone_id" time="9.775161743164062e-06" /><testcase name="get_node_row" time="0.0006666183471679688" /><testcase name="set_node_id" time="2.6226043701171875e-06" /><testcase name="baseline_mismatch_alert_counter" time="0.0020046234130859375" /><testcase name="baseline_mismatch_zone_event_id" time="0.014622688293457031" /><testcase name="create_mismatch_zone" time="0.0016705989837646484" /><testcase name="set_mismatch_zone_id" time="3.5762786865234375e-06" /><testcase name="move_node_to_mismatch_zone" time="0.0012857913970947266" /><testcase name="publish_mismatch_command" time="0.09688472747802734" /><testcase name="wait_for_mismatch_zone_event" time="0.0023882389068603516" /><testcase name="wait_for_mismatch_infra_alert" time="0.0005979537963867188" /><testcase name="command_publish_blocked" time="1.33514404296875e-05" /><testcase name="mismatch_zone_event_created" time="0.0014843940734863281" /><testcase name="mismatch_infra_alert_upserted" time="0.0005741119384765625" /><testcase name="no_command_persisted_for_mismatch_request" time="0.015970706939697266" /></testsuite></testsuites>