<?xml version='1.0' encoding='utf-8'?>
<testsuites name="E05_unassigned_attach" tests="13" failures="0" skipped="1" time="27.983646154403687"><testsuite name="E05_unassigned_attach" tests="13" failures="0" skipped="1" time="27.983646154403687"><testcase name="get_zones" time="0.06647253036499023" /><testcase name="set_zone_id" time="5.0067901611328125e-06" /><testcase name="start_node_simulator_unassigned" time="5.632303953170776" /><testcase name="node_publishes_temp_error" time="2.0023884773254395" /><testcase name="node_sends_node_hello" time="2.001901388168335" /><testcase name="db_lookup_node_id" time="1.0138792991638184" /><testcase name="set_node_id" time="7.62939453125e-06" /><testcase name="assign_node_to_zone_ui" time="2.102094888687134" /><testcase name="complete_node_binding" time="5.0837836265563965" /><testcase name="error_was_registered_or_removed" time="0.003267526626586914" /><testcase name="node_attached_to_zone" time="0.0006625652313232422" /><testcase name="alert_created_after_attach" time="10.076175212860107"><skipped>Timeout waiting for DB condition: SELECT id, status, code, zone_id, created_at
FROM alerts
WHERE zone_id = :zone_id
AND (code LIKE '%%ERR_UNASSIGNED%%' OR code LIKE '%%unassigned%%')
ORDER BY created_at DESC
LIMIT 1
</skipped></testcase><testcase name="unassigned_errors_registered" time="0.0007040500640869141" /></testsuite></testsuites>