<?xml version='1.0' encoding='utf-8'?>
<testsuites name="E61_fail_closed_corrections" tests="5" failures="2" skipped="0" time="25.2514488697052"><testsuite name="E61_fail_closed_corrections" tests="5" failures="2" skipped="0" time="25.2514488697052"><testcase name="stop_node_simulator_initial" time="15.206978797912598" /><testcase name="set_test_uids" time="1.4543533325195312e-05" /><testcase name="get_automation_zone" time="0.002383708953857422"><failure message="[Errno -3] Temporary failure in name resolution">[Errno -3] Temporary failure in name resolution</failure></testcase><testcase name="no_dosing_commands" time="0.01706695556640625" /><testcase name="skipped_event_created" time="10.025004863739014"><failure message="Timeout waiting for DB condition: SELECT id, type, details&#10;FROM zone_events&#10;WHERE zone_id = :zone_id&#10;AND (type LIKE '%%SKIP%%' OR type LIKE '%%STALE%%' OR type LIKE '%%FRESHNESS%%')&#10;AND created_at &gt; NOW() - INTERVAL '2 minutes'&#10;ORDER BY created_at DESC&#10;LIMIT 1&#10;">Timeout waiting for DB condition: SELECT id, type, details
FROM zone_events
WHERE zone_id = :zone_id
AND (type LIKE '%%SKIP%%' OR type LIKE '%%STALE%%' OR type LIKE '%%FRESHNESS%%')
AND created_at &gt; NOW() - INTERVAL '2 minutes'
ORDER BY created_at DESC
LIMIT 1
</failure></testcase></testsuite></testsuites>