<?xml version='1.0' encoding='utf-8'?>
<testsuites name="E63_backoff_on_errors" tests="31" failures="1" skipped="0" time="83.83944296836853"><testsuite name="E63_backoff_on_errors" tests="31" failures="1" skipped="0" time="83.83944296836853"><testcase name="stop_node_simulator_initial" time="15.277198314666748" /><testcase name="set_test_uids" time="2.7179718017578125e-05" /><testcase name="set_zone_id_from_uid" time="0.009022235870361328" /><testcase name="set_node_id_from_uid" time="0.002371549606323242" /><testcase name="set_ids" time="3.814697265625e-06" /><testcase name="cleanup_old_cycles" time="0.01117086410522461" /><testcase name="create_plant" time="0.06440162658691406" /><testcase name="create_recipe" time="0.061408281326293945" /><testcase name="create_revision" time="0.0644066333770752" /><testcase name="add_phase" time="0.07981133460998535" /><testcase name="publish_revision" time="0.060610294342041016" /><testcase name="create_cycle" time="0.09783744812011719" /><testcase name="set_cycle_id" time="4.0531158447265625e-06" /><testcase name="wait_for_effective_targets" time="2.001558542251587" /><testcase name="enable_capabilities" time="0.0018985271453857422" /><testcase name="fetch_heater_channel" time="0.0013079643249511719" /><testcase name="fetch_heater_infra" time="0.0016903877258300781" /><testcase name="upsert_heater_binding" time="0.0017600059509277344" /><testcase name="reset_backoff" time="0.02507472038269043" /><testcase name="publish_temp_low_baseline" time="2.0022106170654297" /><testcase name="wait_for_baseline_command" time="20.004424810409546" /><testcase name="baseline_timestamp" time="0.0005648136138916016" /><testcase name="set_degraded_state" time="0.03021240234375" /><testcase name="degraded_timestamp" time="0.0005271434783935547" /><testcase name="publish_temp_low_degraded" time="2.0029001235961914" /><testcase name="wait_for_degraded_cycle" time="20.002680778503418" /><testcase name="reset_backoff_after_degraded" time="0.026401758193969727" /><testcase name="reset_timestamp" time="0.0005674362182617188" /><testcase name="publish_temp_low_after_reset" time="2.002284049987793" /><testcase name="wait_for_post_reset_command" time="20.00458073616028" /><testcase name="baseline_heater_command_created" time="0.0005245208740234375"><failure message="the query has 3 placeholders but 2 parameters were passed">the query has 3 placeholders but 2 parameters were passed</failure></testcase></testsuite></testsuites>