<?xml version='1.0' encoding='utf-8'?>
<testsuites name="E16_command_timeout_flow" tests="16" failures="0" skipped="2" time="10.646020412445068"><testsuite name="E16_command_timeout_flow" tests="16" failures="0" skipped="2" time="10.646020412445068"><testcase name="set_test_uids" time="1.52587890625e-05" /><testcase name="fetch_node_id" time="0.009644746780395508" /><testcase name="get_zones" time="0.0714731216430664" /><testcase name="set_zone_id" time="4.5299530029296875e-06" /><testcase name="get_nodes" time="0.07591676712036133" /><testcase name="set_node_id" time="1.7404556274414062e-05" /><testcase name="subscribe_commands_channel" time="0.18459010124206543" /><testcase name="pause_node_sim" time="0.037206411361694336" /><testcase name="send_timeout_command" time="0.1704874038696289" /><testcase name="extract_timeout_command_id" time="9.059906005859375e-06" /><testcase name="wait_for_timeout_ws_event" time="10.024555444717407"><skipped>Timeout waiting for WebSocket event: .App\Events\CommandStatusUpdated</skipped></testcase><testcase name="check_timeout_db_status" time="0.013294219970703125" /><testcase name="resume_node_sim" time="0.05359983444213867" /><testcase name="ws_timeout_event" time="0.00010204315185546875"><skipped>Assertion condition is false: str(context.get('ws_timeout_event', {}).get('data', {}).get('commandId')) == str(context.get('timeout_command_id'))</skipped></testcase><testcase name="db_timeout_status" time="0.0018188953399658203" /><testcase name="no_stuck_commands" time="0.0032851696014404297" /></testsuite></testsuites>