<?xml version='1.0' encoding='utf-8'?>
<testsuites name="E14_command_response_before_sent" tests="9" failures="2" skipped="1" time="27.06607437133789"><testsuite name="E14_command_response_before_sent" tests="9" failures="2" skipped="1" time="27.06607437133789"><testcase name="start_node_simulator" time="5.6464684009552" /><testcase name="get_zones" time="0.07618236541748047" /><testcase name="get_nodes" time="0.05931496620178223" /><testcase name="set_zone_and_node" time="6.4373016357421875e-06" /><testcase name="subscribe_zone_channel" time="0.1792466640472412" /><testcase name="send_command" time="21.096755743026733"><skipped>Server error '503 Service Unavailable' for url 'http://localhost:8081/api/nodes/1/commands'
For more information check: https://developer.mozilla.org/en-US/docs/Web/HTTP/Status/503</skipped></testcase><testcase name="set_command_id_from_response" time="7.152557373046875e-06" /><testcase name="create_command_manually_if_needed" time="0.008067131042480469"><failure message="null value in column &quot;cmd_id&quot; of relation &quot;commands&quot; violates not-null constraint&#10;DETAIL:  Failing row contains (1373, 225, 1, main_pump, set_relay_state, {&quot;state&quot;: true}, QUEUED, null, 2025-12-25 18:58:41, 2025-12-25 18:58:41, null, null, null, test, null, null, 0, null, null, manual, null, null, null).">null value in column "cmd_id" of relation "commands" violates not-null constraint
DETAIL:  Failing row contains (1373, 225, 1, main_pump, set_relay_state, {"state": true}, QUEUED, null, 2025-12-25 18:58:41, 2025-12-25 18:58:41, null, null, null, test, null, null, 0, null, null, manual, null, null, null).</failure></testcase><testcase name="final_status_is_done" time="2.5510787963867188e-05"><failure message="Обязательная переменная 'command_id' разрешена в пустое значение. Убедитесь, что предыдущие шаги (API/DB) корректно заполнили контекст. Текущее значение: ''">Обязательная переменная 'command_id' разрешена в пустое значение. Убедитесь, что предыдущие шаги (API/DB) корректно заполнили контекст. Текущее значение: ''</failure></testcase></testsuite></testsuites>