<?xml version='1.0' encoding='utf-8'?>
<testsuites name="E100_ae3_two_tank_realhw_smoke" tests="77" failures="0" skipped="0" time="6.849044561386108"><testsuite name="E100_ae3_two_tank_realhw_smoke" tests="77" failures="0" skipped="0" time="6.849044561386108"><testcase name="set_test_context" time="4.100799560546875e-05" /><testcase name="capture_scenario_window" time="0.003687143325805664" /><testcase name="load_zone_context" time="0.0052602291107177734" /><testcase name="set_zone_context" time="1.049041748046875e-05" /><testcase name="resolve_irrig_node" time="0.0022459030151367188" /><testcase name="resolve_ph_node" time="0.0005023479461669922" /><testcase name="resolve_ec_node" time="0.00044608116149902344" /><testcase name="set_node_ids" time="1.52587890625e-05" /><testcase name="publish_irrig_node_config" time="0.21554827690124512" /><testcase name="publish_ph_node_config" time="0.24305200576782227" /><testcase name="publish_ec_node_config" time="0.3118093013763428" /><testcase name="wait_irrigation_level_sensors_registered" time="0.00677037239074707" /><testcase name="load_ec_pump_channel" time="0.001739501953125" /><testcase name="load_ph_up_channel" time="0.000823974609375" /><testcase name="load_ph_down_channel" time="0.0007641315460205078" /><testcase name="set_correction_channel_ids" time="8.106231689453125e-06" /><testcase name="wait_zone_ae_runtime_idle_before_cleanup" time="0.003843069076538086" /><testcase name="cleanup_zone_ae_commands" time="0.01204061508178711" /><testcase name="cleanup_zone_ae_tasks" time="0.003337860107421875" /><testcase name="cleanup_zone_ae_leases" time="0.0006630420684814453" /><testcase name="cleanup_zone_workflow_state" time="0.003648996353149414" /><testcase name="cleanup_zone_pid_state" time="0.0034568309783935547" /><testcase name="cleanup_blocking_ae_alerts" time="0.0018682479858398438" /><testcase name="complete_existing_cycles" time="0.01709127426147461" /><testcase name="switch_zone_to_ae3" time="0.0065457820892333984" /><testcase name="cleanup_existing_correction_bindings" time="0.0025370121002197266" /><testcase name="cleanup_existing_correction_infra" time="0.0025551319122314453" /><testcase name="cleanup_existing_e2e_calibrations" time="0.0019605159759521484" /><testcase name="insert_correction_infrastructure" time="0.0018038749694824219" /><testcase name="insert_correction_bindings" time="0.004473447799682617" /><testcase name="insert_correction_calibrations" time="0.0034325122833251953" /><testcase name="verify_active_correction_calibrations" time="0.0015637874603271484" /><testcase name="apply_ae3_logic_profile" time="0.3081023693084717" /><testcase name="create_recipe" time="0.0019378662109375" /><testcase name="load_recipe" time="0.0008592605590820312" /><testcase name="set_recipe_id" time="4.5299530029296875e-06" /><testcase name="create_recipe_revision" time="0.0020935535430908203" /><testcase name="load_recipe_revision" time="0.0006711483001708984" /><testcase name="set_recipe_revision_id" time="4.5299530029296875e-06" /><testcase name="create_grow_cycle" time="0.002526521682739258" /><testcase name="load_grow_cycle" time="0.0005965232849121094" /><testcase name="set_grow_cycle_id" time="4.0531158447265625e-06" /><testcase name="create_phase" time="0.0043985843658447266" /><testcase name="load_phase" time="0.0008862018585205078" /><testcase name="set_phase_id" time="4.291534423828125e-06" /><testcase name="activate_grow_cycle" time="0.0012638568878173828" /><testcase name="apply_cycle_start_snapshot" time="0.3974924087524414" /><testcase name="apply_cycle_phase_overrides" time="0.2940247058868408" /><testcase name="wait_grow_cycle_bundle_ready" time="0.00417017936706543" /><testcase name="reset_test_node_state" time="0.6015453338623047" /><testcase name="wait_reset_state_done" time="0.645880937576294" /><testcase name="wait_zero_level_telemetry" time="0.002567768096923828" /><testcase name="cleanup_grow_cycle_start_scheduler_snapshots" time="0.002312183380126953" /><testcase name="cleanup_grow_cycle_start_ae_commands" time="0.0010294914245605469" /><testcase name="cleanup_grow_cycle_start_ae_tasks" time="0.0007078647613525391" /><testcase name="cleanup_grow_cycle_start_intents" time="0.0004994869232177734" /><testcase name="insert_scheduler_like_intent" time="0.0014138221740722656" /><testcase name="start_cycle_http" time="0.05633044242858887" /><testcase name="set_task_id" time="5.245208740234375e-06" /><testcase name="wait_ae_command_accepted" time="0.4116504192352295" /><testcase name="wait_expected_ae_commands_published" time="2.5638926029205322" /><testcase name="wait_runtime_irr_state_snapshot" time="0.01607203483581543" /><testcase name="wait_task_requeued_clean_fill_check" time="0.5157308578491211" /><testcase name="wait_workflow_tank_filling" time="0.004547119140625" /><testcase name="count_task_commands" time="0.0016181468963623047" /><testcase name="load_expected_ae_command_counts" time="0.0013470649719238281" /><testcase name="get_internal_task_status" time="0.1387021541595459" /><testcase name="reset_zero_level_telemetry_ready" time="0.00011301040649414062" /><testcase name="start_cycle_http_200" time="6.008148193359375e-05" /><testcase name="start_cycle_response_active" time="3.838539123535156e-05" /><testcase name="runtime_task_not_failed" time="5.5789947509765625e-05" /><testcase name="runtime_task_pending_clean_fill_check" time="0.00011730194091796875" /><testcase name="workflow_phase_tank_filling" time="4.863739013671875e-05" /><testcase name="at_least_two_ae_commands_logged" time="4.220008850097656e-05" /><testcase name="irr_state_probe_logged" time="3.933906555175781e-05" /><testcase name="clean_fill_start_logged" time="3.743171691894531e-05" /><testcase name="internal_task_pending" time="5.269050598144531e-05" /></testsuite></testsuites>