<?xml version='1.0' encoding='utf-8'?>
<testsuites name="E20_error_to_alert_realtime" tests="6" failures="1" skipped="0" time="11.265227794647217"><testsuite name="E20_error_to_alert_realtime" tests="6" failures="1" skipped="0" time="11.265227794647217"><testcase name="get_zones" time="0.06621766090393066" /><testcase name="set_zone_id" time="4.76837158203125e-06" /><testcase name="subscribe_ws_zone" time="1.1811230182647705" /><testcase name="node_publishes_error" time="5.004932880401611" /><testcase name="node_publishes_error_duplicate" time="5.004712343215942" /><testcase name="alert_created_active" time="0.008237123489379883"><failure message="Field alert_count: expected &gt;= 1, got 0">Field alert_count: expected &gt;= 1, got 0</failure></testcase></testsuite></testsuites>