<?xml version='1.0' encoding='utf-8'?>
<testsuites name="E10_command_happy" tests="15" failures="0" skipped="1" time="26.26900339126587"><testsuite name="E10_command_happy" tests="15" failures="0" skipped="1" time="26.26900339126587"><testcase name="start_node_simulator" time="5.638213872909546" /><testcase name="check_system_health" time="0.05631589889526367" /><testcase name="get_zones" time="0.06244802474975586" /><testcase name="get_nodes" time="0.055588483810424805" /><testcase name="find_test_zone_and_node" time="2.86102294921875e-06" /><testcase name="subscribe_command_channel" time="0.17078876495361328" /><testcase name="subscribe_zone_channel" time="0.10035347938537598" /><testcase name="send_command" time="0.1375904083251953" /><testcase name="save_command_id" time="5.7220458984375e-06" /><testcase name="wait_for_command_status" time="0.011577844619750977" /><testcase name="wait_for_done_status" time="5.005211591720581" /><testcase name="check_final_status_done" time="0.0012576580047607422" /><testcase name="assert_final_status_is_done" time="0.0005612373352050781" /><testcase name="wait_for_done_ws_event" time="15.028290748596191"><skipped>Timeout waiting for WebSocket event: .App\Events\CommandStatusUpdated</skipped></testcase><testcase name="get_command_status_from_api" time="0.0007967948913574219" /></testsuite></testsuites>