<?xml version='1.0' encoding='utf-8'?>
<testsuites name="E01_bootstrap" tests="14" failures="0" skipped="0" time="10.905805826187134"><testsuite name="E01_bootstrap" tests="14" failures="0" skipped="0" time="10.905805826187134"><testcase name="start_node_simulator" time="5.643921613693237" /><testcase name="get_zones" time="0.06222128868103027" /><testcase name="get_nodes" time="0.05699968338012695" /><testcase name="find_test_zone_and_node" time="8.58306884765625e-06" /><testcase name="find_zone_by_uid" time="0.06098175048828125" /><testcase name="find_node_by_uid" time="0.06123185157775879" /><testcase name="fetch_zone_id" time="0.0078089237213134766" /><testcase name="fetch_node_id" time="0.0018939971923828125" /><testcase name="set_zone_and_node_ids" time="2.86102294921875e-06" /><testcase name="debug_variables" time="2.1457672119140625e-06" /><testcase name="wait_for_telemetry_publish" time="5.0049660205841064" /><testcase name="telemetry_in_db" time="0.00491786003112793" /><testcase name="node_status_online" time="0.0005071163177490234" /><testcase name="node_attached_to_zone" time="0.0003421306610107422" /></testsuite></testsuites>