<?xml version='1.0' encoding='utf-8'?>
<testsuites name="E61_fail_closed_corrections" tests="5" failures="2" skipped="0" time="0.11922621726989746"><testsuite name="E61_fail_closed_corrections" tests="5" failures="2" skipped="0" time="0.11922621726989746"><testcase name="get_automation_zone" time="0.1060781478881836" /><testcase name="set_zone_id_from_uid" time="0.011160612106323242" /><testcase name="set_zone_id" time="8.106231689453125e-06" /><testcase name="enable_capabilities" time="0.0006422996520996094"><failure message="invalid input syntax for type bigint: &quot;&quot;&#10;CONTEXT:  unnamed portal parameter $1 = ''">invalid input syntax for type bigint: ""
CONTEXT:  unnamed portal parameter $1 = ''</failure></testcase><testcase name="no_dosing_commands" time="0.0013370513916015625"><failure message="invalid input syntax for type bigint: &quot;&quot;&#10;CONTEXT:  unnamed portal parameter $1 = ''">invalid input syntax for type bigint: ""
CONTEXT:  unnamed portal parameter $1 = ''</failure></testcase></testsuite></testsuites>