<?xml version='1.0' encoding='utf-8'?>
<testsuites name="E02_command_happy" tests="11" failures="1" skipped="0" time="1.4184110164642334"><testsuite name="E02_command_happy" tests="11" failures="1" skipped="0" time="1.4184110164642334"><testcase name="Check system health" time="0.10132217407226562" /><testcase name="Get zones" time="0.06871223449707031" /><testcase name="Get nodes" time="0.06795287132263184" /><testcase name="Find test node" time="0.00019311904907226562" /><testcase name="Subscribe to command channel" time="0.10098600387573242" /><testcase name="Subscribe to zone channel" time="0.07780838012695312" /><testcase name="Send command to node" time="0.0896446704864502" /><testcase name="Save command ID" time="6.198883056640625e-05" /><testcase name="Wait for command status update (SENT)" time="0.9025578498840332" /><testcase name="Check command status in DB" time="0.009011030197143555" /><testcase name="Assert command status is SENT" time="0.00016069412231445312"><failure message="Expected SENT, but got QUEUED">Expected SENT, but got QUEUED</failure></testcase></testsuite></testsuites>