<?xml version='1.0' encoding='utf-8'?>
<testsuites name="E63_backoff_on_errors" tests="35" failures="0" skipped="0" time="89.94547080993652"><testsuite name="E63_backoff_on_errors" tests="35" failures="0" skipped="0" time="89.94547080993652"><testcase name="stop_node_simulator_initial" time="15.343544244766235" /><testcase name="start_node_simulator" time="5.8412463665008545" /><testcase name="set_test_uids" time="0.09187483787536621" /><testcase name="set_zone_id_from_uid" time="0.0793297290802002" /><testcase name="set_node_id_from_uid" time="0.0774083137512207" /><testcase name="set_ids" time="5.245208740234375e-06" /><testcase name="cleanup_old_cycles" time="0.008475542068481445" /><testcase name="create_plant" time="0.05336928367614746" /><testcase name="create_recipe" time="0.057444095611572266" /><testcase name="create_revision" time="0.05773591995239258" /><testcase name="add_phase" time="0.07047629356384277" /><testcase name="publish_revision" time="0.056259870529174805" /><testcase name="create_cycle" time="0.09018349647521973" /><testcase name="set_cycle_id" time="2.86102294921875e-06" /><testcase name="wait_for_effective_targets" time="2.0012855529785156" /><testcase name="enable_capabilities" time="0.0017619132995605469" /><testcase name="fetch_heater_channel" time="0.0008091926574707031" /><testcase name="fetch_heater_infra" time="0.0010082721710205078" /><testcase name="upsert_heater_binding" time="0.001651763916015625" /><testcase name="reset_backoff" time="0.024596691131591797" /><testcase name="publish_temp_low_baseline" time="2.0017597675323486" /><testcase name="wait_for_baseline_command" time="20.005995273590088" /><testcase name="baseline_timestamp" time="0.00045943260192871094" /><testcase name="baseline_window_start" time="0.0003864765167236328" /><testcase name="set_degraded_state" time="0.023963451385498047" /><testcase name="degraded_timestamp" time="0.0004062652587890625" /><testcase name="publish_temp_low_degraded" time="2.0015079975128174" /><testcase name="wait_for_degraded_cycle" time="20.008955001831055" /><testcase name="reset_backoff_after_degraded" time="0.027393341064453125" /><testcase name="reset_timestamp" time="0.0003943443298339844" /><testcase name="publish_temp_low_after_reset" time="2.002042055130005" /><testcase name="wait_for_post_reset_command" time="20.010942935943604" /><testcase name="baseline_heater_command_created" time="0.0016732215881347656" /><testcase name="no_commands_in_degraded_mode" time="0.0005881786346435547" /><testcase name="commands_after_reset" time="0.0005335807800292969" /></testsuite></testsuites>