<?xml version='1.0' encoding='utf-8'?>
<testsuites name="E107_ae3_irrigation_runtime_test_node" tests="77" failures="2" skipped="0" time="17.433998346328735"><testsuite name="E107_ae3_irrigation_runtime_test_node" tests="77" failures="2" skipped="0" time="17.433998346328735"><testcase name="set_test_context" time="3.6716461181640625e-05" /><testcase name="load_zone_context" time="0.007990121841430664" /><testcase name="set_zone_context" time="5.0067901611328125e-06" /><testcase name="set_runtime_api_url" time="0.2209923267364502" /><testcase name="load_irrig_node" time="0.0031890869140625" /><testcase name="load_ph_node" time="0.0036313533782958984" /><testcase name="load_ec_node" time="0.0010209083557128906" /><testcase name="set_node_ids" time="5.0067901611328125e-06" /><testcase name="wait_zone_ae_runtime_idle_before_cleanup" time="0.0030059814453125" /><testcase name="load_soil_node" time="0.0007419586181640625" /><testcase name="set_soil_node_id" time="4.0531158447265625e-06" /><testcase name="load_ec_pump_channel" time="0.0005660057067871094" /><testcase name="load_ph_up_channel" time="0.0005095005035400391" /><testcase name="load_ph_down_channel" time="0.00040841102600097656" /><testcase name="set_correction_channel_ids" time="4.0531158447265625e-06" /><testcase name="cleanup_zone_ae_commands" time="0.001247406005859375" /><testcase name="cleanup_zone_ae_tasks" time="0.0004143714904785156" /><testcase name="cleanup_zone_ae_leases" time="0.0003223419189453125" /><testcase name="cleanup_zone_workflow_state" time="0.0007719993591308594" /><testcase name="cleanup_zone_pid_state" time="0.0010018348693847656" /><testcase name="cleanup_zone_intents" time="0.00039315223693847656" /><testcase name="complete_existing_cycles" time="0.0014996528625488281" /><testcase name="switch_zone_to_ae3" time="0.0018177032470703125" /><testcase name="load_test_node_correction_preset" time="0.0008502006530761719" /><testcase name="apply_test_node_correction_preset" time="0.21831560134887695" /><testcase name="cleanup_old_runtime_telemetry_samples" time="0.004094600677490234" /><testcase name="cleanup_old_runtime_telemetry_last" time="0.0018162727355957031" /><testcase name="cleanup_existing_correction_bindings" time="0.0020134449005126953" /><testcase name="cleanup_existing_correction_infra" time="0.0017006397247314453" /><testcase name="cleanup_existing_e2e_calibrations" time="0.0014867782592773438" /><testcase name="insert_correction_infrastructure" time="0.001012563705444336" /><testcase name="insert_correction_bindings" time="0.00212860107421875" /><testcase name="insert_correction_calibrations" time="0.0015985965728759766" /><testcase name="apply_task_logic_profile" time="0.23421978950500488" /><testcase name="create_recipe" time="0.003717660903930664" /><testcase name="load_recipe" time="0.0012445449829101562" /><testcase name="set_recipe_id" time="5.0067901611328125e-06" /><testcase name="create_recipe_revision" time="0.0018465518951416016" /><testcase name="load_recipe_revision" time="0.0005633831024169922" /><testcase name="set_recipe_revision_id" time="5.4836273193359375e-06" /><testcase name="create_grow_cycle" time="0.002621173858642578" /><testcase name="load_grow_cycle" time="0.0005600452423095703" /><testcase name="set_grow_cycle_id" time="4.0531158447265625e-06" /><testcase name="create_phase" time="0.0020341873168945312" /><testcase name="load_phase" time="0.0005588531494140625" /><testcase name="set_phase_id" time="3.5762786865234375e-06" /><testcase name="activate_grow_cycle" time="0.0011794567108154297" /><testcase name="apply_cycle_start_snapshot" time="0.2211756706237793" /><testcase name="apply_cycle_phase_overrides" time="0.20316743850708008" /><testcase name="wait_grow_cycle_bundle_ready" time="0.0017900466918945312" /><testcase name="insert_ready_workflow_state" time="0.0012764930725097656" /><testcase name="wait_ready_workflow_state" time="0.0008599758148193359" /><testcase name="capture_live_config_publish_window" time="0.0003018379211425781" /><testcase name="publish_irrig_node_config" time="0.21248984336853027" /><testcase name="publish_ph_node_config" time="0.24215078353881836" /><testcase name="publish_ec_node_config" time="0.239776611328125" /><testcase name="wait_live_namespace_config_reports" time="0.10307765007019043" /><testcase name="activate_ph_sensor_mode" time="0.3195977210998535" /><testcase name="wait_activate_ph_sensor_mode_done" time="0.25992608070373535" /><testcase name="activate_ec_sensor_mode" time="0.3351891040802002" /><testcase name="wait_activate_ec_sensor_mode_done" time="0.4575531482696533" /><testcase name="wait_ph_ec_telemetry_available" time="0.8201737403869629" /><testcase name="wait_runtime_sensors_registered" time="0.0017201900482177734" /><testcase name="isolate_runtime_sensors_to_test_node" time="0.0016820430755615234" /><testcase name="reset_test_node_state" time="0.5282855033874512" /><testcase name="wait_reset_state_done" time="0.24983787536621094" /><testcase name="set_tank_levels_ready" time="0.7135119438171387" /><testcase name="wait_set_tank_levels_ready_done" time="0.10336709022521973" /><testcase name="wait_ready_level_telemetry" time="0.0017671585083007812" /><testcase name="set_soil_baseline" time="0.3238492012023926" /><testcase name="wait_soil_baseline_done" time="0.3120307922363281" /><testcase name="wait_soil_baseline_telemetry" time="0.002517223358154297" /><testcase name="isolate_runtime_sensors_before_task_start" time="0.0014798641204833984" /><testcase name="seed_off_target_before_inline_correction_run" time="0.34107208251953125" /><testcase name="wait_seed_off_target_done" time="0.4137551784515381" /><testcase name="start_irrigation_task" time="0.2677948474884033"><failure message="Client error '409 Conflict' for url 'http://localhost:8081/api/zones/1/start-irrigation'&#10;For more information check: https://developer.mozilla.org/en-US/docs/Web/HTTP/Status/409">Client error '409 Conflict' for url 'http://localhost:8081/api/zones/1/start-irrigation'
For more information check: https://developer.mozilla.org/en-US/docs/Web/HTTP/Status/409</failure></testcase><testcase name="task_strategy_task_created" time="10.01966118812561"><failure message="Timeout waiting for DB condition: SELECT&#10;  irrigation_decision_strategy,&#10;  irrigation_decision_outcome&#10;FROM ae_tasks&#10;WHERE id = CAST(:task_id AS bigint)&#10;">Timeout waiting for DB condition: SELECT
  irrigation_decision_strategy,
  irrigation_decision_outcome
FROM ae_tasks
WHERE id = CAST(:task_id AS bigint)
</failure></testcase></testsuite></testsuites>