<?xml version='1.0' encoding='utf-8'?>
<testsuites name="E112_ae3_per_phase_ec_target_realhw" tests="117" failures="0" skipped="0" time="174.37093377113342"><testsuite name="E112_ae3_per_phase_ec_target_realhw" tests="117" failures="0" skipped="0" time="174.37093377113342"><testcase name="set_test_context" time="3.457069396972656e-05" /><testcase name="capture_scenario_window" time="0.0030176639556884766" /><testcase name="load_zone_context" time="0.005013704299926758" /><testcase name="set_zone_context" time="9.298324584960938e-06" /><testcase name="load_irrig_node" time="0.0021462440490722656" /><testcase name="load_ph_node" time="0.0030069351196289062" /><testcase name="load_ec_node" time="0.0008249282836914062" /><testcase name="set_node_ids" time="1.2636184692382812e-05" /><testcase name="publish_irrig_node_config" time="0.21203875541687012" /><testcase name="publish_ph_node_config" time="0.2188096046447754" /><testcase name="publish_ec_node_config" time="0.24837541580200195" /><testcase name="wait_irrigation_level_sensors_registered" time="25.60680842399597" /><testcase name="load_ec_pump_channel" time="0.0008690357208251953" /><testcase name="load_ph_up_channel" time="0.0004229545593261719" /><testcase name="load_ph_down_channel" time="0.0003895759582519531" /><testcase name="set_correction_channel_ids" time="4.76837158203125e-06" /><testcase name="wait_zone_ae_runtime_idle_before_cleanup" time="0.003119230270385742" /><testcase name="cleanup_zone_ae_commands" time="0.0017635822296142578" /><testcase name="cleanup_zone_ae_tasks" time="0.0005846023559570312" /><testcase name="cleanup_zone_ae_leases" time="0.000392913818359375" /><testcase name="cleanup_zone_workflow_state" time="0.001344442367553711" /><testcase name="cleanup_zone_pid_state" time="0.0012402534484863281" /><testcase name="complete_existing_cycles" time="0.001493692398071289" /><testcase name="switch_zone_to_ae3" time="0.0015611648559570312" /><testcase name="load_test_node_correction_preset" time="0.0008301734924316406" /><testcase name="apply_test_node_correction_preset" time="0.25661659240722656" /><testcase name="cleanup_existing_correction_bindings" time="0.0030663013458251953" /><testcase name="cleanup_existing_correction_infra" time="0.001743316650390625" /><testcase name="cleanup_existing_e2e_calibrations" time="0.0017142295837402344" /><testcase name="insert_correction_infrastructure" time="0.001280069351196289" /><testcase name="insert_correction_bindings" time="0.002902984619140625" /><testcase name="insert_correction_calibrations" time="0.0024900436401367188" /><testcase name="apply_solution_fill_process_calibration" time="0.30049657821655273" /><testcase name="apply_tank_recirc_process_calibration" time="0.25357627868652344" /><testcase name="apply_irrigation_process_calibration" time="0.2450721263885498" /><testcase name="apply_ae3_logic_profile" time="0.24786663055419922" /><testcase name="create_recipe" time="0.0018537044525146484" /><testcase name="load_recipe" time="0.0006396770477294922" /><testcase name="set_recipe_id" time="4.0531158447265625e-06" /><testcase name="create_recipe_revision" time="0.001611471176147461" /><testcase name="load_recipe_revision" time="0.0005555152893066406" /><testcase name="set_recipe_revision_id" time="3.814697265625e-06" /><testcase name="create_grow_cycle" time="0.002633810043334961" /><testcase name="load_grow_cycle" time="0.0005269050598144531" /><testcase name="set_grow_cycle_id" time="4.0531158447265625e-06" /><testcase name="create_phase" time="0.0020143985748291016" /><testcase name="load_phase" time="0.00047850608825683594" /><testcase name="set_phase_id" time="3.814697265625e-06" /><testcase name="activate_grow_cycle" time="0.0011439323425292969" /><testcase name="apply_cycle_start_snapshot" time="0.22495412826538086" /><testcase name="apply_cycle_phase_overrides" time="0.25148725509643555" /><testcase name="wait_grow_cycle_bundle_ready" time="0.002661466598510742" /><testcase name="reset_test_node_state" time="0.5269241333007812" /><testcase name="wait_reset_state_done" time="0.7739882469177246" /><testcase name="reset_test_node_state_confirm" time="0.3540647029876709" /><testcase name="wait_reset_state_done_confirm" time="0.3273780345916748" /><testcase name="wait_zero_level_telemetry" time="0.0020105838775634766" /><testcase name="insert_scheduler_like_intent" time="0.001752614974975586" /><testcase name="start_cycle_http" time="0.06769800186157227" /><testcase name="set_task_id" time="5.0067901611328125e-06" /><testcase name="wait_ae_command_accepted" time="0.633758544921875" /><testcase name="wait_startup_commands_published" time="2.0272293090820312" /><testcase name="wait_runtime_irr_state_snapshot" time="0.020819425582885742" /><testcase name="wait_task_pending_clean_fill_check" time="0.5095491409301758" /><testcase name="wait_workflow_tank_filling" time="0.002877473831176758" /><testcase name="force_clean_tank_full" time="0.4234952926635742" /><testcase name="wait_force_clean_tank_full_done" time="0.5247654914855957" /><testcase name="wait_clean_tank_full_telemetry" time="0.002151012420654297" /><testcase name="load_task_after_clean_override" time="0.0005812644958496094" /><testcase name="wait_solution_fill_stage" time="34.856181144714355" /><testcase name="wait_solution_fill_commands" time="0.003318309783935547" /><testcase name="wait_ph_ec_telemetry_available" time="0.0015211105346679688" /><testcase name="wait_sensor_mode_telemetry_cadence" time="0.0017275810241699219" /><testcase name="force_solution_tank_full" time="0.36356210708618164" /><testcase name="wait_force_solution_tank_full_done" time="0.7244961261749268" /><testcase name="wait_fill_ec_correction_command" time="0.0008308887481689453" /><testcase name="load_fill_ph_correction_commands_if_any" time="0.0007092952728271484" /><testcase name="wait_prepare_recirculation_commands" time="8.378525257110596" /><testcase name="wait_prepare_recirculation_commands_terminal" time="0.5104215145111084" /><testcase name="wait_prepare_recirculation_stage" time="10.538809299468994" /><testcase name="seed_recirculation_sensor_values" time="0.5188181400299072" /><testcase name="wait_seed_recirculation_sensor_values_done" time="0.3143322467803955" /><testcase name="load_seed_recirculation_command_row" time="0.004346609115600586" /><testcase name="wait_seeded_recirculation_telemetry" time="0.004026889801025391" /><testcase name="wait_recirculation_ec_correction_command" time="38.85564947128296" /><testcase name="wait_recirculation_ec_peak_decay_pair" time="5.1842241287231445" /><testcase name="wait_recirculation_ph_correction_command" time="9.98162055015564" /><testcase name="wait_task_not_failed_after_sequential_loop" time="1.322845458984375" /><testcase name="wait_targets_reached_on_node_after_sequential_loop" time="28.440510988235474" /><testcase name="load_task_snapshot_after_targets" time="0.0009915828704833984" /><testcase name="load_expected_ae_command_counts" time="0.0014944076538085938" /><testcase name="load_runtime_reset_commands" time="0.0006830692291259766" /><testcase name="count_task_commands" time="0.0006475448608398438" /><testcase name="get_internal_task_status" time="0.038825273513793945" /><testcase name="reset_zero_level_telemetry_ready" time="9.608268737792969e-05" /><testcase name="start_cycle_http_200" time="4.7206878662109375e-05" /><testcase name="start_cycle_response_active" time="3.147125244140625e-05" /><testcase name="runtime_task_not_failed" time="4.982948303222656e-05" /><testcase name="runtime_task_pending_clean_fill_check" time="9.250640869140625e-05" /><testcase name="workflow_phase_tank_filling" time="4.7206878662109375e-05" /><testcase name="solution_fill_stage_reached" time="5.245208740234375e-05" /><testcase name="prepare_recirculation_stage_reached" time="7.152557373046875e-05" /><testcase name="telemetry_cadence_after_sensor_mode" time="8.893013000488281e-05" /><testcase name="recirculation_ec_peak_observed" time="3.361701965332031e-05" /><testcase name="recirculation_ec_decay_observed" time="2.8371810913085938e-05" /><testcase name="task_not_failed_after_sequential_loop" time="0.00012063980102539062" /><testcase name="targets_reached_after_sequential_loop" time="3.5762786865234375e-05" /><testcase name="task_not_failed_after_targets" time="6.413459777832031e-05" /><testcase name="at_least_ten_ae_commands_logged" time="4.076957702636719e-05" /><testcase name="irr_state_probe_logged" time="3.790855407714844e-05" /><testcase name="clean_fill_start_logged" time="3.528594970703125e-05" /><testcase name="solution_fill_start_logged" time="3.528594970703125e-05" /><testcase name="prepare_recirculation_start_logged" time="3.4809112548828125e-05" /><testcase name="ec_correction_logged_twice" time="3.361701965332031e-05" /><testcase name="sequential_ph_correction_logged" time="2.765655517578125e-05" /><testcase name="runtime_never_resets_node_during_task" time="3.409385681152344e-05" /><testcase name="internal_task_not_failed" time="0.00011110305786132812" /></testsuite></testsuites>