<?xml version='1.0' encoding='utf-8'?>
<testsuites name="E106_ae3_two_tank_realhw_piggyback_ec_ph_cycle" tests="21" failures="2" skipped="0" time="0.058403730392456055"><testsuite name="E106_ae3_two_tank_realhw_piggyback_ec_ph_cycle" tests="21" failures="2" skipped="0" time="0.058403730392456055"><testcase name="set_test_context" time="3.695487976074219e-05" /><testcase name="capture_scenario_window" time="0.0027861595153808594" /><testcase name="load_zone_context" time="0.005680084228515625" /><testcase name="set_zone_context" time="8.58306884765625e-06" /><testcase name="load_irrig_node" time="0.002442598342895508" /><testcase name="load_ph_node" time="0.004843950271606445" /><testcase name="load_ec_node" time="0.0008399486541748047" /><testcase name="set_node_ids" time="1.239776611328125e-05" /><testcase name="load_ec_pump_channel" time="0.0003991127014160156" /><testcase name="load_ph_up_channel" time="0.0003306865692138672" /><testcase name="load_ph_down_channel" time="0.0003643035888671875" /><testcase name="set_correction_channel_ids" time="5.7220458984375e-06" /><testcase name="cleanup_zone_ae_commands" time="0.0031828880310058594" /><testcase name="cleanup_zone_ae_tasks" time="0.00037670135498046875" /><testcase name="cleanup_zone_ae_leases" time="0.0005693435668945312" /><testcase name="cleanup_zone_workflow_state" time="0.0008614063262939453" /><testcase name="complete_existing_cycles" time="0.0013916492462158203" /><testcase name="switch_zone_to_ae3" time="0.0015647411346435547" /><testcase name="load_test_node_correction_preset" time="0.0011074542999267578" /><testcase name="apply_test_node_correction_preset" time="0.03149008750915527"><failure message="Client error '404 Not Found' for url 'http://localhost:8081/api/zones/6/correction-config'&#10;For more information check: https://developer.mozilla.org/en-US/docs/Web/HTTP/Status/404">Client error '404 Not Found' for url 'http://localhost:8081/api/zones/6/correction-config'
For more information check: https://developer.mozilla.org/en-US/docs/Web/HTTP/Status/404</failure></testcase><testcase name="reset_zero_level_telemetry_ready" time="0.00010895729064941406"><failure message="Assertion condition is false: int(context.get('zero_levels_row', [{}])[0].get('zero_levels', 0)) == 4">Assertion condition is false: int(context.get('zero_levels_row', [{}])[0].get('zero_levels', 0)) == 4</failure></testcase></testsuite></testsuites>