<?xml version='1.0' encoding='utf-8'?>
<testsuites name="E71_db_flaky" tests="11" failures="0" skipped="0" time="15.372314453125"><testsuite name="E71_db_flaky" tests="11" failures="0" skipped="0" time="15.372314453125"><testcase name="set_test_uids" time="0.00010776519775390625" /><testcase name="fetch_node_id" time="0.015556812286376953" /><testcase name="get_zones" time="0.1513233184814453" /><testcase name="set_zone_id" time="7.867813110351562e-06" /><testcase name="pause_postgres" time="0.09576892852783203" /><testcase name="wait_during_pause" time="5.005100727081299" /><testcase name="publish_error_during_db_pause" time="0.0005500316619873047" /><testcase name="unpause_postgres" time="0.08788180351257324" /><testcase name="wait_after_recovery" time="10.009831428527832" /><testcase name="system_still_responding" time="0.00357818603515625" /><testcase name="data_queued_and_processed" time="0.002607583999633789" /></testsuite></testsuites>