<?xml version='1.0' encoding='utf-8'?>
<testsuites name="E63_backoff_on_errors" tests="9" failures="2" skipped="2" time="5.708355665206909"><testsuite name="E63_backoff_on_errors" tests="9" failures="2" skipped="2" time="5.708355665206909"><testcase name="get_automation_zone" time="0.061930179595947266" /><testcase name="set_zone_id_from_uid" time="0.007995843887329102" /><testcase name="set_zone_id" time="5.0067901611328125e-06" /><testcase name="start_node_simulator" time="5.637343406677246" /><testcase name="enable_test_mode" time="4.5299530029296875e-06" /><testcase name="inject_error_1" time="1.0251998901367188e-05"><failure message="ae_test_hook requires zone_id">ae_test_hook requires zone_id</failure></testcase><testcase name="backoff_event_created" time="0.00106048583984375"><skipped>column "details" does not exist
LINE 1: SELECT id, type, details
                         ^</skipped></testcase><testcase name="error_metrics_increased" time="4.0531158447265625e-06"><skipped>Unknown assertion type: assert</skipped></testcase><testcase name="Assertion 3" time="1.9073486328125e-06"><failure message="Unknown assertion type: http_request">Unknown assertion type: http_request</failure></testcase></testsuite></testsuites>