<?xml version='1.0' encoding='utf-8'?>
<testsuites name="E102_ae3_two_tank_realhw_ready_during_recirculation" tests="114" failures="0" skipped="0" time="169.62749576568604"><testsuite name="E102_ae3_two_tank_realhw_ready_during_recirculation" tests="114" failures="0" skipped="0" time="169.62749576568604"><testcase name="set_test_context" time="3.552436828613281e-05" /><testcase name="capture_scenario_window" time="0.00616002082824707" /><testcase name="load_zone_context" time="0.005774259567260742" /><testcase name="set_zone_context" time="1.0013580322265625e-05" /><testcase name="load_irrig_node" time="0.0022525787353515625" /><testcase name="load_ph_node" time="0.003239870071411133" /><testcase name="load_ec_node" time="0.0008549690246582031" /><testcase name="set_node_ids" time="1.1444091796875e-05" /><testcase name="publish_irrig_node_config" time="0.23731255531311035" /><testcase name="publish_ph_node_config" time="0.30340123176574707" /><testcase name="publish_ec_node_config" time="0.2504127025604248" /><testcase name="wait_irrigation_level_sensors_registered" time="0.007109403610229492" /><testcase name="load_ec_pump_channel" time="0.0007903575897216797" /><testcase name="load_ph_up_channel" time="0.000667572021484375" /><testcase name="load_ph_down_channel" time="0.00061798095703125" /><testcase name="set_correction_channel_ids" time="4.291534423828125e-06" /><testcase name="wait_zone_ae_runtime_idle_before_cleanup" time="0.002806425094604492" /><testcase name="cleanup_zone_ae_commands" time="0.0016858577728271484" /><testcase name="cleanup_zone_ae_tasks" time="0.00044846534729003906" /><testcase name="cleanup_zone_ae_leases" time="0.000331878662109375" /><testcase name="cleanup_zone_workflow_state" time="0.0013141632080078125" /><testcase name="cleanup_zone_pid_state" time="0.0013027191162109375" /><testcase name="complete_existing_cycles" time="0.0019123554229736328" /><testcase name="switch_zone_to_ae3" time="0.0023567676544189453" /><testcase name="load_test_node_correction_preset" time="0.0010833740234375" /><testcase name="apply_test_node_correction_preset" time="0.2888338565826416" /><testcase name="cleanup_existing_correction_bindings" time="0.0024323463439941406" /><testcase name="cleanup_existing_correction_infra" time="0.0011811256408691406" /><testcase name="cleanup_existing_e2e_calibrations" time="0.002835988998413086" /><testcase name="insert_correction_infrastructure" time="0.0013420581817626953" /><testcase name="insert_correction_bindings" time="0.0025751590728759766" /><testcase name="insert_correction_calibrations" time="0.0017673969268798828" /><testcase name="apply_solution_fill_process_calibration" time="0.2590601444244385" /><testcase name="apply_tank_recirc_process_calibration" time="0.2645454406738281" /><testcase name="apply_irrigation_process_calibration" time="0.26283812522888184" /><testcase name="apply_ae3_logic_profile" time="0.2956666946411133" /><testcase name="create_recipe" time="0.0034155845642089844" /><testcase name="load_recipe" time="0.0014314651489257812" /><testcase name="set_recipe_id" time="3.5762786865234375e-06" /><testcase name="create_recipe_revision" time="0.0021674633026123047" /><testcase name="load_recipe_revision" time="0.000720977783203125" /><testcase name="set_recipe_revision_id" time="4.0531158447265625e-06" /><testcase name="create_grow_cycle" time="0.0029571056365966797" /><testcase name="load_grow_cycle" time="0.0009884834289550781" /><testcase name="set_grow_cycle_id" time="4.76837158203125e-06" /><testcase name="create_phase" time="0.002962350845336914" /><testcase name="load_phase" time="0.002775907516479492" /><testcase name="set_phase_id" time="4.0531158447265625e-06" /><testcase name="activate_grow_cycle" time="0.001338958740234375" /><testcase name="apply_cycle_start_snapshot" time="0.24730801582336426" /><testcase name="apply_cycle_phase_overrides" time="0.2838172912597656" /><testcase name="wait_grow_cycle_bundle_ready" time="0.0039365291595458984" /><testcase name="reset_test_node_state" time="0.41121864318847656" /><testcase name="wait_reset_state_done" time="0.5076687335968018" /><testcase name="reset_test_node_state_confirm" time="0.3621706962585449" /><testcase name="wait_reset_state_done_confirm" time="0.5507240295410156" /><testcase name="wait_zero_level_telemetry" time="0.002418041229248047" /><testcase name="insert_scheduler_like_intent" time="0.0017211437225341797" /><testcase name="start_cycle_http" time="0.05382347106933594" /><testcase name="set_task_id" time="3.5762786865234375e-06" /><testcase name="wait_ae_command_accepted" time="0.4068164825439453" /><testcase name="wait_startup_commands_published" time="3.171190023422241" /><testcase name="wait_runtime_irr_state_snapshot" time="0.023730754852294922" /><testcase name="wait_task_pending_clean_fill_check" time="0.6188232898712158" /><testcase name="wait_workflow_tank_filling" time="0.0032529830932617188" /><testcase name="force_clean_tank_full" time="0.36647748947143555" /><testcase name="wait_force_clean_tank_full_done" time="0.5162842273712158" /><testcase name="wait_clean_tank_full_telemetry" time="0.0016443729400634766" /><testcase name="load_task_after_clean_override" time="0.0005939006805419922" /><testcase name="wait_solution_fill_stage" time="75.08836555480957" /><testcase name="wait_solution_fill_commands" time="0.00372314453125" /><testcase name="wait_ph_ec_telemetry_available" time="0.003015279769897461" /><testcase name="force_solution_tank_full" time="0.3163156509399414" /><testcase name="wait_force_solution_tank_full_done" time="0.41875338554382324" /><testcase name="wait_fill_ec_correction_command" time="0.0013780593872070312" /><testcase name="load_fill_ph_correction_commands_if_any" time="0.0006279945373535156" /><testcase name="complete_solution_fill_after_ec_correction" time="0.33615612983703613" /><testcase name="wait_complete_solution_fill_after_ec_correction_done" time="0.6376872062683105" /><testcase name="wait_prepare_recirculation_stage" time="49.742085456848145" /><testcase name="wait_prepare_recirculation_commands" time="0.0013871192932128906" /><testcase name="force_recirculation_low_targets_for_correction" time="0.8710348606109619" /><testcase name="wait_force_recirculation_low_targets_done" time="1.3120157718658447" /><testcase name="wait_recirculation_ec_correction_command" time="11.619463205337524" /><testcase name="wait_recirculation_ec_observe_before_near_target" time="0.0030219554901123047" /><testcase name="load_recirculation_ph_correction_command_count" time="0.0010528564453125" /><testcase name="force_recirculation_near_target_band" time="0.3875300884246826" /><testcase name="wait_force_recirculation_near_target_done" time="3.5266990661621094" /><testcase name="wait_recirculation_near_target_telemetry" time="0.0025238990783691406" /><testcase name="wait_recirculation_near_target_outcome" time="15.412477493286133" /><testcase name="wait_task_completed" time="0.0011837482452392578" /><testcase name="wait_workflow_ready" time="0.002464771270751953" /><testcase name="wait_targets_reached_on_node" time="0.004234790802001953" /><testcase name="load_expected_ae_command_counts" time="0.0025997161865234375" /><testcase name="load_runtime_reset_commands" time="0.0008723735809326172" /><testcase name="count_task_commands" time="0.0022809505462646484" /><testcase name="get_internal_task_status" time="0.15811967849731445" /><testcase name="reset_zero_level_telemetry_ready" time="0.00012159347534179688" /><testcase name="start_cycle_http_200" time="5.340576171875e-05" /><testcase name="start_cycle_response_active" time="3.600120544433594e-05" /><testcase name="runtime_task_not_failed" time="5.650520324707031e-05" /><testcase name="workflow_phase_tank_filling" time="5.817413330078125e-05" /><testcase name="solution_fill_stage_reached" time="6.723403930664062e-05" /><testcase name="prepare_recirculation_stage_reached" time="8.344650268554688e-05" /><testcase name="task_completed" time="0.002148151397705078" /><testcase name="workflow_phase_ready" time="6.103515625e-05" /><testcase name="at_least_ten_ae_commands_logged" time="4.792213439941406e-05" /><testcase name="irr_state_probe_logged" time="4.1484832763671875e-05" /><testcase name="clean_fill_start_logged" time="3.9577484130859375e-05" /><testcase name="solution_fill_start_logged" time="3.814697265625e-05" /><testcase name="prepare_recirculation_start_logged" time="3.695487976074219e-05" /><testcase name="recirculation_ec_correction_logged" time="3.2901763916015625e-05" /><testcase name="ph_correction_optional" time="3.719329833984375e-05" /><testcase name="runtime_never_resets_node_during_task" time="3.62396240234375e-05" /><testcase name="internal_task_completed" time="5.602836608886719e-05" /></testsuite></testsuites>