<?xml version='1.0' encoding='utf-8'?>
<testsuites name="E61_fail_closed_corrections" tests="10" failures="2" skipped="0" time="0.020223617553710938"><testsuite name="E61_fail_closed_corrections" tests="10" failures="2" skipped="0" time="0.020223617553710938"><testcase name="set_test_context" time="3.719329833984375e-05" /><testcase name="capture_scenario_window" time="0.0015039443969726562" /><testcase name="load_zone_context" time="0.005254983901977539" /><testcase name="set_zone_context" time="1.0967254638671875e-05" /><testcase name="resolve_irrig_node" time="0.006546974182128906" /><testcase name="attach_irrig_node_to_zone" time="0.0029065608978271484" /><testcase name="resolve_ph_node" time="0.0012865066528320312" /><testcase name="attach_ph_node_to_zone" time="0.0013630390167236328" /><testcase name="resolve_ec_node" time="0.001190185546875"><failure message="Expected 1 rows from database_query, got 0">Expected 1 rows from database_query, got 0</failure></testcase><testcase name="reset_zero_level_telemetry_ready" time="0.0001232624053955078"><failure message="Assertion condition is false: int(context.get('zero_levels_row', [{}])[0].get('zero_levels', 0)) == 4">Assertion condition is false: int(context.get('zero_levels_row', [{}])[0].get('zero_levels', 0)) == 4</failure></testcase></testsuite></testsuites>
