<?xml version='1.0' encoding='utf-8'?>
<testsuites name="E22_unassigned_error_capture" tests="5" failures="0" skipped="0" time="16.03154420852661"><testsuite name="E22_unassigned_error_capture" tests="5" failures="0" skipped="0" time="16.03154420852661"><testcase name="start_node_simulator" time="5.820401668548584" /><testcase name="publish_unassigned_error" time="5.111496925354004" /><testcase name="wait_for_error_capture" time="5.09222936630249" /><testcase name="error_in_unassigned_errors" time="0.005621194839477539" /><testcase name="no_alert_created" time="0.001795053482055664" /></testsuite></testsuites>