<?xml version='1.0' encoding='utf-8'?>
<testsuites name="E111_sensor_calibration_realhw_unsupported_command" tests="33" failures="0" skipped="0" time="2.3577334880828857"><testsuite name="E111_sensor_calibration_realhw_unsupported_command" tests="33" failures="0" skipped="0" time="2.3577334880828857"><testcase name="set_test_context" time="2.6226043701171875e-05" /><testcase name="load_zone_context" time="0.002864360809326172" /><testcase name="set_zone_context" time="5.7220458984375e-06" /><testcase name="resolve_ph_node" time="0.0020182132720947266" /><testcase name="attach_ph_node_to_zone" time="0.0007421970367431641" /><testcase name="resolve_ec_node" time="0.0008285045623779297" /><testcase name="attach_ec_node_to_zone" time="0.0008177757263183594" /><testcase name="set_node_context" time="1.52587890625e-05" /><testcase name="upsert_sensor_channels" time="0.002513408660888672" /><testcase name="load_ph_sensor_channel" time="0.00090789794921875" /><testcase name="load_ec_sensor_channel" time="0.0007338523864746094" /><testcase name="set_channel_context" time="5.9604644775390625e-06" /><testcase name="cleanup_existing_sensor_calibrations" time="0.0021872520446777344" /><testcase name="create_ph_calibration" time="0.19638442993164062" /><testcase name="submit_ph_point_1" time="0.4877152442932129" /><testcase name="set_ph_command_context" time="9.775161743164062e-06" /><testcase name="wait_ph_command_terminal" time="0.2956075668334961" /><testcase name="wait_ph_calibration_failed" time="0.0007162094116210938" /><testcase name="fetch_ph_history_after_failure" time="0.17978358268737793" /><testcase name="create_ec_calibration" time="0.18391990661621094" /><testcase name="submit_ec_point_1" time="0.48844361305236816" /><testcase name="set_ec_command_context" time="1.33514404296875e-05" /><testcase name="wait_ec_command_terminal" time="0.33043956756591797" /><testcase name="wait_ec_calibration_failed" time="0.0029959678649902344" /><testcase name="fetch_ec_history_after_failure" time="0.17725157737731934" /><testcase name="ph_create_returns_started" time="0.00012946128845214844" /><testcase name="ph_point_submit_marks_pending" time="9.036064147949219e-05" /><testcase name="ph_command_terminal_uses_calibrate_on_ph_sensor" time="0.00010085105895996094" /><testcase name="ph_history_contains_failed_session" time="0.00012445449829101562" /><testcase name="ec_create_returns_started" time="5.7220458984375e-05" /><testcase name="ec_point_submit_marks_pending" time="7.295608520507812e-05" /><testcase name="ec_command_terminal_uses_calibrate_on_ec_sensor" time="8.726119995117188e-05" /><testcase name="ec_history_contains_failed_session" time="0.00012350082397460938" /></testsuite></testsuites>