<?xml version='1.0' encoding='utf-8'?>
<testsuites name="E01_bootstrap" tests="12" failures="0" skipped="0" time="10.981238603591919"><testsuite name="E01_bootstrap" tests="12" failures="0" skipped="0" time="10.981238603591919"><testcase name="start_node_simulator" time="5.708674907684326" /><testcase name="get_zones" time="0.07133340835571289" /><testcase name="get_nodes" time="0.05802106857299805" /><testcase name="find_test_zone_and_node" time="3.337860107421875e-06" /><testcase name="find_zone_by_uid" time="0.07019782066345215" /><testcase name="find_node_by_uid" time="0.05729794502258301" /><testcase name="set_zone_and_node_ids" time="2.384185791015625e-06" /><testcase name="debug_variables" time="1.430511474609375e-06" /><testcase name="wait_for_telemetry_publish" time="5.0050928592681885" /><testcase name="telemetry_in_db" time="0.008283853530883789" /><testcase name="node_status_online" time="0.0019268989562988281" /><testcase name="node_attached_to_zone" time="0.00040268898010253906" /></testsuite></testsuites>