<?xml version='1.0' encoding='utf-8'?>
<testsuites name="E07_ws_reconnect_snapshot_replay" tests="11" failures="2" skipped="0" time="9.226665496826172"><testsuite name="E07_ws_reconnect_snapshot_replay" tests="11" failures="2" skipped="0" time="9.226665496826172"><testcase name="start_node_simulator" time="2.0021307468414307" /><testcase name="connect_ws" time="1.0018889904022217" /><testcase name="subscribe_ws_zone" time="1.0866873264312744" /><testcase name="fetch_snapshot_before" time="1.0736093521118164" /><testcase name="capture_last_event_id" time="5.9604644775390625e-06" /><testcase name="disconnect_ws" time="1.0030410289764404" /><testcase name="publish_error_during_gap" time="2.0023391246795654" /><testcase name="reconnect_ws" time="1.0030262470245361" /><testcase name="fetch_events_after_id" time="0.05392289161682129"><failure message="Server error '500 Internal Server Error' for url 'http://localhost:8081/api/zones/1/events?after_id=1&amp;limit=50'&#10;For more information check: https://developer.mozilla.org/en-US/docs/Web/HTTP/Status/500">Server error '500 Internal Server Error' for url 'http://localhost:8081/api/zones/1/events?after_id=1&amp;limit=50'
For more information check: https://developer.mozilla.org/en-US/docs/Web/HTTP/Status/500</failure></testcase><testcase name="snapshot_has_last_event_id" time="7.3909759521484375e-06" /><testcase name="replay_has_events" time="6.4373016357421875e-06"><failure message="Expected length &gt; 0, got 0">Expected length &gt; 0, got 0</failure></testcase></testsuite></testsuites>