<?xml version='1.0' encoding='utf-8'?>
<testsuites name="E74_node_zone_mismatch_guard" tests="17" failures="0" skipped="0" time="7.80900764465332"><testsuite name="E74_node_zone_mismatch_guard" tests="17" failures="0" skipped="0" time="7.80900764465332"><testcase name="set_test_context" time="1.8596649169921875e-05" /><testcase name="get_zone_row" time="0.002449512481689453" /><testcase name="set_zone_id" time="3.0994415283203125e-06" /><testcase name="get_node_row" time="0.0006151199340820312" /><testcase name="set_node_id" time="2.384185791015625e-06" /><testcase name="baseline_mismatch_alert_counter" time="0.0019693374633789062" /><testcase name="mismatch_window_start_ts" time="0.00020265579223632812" /><testcase name="create_mismatch_zone" time="0.0016155242919921875" /><testcase name="set_mismatch_zone_id" time="2.384185791015625e-06" /><testcase name="move_node_to_mismatch_zone" time="0.0014290809631347656" /><testcase name="publish_mismatch_command" time="0.1137702465057373" /><testcase name="wait_for_mismatch_zone_event" time="0.01339101791381836" /><testcase name="wait_for_mismatch_infra_alert" time="7.656580924987793" /><testcase name="command_publish_blocked" time="2.1219253540039062e-05" /><testcase name="mismatch_zone_event_created" time="0.0018641948699951172" /><testcase name="mismatch_infra_alert_upserted" time="0.0006699562072753906" /><testcase name="no_command_persisted_for_mismatch_request" time="0.014402389526367188" /></testsuite></testsuites>