<?xml version='1.0' encoding='utf-8'?>
<testsuites name="E75_two_tank_fill_contract" tests="39" failures="0" skipped="0" time="138.727961063385"><testsuite name="E75_two_tank_fill_contract" tests="39" failures="0" skipped="0" time="138.727961063385"><testcase name="set_test_context" time="5.173683166503906e-05" /><testcase name="get_zone_row" time="0.003746509552001953" /><testcase name="set_zone_id" time="7.152557373046875e-06" /><testcase name="resolve_irrigation_node" time="0.002605915069580078" /><testcase name="set_irrigation_node_uid" time="1.5020370483398438e-05" /><testcase name="resolve_main_pump_channel" time="0.0020503997802734375" /><testcase name="set_main_pump_channel" time="1.2636184692382812e-05" /><testcase name="ensure_water_contour_channel_config" time="0.002927541732788086" /><testcase name="publish_irrigation_node_config" time="2.0972604751586914" /><testcase name="wait_irrigation_node_online_after_config_publish" time="0.0022497177124023438" /><testcase name="reset_test_node_runtime_state" time="0.1930232048034668" /><testcase name="wait_level_switches_zero_after_reset" time="0.003997802734375" /><testcase name="reset_ae_state_override_to_idle_before_run" time="0.04886746406555176" /><testcase name="capture_clean_start_ts" time="0.0017883777618408203" /><testcase name="open_main_pump_for_clean_fill" time="0.1955547332763672" /><testcase name="open_clean_fill_valve" time="0.17956781387329102" /><testcase name="wait_main_pump_done" time="0.020789146423339844" /><testcase name="wait_clean_fill_done" time="0.0029990673065185547" /><testcase name="wait_clean_min_switch" time="15.698704481124878" /><testcase name="wait_clean_max_switch" time="20.046599864959717" /><testcase name="wait_clean_max_latched" time="15.014232158660889" /><testcase name="verify_clean_max_latched" time="0.004282236099243164" /><testcase name="close_clean_fill_valve_before_solution" time="0.1401691436767578" /><testcase name="capture_solution_start_ts" time="0.0012178421020507812" /><testcase name="force_workflow_phase_tank_filling_for_solution_fill" time="0.0479888916015625" /><testcase name="open_solution_supply_valve" time="0.1703014373779297" /><testcase name="open_solution_fill_valve" time="0.1953880786895752" /><testcase name="wait_solution_supply_done" time="0.003174304962158203" /><testcase name="wait_solution_fill_done" time="0.0039746761322021484" /><testcase name="wait_solution_min_switch" time="14.43822693824768" /><testcase name="wait_solution_max_switch" time="50.16010522842407" /><testcase name="wait_solution_max_latched" time="20.01886010169983" /><testcase name="verify_solution_max_latched" time="0.0017917156219482422" /><testcase name="clean_min_delay_window" time="0.0001475811004638672" /><testcase name="clean_max_delay_window" time="0.0005066394805908203" /><testcase name="solution_min_delay_window" time="9.131431579589844e-05" /><testcase name="solution_max_delay_window" time="7.62939453125e-05" /><testcase name="no_no_effect_for_water_contour_commands" time="0.004033565521240234" /><testcase name="no_missing_flags_skip_during_solution_fill_phase" time="0.020573854446411133" /></testsuite></testsuites>