<?xml version='1.0' encoding='utf-8'?>
<testsuites name="E104_ae3_two_tank_realhw_hot_reload_correction_config" tests="109" failures="0" skipped="0" time="324.0283432006836"><testsuite name="E104_ae3_two_tank_realhw_hot_reload_correction_config" tests="109" failures="0" skipped="0" time="324.0283432006836"><testcase name="set_test_context" time="3.647804260253906e-05" /><testcase name="capture_scenario_window" time="0.005953073501586914" /><testcase name="load_zone_context" time="0.013031005859375" /><testcase name="set_zone_context" time="2.3126602172851562e-05" /><testcase name="load_irrig_node" time="0.002790689468383789" /><testcase name="load_ph_node" time="0.003558635711669922" /><testcase name="load_ec_node" time="0.001394510269165039" /><testcase name="set_node_ids" time="1.5735626220703125e-05" /><testcase name="publish_irrig_node_config" time="0.31291913986206055" /><testcase name="publish_ph_node_config" time="0.4160423278808594" /><testcase name="publish_ec_node_config" time="0.2541663646697998" /><testcase name="wait_irrigation_level_sensors_registered" time="0.0032367706298828125" /><testcase name="load_ec_pump_channel" time="0.0008058547973632812" /><testcase name="load_ph_up_channel" time="0.0004794597625732422" /><testcase name="load_ph_down_channel" time="0.0004935264587402344" /><testcase name="set_correction_channel_ids" time="5.4836273193359375e-06" /><testcase name="wait_zone_ae_runtime_idle_before_cleanup" time="0.0028464794158935547" /><testcase name="cleanup_zone_ae_commands" time="0.0017824172973632812" /><testcase name="cleanup_zone_ae_tasks" time="0.00043702125549316406" /><testcase name="cleanup_zone_ae_leases" time="0.0004000663757324219" /><testcase name="cleanup_zone_workflow_state" time="0.0013608932495117188" /><testcase name="cleanup_zone_pid_state" time="0.0016660690307617188" /><testcase name="complete_existing_cycles" time="0.0021491050720214844" /><testcase name="switch_zone_to_ae3" time="0.0021200180053710938" /><testcase name="load_test_node_correction_preset" time="0.0009305477142333984" /><testcase name="apply_test_node_correction_preset" time="0.26632094383239746" /><testcase name="cleanup_existing_correction_bindings" time="0.002054452896118164" /><testcase name="cleanup_existing_correction_infra" time="0.0012335777282714844" /><testcase name="cleanup_existing_e2e_calibrations" time="0.0015676021575927734" /><testcase name="insert_correction_infrastructure" time="0.0012922286987304688" /><testcase name="insert_correction_bindings" time="0.002697467803955078" /><testcase name="insert_correction_calibrations" time="0.002235889434814453" /><testcase name="apply_solution_fill_process_calibration" time="0.25278735160827637" /><testcase name="apply_tank_recirc_process_calibration" time="0.2707962989807129" /><testcase name="apply_irrigation_process_calibration" time="0.27237439155578613" /><testcase name="apply_ae3_logic_profile" time="0.26326918601989746" /><testcase name="create_recipe" time="0.0017647743225097656" /><testcase name="load_recipe" time="0.0008766651153564453" /><testcase name="set_recipe_id" time="4.76837158203125e-06" /><testcase name="create_recipe_revision" time="0.001989126205444336" /><testcase name="load_recipe_revision" time="0.0007781982421875" /><testcase name="set_recipe_revision_id" time="5.245208740234375e-06" /><testcase name="create_grow_cycle" time="0.0027914047241210938" /><testcase name="load_grow_cycle" time="0.0005345344543457031" /><testcase name="set_grow_cycle_id" time="4.291534423828125e-06" /><testcase name="create_phase" time="0.002332925796508789" /><testcase name="load_phase" time="0.0007150173187255859" /><testcase name="set_phase_id" time="4.76837158203125e-06" /><testcase name="activate_grow_cycle" time="0.0013461112976074219" /><testcase name="apply_cycle_start_snapshot" time="0.2257699966430664" /><testcase name="apply_cycle_phase_overrides" time="0.22318673133850098" /><testcase name="wait_grow_cycle_bundle_ready" time="0.0018758773803710938" /><testcase name="reset_test_node_state" time="0.2827260494232178" /><testcase name="wait_reset_state_done" time="0.7229981422424316" /><testcase name="reset_test_node_state_confirm" time="0.3982264995574951" /><testcase name="wait_reset_state_done_confirm" time="0.3312098979949951" /><testcase name="wait_zero_level_telemetry" time="0.0023610591888427734" /><testcase name="insert_scheduler_like_intent" time="0.001687765121459961" /><testcase name="start_cycle_http" time="0.060811758041381836" /><testcase name="set_task_id" time="5.4836273193359375e-06" /><testcase name="wait_ae_command_accepted" time="0.4075803756713867" /><testcase name="wait_startup_commands_published" time="2.8335914611816406" /><testcase name="wait_runtime_irr_state_snapshot" time="0.026941299438476562" /><testcase name="wait_task_pending_clean_fill_check" time="0.5074679851531982" /><testcase name="wait_workflow_tank_filling" time="0.0017390251159667969" /><testcase name="force_clean_tank_full" time="0.40730857849121094" /><testcase name="wait_force_clean_tank_full_done" time="0.6503415107727051" /><testcase name="wait_clean_tank_full_telemetry" time="0.002199888229370117" /><testcase name="load_task_after_clean_override" time="0.0007116794586181641" /><testcase name="wait_solution_fill_stage" time="24.585290908813477" /><testcase name="wait_solution_fill_commands" time="0.0010764598846435547" /><testcase name="wait_ph_ec_telemetry_available" time="0.0018031597137451172" /><testcase name="force_solution_tank_full" time="0.4859175682067871" /><testcase name="wait_force_solution_tank_full_done" time="0.3273138999938965" /><testcase name="wait_prepare_recirculation_stage" time="24.4741792678833" /><testcase name="wait_prepare_recirculation_commands" time="0.0015347003936767578" /><testcase name="wait_recirculation_ec_correction_command" time="10.950888395309448" /><testcase name="hot_reload_correction_config" time="0.316225528717041" /><testcase name="set_hot_reload_version" time="9.059906005859375e-06" /><testcase name="wait_hot_reload_apply_ack" time="3.646961212158203" /><testcase name="wait_post_reload_correction_command" time="12.898789882659912" /><testcase name="wait_targets_reached_on_node_after_hot_reload" time="236.3643455505371" /><testcase name="wait_task_alive_after_hot_reload" time="0.002187490463256836" /><testcase name="load_expected_ae_command_counts" time="0.003629922866821289" /><testcase name="load_runtime_reset_commands" time="0.0007348060607910156" /><testcase name="count_task_commands" time="0.0005955696105957031" /><testcase name="get_zone_correction_config_after_hot_reload" time="0.3516719341278076" /><testcase name="get_internal_task_status" time="0.13766980171203613" /><testcase name="reset_zero_level_telemetry_ready" time="0.00011372566223144531" /><testcase name="start_cycle_http_200" time="5.888938903808594e-05" /><testcase name="start_cycle_response_active" time="4.2438507080078125e-05" /><testcase name="runtime_task_not_failed" time="5.745887756347656e-05" /><testcase name="runtime_task_pending_clean_fill_check" time="0.005949974060058594" /><testcase name="workflow_phase_tank_filling" time="9.202957153320312e-05" /><testcase name="solution_fill_stage_reached" time="6.270408630371094e-05" /><testcase name="hot_reload_response_ok" time="0.0031080245971679688" /><testcase name="hot_reload_apply_ack_persisted" time="0.00013184547424316406" /><testcase name="correction_config_api_reports_applied_version" time="9.775161743164062e-05" /><testcase name="correction_config_api_reports_applied_timestamp" time="6.914138793945312e-05" /><testcase name="task_alive_after_hot_reload" time="0.00010156631469726562" /><testcase name="post_reload_command_is_clamped" time="0.000141143798828125" /><testcase name="targets_reached_after_hot_reload" time="4.029273986816406e-05" /><testcase name="at_least_ten_ae_commands_logged" time="4.1961669921875e-05" /><testcase name="irr_state_probe_logged" time="4.029273986816406e-05" /><testcase name="clean_fill_start_logged" time="3.7670135498046875e-05" /><testcase name="solution_fill_start_logged" time="3.695487976074219e-05" /><testcase name="ec_correction_logged" time="3.552436828613281e-05" /><testcase name="runtime_never_resets_node_during_task" time="3.600120544433594e-05" /><testcase name="internal_task_not_failed_after_hot_reload" time="5.9604644775390625e-05" /></testsuite></testsuites>