<?xml version='1.0' encoding='utf-8'?>
<testsuites name="E90_live_simulation_orchestration" tests="26" failures="0" skipped="0" time="69.2367033958435"><testsuite name="E90_live_simulation_orchestration" tests="26" failures="0" skipped="0" time="69.2367033958435"><testcase name="start_node_simulator" time="6.9003660678863525" /><testcase name="set_test_uids" time="0.2063286304473877" /><testcase name="fetch_zone_id" time="0.2020878791809082" /><testcase name="fetch_node_id" time="0.21750903129577637" /><testcase name="set_zone_and_node" time="8.106231689453125e-06" /><testcase name="detach_orphan_zone_nodes" time="0.0028603076934814453" /><testcase name="ensure_sim_node_on_zone" time="0.0019767284393310547" /><testcase name="load_test_node_correction_preset" time="0.0012564659118652344" /><testcase name="apply_test_node_correction_preset" time="0.2572367191314697" /><testcase name="wait_for_node_online" time="0.0008809566497802734" /><testcase name="ensure_pwm_channel" time="0.0016818046569824219" /><testcase name="capture_anchor_time" time="0.0004315376281738281" /><testcase name="set_anchor_time" time="8.106231689453125e-06" /><testcase name="start_live_simulation" time="1.3459641933441162" /><testcase name="set_job_id" time="8.106231689453125e-06" /><testcase name="wait_for_simulation_row" time="0.0033888816833496094" /><testcase name="set_simulation_context" time="1.52587890625e-05" /><testcase name="wait_for_simulation_running" time="0.0010750293731689453" /><testcase name="check_node_sim_session_running" time="0.043825387954711914" /><testcase name="wait_for_simulation_completion" time="60.01392841339111" /><testcase name="check_node_sim_session_stopped" time="0.031922340393066406" /><testcase name="simulation_completed_with_meta" time="0.0009958744049072266" /><testcase name="simulation_zone_created" time="0.0007371902465820312" /><testcase name="simulation_grow_cycle_created" time="0.002155780792236328" /><testcase name="node_sim_session_running" time="4.553794860839844e-05" /><testcase name="node_sim_session_stopped" time="9.059906005859375e-06" /></testsuite></testsuites>