<?xml version='1.0' encoding='utf-8'?>
<testsuites name="E18_command_duplicate_response" tests="16" failures="0" skipped="0" time="2.79329776763916"><testsuite name="E18_command_duplicate_response" tests="16" failures="0" skipped="0" time="2.79329776763916"><testcase name="set_test_uids" time="1.5020370483398438e-05" /><testcase name="fetch_node_id" time="0.01019430160522461" /><testcase name="get_zones" time="0.17232394218444824" /><testcase name="set_zone_id" time="5.4836273193359375e-06" /><testcase name="get_nodes" time="0.18452787399291992" /><testcase name="set_node_id" time="4.76837158203125e-06" /><testcase name="send_duplicate_command" time="0.40002870559692383" /><testcase name="extract_duplicate_command_id" time="8.58306884765625e-06" /><testcase name="node_sends_done_first" time="1.0009005069732666" /><testcase name="node_sends_done_duplicate" time="1.0009047985076904" /><testcase name="wait_for_command_completion" time="0.01732182502746582" /><testcase name="check_final_status" time="0.0015017986297607422" /><testcase name="command_completed_successfully" time="0.0031423568725585938" /><testcase name="single_final_status" time="0.0012712478637695312" /><testcase name="reasonable_ws_event_count" time="7.557868957519531e-05" /><testcase name="final_status_consistent" time="0.0010709762573242188" /></testsuite></testsuites>