<?xml version='1.0' encoding='utf-8'?>
<testsuites name="E63_backoff_on_errors" tests="23" failures="0" skipped="1" time="36.895225286483765"><testsuite name="E63_backoff_on_errors" tests="23" failures="0" skipped="1" time="36.895225286483765"><testcase name="get_automation_zone" time="0.06374812126159668" /><testcase name="set_zone_id_from_uid" time="0.00835108757019043" /><testcase name="set_zone_id" time="5.7220458984375e-06" /><testcase name="enable_capabilities" time="0.002108335494995117" /><testcase name="start_node_simulator" time="5.638817548751831" /><testcase name="enable_test_mode" time="5.245208740234375e-06" /><testcase name="inject_error_1" time="0.024169206619262695" /><testcase name="wait_cycle_1" time="3.002589702606201" /><testcase name="inject_error_2" time="0.02485370635986328" /><testcase name="wait_cycle_2" time="3.0030837059020996" /><testcase name="inject_error_3" time="0.02527475357055664" /><testcase name="wait_backoff" time="15.00723934173584" /><testcase name="check_metrics_before" time="0.02774500846862793" /><testcase name="wait_next_cycle_after_backoff" time="10.01010513305664" /><testcase name="check_metrics_after" time="0.025394439697265625" /><testcase name="set_metrics_defaults" time="8.106231689453125e-06" /><testcase name="check_backoff_state" time="0.02555108070373535" /><testcase name="set_backoff_state_vars" time="5.4836273193359375e-06" /><testcase name="backoff_event_created" time="0.0034279823303222656" /><testcase name="error_metrics_increased" time="5.9604644775390625e-05" /><testcase name="degraded_mode_safety_only" time="0.002067089080810547" /><testcase name="backoff_reset_works" time="0.0005731582641601562" /><testcase name="backoff_state_set" time="4.172325134277344e-05"><skipped>Failed to evaluate assert condition ' is not None': invalid syntax (&lt;string&gt;, line 1)</skipped></testcase></testsuite></testsuites>