<?xml version='1.0' encoding='utf-8'?>
<testsuites name="E71_db_flaky" tests="11" failures="0" skipped="0" time="22.224537134170532"><testsuite name="E71_db_flaky" tests="11" failures="0" skipped="0" time="22.224537134170532"><testcase name="set_test_uids" time="0.11593151092529297" /><testcase name="fetch_node_id" time="0.13436174392700195" /><testcase name="get_zones" time="0.23276185989379883" /><testcase name="set_zone_id" time="0.10530734062194824" /><testcase name="pause_postgres" time="2.175612688064575" /><testcase name="wait_during_pause" time="7.068634033203125" /><testcase name="publish_error_during_db_pause" time="2.053063154220581" /><testcase name="unpause_postgres" time="0.2263643741607666" /><testcase name="wait_after_recovery" time="10.10325288772583" /><testcase name="system_still_responding" time="0.0036733150482177734" /><testcase name="data_queued_and_processed" time="0.005574226379394531" /></testsuite></testsuites>