<?xml version='1.0' encoding='utf-8'?>
<testsuites name="E101_ae3_two_tank_realhw_ready_during_fill" tests="107" failures="0" skipped="0" time="56.79026246070862"><testsuite name="E101_ae3_two_tank_realhw_ready_during_fill" tests="107" failures="0" skipped="0" time="56.79026246070862"><testcase name="set_test_context" time="4.38690185546875e-05" /><testcase name="capture_scenario_window" time="0.0032227039337158203" /><testcase name="load_zone_context" time="0.005090475082397461" /><testcase name="set_zone_context" time="1.0013580322265625e-05" /><testcase name="load_irrig_node" time="0.0024366378784179688" /><testcase name="load_ph_node" time="0.0035104751586914062" /><testcase name="load_ec_node" time="0.0009427070617675781" /><testcase name="set_node_ids" time="2.4557113647460938e-05" /><testcase name="publish_irrig_node_config" time="0.21741962432861328" /><testcase name="publish_ph_node_config" time="0.24791407585144043" /><testcase name="publish_ec_node_config" time="0.2631075382232666" /><testcase name="wait_irrigation_level_sensors_registered" time="0.004366159439086914" /><testcase name="activate_ph_sensor_mode_early" time="0.3987250328063965" /><testcase name="wait_activate_ph_sensor_mode_early_done" time="0.27886486053466797" /><testcase name="activate_ec_sensor_mode_early" time="0.32787132263183594" /><testcase name="wait_activate_ec_sensor_mode_early_done" time="0.3288381099700928" /><testcase name="wait_ph_ec_telemetry_available_early" time="0.0029296875" /><testcase name="load_ec_pump_channel" time="0.0007994174957275391" /><testcase name="load_ph_up_channel" time="0.0007386207580566406" /><testcase name="load_ph_down_channel" time="0.0004794597625732422" /><testcase name="set_correction_channel_ids" time="4.291534423828125e-06" /><testcase name="wait_zone_ae_runtime_idle_before_cleanup" time="0.005013465881347656" /><testcase name="cleanup_zone_ae_commands" time="0.0025277137756347656" /><testcase name="cleanup_zone_ae_tasks" time="0.0004889965057373047" /><testcase name="cleanup_zone_ae_leases" time="0.000385284423828125" /><testcase name="cleanup_zone_workflow_state" time="0.0012843608856201172" /><testcase name="cleanup_zone_pid_state" time="0.001657247543334961" /><testcase name="complete_existing_cycles" time="0.0028619766235351562" /><testcase name="switch_zone_to_ae3" time="0.003046751022338867" /><testcase name="load_test_node_correction_preset" time="0.0017898082733154297" /><testcase name="apply_test_node_correction_preset" time="0.2736380100250244" /><testcase name="cleanup_existing_correction_bindings" time="0.003053903579711914" /><testcase name="cleanup_existing_correction_infra" time="0.002109050750732422" /><testcase name="cleanup_existing_e2e_calibrations" time="0.0021278858184814453" /><testcase name="insert_correction_infrastructure" time="0.0017142295837402344" /><testcase name="insert_correction_bindings" time="0.003980398178100586" /><testcase name="insert_correction_calibrations" time="0.0018253326416015625" /><testcase name="apply_solution_fill_process_calibration" time="0.24352741241455078" /><testcase name="apply_tank_recirc_process_calibration" time="0.2425060272216797" /><testcase name="apply_irrigation_process_calibration" time="0.24908113479614258" /><testcase name="apply_ae3_logic_profile" time="0.25649309158325195" /><testcase name="create_recipe" time="0.001992940902709961" /><testcase name="load_recipe" time="0.000644683837890625" /><testcase name="set_recipe_id" time="4.0531158447265625e-06" /><testcase name="create_recipe_revision" time="0.001649618148803711" /><testcase name="load_recipe_revision" time="0.0005049705505371094" /><testcase name="set_recipe_revision_id" time="3.814697265625e-06" /><testcase name="create_grow_cycle" time="0.0025005340576171875" /><testcase name="load_grow_cycle" time="0.0005717277526855469" /><testcase name="set_grow_cycle_id" time="4.0531158447265625e-06" /><testcase name="create_phase" time="0.0020275115966796875" /><testcase name="load_phase" time="0.0005562305450439453" /><testcase name="set_phase_id" time="3.814697265625e-06" /><testcase name="activate_grow_cycle" time="0.00121307373046875" /><testcase name="apply_cycle_start_snapshot" time="0.246873140335083" /><testcase name="apply_cycle_phase_overrides" time="0.2184162139892578" /><testcase name="wait_grow_cycle_bundle_ready" time="0.005433320999145508" /><testcase name="reset_test_node_state" time="0.3513774871826172" /><testcase name="wait_reset_state_done" time="0.5627110004425049" /><testcase name="wait_zero_level_telemetry" time="0.0015041828155517578" /><testcase name="insert_scheduler_like_intent" time="0.0016484260559082031" /><testcase name="start_cycle_http" time="0.06069779396057129" /><testcase name="set_task_id" time="6.9141387939453125e-06" /><testcase name="wait_ae_command_accepted" time="0.4090108871459961" /><testcase name="wait_startup_commands_published" time="2.7363998889923096" /><testcase name="wait_runtime_irr_state_snapshot" time="0.020540952682495117" /><testcase name="wait_task_pending_clean_fill_check" time="0.5087206363677979" /><testcase name="wait_workflow_tank_filling" time="0.003886699676513672" /><testcase name="force_clean_tank_full" time="0.28764915466308594" /><testcase name="wait_force_clean_tank_full_done" time="0.4112553596496582" /><testcase name="wait_clean_tank_full_telemetry" time="0.0019235610961914062" /><testcase name="load_task_after_clean_override" time="0.0006487369537353516" /><testcase name="wait_solution_fill_stage" time="23.967870950698853" /><testcase name="hold_solution_tank_filling_before_stabilize" time="0.29242777824401855" /><testcase name="wait_hold_solution_filling_done" time="0.3101229667663574" /><testcase name="stabilize_ph_ec_targets_before_solution_full" time="0.27300357818603516" /><testcase name="wait_stabilize_ph_ec_done" time="0.33391547203063965" /><testcase name="wait_stabilized_ph_ec_telemetry" time="0.0020062923431396484" /><testcase name="wait_stabilized_ph_ec_window" time="8.134814023971558" /><testcase name="wait_solution_fill_commands" time="0.0020012855529785156" /><testcase name="force_solution_tank_full" time="0.2810959815979004" /><testcase name="wait_force_solution_tank_full_done" time="0.4969313144683838" /><testcase name="wait_solution_tank_full_telemetry" time="0.0013287067413330078" /><testcase name="load_fill_correction_commands_if_any" time="0.0006246566772460938" /><testcase name="wait_task_completed" time="13.40890121459961" /><testcase name="wait_workflow_ready" time="0.0016503334045410156" /><testcase name="load_expected_ae_command_counts" time="0.001817464828491211" /><testcase name="load_post_fill_activity" time="0.0009012222290039062" /><testcase name="count_task_commands" time="0.00814056396484375" /><testcase name="get_internal_task_status" time="0.04488801956176758" /><testcase name="reset_zero_level_telemetry_ready" time="0.00010347366333007812" /><testcase name="start_cycle_http_200" time="5.745887756347656e-05" /><testcase name="start_cycle_response_active" time="4.696846008300781e-05" /><testcase name="runtime_task_not_failed" time="5.984306335449219e-05" /><testcase name="runtime_task_pending_clean_fill_check" time="0.00011110305786132812" /><testcase name="workflow_phase_tank_filling" time="5.5789947509765625e-05" /><testcase name="solution_fill_stage_reached" time="4.76837158203125e-05" /><testcase name="task_completed" time="4.315376281738281e-05" /><testcase name="task_complete_ready_stage" time="6.866455078125e-05" /><testcase name="workflow_phase_ready" time="4.291534423828125e-05" /><testcase name="at_least_ten_ae_commands_logged" time="4.0531158447265625e-05" /><testcase name="irr_state_probe_logged" time="4.38690185546875e-05" /><testcase name="clean_fill_start_logged" time="3.886222839355469e-05" /><testcase name="solution_fill_start_logged" time="3.7670135498046875e-05" /><testcase name="post_fill_handoff_closed_without_extra_correction" time="0.00011038780212402344" /><testcase name="fill_correction_optional" time="3.361701965332031e-05" /><testcase name="internal_task_completed" time="4.553794860839844e-05" /></testsuite></testsuites>