<?xml version='1.0' encoding='utf-8'?>
<testsuites name="E00_api_smoke" tests="4" failures="2" skipped="0" time="0.2153022289276123"><testsuite name="E00_api_smoke" tests="4" failures="2" skipped="0" time="0.2153022289276123"><testcase name="check_health" time="0.11900091171264648" /><testcase name="check_login_endpoint" time="0.09605240821838379"><failure message="Client error '429 Too Many Requests' for url 'http://localhost:8081/api/auth/login'&#10;For more information check: https://developer.mozilla.org/en-US/docs/Web/HTTP/Status/429">Client error '429 Too Many Requests' for url 'http://localhost:8081/api/auth/login'
For more information check: https://developer.mozilla.org/en-US/docs/Web/HTTP/Status/429</failure></testcase><testcase name="health_endpoint_works" time="1.71661376953125e-05" /><testcase name="no_500_errors_on_endpoints" time="0.00023174285888671875"><failure message="Failed to evaluate assert condition 'all(s not in [500, 502, 503, 504] for s in [context.get('health_response', {}).get('status_code', 0), context.get('login_response', {}).get('status_code', 0), context.get('zones_response', {}).get('status_code', 0), context.get('nodes_response', {}).get('status_code', 0), context.get('cycles_response', {}).get('status_code', 0), context.get('greenhouses_response', {}).get('status_code', 0), context.get('commands_response', {}).get('status_code', 0)] if s &gt; 0)': name 'context' is not defined">Failed to evaluate assert condition 'all(s not in [500, 502, 503, 504] for s in [context.get('health_response', {}).get('status_code', 0), context.get('login_response', {}).get('status_code', 0), context.get('zones_response', {}).get('status_code', 0), context.get('nodes_response', {}).get('status_code', 0), context.get('cycles_response', {}).get('status_code', 0), context.get('greenhouses_response', {}).get('status_code', 0), context.get('commands_response', {}).get('status_code', 0)] if s &gt; 0)': name 'context' is not defined</failure></testcase></testsuite></testsuites>