<?xml version='1.0' encoding='utf-8'?>
<testsuites name="E101_ae3_two_tank_realhw_setup_ready" tests="109" failures="0" skipped="0" time="277.9981997013092"><testsuite name="E101_ae3_two_tank_realhw_setup_ready" tests="109" failures="0" skipped="0" time="277.9981997013092"><testcase name="set_test_context" time="3.933906555175781e-05" /><testcase name="capture_scenario_window" time="0.008126258850097656" /><testcase name="load_zone_context" time="0.0056035518646240234" /><testcase name="set_zone_context" time="1.0967254638671875e-05" /><testcase name="load_irrig_node" time="0.0025298595428466797" /><testcase name="load_ph_node" time="0.0038726329803466797" /><testcase name="load_ec_node" time="0.002176046371459961" /><testcase name="set_node_ids" time="1.52587890625e-05" /><testcase name="publish_irrig_node_config" time="0.21689772605895996" /><testcase name="publish_ph_node_config" time="0.24818658828735352" /><testcase name="publish_ec_node_config" time="0.38987255096435547" /><testcase name="wait_irrigation_level_sensors_registered" time="0.007238149642944336" /><testcase name="load_ec_pump_channel" time="0.0009839534759521484" /><testcase name="load_ph_up_channel" time="0.0007352828979492188" /><testcase name="load_ph_down_channel" time="0.0005843639373779297" /><testcase name="set_correction_channel_ids" time="6.4373016357421875e-06" /><testcase name="wait_zone_ae_runtime_idle_before_cleanup" time="0.003407001495361328" /><testcase name="cleanup_zone_ae_commands" time="0.002016305923461914" /><testcase name="cleanup_zone_ae_tasks" time="0.0005433559417724609" /><testcase name="cleanup_zone_ae_leases" time="0.00043702125549316406" /><testcase name="cleanup_zone_workflow_state" time="0.0009372234344482422" /><testcase name="cleanup_zone_pid_state" time="0.0009229183197021484" /><testcase name="complete_existing_cycles" time="0.0018308162689208984" /><testcase name="switch_zone_to_ae3" time="0.003186941146850586" /><testcase name="load_test_node_correction_preset" time="0.0011899471282958984" /><testcase name="apply_test_node_correction_preset" time="0.28298401832580566" /><testcase name="cleanup_existing_correction_bindings" time="0.002400636672973633" /><testcase name="cleanup_existing_correction_infra" time="0.0011806488037109375" /><testcase name="cleanup_existing_e2e_calibrations" time="0.001491546630859375" /><testcase name="insert_correction_infrastructure" time="0.0012612342834472656" /><testcase name="insert_correction_bindings" time="0.0025289058685302734" /><testcase name="insert_correction_calibrations" time="0.001964092254638672" /><testcase name="apply_solution_fill_process_calibration" time="0.25829386711120605" /><testcase name="apply_tank_recirc_process_calibration" time="0.3182659149169922" /><testcase name="apply_irrigation_process_calibration" time="0.2651832103729248" /><testcase name="apply_ae3_logic_profile" time="0.25458574295043945" /><testcase name="create_recipe" time="0.0020439624786376953" /><testcase name="load_recipe" time="0.0008568763732910156" /><testcase name="set_recipe_id" time="4.291534423828125e-06" /><testcase name="create_recipe_revision" time="0.0018870830535888672" /><testcase name="load_recipe_revision" time="0.0006108283996582031" /><testcase name="set_recipe_revision_id" time="3.814697265625e-06" /><testcase name="create_grow_cycle" time="0.002740621566772461" /><testcase name="load_grow_cycle" time="0.0005841255187988281" /><testcase name="set_grow_cycle_id" time="4.0531158447265625e-06" /><testcase name="create_phase" time="0.0020804405212402344" /><testcase name="load_phase" time="0.0005743503570556641" /><testcase name="set_phase_id" time="3.0994415283203125e-06" /><testcase name="activate_grow_cycle" time="0.0012745857238769531" /><testcase name="apply_cycle_start_snapshot" time="0.22183489799499512" /><testcase name="apply_cycle_phase_overrides" time="0.26755380630493164" /><testcase name="wait_grow_cycle_bundle_ready" time="0.005745887756347656" /><testcase name="reset_test_node_state" time="0.5264027118682861" /><testcase name="wait_reset_state_done" time="0.6614978313446045" /><testcase name="seed_reset_chemistry_off_target" time="0.3082609176635742" /><testcase name="wait_seed_reset_chemistry_done" time="0.3099689483642578" /><testcase name="wait_zero_level_telemetry" time="0.0045855045318603516" /><testcase name="insert_scheduler_like_intent" time="0.0023202896118164062" /><testcase name="start_cycle_http" time="0.07586550712585449" /><testcase name="set_task_id" time="5.4836273193359375e-06" /><testcase name="wait_ae_command_accepted" time="0.4063692092895508" /><testcase name="wait_startup_commands_published" time="2.539565324783325" /><testcase name="wait_runtime_irr_state_snapshot" time="0.017627716064453125" /><testcase name="wait_task_pending_clean_fill_check" time="0.5125977993011475" /><testcase name="wait_workflow_tank_filling" time="0.0022940635681152344" /><testcase name="force_clean_tank_full" time="0.45833301544189453" /><testcase name="wait_force_clean_tank_full_done" time="0.4078652858734131" /><testcase name="wait_clean_tank_full_telemetry" time="0.002388477325439453" /><testcase name="load_task_after_clean_override" time="0.0009579658508300781" /><testcase name="wait_solution_fill_stage" time="24.387330770492554" /><testcase name="wait_solution_fill_commands" time="0.001668691635131836" /><testcase name="wait_ph_ec_telemetry_available" time="0.0019102096557617188" /><testcase name="force_solution_tank_full" time="0.3546407222747803" /><testcase name="wait_force_solution_tank_full_done" time="0.6200954914093018" /><testcase name="wait_fill_ec_correction_command" time="8.432499170303345" /><testcase name="load_fill_ph_correction_commands_if_any" time="0.0011718273162841797" /><testcase name="complete_solution_fill_after_ec_correction" time="0.3277156352996826" /><testcase name="wait_complete_solution_fill_after_ec_correction_done" time="0.6132194995880127" /><testcase name="wait_prepare_recirculation_stage" time="10.858602046966553" /><testcase name="wait_prepare_recirculation_commands" time="0.002634286880493164" /><testcase name="wait_recirculation_ec_correction_command" time="9.446690082550049" /><testcase name="load_recirculation_ph_correction_commands_if_any" time="0.010335683822631836" /><testcase name="wait_targets_reached_on_node" time="198.89418840408325" /><testcase name="load_task_snapshot_after_target_wait" time="0.0008902549743652344" /><testcase name="wait_task_completed" time="14.950644731521606" /><testcase name="wait_workflow_ready" time="0.001588582992553711" /><testcase name="load_targets_reached_from_samples" time="0.005789279937744141" /><testcase name="load_expected_ae_command_counts" time="0.0033948421478271484" /><testcase name="count_task_commands" time="0.0020351409912109375" /><testcase name="get_internal_task_status" time="0.04395556449890137" /><testcase name="reset_zero_level_telemetry_ready" time="0.00011324882507324219" /><testcase name="start_cycle_http_200" time="5.984306335449219e-05" /><testcase name="start_cycle_response_active" time="3.933906555175781e-05" /><testcase name="runtime_task_not_failed" time="6.723403930664062e-05" /><testcase name="runtime_task_pending_clean_fill_check" time="0.00012063980102539062" /><testcase name="workflow_phase_tank_filling" time="5.5789947509765625e-05" /><testcase name="solution_fill_stage_reached" time="4.792213439941406e-05" /><testcase name="prepare_recirculation_stage_reached" time="7.367134094238281e-05" /><testcase name="task_snapshot_captured_before_cleanup" time="3.647804260253906e-05" /><testcase name="task_completed" time="4.506111145019531e-05" /><testcase name="workflow_phase_ready" time="4.076957702636719e-05" /><testcase name="targets_reached_near_completion" time="3.147125244140625e-05" /><testcase name="at_least_ten_ae_commands_logged" time="3.838539123535156e-05" /><testcase name="irr_state_probe_logged" time="3.886222839355469e-05" /><testcase name="clean_fill_start_logged" time="3.6716461181640625e-05" /><testcase name="solution_fill_start_logged" time="3.600120544433594e-05" /><testcase name="prepare_recirculation_start_logged" time="3.62396240234375e-05" /><testcase name="ec_correction_logged_twice" time="3.5762786865234375e-05" /><testcase name="internal_task_completed" time="4.6253204345703125e-05" /></testsuite></testsuites>