<?xml version='1.0' encoding='utf-8'?>
<testsuites name="E00_api_smoke" tests="10" failures="0" skipped="0" time="0.9936673641204834"><testsuite name="E00_api_smoke" tests="10" failures="0" skipped="0" time="0.9936673641204834"><testcase name="check_health" time="0.11168980598449707" /><testcase name="check_login_endpoint" time="0.2681553363800049" /><testcase name="check_zones_protected" time="0.13938665390014648" /><testcase name="check_nodes_protected" time="0.10587596893310547" /><testcase name="check_cycles_protected" time="0.09951162338256836" /><testcase name="check_greenhouses_protected" time="0.09639644622802734" /><testcase name="check_commands_protected" time="0.1720738410949707" /><testcase name="health_endpoint_works" time="8.082389831542969e-05" /><testcase name="no_500_errors_on_endpoints" time="0.0004513263702392578" /><testcase name="login_returns_validation_error" time="4.553794860839844e-05" /></testsuite></testsuites>