<?xml version='1.0' encoding='utf-8'?>
<testsuites name="E01_bootstrap" tests="5" failures="1" skipped="0" time="13.775472640991211"><testsuite name="E01_bootstrap" tests="5" failures="1" skipped="0" time="13.775472640991211"><testcase name="start_node_simulator" time="5.637271404266357" /><testcase name="get_zones" time="0.06594610214233398" /><testcase name="get_nodes" time="0.06355094909667969" /><testcase name="find_test_zone_and_node" time="8.008111476898193" /><testcase name="telemetry_in_db" time="0.0005927085876464844"><failure message="connection failed: connection to server at &quot;127.0.0.1&quot;, port 5432 failed: Connection refused&#10;&#09;Is the server running on that host and accepting TCP/IP connections?">connection failed: connection to server at "127.0.0.1", port 5432 failed: Connection refused
	Is the server running on that host and accepting TCP/IP connections?</failure></testcase></testsuite></testsuites>