<?xml version='1.0' encoding='utf-8'?>
<testsuites name="E107_ae3_irrigation_runtime_test_node" tests="77" failures="2" skipped="0" time="6.071947336196899"><testsuite name="E107_ae3_irrigation_runtime_test_node" tests="77" failures="2" skipped="0" time="6.071947336196899"><testcase name="set_test_context" time="3.933906555175781e-05" /><testcase name="load_zone_context" time="0.00805044174194336" /><testcase name="set_zone_context" time="5.0067901611328125e-06" /><testcase name="set_runtime_api_url" time="0.21959519386291504" /><testcase name="load_irrig_node" time="0.00420379638671875" /><testcase name="load_ph_node" time="0.0042111873626708984" /><testcase name="load_ec_node" time="0.0009381771087646484" /><testcase name="set_node_ids" time="4.5299530029296875e-06" /><testcase name="wait_zone_ae_runtime_idle_before_cleanup" time="0.0039708614349365234" /><testcase name="load_soil_node" time="0.003086090087890625" /><testcase name="set_soil_node_id" time="3.814697265625e-06" /><testcase name="load_ec_pump_channel" time="0.0019769668579101562" /><testcase name="load_ph_up_channel" time="0.0005354881286621094" /><testcase name="load_ph_down_channel" time="0.0005991458892822266" /><testcase name="set_correction_channel_ids" time="5.245208740234375e-06" /><testcase name="cleanup_zone_ae_commands" time="0.0024836063385009766" /><testcase name="cleanup_zone_ae_tasks" time="0.0018665790557861328" /><testcase name="cleanup_zone_ae_leases" time="0.0004229545593261719" /><testcase name="cleanup_zone_workflow_state" time="0.001276254653930664" /><testcase name="cleanup_zone_pid_state" time="0.0013654232025146484" /><testcase name="cleanup_zone_intents" time="0.0008842945098876953" /><testcase name="complete_existing_cycles" time="0.0025713443756103516" /><testcase name="switch_zone_to_ae3" time="0.0015697479248046875" /><testcase name="load_test_node_correction_preset" time="0.0009922981262207031" /><testcase name="apply_test_node_correction_preset" time="0.21108007431030273" /><testcase name="cleanup_old_runtime_telemetry_samples" time="0.004582643508911133" /><testcase name="cleanup_old_runtime_telemetry_last" time="0.0025174617767333984" /><testcase name="cleanup_existing_correction_bindings" time="0.003772258758544922" /><testcase name="cleanup_existing_correction_infra" time="0.002209901809692383" /><testcase name="cleanup_existing_e2e_calibrations" time="0.0014004707336425781" /><testcase name="insert_correction_infrastructure" time="0.001043081283569336" /><testcase name="insert_correction_bindings" time="0.002206087112426758" /><testcase name="insert_correction_calibrations" time="0.0016341209411621094" /><testcase name="apply_task_logic_profile" time="0.20261383056640625" /><testcase name="create_recipe" time="0.0022652149200439453" /><testcase name="load_recipe" time="0.0008063316345214844" /><testcase name="set_recipe_id" time="3.5762786865234375e-06" /><testcase name="create_recipe_revision" time="0.0023643970489501953" /><testcase name="load_recipe_revision" time="0.0007052421569824219" /><testcase name="set_recipe_revision_id" time="3.5762786865234375e-06" /><testcase name="create_grow_cycle" time="0.0025038719177246094" /><testcase name="load_grow_cycle" time="0.0007233619689941406" /><testcase name="set_grow_cycle_id" time="4.76837158203125e-06" /><testcase name="create_phase" time="0.0021834373474121094" /><testcase name="load_phase" time="0.0014650821685791016" /><testcase name="set_phase_id" time="4.76837158203125e-06" /><testcase name="activate_grow_cycle" time="0.0015218257904052734" /><testcase name="apply_cycle_start_snapshot" time="0.20581340789794922" /><testcase name="apply_cycle_phase_overrides" time="0.20981764793395996" /><testcase name="wait_grow_cycle_bundle_ready" time="0.0020859241485595703" /><testcase name="insert_ready_workflow_state" time="0.0015892982482910156" /><testcase name="wait_ready_workflow_state" time="0.0010395050048828125" /><testcase name="capture_live_config_publish_window" time="0.0004239082336425781" /><testcase name="publish_irrig_node_config" time="0.2114114761352539" /><testcase name="publish_ph_node_config" time="0.209944486618042" /><testcase name="publish_ec_node_config" time="0.2378687858581543" /><testcase name="wait_live_namespace_config_reports" time="0.1029672622680664" /><testcase name="activate_ph_sensor_mode" time="0.2397775650024414" /><testcase name="wait_activate_ph_sensor_mode_done" time="0.32614850997924805" /><testcase name="activate_ec_sensor_mode" time="0.23834967613220215" /><testcase name="wait_activate_ec_sensor_mode_done" time="0.32454347610473633" /><testcase name="wait_ph_ec_telemetry_available" time="0.0018606185913085938" /><testcase name="wait_runtime_sensors_registered" time="0.0022058486938476562" /><testcase name="isolate_runtime_sensors_to_test_node" time="0.0021810531616210938" /><testcase name="reset_test_node_state" time="0.2806582450866699" /><testcase name="wait_reset_state_done" time="0.30783510208129883" /><testcase name="set_tank_levels_ready" time="0.2553260326385498" /><testcase name="wait_set_tank_levels_ready_done" time="0.20487284660339355" /><testcase name="wait_ready_level_telemetry" time="0.00179290771484375" /><testcase name="set_soil_baseline" time="0.24505853652954102" /><testcase name="wait_soil_baseline_done" time="0.3052530288696289" /><testcase name="wait_soil_baseline_telemetry" time="0.0015034675598144531" /><testcase name="isolate_runtime_sensors_before_task_start" time="0.0013921260833740234" /><testcase name="seed_off_target_before_inline_correction_run" time="0.5495634078979492" /><testcase name="wait_seed_off_target_done" time="0.3546030521392822" /><testcase name="start_irrigation_task" time="0.5365700721740723"><failure message="Server error '503 Service Unavailable' for url 'http://localhost:8081/api/zones/1/start-irrigation'&#10;For more information check: https://developer.mozilla.org/en-US/docs/Web/HTTP/Status/503">Server error '503 Service Unavailable' for url 'http://localhost:8081/api/zones/1/start-irrigation'
For more information check: https://developer.mozilla.org/en-US/docs/Web/HTTP/Status/503</failure></testcase><testcase name="task_strategy_task_created" time="0.001216888427734375"><failure message="invalid input syntax for type bigint: &quot;&quot;&#10;CONTEXT:  unnamed portal parameter $1 = ''">invalid input syntax for type bigint: ""
CONTEXT:  unnamed portal parameter $1 = ''</failure></testcase></testsuite></testsuites>