<?xml version='1.0' encoding='utf-8'?>
<testsuites name="E63_backoff_on_errors" tests="8" failures="0" skipped="0" time="19.697025299072266"><testsuite name="E63_backoff_on_errors" tests="8" failures="0" skipped="0" time="19.697025299072266"><testcase name="get_zones" time="0.05633115768432617" /><testcase name="set_zone_id" time="4.5299530029296875e-06" /><testcase name="start_node_simulator" time="5.627626419067383" /><testcase name="publish_error_1" time="2.0023281574249268" /><testcase name="publish_error_2" time="2.0019476413726807" /><testcase name="publish_error_3" time="10.000301837921143" /><testcase name="degraded_mode_activated" time="0.00759124755859375" /><testcase name="system_continues_working" time="0.0008943080902099609" /></testsuite></testsuites>