<?xml version='1.0' encoding='utf-8'?>
<testsuites name="E97_solution_change_operator_gate" tests="36" failures="0" skipped="0" time="21.982405424118042"><testsuite name="E97_solution_change_operator_gate" tests="36" failures="0" skipped="0" time="21.982405424118042"><testcase name="set_test_context" time="2.6941299438476562e-05" /><testcase name="get_zone_row" time="0.007499217987060547" /><testcase name="set_zone_id" time="5.9604644775390625e-06" /><testcase name="ensure_ae3_virtual_irrig_node" time="0.003905057907104492" /><testcase name="resolve_irrig_node" time="0.0007331371307373047" /><testcase name="set_irrig_node_id" time="4.291534423828125e-06" /><testcase name="upsert_irrig_channels" time="0.0020759105682373047" /><testcase name="ensure_zone_automation_runtime_ae3" time="0.002229452133178711" /><testcase name="cleanup_zone_ae_commands" time="0.003308534622192383" /><testcase name="cleanup_zone_stage_transitions" time="0.00135040283203125" /><testcase name="cleanup_zone_ae_tasks" time="0.0005829334259033203" /><testcase name="cleanup_zone_leases" time="0.0009870529174804688" /><testcase name="cleanup_zone_intents" time="0.00122833251953125" /><testcase name="cleanup_zone_cycles" time="0.0017704963684082031" /><testcase name="cleanup_zone_workflow_state" time="0.0016789436340332031" /><testcase name="create_plant" time="0.1715385913848877" /><testcase name="create_recipe" time="0.16795682907104492" /><testcase name="create_revision" time="0.15663385391235352" /><testcase name="add_phase_0" time="0.15917372703552246" /><testcase name="publish_revision" time="0.15798044204711914" /><testcase name="create_running_cycle" time="0.3814675807952881" /><testcase name="set_cycle_id" time="4.76837158203125e-06" /><testcase name="apply_two_tank_logic_profile_with_solution_change" time="0.2723996639251709" /><testcase name="validate_zone_bundle" time="0.2201228141784668" /><testcase name="validate_cycle_bundle" time="0.22063612937927246" /><testcase name="insert_ready_workflow_state" time="0.004137754440307617" /><testcase name="start_solution_change_api" time="0.29582810401916504" /><testcase name="set_task_id_from_response" time="4.0531158447265625e-06" /><testcase name="wait_gate_stage" time="0.004126071929931641" /><testcase name="send_drain_confirm_manual_step" time="0.048220157623291016" /><testcase name="wait_stage_after_gate" time="19.64174246788025" /><testcase name="start_solution_change_http_ok" time="0.00011682510375976562" /><testcase name="task_at_await_operator_drain_confirm" time="0.0005404949188232422" /><testcase name="manual_step_accepted" time="3.910064697265625e-05" /><testcase name="stage_advanced_to_solution_drain_start" time="0.00017833709716796875" /><testcase name="gate_passed_event_recorded" time="0.05217099189758301" /></testsuite></testsuites>