<?xml version='1.0' encoding='utf-8'?>
<testsuites name="E86_ec_ph_correction" tests="37" failures="2" skipped="0" time="40.98084259033203"><testsuite name="E86_ec_ph_correction" tests="37" failures="2" skipped="0" time="40.98084259033203"><testcase name="get_zone_context" time="0.002242565155029297" /><testcase name="set_zone_id" time="6.198883056640625e-06" /><testcase name="cleanup_grow_cycles" time="0.0026154518127441406" /><testcase name="upsert_irrig_node" time="0.002373933792114258" /><testcase name="get_irrig_node" time="0.0008511543273925781" /><testcase name="set_irrig_node_id" time="2.6941299438476562e-05" /><testcase name="upsert_dosing_node" time="0.001638650894165039" /><testcase name="get_dosing_node" time="0.0006916522979736328" /><testcase name="set_dosing_node_id" time="4.5299530029296875e-06" /><testcase name="upsert_irrig_channels" time="0.0026314258575439453" /><testcase name="upsert_dosing_channels" time="0.00176239013671875" /><testcase name="delete_old_level_sensors" time="0.002656221389770508" /><testcase name="insert_level_sensors" time="0.0038251876831054688" /><testcase name="disable_existing_ec_ph_sensors" time="0.0018475055694580078" /><testcase name="delete_test_ec_ph_sensors" time="0.0006918907165527344" /><testcase name="insert_ec_sensor" time="0.0018010139465332031" /><testcase name="insert_ph_sensor" time="0.0023424625396728516" /><testcase name="set_all_levels_full" time="0.0062923431396484375" /><testcase name="set_ec_low" time="0.0025420188903808594" /><testcase name="set_ph_high" time="0.002763509750366211" /><testcase name="delete_old_infra_instance" time="0.001463174819946289" /><testcase name="insert_infra_instance" time="0.0017135143280029297" /><testcase name="set_infra_instance_id" time="4.76837158203125e-06" /><testcase name="bind_ec_npk_pump" time="0.004924774169921875" /><testcase name="bind_ph_acid_pump" time="0.0022780895233154297" /><testcase name="create_plant" time="0.09894180297851562" /><testcase name="create_recipe" time="0.10256338119506836" /><testcase name="create_revision" time="0.08997869491577148" /><testcase name="add_phase" time="0.11182522773742676" /><testcase name="publish_revision" time="0.07509469985961914" /><testcase name="capture_run_started_at" time="0.0010840892791748047" /><testcase name="set_run_started_at" time="1.811981201171875e-05" /><testcase name="create_grow_cycle" time="0.1540234088897705" /><testcase name="set_cycle_id" time="3.5762786865234375e-06" /><testcase name="start_grow_cycle" time="0.16239380836486816" /><testcase name="wait_for_solution_fill_start" time="30.068093299865723"><failure message="Timeout waiting for DB condition: SELECT id, cmd, channel&#10;FROM commands&#10;WHERE zone_id = :zid&#10;  AND created_at &gt; :started_at&#10;  AND cmd = 'set_relay'&#10;  AND channel = 'valve_clean_supply'&#10;LIMIT 1&#10;">Timeout waiting for DB condition: SELECT id, cmd, channel
FROM commands
WHERE zone_id = :zid
  AND created_at &gt; :started_at
  AND cmd = 'set_relay'
  AND channel = 'valve_clean_supply'
LIMIT 1
</failure></testcase><testcase name="ec_npk_correction_sent" time="10.066831111907959"><failure message="Timeout waiting for DB condition: SELECT id, cmd, channel, params&#10;FROM commands&#10;WHERE zone_id = :zid&#10;  AND created_at &gt; :started_at&#10;  AND cmd = 'run_pump'&#10;  AND params-&gt;&gt;'type' = 'add_nutrients'&#10;LIMIT 1&#10;">Timeout waiting for DB condition: SELECT id, cmd, channel, params
FROM commands
WHERE zone_id = :zid
  AND created_at &gt; :started_at
  AND cmd = 'run_pump'
  AND params-&gt;&gt;'type' = 'add_nutrients'
LIMIT 1
</failure></testcase></testsuite></testsuites>