<?xml version='1.0' encoding='utf-8'?>
<testsuites name="E01_bootstrap" tests="12" failures="1" skipped="0" time="40.89706540107727"><testsuite name="E01_bootstrap" tests="12" failures="1" skipped="0" time="40.89706540107727"><testcase name="start_node_simulator" time="5.634987831115723" /><testcase name="get_zones" time="0.061388254165649414" /><testcase name="get_nodes" time="0.05793428421020508" /><testcase name="find_test_zone_and_node" time="8.106231689453125e-06" /><testcase name="find_zone_by_uid" time="0.05695796012878418" /><testcase name="find_node_by_uid" time="0.05882096290588379" /><testcase name="fetch_zone_id" time="0.008103132247924805" /><testcase name="fetch_node_id" time="0.0019154548645019531" /><testcase name="set_zone_and_node_ids" time="2.6226043701171875e-06" /><testcase name="debug_variables" time="1.9073486328125e-06" /><testcase name="wait_for_telemetry_publish" time="5.005106210708618" /><testcase name="telemetry_in_db" time="30.011838674545288"><failure message="Timeout waiting for DB condition: SELECT&#10;  tl.last_value as value,&#10;  s.label as channel,&#10;  s.node_id,&#10;  s.zone_id,&#10;  tl.updated_at,&#10;  s.type as metric_type&#10;FROM telemetry_last tl&#10;JOIN sensors s ON s.id = tl.sensor_id&#10;WHERE s.zone_id = :zone_id&#10;  AND s.node_id = :node_id&#10;  AND s.type = 'PH'&#10;LIMIT 1&#10;">Timeout waiting for DB condition: SELECT
  tl.last_value as value,
  s.label as channel,
  s.node_id,
  s.zone_id,
  tl.updated_at,
  s.type as metric_type
FROM telemetry_last tl
JOIN sensors s ON s.id = tl.sensor_id
WHERE s.zone_id = :zone_id
  AND s.node_id = :node_id
  AND s.type = 'PH'
LIMIT 1
</failure></testcase></testsuite></testsuites>