<?xml version='1.0' encoding='utf-8'?>
<testsuites name="E32_out_of_order_guard" tests="17" failures="0" skipped="0" time="7.4785637855529785"><testsuite name="E32_out_of_order_guard" tests="17" failures="0" skipped="0" time="7.4785637855529785"><testcase name="set_test_uids" time="0.07050323486328125" /><testcase name="fetch_node_id" time="0.0833885669708252" /><testcase name="get_zones" time="0.1325078010559082" /><testcase name="set_zone_id" time="0.06723928451538086" /><testcase name="get_snapshot" time="0.1488018035888672" /><testcase name="set_last_event_id" time="0.06714034080505371" /><testcase name="get_nodes" time="0.13845062255859375" /><testcase name="set_node_id" time="0.06878805160522461" /><testcase name="send_command_to_create_event" time="0.21916866302490234" /><testcase name="create_event_manually_if_needed" time="0.07629227638244629" /><testcase name="wait_after_command" time="2.0708067417144775" /><testcase name="wait_for_new_event" time="3.069096565246582" /><testcase name="set_new_last_event_id" time="0.06675148010253906" /><testcase name="get_events_after_old_id" time="0.12825369834899902" /><testcase name="wait_processing" time="1.070504903793335" /><testcase name="events_received" time="5.173683166503906e-05" /><testcase name="zone_exists" time="0.0008180141448974609" /></testsuite></testsuites>