<?xml version='1.0' encoding='utf-8'?>
<testsuites name="E32_out_of_order_guard" tests="15" failures="0" skipped="1" time="27.50584053993225"><testsuite name="E32_out_of_order_guard" tests="15" failures="0" skipped="1" time="27.50584053993225"><testcase name="get_zones" time="0.10850262641906738" /><testcase name="set_zone_id" time="7.62939453125e-06" /><testcase name="get_snapshot" time="0.09935998916625977" /><testcase name="set_last_event_id" time="6.4373016357421875e-06" /><testcase name="get_nodes" time="0.08082270622253418" /><testcase name="set_node_id" time="4.291534423828125e-06" /><testcase name="send_command_to_create_event" time="21.137571811676025"><skipped>Server error '503 Service Unavailable' for url 'http://localhost:8081/api/nodes/1/commands'
For more information check: https://developer.mozilla.org/en-US/docs/Web/HTTP/Status/503</skipped></testcase><testcase name="create_event_manually_if_needed" time="0.0031900405883789062" /><testcase name="wait_after_command" time="2.0021207332611084" /><testcase name="wait_for_new_event" time="3.0024094581604004" /><testcase name="set_new_last_event_id" time="5.0067901611328125e-06" /><testcase name="get_events_after_old_id" time="0.07003307342529297" /><testcase name="wait_processing" time="1.0008957386016846" /><testcase name="events_received" time="5.3882598876953125e-05" /><testcase name="zone_exists" time="0.0008571147918701172" /></testsuite></testsuites>