<?xml version='1.0' encoding='utf-8'?>
<testsuites name="E15_command_ack_flow" tests="14" failures="2" skipped="1" time="41.954636573791504"><testsuite name="E15_command_ack_flow" tests="14" failures="2" skipped="1" time="41.954636573791504"><testcase name="set_test_uids" time="2.6226043701171875e-05" /><testcase name="fetch_node_id" time="0.009086132049560547" /><testcase name="get_zones" time="0.08926558494567871" /><testcase name="set_zone_id" time="1.1682510375976562e-05" /><testcase name="get_nodes" time="0.07924365997314453" /><testcase name="set_node_id" time="2.09808349609375e-05" /><testcase name="ensure_pump_off" time="0.21008038520812988" /><testcase name="wait_pre_command_done" time="30.012009382247925"><skipped>Timeout waiting for DB condition: SELECT status
FROM commands
WHERE cmd_id = :cmd_id
AND status IN ('DONE', 'ERROR')
</skipped></testcase><testcase name="subscribe_commands_channel" time="0.25453615188598633" /><testcase name="send_test_command" time="0.25180625915527344" /><testcase name="extract_command_id" time="2.2649765014648438e-05" /><testcase name="node_sends_ack" time="1.0008368492126465" /><testcase name="wait_for_ack_ws_event" time="10.047396183013916"><failure message="Timeout waiting for WebSocket event: .App\Events\CommandStatusUpdated">Timeout waiting for WebSocket event: .App\Events\CommandStatusUpdated</failure></testcase><testcase name="ws_ack_event_data" time="0.0002944469451904297"><failure message="Assertion condition is false: context.get('ws_ack_event', {}).get('data', {}).get('status') in ['ACK', 'DONE'] and str(context.get('ws_ack_event', {}).get('data', {}).get('commandId')) == str(context.get('command_id'))">Assertion condition is false: context.get('ws_ack_event', {}).get('data', {}).get('status') in ['ACK', 'DONE'] and str(context.get('ws_ack_event', {}).get('data', {}).get('commandId')) == str(context.get('command_id'))</failure></testcase></testsuite></testsuites>