<?xml version='1.0' encoding='utf-8'?>
<testsuites name="E61_fail_closed_corrections" tests="31" failures="0" skipped="1" time="112.92046546936035"><testsuite name="E61_fail_closed_corrections" tests="31" failures="0" skipped="1" time="112.92046546936035"><testcase name="stop_node_simulator_initial" time="15.253687381744385" /><testcase name="set_test_uids" time="1.5020370483398438e-05" /><testcase name="get_automation_zone" time="0.060900211334228516" /><testcase name="set_zone_id_from_uid" time="0.007937431335449219" /><testcase name="set_zone_id" time="3.0994415283203125e-06" /><testcase name="cleanup_old_cycles" time="0.009399175643920898" /><testcase name="check_active_cycle" time="0.0010273456573486328" /><testcase name="create_plant_if_needed" time="0.05948519706726074" /><testcase name="create_recipe_if_needed" time="0.055197954177856445" /><testcase name="create_revision_if_needed" time="0.05637955665588379" /><testcase name="add_phase_if_needed" time="0.05857372283935547" /><testcase name="publish_revision_if_needed" time="0.05426025390625" /><testcase name="create_cycle_if_needed" time="0.09227108955383301" /><testcase name="ensure_active_grow_cycle" time="0.002437591552734375" /><testcase name="enable_capabilities" time="0.0012252330780029297" /><testcase name="wait_after_stop" time="5.000963926315308" /><testcase name="compute_stale_ts" time="0.0009672641754150391" /><testcase name="force_stale_telemetry_last" time="0.002981424331665039" /><testcase name="publish_stale_ph_telemetry" time="2.001890182495117" /><testcase name="publish_stale_ec_telemetry" time="15.015206098556519" /><testcase name="wait_ae_processing" time="5.003749132156372" /><testcase name="publish_stale_ph_2" time="5.0047993659973145" /><testcase name="publish_stale_ph_3" time="15.003762245178223" /><testcase name="stop_node_simulator_after_stale" time="0.12611985206604004" /><testcase name="publish_stale_ph_final" time="5.004867792129517" /><testcase name="wait_after_final_stale" time="15.000671625137329" /><testcase name="force_stale_telemetry_last_final" time="0.0016567707061767578" /><testcase name="wait_after_final_force" time="10.005497694015503" /><testcase name="no_dosing_commands" time="0.002034425735473633" /><testcase name="skipped_event_created" time="0.0015022754669189453" /><testcase name="freshness_alert_created" time="20.03099513053894"><skipped>Timeout waiting for DB condition: SELECT id, type, status
FROM alerts
WHERE zone_id = :zone_id
AND type LIKE '%%FRESHNESS%%'
AND created_at &gt; NOW() - INTERVAL '5 minutes'
ORDER BY created_at DESC
LIMIT 1
</skipped></testcase></testsuite></testsuites>