<?xml version='1.0' encoding='utf-8'?>
<testsuites name="E73_backoff_skip_signals" tests="31" failures="0" skipped="0" time="23.879083395004272"><testsuite name="E73_backoff_skip_signals" tests="31" failures="0" skipped="0" time="23.879083395004272"><testcase name="set_test_uids" time="1.4543533325195312e-05" /><testcase name="stop_node_simulator_initial" time="15.162726879119873" /><testcase name="start_node_simulator" time="5.156323671340942" /><testcase name="set_zone_id_from_uid" time="0.00856781005859375" /><testcase name="set_zone_id" time="2.5987625122070312e-05" /><testcase name="set_node_id_from_uid" time="0.0021224021911621094" /><testcase name="set_node_id" time="2.384185791015625e-06" /><testcase name="ensure_zone_online" time="0.001628875732421875" /><testcase name="ensure_node_online" time="0.0011801719665527344" /><testcase name="ensure_main_pump_role" time="0.0012362003326416016" /><testcase name="ensure_drain_role" time="0.0006430149078369141" /><testcase name="cleanup_old_cycles" time="0.0011782646179199219" /><testcase name="set_capabilities_without_ph_ec_requirements" time="0.0006868839263916016" /><testcase name="ensure_zone_readiness_bindings" time="0.0017769336700439453" /><testcase name="ensure_main_and_drain_bindings" time="0.004875659942626953" /><testcase name="verify_main_and_drain_bindings_online" time="0.0017266273498535156" /><testcase name="create_plant" time="0.08560299873352051" /><testcase name="create_recipe" time="0.06746792793273926" /><testcase name="create_revision" time="0.06507372856140137" /><testcase name="add_phase" time="0.06655287742614746" /><testcase name="publish_revision" time="0.05911684036254883" /><testcase name="create_cycle" time="0.10987353324890137" /><testcase name="set_cycle_id" time="2.1457672119140625e-06" /><testcase name="clear_previous_state" time="0.010619163513183594" /><testcase name="baseline_backoff_alert_counter" time="0.0015573501586914062" /><testcase name="backoff_window_start_ts" time="0.000186920166015625" /><testcase name="set_backoff_state" time="0.011214017868041992" /><testcase name="wait_for_backoff_event" time="3.054596424102783" /><testcase name="wait_for_backoff_alert" time="0.0005879402160644531" /><testcase name="backoff_event_created" time="0.0014412403106689453" /><testcase name="backoff_infra_alert_upserted" time="0.00047397613525390625" /></testsuite></testsuites>