<?xml version='1.0' encoding='utf-8'?>
<testsuites name="E12_command_timeout" tests="10" failures="0" skipped="1" time="5.412434339523315"><testsuite name="E12_command_timeout" tests="10" failures="0" skipped="1" time="5.412434339523315"><testcase name="start_node_simulator" time="0.0031697750091552734"><skipped>[Errno 2] No such file or directory: 'docker-compose'</skipped></testcase><testcase name="get_zones" time="0.05965995788574219" /><testcase name="get_nodes" time="0.06252145767211914" /><testcase name="set_zone_and_node" time="6.4373016357421875e-06" /><testcase name="subscribe_zone_channel" time="0.16479039192199707" /><testcase name="send_command" time="0.1052401065826416" /><testcase name="set_command_id" time="4.5299530029296875e-06" /><testcase name="wait_before_check" time="5.0043625831604" /><testcase name="check_timeout_zone_event" time="0.010037899017333984" /><testcase name="command_status_is_timeout_or_sent" time="0.0026412010192871094" /></testsuite></testsuites>