<?xml version='1.0' encoding='utf-8'?>
<testsuites name="E101_ae3_two_tank_realhw_setup_ready" tests="95" failures="0" skipped="0" time="247.0759379863739"><testsuite name="E101_ae3_two_tank_realhw_setup_ready" tests="95" failures="0" skipped="0" time="247.0759379863739"><testcase name="set_test_context" time="4.172325134277344e-05" /><testcase name="capture_scenario_window" time="0.0003714561462402344" /><testcase name="load_zone_context" time="0.0009541511535644531" /><testcase name="set_zone_context" time="1.2159347534179688e-05" /><testcase name="load_irrig_node" time="0.0008318424224853516" /><testcase name="load_ph_node" time="0.002946615219116211" /><testcase name="load_ec_node" time="0.001146554946899414" /><testcase name="set_node_ids" time="1.6450881958007812e-05" /><testcase name="load_ec_pump_channel" time="0.0006403923034667969" /><testcase name="load_ph_up_channel" time="0.0012047290802001953" /><testcase name="load_ph_down_channel" time="0.0012736320495605469" /><testcase name="set_correction_channel_ids" time="5.9604644775390625e-06" /><testcase name="cleanup_zone_ae_commands" time="0.0034356117248535156" /><testcase name="cleanup_zone_ae_tasks" time="0.0009927749633789062" /><testcase name="cleanup_zone_ae_leases" time="0.0011074542999267578" /><testcase name="cleanup_zone_workflow_state" time="0.005089282989501953" /><testcase name="complete_existing_cycles" time="0.0027167797088623047" /><testcase name="switch_zone_to_ae3" time="0.0019037723541259766" /><testcase name="upsert_irrig_channels" time="0.0016977787017822266" /><testcase name="delete_old_level_sensors" time="0.014535903930664062" /><testcase name="insert_level_sensors" time="0.0033576488494873047" /><testcase name="cleanup_ph_ec_sensors" time="0.002470254898071289" /><testcase name="insert_ph_ec_sensors" time="0.0036835670471191406" /><testcase name="upsert_sensor_mode_channels" time="0.0013930797576904297" /><testcase name="cleanup_existing_correction_bindings" time="0.0023453235626220703" /><testcase name="cleanup_existing_correction_infra" time="0.0026564598083496094" /><testcase name="cleanup_existing_e2e_calibrations" time="0.0016679763793945312" /><testcase name="insert_correction_infrastructure" time="0.0018668174743652344" /><testcase name="insert_correction_bindings" time="0.00564122200012207" /><testcase name="insert_correction_calibrations" time="0.0022149085998535156" /><testcase name="deactivate_active_profiles" time="0.002027273178100586" /><testcase name="insert_ae3_profile" time="0.0036423206329345703" /><testcase name="create_recipe" time="0.00283050537109375" /><testcase name="load_recipe" time="0.0008134841918945312" /><testcase name="set_recipe_id" time="3.5762786865234375e-06" /><testcase name="create_recipe_revision" time="0.0021309852600097656" /><testcase name="load_recipe_revision" time="0.0015821456909179688" /><testcase name="set_recipe_revision_id" time="4.76837158203125e-06" /><testcase name="create_grow_cycle" time="0.0024988651275634766" /><testcase name="load_grow_cycle" time="0.0008764266967773438" /><testcase name="set_grow_cycle_id" time="4.0531158447265625e-06" /><testcase name="create_phase" time="0.004040718078613281" /><testcase name="load_phase" time="0.0017004013061523438" /><testcase name="set_phase_id" time="4.5299530029296875e-06" /><testcase name="activate_grow_cycle" time="0.001435995101928711" /><testcase name="reset_test_node_state" time="0.1629624366760254" /><testcase name="wait_reset_state_done" time="0.9459371566772461" /><testcase name="wait_zero_level_telemetry" time="4.247054100036621" /><testcase name="insert_scheduler_like_intent" time="0.002439737319946289" /><testcase name="start_cycle_http" time="0.043787240982055664" /><testcase name="set_task_id" time="4.5299530029296875e-06" /><testcase name="wait_ae_command_accepted" time="0.20366334915161133" /><testcase name="wait_startup_commands_published" time="0.708930492401123" /><testcase name="wait_runtime_irr_state_snapshot" time="0.01487588882446289" /><testcase name="wait_task_pending_clean_fill_check" time="0.911646842956543" /><testcase name="wait_workflow_tank_filling" time="0.0018737316131591797" /><testcase name="force_clean_tank_full" time="0.14438343048095703" /><testcase name="wait_force_clean_tank_full_done" time="1.0170226097106934" /><testcase name="wait_clean_tank_full_telemetry" time="1.822417974472046" /><testcase name="load_task_after_clean_override" time="0.0009393692016601562" /><testcase name="wait_solution_fill_stage" time="9.076094627380371" /><testcase name="wait_solution_fill_commands" time="0.0011904239654541016" /><testcase name="wait_ph_ec_telemetry_available" time="0.0009381771087646484" /><testcase name="force_solution_tank_full" time="0.16814398765563965" /><testcase name="wait_force_solution_tank_full_done" time="1.0154945850372314" /><testcase name="wait_fill_ec_correction_command" time="7.660694360733032" /><testcase name="wait_fill_ph_correction_command" time="9.364229440689087" /><testcase name="wait_prepare_recirculation_stage" time="164.30045819282532" /><testcase name="wait_prepare_recirculation_commands" time="0.0016400814056396484" /><testcase name="wait_recirculation_ec_correction_command" time="0.0009477138519287109" /><testcase name="wait_recirculation_ph_correction_command" time="0.0005910396575927734" /><testcase name="wait_targets_reached_on_node" time="33.6539740562439" /><testcase name="wait_task_completed" time="11.480516195297241" /><testcase name="wait_workflow_ready" time="0.0009551048278808594" /><testcase name="load_expected_ae_command_counts" time="0.0014543533325195312" /><testcase name="count_task_commands" time="0.0005307197570800781" /><testcase name="get_internal_task_status" time="0.027493000030517578" /><testcase name="reset_zero_level_telemetry_ready" time="0.00011014938354492188" /><testcase name="start_cycle_http_200" time="3.886222839355469e-05" /><testcase name="start_cycle_response_active" time="3.7670135498046875e-05" /><testcase name="runtime_task_not_failed" time="6.628036499023438e-05" /><testcase name="runtime_task_pending_clean_fill_check" time="0.00011754035949707031" /><testcase name="workflow_phase_tank_filling" time="3.743171691894531e-05" /><testcase name="solution_fill_stage_reached" time="3.24249267578125e-05" /><testcase name="prepare_recirculation_stage_reached" time="5.364418029785156e-05" /><testcase name="task_completed" time="3.0517578125e-05" /><testcase name="workflow_phase_ready" time="2.86102294921875e-05" /><testcase name="at_least_ten_ae_commands_logged" time="2.8371810913085938e-05" /><testcase name="irr_state_probe_logged" time="2.8133392333984375e-05" /><testcase name="clean_fill_start_logged" time="2.6941299438476562e-05" /><testcase name="solution_fill_start_logged" time="2.574920654296875e-05" /><testcase name="prepare_recirculation_start_logged" time="2.6226043701171875e-05" /><testcase name="ec_correction_logged_twice" time="2.5510787963867188e-05" /><testcase name="ph_down_correction_logged_twice" time="2.5510787963867188e-05" /><testcase name="internal_task_completed" time="9.512901306152344e-05" /></testsuite></testsuites>